[Thu, 18 Nov 2021 03:01:02 +0000] succes 0: call spt_ins_documento_detalle(
		"135",
		"7",
		"2",
		"1",
		"1.	REALIZAR EL CAMBIO DE LOS ZAPATOS DIELÉCTRICOS AL PERSONAL QUE LOS TIENE EN MAL ESTADO Y ADEMÁS SE RECOMIENDA REALIZAR UNA ADECUADA INSPECCIÓN DE EPPS EN CADA ACTIVIDAD.
2.	REALIZAR CHARLAS AL PERSONAL SOBRE EL ADECUADO USO DE HERRAMIENTAS.
3.	SE RECOMIENDA REALIZAR ENTRENAMIENTO AL PERSONAL SOBRE LA MANERA CORRECTA DE REALIZAR LA DELIMITACIÓN Y SEÑALIZACIÓN DEL ÁREA DE TRABAJO.
4.	CONTINUAR CON LAS CHARLAS SOBRE LAS MEDIDAS DE PREVENCIÓN DE LA COVID-19.
5.	REALIZAR LA ENTREGA DE AGUA PARA EL CONSUMO DEL PERSONAL, ASÍ COMO CONCIENTIZAR A SU PERSONAL SOBRE EL USO DEL BLOQUEADOR SOLAR.
")
[Thu, 18 Nov 2021 03:01:02 +0000] succes 0: 
		SELECT  i.`nId`, i.`nIdInforme`, i.`nIdCumplimiento`,cod.`cValor` nValorTipo, c.`cNombre` Cumpliento, cod.`cDescripcion` descripcionTipo,i.`cDescripcion` detalle,i.`dCreate` 
		FROM `inf_cumplimiento_des` i
		JOIN `cumplimiento` c ON c.`nId`= i.`nIdCumplimiento`
		JOIN `codigos` cod ON cod.`cCodigo`=c.`nTipo` AND cod.`cValor`=i.`nValor`
 		WHERE `nIdInforme`=135 AND i.`nIdCumplimiento`=7
		AND i.nFlag = 0
[Thu, 18 Nov 2021 03:01:15 +0000] succes 0: select * from informe  where nFlag=0 and nId=135
[Thu, 18 Nov 2021 03:01:15 +0000] succes 0: select * from tarea  where nFlag=0 and nId=1
[Thu, 18 Nov 2021 03:01:15 +0000] succes 0: select * from cumplimiento  where nFlag=0 and nidTarea=1
		and nOrden in (8)
		ORDER BY norden ASC LIMIT 0,1
[Thu, 18 Nov 2021 03:01:15 +0000] succes 0: select * from codigos  where nFlag=0 and cCodigo =300  AND cvalor NOT IN (300)
[Thu, 18 Nov 2021 03:01:15 +0000] succes 0: select * from codigos  where nFlag=0 and cCodigo =500  AND cvalor NOT IN (500)
[Thu, 18 Nov 2021 03:01:15 +0000] succes 0: select * from cumplimiento  where nFlag=0 and nidTarea=1
		and nId NOT IN (8) and nOrden >8
		ORDER BY norden ASC LIMIT 0,1
[Thu, 18 Nov 2021 03:01:15 +0000] succes 0: 
		SELECT  i.`nId`, i.`nIdInforme`, i.`nIdCumplimiento`,cod.`cValor` nValorTipo, c.`cNombre` Cumpliento, cod.`cDescripcion` descripcionTipo,i.`cDescripcion` detalle,i.`dCreate` 
		FROM `inf_cumplimiento_des` i
		JOIN `cumplimiento` c ON c.`nId`= i.`nIdCumplimiento`
		JOIN `codigos` cod ON cod.`cCodigo`=c.`nTipo` AND cod.`cValor`=i.`nValor`
 		WHERE `nIdInforme`=135 AND i.`nIdCumplimiento`=8
		AND i.nFlag = 0
[Thu, 18 Nov 2021 03:01:15 +0000] succes 0: select * from cumplimiento  where nFlag=0 and nidTarea=1
		 and nOrden < 8 
		ORDER BY norden desc LIMIT 0,1
[Thu, 18 Nov 2021 03:01:21 +0000] succes 0: call spt_ins_documento_detalle(
		"135",
		"8",
		"1",
		"0",
		"1.	DERIVAR A QUIEN CORRESPONDA E IMPLEMENTAR LAS RECOMENDACIONES DESCRITAS EN EL PRESENTE INFORME, DANDO CUMPLIMIENTO DEL RESESATE 2013 Y NORMAS DE SEGURIDAD.")
[Thu, 18 Nov 2021 03:01:21 +0000] succes 0: 
		SELECT  i.`nId`, i.`nIdInforme`, i.`nIdCumplimiento`,cod.`cValor` nValorTipo, c.`cNombre` Cumpliento, cod.`cDescripcion` descripcionTipo,i.`cDescripcion` detalle,i.`dCreate` 
		FROM `inf_cumplimiento_des` i
		JOIN `cumplimiento` c ON c.`nId`= i.`nIdCumplimiento`
		JOIN `codigos` cod ON cod.`cCodigo`=c.`nTipo` AND cod.`cValor`=i.`nValor`
 		WHERE `nIdInforme`=135 AND i.`nIdCumplimiento`=8
		AND i.nFlag = 0
[Thu, 18 Nov 2021 03:01:35 +0000] succes 0: select * from informe  where nFlag=0 and nId=135
[Thu, 18 Nov 2021 03:01:35 +0000] succes 0: select * from tarea  where nFlag=0 and nId=1
[Thu, 18 Nov 2021 03:01:35 +0000] succes 0: select * from cumplimiento  where nFlag=0 and nidTarea=1
		and nOrden in (9)
		ORDER BY norden ASC LIMIT 0,1
[Thu, 18 Nov 2021 03:01:35 +0000] succes 0: select * from codigos  where nFlag=0 and cCodigo =400  AND cvalor NOT IN (400)
[Thu, 18 Nov 2021 03:01:35 +0000] succes 0: select * from codigos  where nFlag=0 and cCodigo =500  AND cvalor NOT IN (500)
[Thu, 18 Nov 2021 03:01:35 +0000] succes 0: select * from cumplimiento  where nFlag=0 and nidTarea=1
		and nId NOT IN (9) and nOrden >9
		ORDER BY norden ASC LIMIT 0,1
[Thu, 18 Nov 2021 03:01:35 +0000] succes 0: 
		SELECT  i.`nId`, i.`nIdInforme`, i.`nIdCumplimiento`,cod.`cValor` nValorTipo, c.`cNombre` Cumpliento, cod.`cDescripcion` descripcionTipo,i.`cDescripcion` detalle,i.`dCreate` 
		FROM `inf_cumplimiento_des` i
		JOIN `cumplimiento` c ON c.`nId`= i.`nIdCumplimiento`
		JOIN `codigos` cod ON cod.`cCodigo`=c.`nTipo` AND cod.`cValor`=i.`nValor`
 		WHERE `nIdInforme`=135 AND i.`nIdCumplimiento`=9
		AND i.nFlag = 0
[Thu, 18 Nov 2021 03:01:35 +0000] succes 0: select * from cumplimiento  where nFlag=0 and nidTarea=1
		 and nOrden < 9 
		ORDER BY norden desc LIMIT 0,1
[Thu, 18 Nov 2021 03:01:35 +0000] succes 0: select * from informe  where nFlag=0 and nId=135
[Thu, 18 Nov 2021 03:01:35 +0000] succes 0: select * from tipo_vehiculo  where nFlag=0
[Thu, 18 Nov 2021 03:01:35 +0000] succes 0: SELECT c.nIdTarea, c.`nId`,c.`cCodigo`,c.`cNombre`,c.`nModelo`  FROM `informe` i
		JOIN `cumplimiento` c ON c.`nIdTarea`= i.`nIdTarea`
		WHERE i.NID=135 AND c.nFlag = 0
[Thu, 18 Nov 2021 03:01:35 +0000] succes 0: SELECT CONCAT(p.`cApellidos`, ' ',p.`cNombres`)'Descripcion',ec.`nIdEmpresa`,ect.`nId`, ec.`nId` nIdCargo, ec.`cCargo` FROM  
		`empresa_cargo_trabajador` ect
		JOIN `empresa_cargo` ec ON ec.`nId`=ect.`nIdEmpresa_Cargo`
		JOIN `persona` p ON p.`nId`=ect.`nIdPersona`
		WHERE ec.nIdEmpresa = 5
		
[Thu, 18 Nov 2021 03:01:35 +0000] succes 0: SELECT eno.`nId`, CONCAT("(",eno.`cValor`,")",en.`cDescripcion`," / ", eno.`cObservacion`) cDescripcion,en.nTipo FROM `empresa_normas` en
			JOIN `empresa_normas_observacion` eno ON eno.`nId_empresa_norma`=en.nid
		
[Thu, 18 Nov 2021 03:01:35 +0000] succes 0: SELECT e.`nId`, CONCAT(cPlaca,' / ',cNombre) cDescripcion FROM `empresa_vehiculo` e
		JOIN `tipo_vehiculo` t ON e.`nTipoVehiculo`=t.`nId`
		WHERE e.nIdEmpresa = 5 AND IFNULL(e.nFlag, 0) = 0
[Thu, 18 Nov 2021 03:04:08 +0000] succes 0: SELECT it.`nId`, p.`cNombres`,p.`cApellidos`,ec.`cCargo`, IF(eno.`nId` IS NULL, '', eno.`nId`) nCodigo, IF(eno.`cValor` IS NULL, '', eno.`cValor`) cCodigo FROM `informe` i
		JOIN `inf_trabajadoressupervisados_det` it ON it.`nIdInforme`=i.`nId`
		JOIN `empresa_cargo_trabajador` ect ON ect.`nId`=it.`nId_E_C_T`
		JOIN `empresa_cargo` ec ON ect.`nIdEmpresa_Cargo`=ec.`nId`
		JOIN persona p ON p.`nId`=ect.`nIdPersona`
		LEFT JOIN `empresa_normas` en ON en.`nIdEmpresa`= i.`nIdEmpresa`
		LEFT JOIN `empresa_normas_observacion` eno ON eno.`nId_empresa_norma`=en.`nId` AND eno.`nId`=it.`nId_emp_nor_obs`
		WHERE it.nIdInforme = 135 AND it.nFlag = 0 /*AND eno.nFlag = 0*/
[Thu, 18 Nov 2021 03:04:47 +0000] succes 0: SELECT EC.`nId`, E.`cNombre`,EC.`cCargo` FROM `empresa` E 
		INNER JOIN `empresa_cargo` EC ON E.`nId`=EC.`nIdEmpresa` 
		WHERE E.`nId` = 5 
[Thu, 18 Nov 2021 03:04:51 +0000] succes 0: SELECT EC.`nId`, E.`cNombre`,EC.`cCargo` FROM `empresa` E 
		INNER JOIN `empresa_cargo` EC ON E.`nId`=EC.`nIdEmpresa` 
		WHERE E.`nId` = 5 
[Thu, 18 Nov 2021 03:05:06 +0000] succes 0: select * from persona  where cDoi="12345678"
[Thu, 18 Nov 2021 03:05:06 +0000] succes 0: call stp_ins_responsable(
		"12345678",
		"JULIO CESAR ",
		"MAURICIO PEÑA",
		"5");
[Thu, 18 Nov 2021 03:05:06 +0000] succes 68: insert into empresa_cargo (nIdEmpresa,cCargo) values (5,'TECNICO ELECTRICISTA');
[Thu, 18 Nov 2021 03:05:06 +0000] succes 0: SELECT MAX(EC.`nId`) nId, E.`cNombre`,EC.`cCargo` FROM `empresa` E 
		INNER JOIN `empresa_cargo` EC ON E.`nId`=EC.`nIdEmpresa` 
		WHERE E.`nId` = 5 AND EC.nFlag = 0
[Thu, 18 Nov 2021 03:05:06 +0000] succes 48: INSERT INTO `empresa_cargo_trabajador`(`nIdEmpresa_Cargo`, `nIdPersona`, `nFlag`) VALUES(68, 103, 0)
[Thu, 18 Nov 2021 03:05:06 +0000] succes 0: SELECT CONCAT(p.`cApellidos`, ' ',p.`cNombres`)'Descripcion',ec.`nIdEmpresa`,ect.`nId`, ec.`nId` nIdCargo, ec.`cCargo` FROM  
		`empresa_cargo_trabajador` ect
		JOIN `empresa_cargo` ec ON ec.`nId`=ect.`nIdEmpresa_Cargo`
		JOIN `persona` p ON p.`nId`=ect.`nIdPersona`
		WHERE ec.nIdEmpresa = 5
		
[Thu, 18 Nov 2021 03:05:38 +0000] succes 0: SELECT EC.`nId`, E.`cNombre`,EC.`cCargo` FROM `empresa` E 
		INNER JOIN `empresa_cargo` EC ON E.`nId`=EC.`nIdEmpresa` 
		WHERE E.`nId` = 5 
[Thu, 18 Nov 2021 03:05:49 +0000] succes 0: select * from persona  where cDoi="00000000"
[Thu, 18 Nov 2021 03:06:20 +0000] succes 0: select * from persona  where cDoi="12345678"
[Thu, 18 Nov 2021 03:06:20 +0000] succes 0: call stp_ins_responsable(
		"12345678",
		"SEGUNDINO",
		"DIAZ CARRASCO",
		"5");
[Thu, 18 Nov 2021 03:06:20 +0000] succes 69: insert into empresa_cargo (nIdEmpresa,cCargo) values (5,'AYUDANTE');
[Thu, 18 Nov 2021 03:06:20 +0000] succes 0: SELECT MAX(EC.`nId`) nId, E.`cNombre`,EC.`cCargo` FROM `empresa` E 
		INNER JOIN `empresa_cargo` EC ON E.`nId`=EC.`nIdEmpresa` 
		WHERE E.`nId` = 5 AND EC.nFlag = 0
[Thu, 18 Nov 2021 03:06:20 +0000] succes 49: INSERT INTO `empresa_cargo_trabajador`(`nIdEmpresa_Cargo`, `nIdPersona`, `nFlag`) VALUES(69, 104, 0)
[Thu, 18 Nov 2021 03:06:20 +0000] succes 0: SELECT CONCAT(p.`cApellidos`, ' ',p.`cNombres`)'Descripcion',ec.`nIdEmpresa`,ect.`nId`, ec.`nId` nIdCargo, ec.`cCargo` FROM  
		`empresa_cargo_trabajador` ect
		JOIN `empresa_cargo` ec ON ec.`nId`=ect.`nIdEmpresa_Cargo`
		JOIN `persona` p ON p.`nId`=ect.`nIdPersona`
		WHERE ec.nIdEmpresa = 5
		
[Thu, 18 Nov 2021 03:06:43 +0000] succes 0: SELECT EC.`nId`, E.`cNombre`,EC.`cCargo` FROM `empresa` E 
		INNER JOIN `empresa_cargo` EC ON E.`nId`=EC.`nIdEmpresa` 
		WHERE E.`nId` = 5 
[Thu, 18 Nov 2021 03:06:47 +0000] succes 0: SELECT EC.`nId`, E.`cNombre`,EC.`cCargo` FROM `empresa` E 
		INNER JOIN `empresa_cargo` EC ON E.`nId`=EC.`nIdEmpresa` 
		WHERE E.`nId` = 5 
[Thu, 18 Nov 2021 03:06:53 +0000] succes 0: select * from persona  where cDoi="12345678"
[Thu, 18 Nov 2021 03:06:53 +0000] succes 0: call stp_ins_responsable(
		"12345678",
		"NANDITO",
		"BOBADILLA GIL",
		"5");
[Thu, 18 Nov 2021 03:06:53 +0000] succes 50: INSERT INTO `empresa_cargo_trabajador`(`nIdEmpresa_Cargo`, `nIdPersona`, `nFlag`) VALUES(69, 105, 0)
[Thu, 18 Nov 2021 03:06:57 +0000] succes 0: select * from persona  where cDoi="12345678"
[Thu, 18 Nov 2021 03:06:57 +0000] succes 0: call stp_ins_responsable(
		"12345678",
		"NANDITO",
		"BOBADILLA GIL",
		"5");
[Thu, 18 Nov 2021 03:06:57 +0000] succes 51: INSERT INTO `empresa_cargo_trabajador`(`nIdEmpresa_Cargo`, `nIdPersona`, `nFlag`) VALUES(69, 106, 0)
[Thu, 18 Nov 2021 03:06:57 +0000] succes 0: SELECT CONCAT(p.`cApellidos`, ' ',p.`cNombres`)'Descripcion',ec.`nIdEmpresa`,ect.`nId`, ec.`nId` nIdCargo, ec.`cCargo` FROM  
		`empresa_cargo_trabajador` ect
		JOIN `empresa_cargo` ec ON ec.`nId`=ect.`nIdEmpresa_Cargo`
		JOIN `persona` p ON p.`nId`=ect.`nIdPersona`
		WHERE ec.nIdEmpresa = 5
		
[Thu, 18 Nov 2021 03:07:23 +0000] succes 0: SELECT EC.`nId`, E.`cNombre`,EC.`cCargo` FROM `empresa` E 
		INNER JOIN `empresa_cargo` EC ON E.`nId`=EC.`nIdEmpresa` 
		WHERE E.`nId` = 5 
[Thu, 18 Nov 2021 03:07:26 +0000] succes 0: SELECT EC.`nId`, E.`cNombre`,EC.`cCargo` FROM `empresa` E 
		INNER JOIN `empresa_cargo` EC ON E.`nId`=EC.`nIdEmpresa` 
		WHERE E.`nId` = 5 
[Thu, 18 Nov 2021 03:07:31 +0000] succes 0: select * from persona  where cDoi="12345678"
[Thu, 18 Nov 2021 03:07:31 +0000] succes 0: call stp_ins_responsable(
		"12345678",
		"ANANIAS ",
		"TORRES QUISPE",
		"5");
[Thu, 18 Nov 2021 03:07:31 +0000] succes 52: INSERT INTO `empresa_cargo_trabajador`(`nIdEmpresa_Cargo`, `nIdPersona`, `nFlag`) VALUES(69, 107, 0)
[Thu, 18 Nov 2021 03:07:31 +0000] succes 0: SELECT CONCAT(p.`cApellidos`, ' ',p.`cNombres`)'Descripcion',ec.`nIdEmpresa`,ect.`nId`, ec.`nId` nIdCargo, ec.`cCargo` FROM  
		`empresa_cargo_trabajador` ect
		JOIN `empresa_cargo` ec ON ec.`nId`=ect.`nIdEmpresa_Cargo`
		JOIN `persona` p ON p.`nId`=ect.`nIdPersona`
		WHERE ec.nIdEmpresa = 5
		
[Thu, 18 Nov 2021 03:07:38 +0000] succes 0: SELECT CONCAT(p.`cApellidos`, ' ',p.`cNombres`)'Descripcion',ec.`nIdEmpresa`,ect.`nId`, ec.`nId` nIdCargo, ec.`cCargo` FROM  
		`empresa_cargo_trabajador` ect
		JOIN `empresa_cargo` ec ON ec.`nId`=ect.`nIdEmpresa_Cargo`
		JOIN `persona` p ON p.`nId`=ect.`nIdPersona`
		WHERE ec.nIdEmpresa = 5
		
[Thu, 18 Nov 2021 03:08:03 +0000] succes 0: SELECT EC.`nId`, E.`cNombre`,EC.`cCargo` FROM `empresa` E 
		INNER JOIN `empresa_cargo` EC ON E.`nId`=EC.`nIdEmpresa` 
		WHERE E.`nId` = 5 
[Thu, 18 Nov 2021 03:08:07 +0000] succes 0: select * from persona  where cDoi="12345678"
[Thu, 18 Nov 2021 03:08:07 +0000] succes 0: call stp_ins_responsable(
		"12345678",
		"ELBER",
		"DELGADO VEGA",
		"5");
[Thu, 18 Nov 2021 03:08:07 +0000] succes 53: INSERT INTO `empresa_cargo_trabajador`(`nIdEmpresa_Cargo`, `nIdPersona`, `nFlag`) VALUES(69, 108, 0)
[Thu, 18 Nov 2021 03:08:07 +0000] succes 0: SELECT CONCAT(p.`cApellidos`, ' ',p.`cNombres`)'Descripcion',ec.`nIdEmpresa`,ect.`nId`, ec.`nId` nIdCargo, ec.`cCargo` FROM  
		`empresa_cargo_trabajador` ect
		JOIN `empresa_cargo` ec ON ec.`nId`=ect.`nIdEmpresa_Cargo`
		JOIN `persona` p ON p.`nId`=ect.`nIdPersona`
		WHERE ec.nIdEmpresa = 5
		
[Thu, 18 Nov 2021 03:08:28 +0000] succes 0: SELECT EC.`nId`, E.`cNombre`,EC.`cCargo` FROM `empresa` E 
		INNER JOIN `empresa_cargo` EC ON E.`nId`=EC.`nIdEmpresa` 
		WHERE E.`nId` = 5 
[Thu, 18 Nov 2021 03:08:31 +0000] succes 0: select * from persona  where cDoi="12345678"
[Thu, 18 Nov 2021 03:08:31 +0000] succes 0: call stp_ins_responsable(
		"12345678",
		"JULIO",
		"FARRO DELGADO",
		"5");
[Thu, 18 Nov 2021 03:08:31 +0000] succes 54: INSERT INTO `empresa_cargo_trabajador`(`nIdEmpresa_Cargo`, `nIdPersona`, `nFlag`) VALUES(69, 109, 0)
[Thu, 18 Nov 2021 03:08:31 +0000] succes 0: SELECT CONCAT(p.`cApellidos`, ' ',p.`cNombres`)'Descripcion',ec.`nIdEmpresa`,ect.`nId`, ec.`nId` nIdCargo, ec.`cCargo` FROM  
		`empresa_cargo_trabajador` ect
		JOIN `empresa_cargo` ec ON ec.`nId`=ect.`nIdEmpresa_Cargo`
		JOIN `persona` p ON p.`nId`=ect.`nIdPersona`
		WHERE ec.nIdEmpresa = 5
		
[Thu, 18 Nov 2021 03:08:58 +0000] succes 50: INSERT INTO inf_trabajadoressupervisados_det (`nIdInforme`,`nId_E_C_T`,`nId_emp_nor_obs`)
			VALUES(135,48,117)
			
[Thu, 18 Nov 2021 03:08:58 +0000] succes 0: SELECT it.`nId`, p.`cNombres`,p.`cApellidos`,ec.`cCargo`, IF(eno.`nId` IS NULL, '', eno.`nId`) nCodigo, IF(eno.`cValor` IS NULL, '', eno.`cValor`) cCodigo FROM `informe` i
		JOIN `inf_trabajadoressupervisados_det` it ON it.`nIdInforme`=i.`nId`
		JOIN `empresa_cargo_trabajador` ect ON ect.`nId`=it.`nId_E_C_T`
		JOIN `empresa_cargo` ec ON ect.`nIdEmpresa_Cargo`=ec.`nId`
		JOIN persona p ON p.`nId`=ect.`nIdPersona`
		LEFT JOIN `empresa_normas` en ON en.`nIdEmpresa`= i.`nIdEmpresa`
		LEFT JOIN `empresa_normas_observacion` eno ON eno.`nId_empresa_norma`=en.`nId` AND eno.`nId`=it.`nId_emp_nor_obs`
		WHERE it.nIdInforme = 135 AND it.nFlag = 0 /*AND eno.nFlag = 0*/
[Thu, 18 Nov 2021 03:09:24 +0000] succes 51: INSERT INTO inf_trabajadoressupervisados_det (`nIdInforme`,`nId_E_C_T`,`nId_emp_nor_obs`)
			VALUES(135,49,43)
			
[Thu, 18 Nov 2021 03:09:28 +0000] succes 0: SELECT it.`nId`, p.`cNombres`,p.`cApellidos`,ec.`cCargo`, IF(eno.`nId` IS NULL, '', eno.`nId`) nCodigo, IF(eno.`cValor` IS NULL, '', eno.`cValor`) cCodigo FROM `informe` i
		JOIN `inf_trabajadoressupervisados_det` it ON it.`nIdInforme`=i.`nId`
		JOIN `empresa_cargo_trabajador` ect ON ect.`nId`=it.`nId_E_C_T`
		JOIN `empresa_cargo` ec ON ect.`nIdEmpresa_Cargo`=ec.`nId`
		JOIN persona p ON p.`nId`=ect.`nIdPersona`
		LEFT JOIN `empresa_normas` en ON en.`nIdEmpresa`= i.`nIdEmpresa`
		LEFT JOIN `empresa_normas_observacion` eno ON eno.`nId_empresa_norma`=en.`nId` AND eno.`nId`=it.`nId_emp_nor_obs`
		WHERE it.nIdInforme = 135 AND it.nFlag = 0 /*AND eno.nFlag = 0*/
[Thu, 18 Nov 2021 03:09:46 +0000] succes 52: INSERT INTO inf_trabajadoressupervisados_det (`nIdInforme`,`nId_E_C_T`,`nId_emp_nor_obs`)
			VALUES(135,50,1)
			
[Thu, 18 Nov 2021 03:09:49 +0000] succes 0: SELECT it.`nId`, p.`cNombres`,p.`cApellidos`,ec.`cCargo`, IF(eno.`nId` IS NULL, '', eno.`nId`) nCodigo, IF(eno.`cValor` IS NULL, '', eno.`cValor`) cCodigo FROM `informe` i
		JOIN `inf_trabajadoressupervisados_det` it ON it.`nIdInforme`=i.`nId`
		JOIN `empresa_cargo_trabajador` ect ON ect.`nId`=it.`nId_E_C_T`
		JOIN `empresa_cargo` ec ON ect.`nIdEmpresa_Cargo`=ec.`nId`
		JOIN persona p ON p.`nId`=ect.`nIdPersona`
		LEFT JOIN `empresa_normas` en ON en.`nIdEmpresa`= i.`nIdEmpresa`
		LEFT JOIN `empresa_normas_observacion` eno ON eno.`nId_empresa_norma`=en.`nId` AND eno.`nId`=it.`nId_emp_nor_obs`
		WHERE it.nIdInforme = 135 AND it.nFlag = 0 /*AND eno.nFlag = 0*/
[Thu, 18 Nov 2021 03:10:16 +0000] succes 53: INSERT INTO inf_trabajadoressupervisados_det (`nIdInforme`,`nId_E_C_T`,`nId_emp_nor_obs`)
			VALUES(135,52,117)
			
[Thu, 18 Nov 2021 03:10:16 +0000] succes 0: SELECT it.`nId`, p.`cNombres`,p.`cApellidos`,ec.`cCargo`, IF(eno.`nId` IS NULL, '', eno.`nId`) nCodigo, IF(eno.`cValor` IS NULL, '', eno.`cValor`) cCodigo FROM `informe` i
		JOIN `inf_trabajadoressupervisados_det` it ON it.`nIdInforme`=i.`nId`
		JOIN `empresa_cargo_trabajador` ect ON ect.`nId`=it.`nId_E_C_T`
		JOIN `empresa_cargo` ec ON ect.`nIdEmpresa_Cargo`=ec.`nId`
		JOIN persona p ON p.`nId`=ect.`nIdPersona`
		LEFT JOIN `empresa_normas` en ON en.`nIdEmpresa`= i.`nIdEmpresa`
		LEFT JOIN `empresa_normas_observacion` eno ON eno.`nId_empresa_norma`=en.`nId` AND eno.`nId`=it.`nId_emp_nor_obs`
		WHERE it.nIdInforme = 135 AND it.nFlag = 0 /*AND eno.nFlag = 0*/
[Thu, 18 Nov 2021 03:10:51 +0000] succes 0: SELECT EC.`nId`, E.`cNombre`,EC.`cCargo` FROM `empresa` E 
		INNER JOIN `empresa_cargo` EC ON E.`nId`=EC.`nIdEmpresa` 
		WHERE E.`nId` = 5 
[Thu, 18 Nov 2021 03:10:56 +0000] succes 0: select * from persona  where cDoi="12345678"
[Thu, 18 Nov 2021 03:10:56 +0000] succes 0: call stp_ins_responsable(
		"12345678",
		"EBER ",
		"DELGADO VEGA",
		"5");
[Thu, 18 Nov 2021 03:10:56 +0000] succes 55: INSERT INTO `empresa_cargo_trabajador`(`nIdEmpresa_Cargo`, `nIdPersona`, `nFlag`) VALUES(69, 110, 0)
[Thu, 18 Nov 2021 03:10:58 +0000] succes 0: SELECT CONCAT(p.`cApellidos`, ' ',p.`cNombres`)'Descripcion',ec.`nIdEmpresa`,ect.`nId`, ec.`nId` nIdCargo, ec.`cCargo` FROM  
		`empresa_cargo_trabajador` ect
		JOIN `empresa_cargo` ec ON ec.`nId`=ect.`nIdEmpresa_Cargo`
		JOIN `persona` p ON p.`nId`=ect.`nIdPersona`
		WHERE ec.nIdEmpresa = 5
		
[Thu, 18 Nov 2021 03:11:12 +0000] succes 54: INSERT INTO inf_trabajadoressupervisados_det (`nIdInforme`,`nId_E_C_T`,`nId_emp_nor_obs`)
			VALUES(135,53,1)
			
[Thu, 18 Nov 2021 03:11:12 +0000] succes 0: SELECT it.`nId`, p.`cNombres`,p.`cApellidos`,ec.`cCargo`, IF(eno.`nId` IS NULL, '', eno.`nId`) nCodigo, IF(eno.`cValor` IS NULL, '', eno.`cValor`) cCodigo FROM `informe` i
		JOIN `inf_trabajadoressupervisados_det` it ON it.`nIdInforme`=i.`nId`
		JOIN `empresa_cargo_trabajador` ect ON ect.`nId`=it.`nId_E_C_T`
		JOIN `empresa_cargo` ec ON ect.`nIdEmpresa_Cargo`=ec.`nId`
		JOIN persona p ON p.`nId`=ect.`nIdPersona`
		LEFT JOIN `empresa_normas` en ON en.`nIdEmpresa`= i.`nIdEmpresa`
		LEFT JOIN `empresa_normas_observacion` eno ON eno.`nId_empresa_norma`=en.`nId` AND eno.`nId`=it.`nId_emp_nor_obs`
		WHERE it.nIdInforme = 135 AND it.nFlag = 0 /*AND eno.nFlag = 0*/
[Thu, 18 Nov 2021 03:11:21 +0000] succes 55: INSERT INTO inf_trabajadoressupervisados_det (`nIdInforme`,`nId_E_C_T`,`nId_emp_nor_obs`)
			VALUES(135,54,1)
			
[Thu, 18 Nov 2021 03:11:29 +0000] succes 0: SELECT it.`nId`, p.`cNombres`,p.`cApellidos`,ec.`cCargo`, IF(eno.`nId` IS NULL, '', eno.`nId`) nCodigo, IF(eno.`cValor` IS NULL, '', eno.`cValor`) cCodigo FROM `informe` i
		JOIN `inf_trabajadoressupervisados_det` it ON it.`nIdInforme`=i.`nId`
		JOIN `empresa_cargo_trabajador` ect ON ect.`nId`=it.`nId_E_C_T`
		JOIN `empresa_cargo` ec ON ect.`nIdEmpresa_Cargo`=ec.`nId`
		JOIN persona p ON p.`nId`=ect.`nIdPersona`
		LEFT JOIN `empresa_normas` en ON en.`nIdEmpresa`= i.`nIdEmpresa`
		LEFT JOIN `empresa_normas_observacion` eno ON eno.`nId_empresa_norma`=en.`nId` AND eno.`nId`=it.`nId_emp_nor_obs`
		WHERE it.nIdInforme = 135 AND it.nFlag = 0 /*AND eno.nFlag = 0*/
[Thu, 18 Nov 2021 03:15:56 +0000] succes 0: UPDATE `informe` SET crutaActa ='uploads/135/13.jpg' WHERE nid =135
[Thu, 18 Nov 2021 03:15:56 +0000] succes 0: select * from informe  where nFlag=0 and nId=135
[Thu, 18 Nov 2021 03:15:57 +0000] succes 0: select * from informe  where nFlag=0 and nId=135
[Thu, 18 Nov 2021 03:15:57 +0000] succes 0: select * from tarea  where nFlag=0 and nId=1
[Thu, 18 Nov 2021 03:15:57 +0000] succes 0: select * from cumplimiento  where nFlag=0 and nidTarea=1
		and nOrden in (9)
		ORDER BY norden ASC LIMIT 0,1
[Thu, 18 Nov 2021 03:15:57 +0000] succes 0: select * from codigos  where nFlag=0 and cCodigo =400  AND cvalor NOT IN (400)
[Thu, 18 Nov 2021 03:15:57 +0000] succes 0: select * from codigos  where nFlag=0 and cCodigo =500  AND cvalor NOT IN (500)
[Thu, 18 Nov 2021 03:15:57 +0000] succes 0: select * from cumplimiento  where nFlag=0 and nidTarea=1
		and nId NOT IN (9) and nOrden >9
		ORDER BY norden ASC LIMIT 0,1
[Thu, 18 Nov 2021 03:15:57 +0000] succes 0: 
		SELECT  i.`nId`, i.`nIdInforme`, i.`nIdCumplimiento`,cod.`cValor` nValorTipo, c.`cNombre` Cumpliento, cod.`cDescripcion` descripcionTipo,i.`cDescripcion` detalle,i.`dCreate` 
		FROM `inf_cumplimiento_des` i
		JOIN `cumplimiento` c ON c.`nId`= i.`nIdCumplimiento`
		JOIN `codigos` cod ON cod.`cCodigo`=c.`nTipo` AND cod.`cValor`=i.`nValor`
 		WHERE `nIdInforme`=135 AND i.`nIdCumplimiento`=9
		AND i.nFlag = 0
[Thu, 18 Nov 2021 03:15:57 +0000] succes 0: select * from cumplimiento  where nFlag=0 and nidTarea=1
		 and nOrden < 9 
		ORDER BY norden desc LIMIT 0,1
[Thu, 18 Nov 2021 03:15:57 +0000] succes 0: select * from informe  where nFlag=0 and nId=135
[Thu, 18 Nov 2021 03:15:57 +0000] succes 0: select * from tipo_vehiculo  where nFlag=0
[Thu, 18 Nov 2021 03:15:57 +0000] succes 0: SELECT c.nIdTarea, c.`nId`,c.`cCodigo`,c.`cNombre`,c.`nModelo`  FROM `informe` i
		JOIN `cumplimiento` c ON c.`nIdTarea`= i.`nIdTarea`
		WHERE i.NID=135 AND c.nFlag = 0
[Thu, 18 Nov 2021 03:15:57 +0000] succes 0: SELECT CONCAT(p.`cApellidos`, ' ',p.`cNombres`)'Descripcion',ec.`nIdEmpresa`,ect.`nId`, ec.`nId` nIdCargo, ec.`cCargo` FROM  
		`empresa_cargo_trabajador` ect
		JOIN `empresa_cargo` ec ON ec.`nId`=ect.`nIdEmpresa_Cargo`
		JOIN `persona` p ON p.`nId`=ect.`nIdPersona`
		WHERE ec.nIdEmpresa = 5
		
[Thu, 18 Nov 2021 03:15:57 +0000] succes 0: SELECT eno.`nId`, CONCAT("(",eno.`cValor`,")",en.`cDescripcion`," / ", eno.`cObservacion`) cDescripcion,en.nTipo FROM `empresa_normas` en
			JOIN `empresa_normas_observacion` eno ON eno.`nId_empresa_norma`=en.nid
		
[Thu, 18 Nov 2021 03:15:57 +0000] succes 0: SELECT e.`nId`, CONCAT(cPlaca,' / ',cNombre) cDescripcion FROM `empresa_vehiculo` e
		JOIN `tipo_vehiculo` t ON e.`nTipoVehiculo`=t.`nId`
		WHERE e.nIdEmpresa = 5 AND IFNULL(e.nFlag, 0) = 0
[Thu, 18 Nov 2021 03:17:01 +0000] succes 0: UPDATE `informe` SET cRutaActaReverso ='uploads/135/14.jpg' WHERE nid =135
[Thu, 18 Nov 2021 03:17:01 +0000] succes 0: select * from informe  where nFlag=0 and nId=135
[Thu, 18 Nov 2021 03:20:29 +0000] succes 0: UPDATE `informe` SET crutaActa ='uploads/135/13.jpg' WHERE nid =135
[Thu, 18 Nov 2021 03:20:29 +0000] succes 0: select * from informe  where nFlag=0 and nId=135
[Thu, 18 Nov 2021 03:23:48 +0000] succes 0: call spt_sel_obtienedocumento (20)
[Thu, 18 Nov 2021 03:23:57 +0000] succes 0: select * from informe  where nFlag=0 and nId=135
[Thu, 18 Nov 2021 03:23:57 +0000] succes 0: select * from tarea  where nFlag=0 and nId=1
[Thu, 18 Nov 2021 03:23:57 +0000] succes 0: select * from tipo_vehiculo  where nFlag=0
[Thu, 18 Nov 2021 03:23:57 +0000] succes 0: SELECT c.nIdTarea, c.`nId`,c.`cCodigo`,c.`cNombre`,c.`nModelo`  FROM `informe` i
		JOIN `cumplimiento` c ON c.`nIdTarea`= i.`nIdTarea`
		WHERE i.NID=135 AND c.nFlag = 0
[Thu, 18 Nov 2021 03:23:57 +0000] succes 0: SELECT CONCAT(p.`cApellidos`, ' ',p.`cNombres`)'Descripcion',ec.`nIdEmpresa`,ect.`nId`, ec.`nId` nIdCargo, ec.`cCargo` FROM  
		`empresa_cargo_trabajador` ect
		JOIN `empresa_cargo` ec ON ec.`nId`=ect.`nIdEmpresa_Cargo`
		JOIN `persona` p ON p.`nId`=ect.`nIdPersona`
		WHERE ec.nIdEmpresa = 5
		
[Thu, 18 Nov 2021 03:23:57 +0000] succes 0: SELECT eno.`nId`, CONCAT("(",eno.`cValor`,")",en.`cDescripcion`," / ", eno.`cObservacion`) cDescripcion,en.nTipo FROM `empresa_normas` en
			JOIN `empresa_normas_observacion` eno ON eno.`nId_empresa_norma`=en.nid
		
[Thu, 18 Nov 2021 03:23:57 +0000] succes 0: SELECT e.`nId`, CONCAT(cPlaca,' / ',cNombre) cDescripcion FROM `empresa_vehiculo` e
		JOIN `tipo_vehiculo` t ON e.`nTipoVehiculo`=t.`nId`
		WHERE e.nIdEmpresa = 5 AND IFNULL(e.nFlag, 0) = 0
[Thu, 18 Nov 2021 03:23:57 +0000] succes 0: select * from codigos  where nFlag=0 and cCodigo =500  AND cvalor NOT IN (500)
[Thu, 18 Nov 2021 03:24:00 +0000] succes 0: 
		SELECT  i.`nId`, i.`nIdInforme`, i.`nIdCumplimiento`,cod.`cValor` nValorTipo, c.`cNombre` Cumpliento, cod.`cDescripcion` descripcionTipo,i.`cDescripcion` detalle,i.`dCreate` 
		FROM `inf_cumplimiento_des` i
		JOIN `cumplimiento` c ON c.`nId`= i.`nIdCumplimiento`
		JOIN `codigos` cod ON cod.`cCodigo`=c.`nTipo` AND cod.`cValor`=i.`nValor`
 		WHERE `nIdInforme`=135 AND i.`nIdCumplimiento`=9
		AND i.nFlag = 0
[Thu, 18 Nov 2021 03:24:14 +0000] succes 0: select * from informe  where nFlag=0 and nId=135
[Thu, 18 Nov 2021 03:24:14 +0000] succes 0: select * from tarea  where nFlag=0 and nId=1
[Thu, 18 Nov 2021 03:24:14 +0000] succes 0: select * from cumplimiento  where nFlag=0 and nidTarea=1
		and nId in (9)
		ORDER BY norden ASC LIMIT 0,1
[Thu, 18 Nov 2021 03:24:14 +0000] succes 0: select * from codigos  where nFlag=0 and cCodigo =400  AND cvalor NOT IN (400)
[Thu, 18 Nov 2021 03:24:18 +0000] succes 0: call spt_ins_documento_detalle(
		"135",
		"9",
		"1",
		"0",
		"AMPLIACIÓN DE LA ELECTRIFICACIÓN DE LAS COMUNIDADES RURALES DE HUAMBOS DEL DISTRITO DE HUAMBOS - CHOTA – CAJAMARCA” de su cliente ELECTRONORTE S.A.")
[Thu, 18 Nov 2021 03:24:18 +0000] succes 0: 
		SELECT  i.`nId`, i.`nIdInforme`, i.`nIdCumplimiento`,cod.`cValor` nValorTipo, c.`cNombre` Cumpliento, cod.`cDescripcion` descripcionTipo,i.`cDescripcion` detalle,i.`dCreate` 
		FROM `inf_cumplimiento_des` i
		JOIN `cumplimiento` c ON c.`nId`= i.`nIdCumplimiento`
		JOIN `codigos` cod ON cod.`cCodigo`=c.`nTipo` AND cod.`cValor`=i.`nValor`
 		WHERE `nIdInforme`=135 AND i.`nIdCumplimiento`=9
		AND i.nFlag = 0
[Thu, 18 Nov 2021 03:24:35 +0000] succes 0: call spt_ins_documento_detalle(
		"135",
		"9",
		"2",
		"1",
		"ING. JUAN CERON")
[Thu, 18 Nov 2021 03:24:35 +0000] succes 0: 
		SELECT  i.`nId`, i.`nIdInforme`, i.`nIdCumplimiento`,cod.`cValor` nValorTipo, c.`cNombre` Cumpliento, cod.`cDescripcion` descripcionTipo,i.`cDescripcion` detalle,i.`dCreate` 
		FROM `inf_cumplimiento_des` i
		JOIN `cumplimiento` c ON c.`nId`= i.`nIdCumplimiento`
		JOIN `codigos` cod ON cod.`cCodigo`=c.`nTipo` AND cod.`cValor`=i.`nValor`
 		WHERE `nIdInforme`=135 AND i.`nIdCumplimiento`=9
		AND i.nFlag = 0
[Thu, 18 Nov 2021 03:24:47 +0000] succes 0: call spt_ins_documento_detalle(
		"135",
		"9",
		"3",
		"0",
		"ING. JOSÉ DELGADO")
[Thu, 18 Nov 2021 03:24:47 +0000] succes 0: 
		SELECT  i.`nId`, i.`nIdInforme`, i.`nIdCumplimiento`,cod.`cValor` nValorTipo, c.`cNombre` Cumpliento, cod.`cDescripcion` descripcionTipo,i.`cDescripcion` detalle,i.`dCreate` 
		FROM `inf_cumplimiento_des` i
		JOIN `cumplimiento` c ON c.`nId`= i.`nIdCumplimiento`
		JOIN `codigos` cod ON cod.`cCodigo`=c.`nTipo` AND cod.`cValor`=i.`nValor`
 		WHERE `nIdInforme`=135 AND i.`nIdCumplimiento`=9
		AND i.nFlag = 0
[Thu, 18 Nov 2021 03:24:55 +0000] succes 0: call spt_sel_obtienedocumento (20)
[Thu, 18 Nov 2021 03:24:58 +0000] succes 0: select * from informe  where nFlag=0 and nId=135
[Thu, 18 Nov 2021 03:24:58 +0000] succes 0: select * from programa  where nFlag=0 and nId=1
[Thu, 18 Nov 2021 03:24:58 +0000] succes 0: SELECT * FROM empresa WHERE nId= 5 and nFlag = 0
[Thu, 18 Nov 2021 03:24:58 +0000] succes 0: SELECT c.nIdTarea, c.`nId`,c.`cCodigo`,c.`cNombre`,c.`nModelo`  FROM `informe` i
		JOIN `cumplimiento` c ON c.`nIdTarea`= i.`nIdTarea`
		WHERE i.NID=135 AND c.nFlag = 0
[Thu, 18 Nov 2021 03:24:58 +0000] succes 0: call stp_sel_resumen_informe(135)
[Thu, 18 Nov 2021 03:24:58 +0000] succes 0: select * from codigos  where nFlag=0 and cCodigo =400  AND cvalor NOT IN (400)
[Thu, 18 Nov 2021 03:24:58 +0000] succes 0: 
		SELECT  i.`nId`, i.`nIdInforme`, i.`nIdCumplimiento`,cod.`cValor` nValorTipo, c.`cNombre` Cumpliento, cod.`cDescripcion` descripcionTipo,i.`cDescripcion` detalle,i.`dCreate` 
		FROM `inf_cumplimiento_des` i
		JOIN `cumplimiento` c ON c.`nId`= i.`nIdCumplimiento`
		JOIN `codigos` cod ON cod.`cCodigo`=c.`nTipo` AND cod.`cValor`=i.`nValor`
 		WHERE `nIdInforme`=135 AND i.`nIdCumplimiento`=9
		AND i.nFlag = 0
[Thu, 18 Nov 2021 03:24:58 +0000] succes 0: select * from uunn WHERE `nId` = 7 AND nFlag=0
[Thu, 18 Nov 2021 03:24:58 +0000] succes 0: select * from supervision where nId = 1 AND nFlag=0
[Thu, 18 Nov 2021 03:24:58 +0000] succes 0: SELECT p.nId,p.cDoi,p.cNombres,p.cApellidos,p.cUsuario FROM `responsable`res 
		JOIN persona p on p.nId=res.nIdPersona where res.nId = '81'
[Thu, 18 Nov 2021 03:24:58 +0000] succes 0: SELECT it.`nId`, p.`cNombres`,p.`cApellidos`,ec.`cCargo`, IF(eno.`nId` IS NULL, '', eno.`nId`) nCodigo, IF(eno.`cValor` IS NULL, '', eno.`cValor`) cCodigo FROM `informe` i
		JOIN `inf_trabajadoressupervisados_det` it ON it.`nIdInforme`=i.`nId`
		JOIN `empresa_cargo_trabajador` ect ON ect.`nId`=it.`nId_E_C_T`
		JOIN `empresa_cargo` ec ON ect.`nIdEmpresa_Cargo`=ec.`nId`
		JOIN persona p ON p.`nId`=ect.`nIdPersona`
		LEFT JOIN `empresa_normas` en ON en.`nIdEmpresa`= i.`nIdEmpresa`
		LEFT JOIN `empresa_normas_observacion` eno ON eno.`nId_empresa_norma`=en.`nId` AND eno.`nId`=it.`nId_emp_nor_obs`
		WHERE it.nIdInforme = 135 AND it.nFlag = 0 /*AND eno.nFlag = 0*/
[Thu, 18 Nov 2021 03:24:58 +0000] succes 0: SELECT iv.`nId`, T.`cNombre`,tv.`cPlaca`, ENO.`cValor` FROM `informe` i
		JOIN `inf_vehiculo_det` iv ON i.`nId`=iv.`nIdInforme`
		JOIN `empresa_normas_observacion` ENO ON ENO.`nId`=iv.`nId_Emp_nor_obs`
		JOIN `empresa_vehiculo` tv ON tv.`nIdEmpresa`=  i.nIdEmpresa AND iv.nIdEmp_Veh = tv.nId
		JOIN `tipo_vehiculo` T ON T.`nId` =tv.`nTipoVehiculo`
		WHERE iv.nIdInforme = 135 AND iv.nFlag = 0 AND IFNULL(tv.nFlag, 0) = 0
[Thu, 18 Nov 2021 03:24:58 +0000] succes 0: 
		SELECT  i.`nId`, i.`nIdInforme`, i.`nIdCumplimiento`,cod.`cValor` nValorTipo, c.`cNombre` Cumpliento, cod.`cDescripcion` descripcionTipo,i.`cDescripcion` detalle,i.`dCreate` 
		FROM `inf_cumplimiento_des` i
		JOIN `cumplimiento` c ON c.`nId`= i.`nIdCumplimiento`
		JOIN `codigos` cod ON cod.`cCodigo`=c.`nTipo` AND cod.`cValor`=i.`nValor`
 		WHERE `nIdInforme`=135 AND i.`nIdCumplimiento`=1
		AND i.nFlag = 0
[Thu, 18 Nov 2021 03:24:58 +0000] succes 0: select * from inf_cumplimiento_img
		where nIdInforme= 135 and nIdCumplimiento= 1
[Thu, 18 Nov 2021 03:24:58 +0000] succes 0: 
		SELECT  i.`nId`, i.`nIdInforme`, i.`nIdCumplimiento`,cod.`cValor` nValorTipo, c.`cNombre` Cumpliento, cod.`cDescripcion` descripcionTipo,i.`cDescripcion` detalle,i.`dCreate` 
		FROM `inf_cumplimiento_des` i
		JOIN `cumplimiento` c ON c.`nId`= i.`nIdCumplimiento`
		JOIN `codigos` cod ON cod.`cCodigo`=c.`nTipo` AND cod.`cValor`=i.`nValor`
 		WHERE `nIdInforme`=135 AND i.`nIdCumplimiento`=2
		AND i.nFlag = 0
[Thu, 18 Nov 2021 03:24:58 +0000] succes 0: select * from inf_cumplimiento_img
		where nIdInforme= 135 and nIdCumplimiento= 2
[Thu, 18 Nov 2021 03:24:58 +0000] succes 0: 
		SELECT  i.`nId`, i.`nIdInforme`, i.`nIdCumplimiento`,cod.`cValor` nValorTipo, c.`cNombre` Cumpliento, cod.`cDescripcion` descripcionTipo,i.`cDescripcion` detalle,i.`dCreate` 
		FROM `inf_cumplimiento_des` i
		JOIN `cumplimiento` c ON c.`nId`= i.`nIdCumplimiento`
		JOIN `codigos` cod ON cod.`cCodigo`=c.`nTipo` AND cod.`cValor`=i.`nValor`
 		WHERE `nIdInforme`=135 AND i.`nIdCumplimiento`=3
		AND i.nFlag = 0
[Thu, 18 Nov 2021 03:24:58 +0000] succes 0: select * from inf_cumplimiento_img
		where nIdInforme= 135 and nIdCumplimiento= 3
[Thu, 18 Nov 2021 03:24:58 +0000] succes 0: 
		SELECT  i.`nId`, i.`nIdInforme`, i.`nIdCumplimiento`,cod.`cValor` nValorTipo, c.`cNombre` Cumpliento, cod.`cDescripcion` descripcionTipo,i.`cDescripcion` detalle,i.`dCreate` 
		FROM `inf_cumplimiento_des` i
		JOIN `cumplimiento` c ON c.`nId`= i.`nIdCumplimiento`
		JOIN `codigos` cod ON cod.`cCodigo`=c.`nTipo` AND cod.`cValor`=i.`nValor`
 		WHERE `nIdInforme`=135 AND i.`nIdCumplimiento`=4
		AND i.nFlag = 0
[Thu, 18 Nov 2021 03:24:58 +0000] succes 0: select * from inf_cumplimiento_img
		where nIdInforme= 135 and nIdCumplimiento= 4
[Thu, 18 Nov 2021 03:24:58 +0000] succes 0: 
		SELECT  i.`nId`, i.`nIdInforme`, i.`nIdCumplimiento`,cod.`cValor` nValorTipo, c.`cNombre` Cumpliento, cod.`cDescripcion` descripcionTipo,i.`cDescripcion` detalle,i.`dCreate` 
		FROM `inf_cumplimiento_des` i
		JOIN `cumplimiento` c ON c.`nId`= i.`nIdCumplimiento`
		JOIN `codigos` cod ON cod.`cCodigo`=c.`nTipo` AND cod.`cValor`=i.`nValor`
 		WHERE `nIdInforme`=135 AND i.`nIdCumplimiento`=5
		AND i.nFlag = 0
[Thu, 18 Nov 2021 03:24:58 +0000] succes 0: select * from inf_cumplimiento_img
		where nIdInforme= 135 and nIdCumplimiento= 5
[Thu, 18 Nov 2021 03:24:58 +0000] succes 0: 
		SELECT  i.`nId`, i.`nIdInforme`, i.`nIdCumplimiento`,cod.`cValor` nValorTipo, c.`cNombre` Cumpliento, cod.`cDescripcion` descripcionTipo,i.`cDescripcion` detalle,i.`dCreate` 
		FROM `inf_cumplimiento_des` i
		JOIN `cumplimiento` c ON c.`nId`= i.`nIdCumplimiento`
		JOIN `codigos` cod ON cod.`cCodigo`=c.`nTipo` AND cod.`cValor`=i.`nValor`
 		WHERE `nIdInforme`=135 AND i.`nIdCumplimiento`=6
		AND i.nFlag = 0
[Thu, 18 Nov 2021 03:24:58 +0000] succes 0: select * from inf_cumplimiento_img
		where nIdInforme= 135 and nIdCumplimiento= 6
[Thu, 18 Nov 2021 03:24:58 +0000] succes 0: 
		SELECT  i.`nId`, i.`nIdInforme`, i.`nIdCumplimiento`,cod.`cValor` nValorTipo, c.`cNombre` Cumpliento, cod.`cDescripcion` descripcionTipo,i.`cDescripcion` detalle,i.`dCreate` 
		FROM `inf_cumplimiento_des` i
		JOIN `cumplimiento` c ON c.`nId`= i.`nIdCumplimiento`
		JOIN `codigos` cod ON cod.`cCodigo`=c.`nTipo` AND cod.`cValor`=i.`nValor`
 		WHERE `nIdInforme`=135 AND i.`nIdCumplimiento`=7
		AND i.nFlag = 0
[Thu, 18 Nov 2021 03:24:58 +0000] succes 0: 
		SELECT  i.`nId`, i.`nIdInforme`, i.`nIdCumplimiento`,cod.`cValor` nValorTipo, c.`cNombre` Cumpliento, cod.`cDescripcion` descripcionTipo,i.`cDescripcion` detalle,i.`dCreate` 
		FROM `inf_cumplimiento_des` i
		JOIN `cumplimiento` c ON c.`nId`= i.`nIdCumplimiento`
		JOIN `codigos` cod ON cod.`cCodigo`=c.`nTipo` AND cod.`cValor`=i.`nValor`
 		WHERE `nIdInforme`=135 AND i.`nIdCumplimiento`=8
		AND i.nFlag = 0
[Thu, 18 Nov 2021 03:24:58 +0000] succes 0: select * from inf_cumplimiento_img
		where nIdInforme= 135 and nIdCumplimiento= 8
[Thu, 18 Nov 2021 03:25:02 +0000] succes 0: CALL stp_sel_resumen_informe2 (135);
[Thu, 18 Nov 2021 03:31:53 +0000] succes 0: call spt_sel_obtienedocumento (20)
[Thu, 18 Nov 2021 03:36:11 +0000] succes 0: select * from empresa  where nTipo=1
[Thu, 18 Nov 2021 03:36:11 +0000] succes 0: select * from empresa  where nTipo=0
[Thu, 18 Nov 2021 03:36:11 +0000] succes 0: select * from tipo_documento  where nFlag=0
[Thu, 18 Nov 2021 03:36:11 +0000] succes 0: select * from tarea  where nFlag=0
[Thu, 18 Nov 2021 03:36:11 +0000] succes 0: select * from uunn  where nFlag=0
[Thu, 18 Nov 2021 03:36:11 +0000] succes 0: select * from programa  where nFlag=0
[Thu, 18 Nov 2021 03:36:11 +0000] succes 0: select * from supervision  where nFlag=0
[Thu, 18 Nov 2021 03:36:21 +0000] succes 0: select * from programa  where nFlag=0 and nId=1
[Thu, 18 Nov 2021 03:36:22 +0000] succes 0: SELECT r.`nId`,p.`cNombres`,p.`cApellidos` FROM responsable r
	JOIN persona p ON p.`nId` = r.`nIdPersona`
	JOIN empresa e ON e.`nId`=r.`nIdEmpresa` 
	WHERE e.nId = 0
	/*WHERE e.`nTipo`=1*/
[Thu, 18 Nov 2021 03:36:22 +0000] succes 0: SELECT EC.`nId`, E.`cNombre`,EC.`cCargo` FROM `empresa` E 
		INNER JOIN `empresa_cargo` EC ON E.`nId`=EC.`nIdEmpresa` 
		WHERE E.`nId` = 0 
[Thu, 18 Nov 2021 03:36:25 +0000] succes 0: SELECT r.`nId`,p.`cNombres`,p.`cApellidos` FROM responsable r
	JOIN persona p ON p.`nId` = r.`nIdPersona`
	JOIN empresa e ON e.`nId`=r.`nIdEmpresa` 
	WHERE e.nId = 5
	/*WHERE e.`nTipo`=1*/
[Thu, 18 Nov 2021 03:36:26 +0000] succes 0: SELECT EC.`nId`, E.`cNombre`,EC.`cCargo` FROM `empresa` E 
		INNER JOIN `empresa_cargo` EC ON E.`nId`=EC.`nIdEmpresa` 
		WHERE E.`nId` = 5 
[Thu, 18 Nov 2021 03:37:27 +0000] succes 0: call spt_ins_documento(
		"20",
		"1",
		"1",
		"1",
		"5",
		"7",
		"44",
		"81",
		"1",
		"SUPERVISIÓN EN LA EJECUCIÓN DE EXCAVACIÓN DE HOYOS PARA POSTES DE BT.",
		"AMPLIACIÓN DE LA ELECTRIFICACIÓN DE LAS COMUNIDADES RURALES DE HUAMBOS DEL DISTRITO DE HUAMBOS - CHOTA – CAJAMARCA” DE SU CLIENTE ELECTRONORTE S.A",
		"CHORURO - HUAMBOS",
		"PROYECTOS",
		"2021-11-11",
		"2206",
		"ENSA")
[Thu, 18 Nov 2021 03:37:29 +0000] succes 0: select * from informe  where nFlag=0 and nId=136
[Thu, 18 Nov 2021 03:37:29 +0000] succes 0: select * from tarea  where nFlag=0 and nId=1
[Thu, 18 Nov 2021 03:37:29 +0000] succes 0: select * from cumplimiento  where nFlag=0 and nidTarea=1
		ORDER BY norden ASC LIMIT 0,1
[Thu, 18 Nov 2021 03:37:29 +0000] succes 0: select * from codigos  where nFlag=0 and cCodigo =100  AND cvalor NOT IN (100)
[Thu, 18 Nov 2021 03:37:29 +0000] succes 0: select * from codigos  where nFlag=0 and cCodigo =500  AND cvalor NOT IN (500)
[Thu, 18 Nov 2021 03:37:29 +0000] succes 0: select * from cumplimiento  where nFlag=0 and nidTarea=1
		and nId NOT IN (1) and nOrden >0
		ORDER BY norden ASC LIMIT 0,1
[Thu, 18 Nov 2021 03:37:29 +0000] succes 0: 
		SELECT  i.`nId`, i.`nIdInforme`, i.`nIdCumplimiento`,cod.`cValor` nValorTipo, c.`cNombre` Cumpliento, cod.`cDescripcion` descripcionTipo,i.`cDescripcion` detalle,i.`dCreate` 
		FROM `inf_cumplimiento_des` i
		JOIN `cumplimiento` c ON c.`nId`= i.`nIdCumplimiento`
		JOIN `codigos` cod ON cod.`cCodigo`=c.`nTipo` AND cod.`cValor`=i.`nValor`
 		WHERE `nIdInforme`=136 AND i.`nIdCumplimiento`=1
		AND i.nFlag = 0
[Thu, 18 Nov 2021 03:37:29 +0000] succes 0: select * from cumplimiento  where nFlag=0 and nidTarea=1
		 and nOrden < 0 
		ORDER BY norden desc LIMIT 0,1
[Thu, 18 Nov 2021 03:37:45 +0000] succes 0: call spt_ins_documento_detalle(
		"136",
		"1",
		"1",
		"0",
		"PARTE DEL PERSONAL AYUDANTE Y EL TÉCNICO CUENTA CON EPPS BÁSICOS PARA REALIZAR LA ACTIVIDAD (ZAPATOS DIELÉCTRICOS, GUANTES DE CUERO Y LENTES DE SEGURIDAD) Y UNIFORME (PANTALÓN Y POLO) EN BUEN ESTADO.")
[Thu, 18 Nov 2021 03:37:45 +0000] succes 0: 
		SELECT  i.`nId`, i.`nIdInforme`, i.`nIdCumplimiento`,cod.`cValor` nValorTipo, c.`cNombre` Cumpliento, cod.`cDescripcion` descripcionTipo,i.`cDescripcion` detalle,i.`dCreate` 
		FROM `inf_cumplimiento_des` i
		JOIN `cumplimiento` c ON c.`nId`= i.`nIdCumplimiento`
		JOIN `codigos` cod ON cod.`cCodigo`=c.`nTipo` AND cod.`cValor`=i.`nValor`
 		WHERE `nIdInforme`=136 AND i.`nIdCumplimiento`=1
		AND i.nFlag = 0
[Thu, 18 Nov 2021 03:38:05 +0000] succes 0: call spt_ins_documento_detalle(
		"136",
		"1",
		"2",
		"51",
		"EL AYUDANTE EBER CULQUI DIAZ SE APRECIA QUE LOS GUANTES DE CUERO LOS TIENE EN MAL ESTADO")
[Thu, 18 Nov 2021 03:38:05 +0000] succes 0: 
		SELECT  i.`nId`, i.`nIdInforme`, i.`nIdCumplimiento`,cod.`cValor` nValorTipo, c.`cNombre` Cumpliento, cod.`cDescripcion` descripcionTipo,i.`cDescripcion` detalle,i.`dCreate` 
		FROM `inf_cumplimiento_des` i
		JOIN `cumplimiento` c ON c.`nId`= i.`nIdCumplimiento`
		JOIN `codigos` cod ON cod.`cCodigo`=c.`nTipo` AND cod.`cValor`=i.`nValor`
 		WHERE `nIdInforme`=136 AND i.`nIdCumplimiento`=1
		AND i.nFlag = 0
[Thu, 18 Nov 2021 03:39:11 +0000] succes 443: INSERT INTO inf_cumplimiento_img(`nIdInforme`,`nIdCumplimiento`,cruta,cNombre)
		VALUES(136,1,'uploads/136/1/1.jpg','1.jpg')
[Thu, 18 Nov 2021 03:39:11 +0000] succes 0: select * from inf_cumplimiento_img
		where nIdInforme= 136 and nIdCumplimiento= 1
[Thu, 18 Nov 2021 03:39:11 +0000] succes 444: INSERT INTO inf_cumplimiento_img(`nIdInforme`,`nIdCumplimiento`,cruta,cNombre)
		VALUES(136,1,'uploads/136/1/2.jpg','2.jpg')
[Thu, 18 Nov 2021 03:39:11 +0000] succes 0: select * from inf_cumplimiento_img
		where nIdInforme= 136 and nIdCumplimiento= 1
[Thu, 18 Nov 2021 03:56:33 +0000] succes 0: select * from informe  where nFlag=0 and nId=136
[Thu, 18 Nov 2021 03:56:33 +0000] succes 0: select * from tarea  where nFlag=0 and nId=1
[Thu, 18 Nov 2021 03:56:33 +0000] succes 0: select * from cumplimiento  where nFlag=0 and nidTarea=1
		and nOrden in (2)
		ORDER BY norden ASC LIMIT 0,1
[Thu, 18 Nov 2021 03:56:33 +0000] succes 0: select * from codigos  where nFlag=0 and cCodigo =100  AND cvalor NOT IN (100)
[Thu, 18 Nov 2021 03:56:33 +0000] succes 0: select * from codigos  where nFlag=0 and cCodigo =500  AND cvalor NOT IN (500)
[Thu, 18 Nov 2021 03:56:33 +0000] succes 0: select * from cumplimiento  where nFlag=0 and nidTarea=1
		and nId NOT IN (2) and nOrden >2
		ORDER BY norden ASC LIMIT 0,1
[Thu, 18 Nov 2021 03:56:33 +0000] succes 0: 
		SELECT  i.`nId`, i.`nIdInforme`, i.`nIdCumplimiento`,cod.`cValor` nValorTipo, c.`cNombre` Cumpliento, cod.`cDescripcion` descripcionTipo,i.`cDescripcion` detalle,i.`dCreate` 
		FROM `inf_cumplimiento_des` i
		JOIN `cumplimiento` c ON c.`nId`= i.`nIdCumplimiento`
		JOIN `codigos` cod ON cod.`cCodigo`=c.`nTipo` AND cod.`cValor`=i.`nValor`
 		WHERE `nIdInforme`=136 AND i.`nIdCumplimiento`=2
		AND i.nFlag = 0
[Thu, 18 Nov 2021 03:56:33 +0000] succes 0: select * from cumplimiento  where nFlag=0 and nidTarea=1
		 and nOrden < 2 
		ORDER BY norden desc LIMIT 0,1
[Thu, 18 Nov 2021 03:56:47 +0000] succes 0: call spt_ins_documento_detalle(
		"136",
		"2",
		"1",
		"0",
		"SE EVIDENCIA QUE DURANTE LA EJECUCIÓN SEÑALIZAN HACIENDO USO DE CINTA DE SEÑALIZACIÓN")
[Thu, 18 Nov 2021 03:56:47 +0000] succes 0: 
		SELECT  i.`nId`, i.`nIdInforme`, i.`nIdCumplimiento`,cod.`cValor` nValorTipo, c.`cNombre` Cumpliento, cod.`cDescripcion` descripcionTipo,i.`cDescripcion` detalle,i.`dCreate` 
		FROM `inf_cumplimiento_des` i
		JOIN `cumplimiento` c ON c.`nId`= i.`nIdCumplimiento`
		JOIN `codigos` cod ON cod.`cCodigo`=c.`nTipo` AND cod.`cValor`=i.`nValor`
 		WHERE `nIdInforme`=136 AND i.`nIdCumplimiento`=2
		AND i.nFlag = 0
[Thu, 18 Nov 2021 03:57:11 +0000] succes 445: INSERT INTO inf_cumplimiento_img(`nIdInforme`,`nIdCumplimiento`,cruta,cNombre)
		VALUES(136,2,'uploads/136/2/3.jpg','3.jpg')
[Thu, 18 Nov 2021 03:57:11 +0000] succes 0: select * from inf_cumplimiento_img
		where nIdInforme= 136 and nIdCumplimiento= 2
[Thu, 18 Nov 2021 03:57:16 +0000] succes 0: select * from informe  where nFlag=0 and nId=136
[Thu, 18 Nov 2021 03:57:16 +0000] succes 0: select * from tarea  where nFlag=0 and nId=1
[Thu, 18 Nov 2021 03:57:16 +0000] succes 0: select * from cumplimiento  where nFlag=0 and nidTarea=1
		and nOrden in (3)
		ORDER BY norden ASC LIMIT 0,1
[Thu, 18 Nov 2021 03:57:16 +0000] succes 0: select * from codigos  where nFlag=0 and cCodigo =100  AND cvalor NOT IN (100)
[Thu, 18 Nov 2021 03:57:16 +0000] succes 0: select * from codigos  where nFlag=0 and cCodigo =500  AND cvalor NOT IN (500)
[Thu, 18 Nov 2021 03:57:16 +0000] succes 0: select * from cumplimiento  where nFlag=0 and nidTarea=1
		and nId NOT IN (3) and nOrden >3
		ORDER BY norden ASC LIMIT 0,1
[Thu, 18 Nov 2021 03:57:16 +0000] succes 0: 
		SELECT  i.`nId`, i.`nIdInforme`, i.`nIdCumplimiento`,cod.`cValor` nValorTipo, c.`cNombre` Cumpliento, cod.`cDescripcion` descripcionTipo,i.`cDescripcion` detalle,i.`dCreate` 
		FROM `inf_cumplimiento_des` i
		JOIN `cumplimiento` c ON c.`nId`= i.`nIdCumplimiento`
		JOIN `codigos` cod ON cod.`cCodigo`=c.`nTipo` AND cod.`cValor`=i.`nValor`
 		WHERE `nIdInforme`=136 AND i.`nIdCumplimiento`=3
		AND i.nFlag = 0
[Thu, 18 Nov 2021 03:57:16 +0000] succes 0: select * from cumplimiento  where nFlag=0 and nidTarea=1
		 and nOrden < 3 
		ORDER BY norden desc LIMIT 0,1
[Thu, 18 Nov 2021 03:57:31 +0000] succes 0: call spt_ins_documento_detalle(
		"136",
		"3",
		"3",
		"0",
		"NO SE EVIDENCIA ")
[Thu, 18 Nov 2021 03:57:31 +0000] succes 0: 
		SELECT  i.`nId`, i.`nIdInforme`, i.`nIdCumplimiento`,cod.`cValor` nValorTipo, c.`cNombre` Cumpliento, cod.`cDescripcion` descripcionTipo,i.`cDescripcion` detalle,i.`dCreate` 
		FROM `inf_cumplimiento_des` i
		JOIN `cumplimiento` c ON c.`nId`= i.`nIdCumplimiento`
		JOIN `codigos` cod ON cod.`cCodigo`=c.`nTipo` AND cod.`cValor`=i.`nValor`
 		WHERE `nIdInforme`=136 AND i.`nIdCumplimiento`=3
		AND i.nFlag = 0
[Thu, 18 Nov 2021 03:57:34 +0000] succes 0: select * from informe  where nFlag=0 and nId=136
[Thu, 18 Nov 2021 03:57:34 +0000] succes 0: select * from tarea  where nFlag=0 and nId=1
[Thu, 18 Nov 2021 03:57:34 +0000] succes 0: select * from cumplimiento  where nFlag=0 and nidTarea=1
		and nOrden in (4)
		ORDER BY norden ASC LIMIT 0,1
[Thu, 18 Nov 2021 03:57:34 +0000] succes 0: select * from codigos  where nFlag=0 and cCodigo =100  AND cvalor NOT IN (100)
[Thu, 18 Nov 2021 03:57:34 +0000] succes 0: select * from codigos  where nFlag=0 and cCodigo =500  AND cvalor NOT IN (500)
[Thu, 18 Nov 2021 03:57:34 +0000] succes 0: select * from cumplimiento  where nFlag=0 and nidTarea=1
		and nId NOT IN (4) and nOrden >4
		ORDER BY norden ASC LIMIT 0,1
[Thu, 18 Nov 2021 03:57:34 +0000] succes 0: 
		SELECT  i.`nId`, i.`nIdInforme`, i.`nIdCumplimiento`,cod.`cValor` nValorTipo, c.`cNombre` Cumpliento, cod.`cDescripcion` descripcionTipo,i.`cDescripcion` detalle,i.`dCreate` 
		FROM `inf_cumplimiento_des` i
		JOIN `cumplimiento` c ON c.`nId`= i.`nIdCumplimiento`
		JOIN `codigos` cod ON cod.`cCodigo`=c.`nTipo` AND cod.`cValor`=i.`nValor`
 		WHERE `nIdInforme`=136 AND i.`nIdCumplimiento`=4
		AND i.nFlag = 0
[Thu, 18 Nov 2021 03:57:34 +0000] succes 0: select * from cumplimiento  where nFlag=0 and nidTarea=1
		 and nOrden < 4 
		ORDER BY norden desc LIMIT 0,1
[Thu, 18 Nov 2021 03:57:47 +0000] succes 0: call spt_ins_documento_detalle(
		"136",
		"4",
		"1",
		"0",
		"EL TÉCNICO RESPONSABLE DE LA ACTIVIDAD CUENTA CON COPIA DE LA ORDEN DE TRABAJO, CHARLA DE 5 MIN, AST, PETS, IPERC, FLUJOGRAMA EN CASO DE EMERGENCIA, PÓLIZA SCTR (SALUD Y PENSIÓN) VIGENTE Y SEGURO VIDA LEY, SEGURO CONTRA ACCIDENTES PERSONAL, Y REGISTRO DE LA INSPECCIÓN DE HERRAMIENTAS Y EPPS.")
[Thu, 18 Nov 2021 03:57:47 +0000] succes 0: 
		SELECT  i.`nId`, i.`nIdInforme`, i.`nIdCumplimiento`,cod.`cValor` nValorTipo, c.`cNombre` Cumpliento, cod.`cDescripcion` descripcionTipo,i.`cDescripcion` detalle,i.`dCreate` 
		FROM `inf_cumplimiento_des` i
		JOIN `cumplimiento` c ON c.`nId`= i.`nIdCumplimiento`
		JOIN `codigos` cod ON cod.`cCodigo`=c.`nTipo` AND cod.`cValor`=i.`nValor`
 		WHERE `nIdInforme`=136 AND i.`nIdCumplimiento`=4
		AND i.nFlag = 0
[Thu, 18 Nov 2021 03:58:07 +0000] succes 446: INSERT INTO inf_cumplimiento_img(`nIdInforme`,`nIdCumplimiento`,cruta,cNombre)
		VALUES(136,4,'uploads/136/4/4.jpg','4.jpg')
[Thu, 18 Nov 2021 03:58:07 +0000] succes 0: select * from inf_cumplimiento_img
		where nIdInforme= 136 and nIdCumplimiento= 4
[Thu, 18 Nov 2021 03:58:07 +0000] succes 447: INSERT INTO inf_cumplimiento_img(`nIdInforme`,`nIdCumplimiento`,cruta,cNombre)
		VALUES(136,4,'uploads/136/4/5.jpg','5.jpg')
[Thu, 18 Nov 2021 03:58:07 +0000] succes 0: select * from inf_cumplimiento_img
		where nIdInforme= 136 and nIdCumplimiento= 4
[Thu, 18 Nov 2021 03:58:07 +0000] succes 448: INSERT INTO inf_cumplimiento_img(`nIdInforme`,`nIdCumplimiento`,cruta,cNombre)
		VALUES(136,4,'uploads/136/4/6.jpg','6.jpg')
[Thu, 18 Nov 2021 03:58:07 +0000] succes 0: select * from inf_cumplimiento_img
		where nIdInforme= 136 and nIdCumplimiento= 4
[Thu, 18 Nov 2021 03:58:12 +0000] succes 0: select * from informe  where nFlag=0 and nId=136
[Thu, 18 Nov 2021 03:58:12 +0000] succes 0: select * from tarea  where nFlag=0 and nId=1
[Thu, 18 Nov 2021 03:58:12 +0000] succes 0: select * from cumplimiento  where nFlag=0 and nidTarea=1
		and nOrden in (5)
		ORDER BY norden ASC LIMIT 0,1
[Thu, 18 Nov 2021 03:58:12 +0000] succes 0: select * from codigos  where nFlag=0 and cCodigo =100  AND cvalor NOT IN (100)
[Thu, 18 Nov 2021 03:58:12 +0000] succes 0: select * from codigos  where nFlag=0 and cCodigo =500  AND cvalor NOT IN (500)
[Thu, 18 Nov 2021 03:58:12 +0000] succes 0: select * from cumplimiento  where nFlag=0 and nidTarea=1
		and nId NOT IN (5) and nOrden >5
		ORDER BY norden ASC LIMIT 0,1
[Thu, 18 Nov 2021 03:58:12 +0000] succes 0: 
		SELECT  i.`nId`, i.`nIdInforme`, i.`nIdCumplimiento`,cod.`cValor` nValorTipo, c.`cNombre` Cumpliento, cod.`cDescripcion` descripcionTipo,i.`cDescripcion` detalle,i.`dCreate` 
		FROM `inf_cumplimiento_des` i
		JOIN `cumplimiento` c ON c.`nId`= i.`nIdCumplimiento`
		JOIN `codigos` cod ON cod.`cCodigo`=c.`nTipo` AND cod.`cValor`=i.`nValor`
 		WHERE `nIdInforme`=136 AND i.`nIdCumplimiento`=5
		AND i.nFlag = 0
[Thu, 18 Nov 2021 03:58:12 +0000] succes 0: select * from cumplimiento  where nFlag=0 and nidTarea=1
		 and nOrden < 5 
		ORDER BY norden desc LIMIT 0,1
[Thu, 18 Nov 2021 03:58:32 +0000] succes 0: call spt_ins_documento_detalle(
		"136",
		"5",
		"1",
		"0",
		"SE EVIDENCIA QUE CUMPLEN CON EL PROCEDIMIENTO DE TRABAJO SEGURO:
- REALIZAN CHARLA DE 5 MIN, ELABORAN EL AS, REALIZAN INSPECCIÓN DE HERRAMIENTAS Y EPPS, TODO EL PERSONAL INVOLUCRADO SE ENCUENTRA COBERTURADO CON PÓLIZA DE SEGUROS.
- UTILIZAN HERRAMIENTAS EN BUEN ESTADO.
")
[Thu, 18 Nov 2021 03:58:32 +0000] succes 0: 
		SELECT  i.`nId`, i.`nIdInforme`, i.`nIdCumplimiento`,cod.`cValor` nValorTipo, c.`cNombre` Cumpliento, cod.`cDescripcion` descripcionTipo,i.`cDescripcion` detalle,i.`dCreate` 
		FROM `inf_cumplimiento_des` i
		JOIN `cumplimiento` c ON c.`nId`= i.`nIdCumplimiento`
		JOIN `codigos` cod ON cod.`cCodigo`=c.`nTipo` AND cod.`cValor`=i.`nValor`
 		WHERE `nIdInforme`=136 AND i.`nIdCumplimiento`=5
		AND i.nFlag = 0
[Thu, 18 Nov 2021 03:58:46 +0000] succes 449: INSERT INTO inf_cumplimiento_img(`nIdInforme`,`nIdCumplimiento`,cruta,cNombre)
		VALUES(136,5,'uploads/136/5/7.jpg','7.jpg')
[Thu, 18 Nov 2021 03:58:46 +0000] succes 0: select * from inf_cumplimiento_img
		where nIdInforme= 136 and nIdCumplimiento= 5
[Thu, 18 Nov 2021 03:58:46 +0000] succes 450: INSERT INTO inf_cumplimiento_img(`nIdInforme`,`nIdCumplimiento`,cruta,cNombre)
		VALUES(136,5,'uploads/136/5/8.jpg','8.jpg')
[Thu, 18 Nov 2021 03:58:46 +0000] succes 0: select * from inf_cumplimiento_img
		where nIdInforme= 136 and nIdCumplimiento= 5
[Thu, 18 Nov 2021 03:58:50 +0000] succes 0: select * from informe  where nFlag=0 and nId=136
[Thu, 18 Nov 2021 03:58:50 +0000] succes 0: select * from tarea  where nFlag=0 and nId=1
[Thu, 18 Nov 2021 03:58:50 +0000] succes 0: select * from cumplimiento  where nFlag=0 and nidTarea=1
		and nOrden in (6)
		ORDER BY norden ASC LIMIT 0,1
[Thu, 18 Nov 2021 03:58:50 +0000] succes 0: select * from codigos  where nFlag=0 and cCodigo =100  AND cvalor NOT IN (100)
[Thu, 18 Nov 2021 03:58:50 +0000] succes 0: select * from codigos  where nFlag=0 and cCodigo =500  AND cvalor NOT IN (500)
[Thu, 18 Nov 2021 03:58:50 +0000] succes 0: select * from cumplimiento  where nFlag=0 and nidTarea=1
		and nId NOT IN (6) and nOrden >6
		ORDER BY norden ASC LIMIT 0,1
[Thu, 18 Nov 2021 03:58:50 +0000] succes 0: 
		SELECT  i.`nId`, i.`nIdInforme`, i.`nIdCumplimiento`,cod.`cValor` nValorTipo, c.`cNombre` Cumpliento, cod.`cDescripcion` descripcionTipo,i.`cDescripcion` detalle,i.`dCreate` 
		FROM `inf_cumplimiento_des` i
		JOIN `cumplimiento` c ON c.`nId`= i.`nIdCumplimiento`
		JOIN `codigos` cod ON cod.`cCodigo`=c.`nTipo` AND cod.`cValor`=i.`nValor`
 		WHERE `nIdInforme`=136 AND i.`nIdCumplimiento`=6
		AND i.nFlag = 0
[Thu, 18 Nov 2021 03:58:50 +0000] succes 0: select * from cumplimiento  where nFlag=0 and nidTarea=1
		 and nOrden < 6 
		ORDER BY norden desc LIMIT 0,1
[Thu, 18 Nov 2021 03:59:16 +0000] succes 0: call spt_ins_documento_detalle(
		"136",
		"6",
		"1",
		"0",
		"SE EVIDENCIA QUE EL PERSONAL CUENTA CON MASCARILLAS PARA LA PREVENCIÓN DE LA COVI-19.")
[Thu, 18 Nov 2021 03:59:16 +0000] succes 0: 
		SELECT  i.`nId`, i.`nIdInforme`, i.`nIdCumplimiento`,cod.`cValor` nValorTipo, c.`cNombre` Cumpliento, cod.`cDescripcion` descripcionTipo,i.`cDescripcion` detalle,i.`dCreate` 
		FROM `inf_cumplimiento_des` i
		JOIN `cumplimiento` c ON c.`nId`= i.`nIdCumplimiento`
		JOIN `codigos` cod ON cod.`cCodigo`=c.`nTipo` AND cod.`cValor`=i.`nValor`
 		WHERE `nIdInforme`=136 AND i.`nIdCumplimiento`=6
		AND i.nFlag = 0
[Thu, 18 Nov 2021 03:59:16 +0000] succes 0: call spt_ins_documento_detalle(
		"136",
		"6",
		"1",
		"0",
		"SE EVIDENCIA QUE EL PERSONAL CUENTA CON MASCARILLAS PARA LA PREVENCIÓN DE LA COVI-19.")
[Thu, 18 Nov 2021 03:59:16 +0000] succes 0: 
		SELECT  i.`nId`, i.`nIdInforme`, i.`nIdCumplimiento`,cod.`cValor` nValorTipo, c.`cNombre` Cumpliento, cod.`cDescripcion` descripcionTipo,i.`cDescripcion` detalle,i.`dCreate` 
		FROM `inf_cumplimiento_des` i
		JOIN `cumplimiento` c ON c.`nId`= i.`nIdCumplimiento`
		JOIN `codigos` cod ON cod.`cCodigo`=c.`nTipo` AND cod.`cValor`=i.`nValor`
 		WHERE `nIdInforme`=136 AND i.`nIdCumplimiento`=6
		AND i.nFlag = 0
[Thu, 18 Nov 2021 03:59:21 +0000] succes 0: UPDATE inf_cumplimiento_des SET `nFlag` = 1 WHERE `nId` = 568
[Thu, 18 Nov 2021 03:59:21 +0000] succes 0: 
		SELECT  i.`nId`, i.`nIdInforme`, i.`nIdCumplimiento`,cod.`cValor` nValorTipo, c.`cNombre` Cumpliento, cod.`cDescripcion` descripcionTipo,i.`cDescripcion` detalle,i.`dCreate` 
		FROM `inf_cumplimiento_des` i
		JOIN `cumplimiento` c ON c.`nId`= i.`nIdCumplimiento`
		JOIN `codigos` cod ON cod.`cCodigo`=c.`nTipo` AND cod.`cValor`=i.`nValor`
 		WHERE `nIdInforme`=136 AND i.`nIdCumplimiento`=6
		AND i.nFlag = 0
[Thu, 18 Nov 2021 03:59:32 +0000] succes 451: INSERT INTO inf_cumplimiento_img(`nIdInforme`,`nIdCumplimiento`,cruta,cNombre)
		VALUES(136,6,'uploads/136/6/9.jpg','9.jpg')
[Thu, 18 Nov 2021 03:59:32 +0000] succes 0: select * from inf_cumplimiento_img
		where nIdInforme= 136 and nIdCumplimiento= 6
[Thu, 18 Nov 2021 03:59:40 +0000] succes 0: select * from informe  where nFlag=0 and nId=136
[Thu, 18 Nov 2021 03:59:40 +0000] succes 0: select * from tarea  where nFlag=0 and nId=1
[Thu, 18 Nov 2021 03:59:40 +0000] succes 0: select * from cumplimiento  where nFlag=0 and nidTarea=1
		and nOrden in (7)
		ORDER BY norden ASC LIMIT 0,1
[Thu, 18 Nov 2021 03:59:40 +0000] succes 0: select * from codigos  where nFlag=0 and cCodigo =200  AND cvalor NOT IN (200)
[Thu, 18 Nov 2021 03:59:40 +0000] succes 0: select * from codigos  where nFlag=0 and cCodigo =500  AND cvalor NOT IN (500)
[Thu, 18 Nov 2021 03:59:40 +0000] succes 0: select * from cumplimiento  where nFlag=0 and nidTarea=1
		and nId NOT IN (7) and nOrden >7
		ORDER BY norden ASC LIMIT 0,1
[Thu, 18 Nov 2021 03:59:40 +0000] succes 0: 
		SELECT  i.`nId`, i.`nIdInforme`, i.`nIdCumplimiento`,cod.`cValor` nValorTipo, c.`cNombre` Cumpliento, cod.`cDescripcion` descripcionTipo,i.`cDescripcion` detalle,i.`dCreate` 
		FROM `inf_cumplimiento_des` i
		JOIN `cumplimiento` c ON c.`nId`= i.`nIdCumplimiento`
		JOIN `codigos` cod ON cod.`cCodigo`=c.`nTipo` AND cod.`cValor`=i.`nValor`
 		WHERE `nIdInforme`=136 AND i.`nIdCumplimiento`=7
		AND i.nFlag = 0
[Thu, 18 Nov 2021 03:59:40 +0000] succes 0: select * from cumplimiento  where nFlag=0 and nidTarea=1
		 and nOrden < 7 
		ORDER BY norden desc LIMIT 0,1
[Thu, 18 Nov 2021 03:59:57 +0000] succes 0: call spt_ins_documento_detalle(
		"136",
		"7",
		"1",
		"0",
		"1.	SE EVIDENCIA QUE PARTE DE LOS AYUDANTES CUENTAN CON GUANTES DE CUERO EN MAL ESTADO.
2.	REALIZAN LA SEÑALIZACIÓN DE SU ÁREA DE TRABAJO.
3.	CUENTAN CON COPIA DE LA DOCUMENTACIÓN DE SEGURIDAD EXIGIDA POR ENSA.
4.	CUENTAN CON MASCARILLA PARA LA PREVENCIÓN DEL CONTAGIO DE LA COVID-19.")
[Thu, 18 Nov 2021 03:59:57 +0000] succes 0: 
		SELECT  i.`nId`, i.`nIdInforme`, i.`nIdCumplimiento`,cod.`cValor` nValorTipo, c.`cNombre` Cumpliento, cod.`cDescripcion` descripcionTipo,i.`cDescripcion` detalle,i.`dCreate` 
		FROM `inf_cumplimiento_des` i
		JOIN `cumplimiento` c ON c.`nId`= i.`nIdCumplimiento`
		JOIN `codigos` cod ON cod.`cCodigo`=c.`nTipo` AND cod.`cValor`=i.`nValor`
 		WHERE `nIdInforme`=136 AND i.`nIdCumplimiento`=7
		AND i.nFlag = 0
