[Fri, 19 Nov 2021 23:00:33 +0000] succes 486: INSERT INTO inf_cumplimiento_img(`nIdInforme`,`nIdCumplimiento`,cruta,cNombre)
		VALUES(139,4,'uploads/139/4/18.png','18.png')
[Fri, 19 Nov 2021 23:00:33 +0000] succes 0: select * from inf_cumplimiento_img
		where nIdInforme= 139 and nIdCumplimiento= 4
[Fri, 19 Nov 2021 23:00:33 +0000] succes 487: INSERT INTO inf_cumplimiento_img(`nIdInforme`,`nIdCumplimiento`,cruta,cNombre)
		VALUES(139,4,'uploads/139/4/19.png','19.png')
[Fri, 19 Nov 2021 23:00:33 +0000] succes 0: select * from inf_cumplimiento_img
		where nIdInforme= 139 and nIdCumplimiento= 4
[Fri, 19 Nov 2021 23:00:33 +0000] succes 488: INSERT INTO inf_cumplimiento_img(`nIdInforme`,`nIdCumplimiento`,cruta,cNombre)
		VALUES(139,4,'uploads/139/4/20.png','20.png')
[Fri, 19 Nov 2021 23:00:33 +0000] succes 0: select * from inf_cumplimiento_img
		where nIdInforme= 139 and nIdCumplimiento= 4
[Fri, 19 Nov 2021 23:00:33 +0000] succes 489: INSERT INTO inf_cumplimiento_img(`nIdInforme`,`nIdCumplimiento`,cruta,cNombre)
		VALUES(139,4,'uploads/139/4/21.png','21.png')
[Fri, 19 Nov 2021 23:00:33 +0000] succes 0: select * from inf_cumplimiento_img
		where nIdInforme= 139 and nIdCumplimiento= 4
[Fri, 19 Nov 2021 23:00:33 +0000] succes 490: INSERT INTO inf_cumplimiento_img(`nIdInforme`,`nIdCumplimiento`,cruta,cNombre)
		VALUES(139,4,'uploads/139/4/22.png','22.png')
[Fri, 19 Nov 2021 23:00:33 +0000] succes 0: select * from inf_cumplimiento_img
		where nIdInforme= 139 and nIdCumplimiento= 4
[Fri, 19 Nov 2021 23:00:33 +0000] succes 491: INSERT INTO inf_cumplimiento_img(`nIdInforme`,`nIdCumplimiento`,cruta,cNombre)
		VALUES(139,4,'uploads/139/4/23.png','23.png')
[Fri, 19 Nov 2021 23:00:33 +0000] succes 0: select * from inf_cumplimiento_img
		where nIdInforme= 139 and nIdCumplimiento= 4
[Fri, 19 Nov 2021 23:00:33 +0000] succes 492: INSERT INTO inf_cumplimiento_img(`nIdInforme`,`nIdCumplimiento`,cruta,cNombre)
		VALUES(139,4,'uploads/139/4/24.png','24.png')
[Fri, 19 Nov 2021 23:00:33 +0000] succes 0: select * from inf_cumplimiento_img
		where nIdInforme= 139 and nIdCumplimiento= 4
[Fri, 19 Nov 2021 23:00:33 +0000] succes 493: INSERT INTO inf_cumplimiento_img(`nIdInforme`,`nIdCumplimiento`,cruta,cNombre)
		VALUES(139,4,'uploads/139/4/25.png','25.png')
[Fri, 19 Nov 2021 23:00:33 +0000] succes 0: select * from inf_cumplimiento_img
		where nIdInforme= 139 and nIdCumplimiento= 4
[Fri, 19 Nov 2021 23:00:33 +0000] succes 494: INSERT INTO inf_cumplimiento_img(`nIdInforme`,`nIdCumplimiento`,cruta,cNombre)
		VALUES(139,4,'uploads/139/4/26.png','26.png')
[Fri, 19 Nov 2021 23:00:33 +0000] succes 0: select * from inf_cumplimiento_img
		where nIdInforme= 139 and nIdCumplimiento= 4
[Fri, 19 Nov 2021 23:02:21 +0000] succes 0: select * from informe  where nFlag=0 and nId=139
[Fri, 19 Nov 2021 23:02:21 +0000] succes 0: select * from tarea  where nFlag=0 and nId=1
[Fri, 19 Nov 2021 23:02:21 +0000] succes 0: select * from cumplimiento  where nFlag=0 and nidTarea=1
		and nOrden in (5)
		ORDER BY norden ASC LIMIT 0,1
[Fri, 19 Nov 2021 23:02:21 +0000] succes 0: select * from codigos  where nFlag=0 and cCodigo =100  AND cvalor NOT IN (100)
[Fri, 19 Nov 2021 23:02:21 +0000] succes 0: select * from codigos  where nFlag=0 and cCodigo =500  AND cvalor NOT IN (500)
[Fri, 19 Nov 2021 23:02:21 +0000] succes 0: select * from cumplimiento  where nFlag=0 and nidTarea=1
		and nId NOT IN (5) and nOrden >5
		ORDER BY norden ASC LIMIT 0,1
[Fri, 19 Nov 2021 23:02:21 +0000] succes 0: 
		SELECT  i.`nId`, i.`nIdInforme`, i.`nIdCumplimiento`,cod.`cValor` nValorTipo, c.`cNombre` Cumpliento, cod.`cDescripcion` descripcionTipo,i.`cDescripcion` detalle,i.`dCreate` 
		FROM `inf_cumplimiento_des` i
		JOIN `cumplimiento` c ON c.`nId`= i.`nIdCumplimiento`
		JOIN `codigos` cod ON cod.`cCodigo`=c.`nTipo` AND cod.`cValor`=i.`nValor`
 		WHERE `nIdInforme`=139 AND i.`nIdCumplimiento`=5
		AND i.nFlag = 0
[Fri, 19 Nov 2021 23:02:22 +0000] succes 0: select * from cumplimiento  where nFlag=0 and nidTarea=1
		 and nOrden < 5 
		ORDER BY norden desc LIMIT 0,1
[Fri, 19 Nov 2021 23:02:39 +0000] succes 0: call spt_ins_documento_detalle(
		"139",
		"5",
		"1",
		"0",
		"PERSONAL QUE REALIZA LABORES HACE USO DE EPPS DE ACUERDO CON LA ACTIVIDAD QUE DESARROLLA")
[Fri, 19 Nov 2021 23:02:39 +0000] succes 0: 
		SELECT  i.`nId`, i.`nIdInforme`, i.`nIdCumplimiento`,cod.`cValor` nValorTipo, c.`cNombre` Cumpliento, cod.`cDescripcion` descripcionTipo,i.`cDescripcion` detalle,i.`dCreate` 
		FROM `inf_cumplimiento_des` i
		JOIN `cumplimiento` c ON c.`nId`= i.`nIdCumplimiento`
		JOIN `codigos` cod ON cod.`cCodigo`=c.`nTipo` AND cod.`cValor`=i.`nValor`
 		WHERE `nIdInforme`=139 AND i.`nIdCumplimiento`=5
		AND i.nFlag = 0
[Fri, 19 Nov 2021 23:02:48 +0000] succes 0: call spt_ins_documento_detalle(
		"139",
		"5",
		"1",
		"0",
		"PRESENCIA DE SUPERVISO DE SEGURIDAD EN ZONA DE TRABAJO PARA EVALUAR PELIGROS Y RIESGOS PROPIOS DE LAS ACTIVIDADES. ")
[Fri, 19 Nov 2021 23:02:48 +0000] succes 0: 
		SELECT  i.`nId`, i.`nIdInforme`, i.`nIdCumplimiento`,cod.`cValor` nValorTipo, c.`cNombre` Cumpliento, cod.`cDescripcion` descripcionTipo,i.`cDescripcion` detalle,i.`dCreate` 
		FROM `inf_cumplimiento_des` i
		JOIN `cumplimiento` c ON c.`nId`= i.`nIdCumplimiento`
		JOIN `codigos` cod ON cod.`cCodigo`=c.`nTipo` AND cod.`cValor`=i.`nValor`
 		WHERE `nIdInforme`=139 AND i.`nIdCumplimiento`=5
		AND i.nFlag = 0
[Fri, 19 Nov 2021 23:03:22 +0000] succes 495: INSERT INTO inf_cumplimiento_img(`nIdInforme`,`nIdCumplimiento`,cruta,cNombre)
		VALUES(139,5,'uploads/139/5/27.png','27.png')
[Fri, 19 Nov 2021 23:03:23 +0000] succes 0: select * from inf_cumplimiento_img
		where nIdInforme= 139 and nIdCumplimiento= 5
[Fri, 19 Nov 2021 23:03:23 +0000] succes 496: INSERT INTO inf_cumplimiento_img(`nIdInforme`,`nIdCumplimiento`,cruta,cNombre)
		VALUES(139,5,'uploads/139/5/28.png','28.png')
[Fri, 19 Nov 2021 23:03:23 +0000] succes 0: select * from inf_cumplimiento_img
		where nIdInforme= 139 and nIdCumplimiento= 5
[Fri, 19 Nov 2021 23:03:27 +0000] succes 0: select * from informe  where nFlag=0 and nId=139
[Fri, 19 Nov 2021 23:03:27 +0000] succes 0: select * from tarea  where nFlag=0 and nId=1
[Fri, 19 Nov 2021 23:03:27 +0000] succes 0: select * from cumplimiento  where nFlag=0 and nidTarea=1
		and nOrden in (6)
		ORDER BY norden ASC LIMIT 0,1
[Fri, 19 Nov 2021 23:03:27 +0000] succes 0: select * from codigos  where nFlag=0 and cCodigo =100  AND cvalor NOT IN (100)
[Fri, 19 Nov 2021 23:03:27 +0000] succes 0: select * from codigos  where nFlag=0 and cCodigo =500  AND cvalor NOT IN (500)
[Fri, 19 Nov 2021 23:03:27 +0000] succes 0: select * from cumplimiento  where nFlag=0 and nidTarea=1
		and nId NOT IN (6) and nOrden >6
		ORDER BY norden ASC LIMIT 0,1
[Fri, 19 Nov 2021 23:03:27 +0000] succes 0: 
		SELECT  i.`nId`, i.`nIdInforme`, i.`nIdCumplimiento`,cod.`cValor` nValorTipo, c.`cNombre` Cumpliento, cod.`cDescripcion` descripcionTipo,i.`cDescripcion` detalle,i.`dCreate` 
		FROM `inf_cumplimiento_des` i
		JOIN `cumplimiento` c ON c.`nId`= i.`nIdCumplimiento`
		JOIN `codigos` cod ON cod.`cCodigo`=c.`nTipo` AND cod.`cValor`=i.`nValor`
 		WHERE `nIdInforme`=139 AND i.`nIdCumplimiento`=6
		AND i.nFlag = 0
[Fri, 19 Nov 2021 23:03:27 +0000] succes 0: select * from cumplimiento  where nFlag=0 and nidTarea=1
		 and nOrden < 6 
		ORDER BY norden desc LIMIT 0,1
[Fri, 19 Nov 2021 23:03:40 +0000] succes 0: call spt_ins_documento_detalle(
		"139",
		"6",
		"1",
		"0",
		"PERSONAL HACE  USO  MASCARILLAS (PROTECTORES BUCONASALES), PARA PREVENIR CONTAGIO POR COVID-19; ADEMÁS CUENTAN CON AGUA PARA HIDRATARSE.")
[Fri, 19 Nov 2021 23:03:40 +0000] succes 0: 
		SELECT  i.`nId`, i.`nIdInforme`, i.`nIdCumplimiento`,cod.`cValor` nValorTipo, c.`cNombre` Cumpliento, cod.`cDescripcion` descripcionTipo,i.`cDescripcion` detalle,i.`dCreate` 
		FROM `inf_cumplimiento_des` i
		JOIN `cumplimiento` c ON c.`nId`= i.`nIdCumplimiento`
		JOIN `codigos` cod ON cod.`cCodigo`=c.`nTipo` AND cod.`cValor`=i.`nValor`
 		WHERE `nIdInforme`=139 AND i.`nIdCumplimiento`=6
		AND i.nFlag = 0
[Fri, 19 Nov 2021 23:04:06 +0000] succes 0: call spt_ins_documento_detalle(
		"139",
		"6",
		"2",
		"70",
		"PERSONAL CARECE DE ALCOHOL, PARA PREVENIR CONTAGIO POR COVID-19")
[Fri, 19 Nov 2021 23:04:06 +0000] succes 0: 
		SELECT  i.`nId`, i.`nIdInforme`, i.`nIdCumplimiento`,cod.`cValor` nValorTipo, c.`cNombre` Cumpliento, cod.`cDescripcion` descripcionTipo,i.`cDescripcion` detalle,i.`dCreate` 
		FROM `inf_cumplimiento_des` i
		JOIN `cumplimiento` c ON c.`nId`= i.`nIdCumplimiento`
		JOIN `codigos` cod ON cod.`cCodigo`=c.`nTipo` AND cod.`cValor`=i.`nValor`
 		WHERE `nIdInforme`=139 AND i.`nIdCumplimiento`=6
		AND i.nFlag = 0
[Fri, 19 Nov 2021 23:04:39 +0000] succes 497: INSERT INTO inf_cumplimiento_img(`nIdInforme`,`nIdCumplimiento`,cruta,cNombre)
		VALUES(139,6,'uploads/139/6/29.png','29.png')
[Fri, 19 Nov 2021 23:04:39 +0000] succes 0: select * from inf_cumplimiento_img
		where nIdInforme= 139 and nIdCumplimiento= 6
[Fri, 19 Nov 2021 23:04:40 +0000] succes 498: INSERT INTO inf_cumplimiento_img(`nIdInforme`,`nIdCumplimiento`,cruta,cNombre)
		VALUES(139,6,'uploads/139/6/30.png','30.png')
[Fri, 19 Nov 2021 23:04:40 +0000] succes 0: select * from inf_cumplimiento_img
		where nIdInforme= 139 and nIdCumplimiento= 6
[Fri, 19 Nov 2021 23:04:44 +0000] succes 0: select * from informe  where nFlag=0 and nId=139
[Fri, 19 Nov 2021 23:04:44 +0000] succes 0: select * from tarea  where nFlag=0 and nId=1
[Fri, 19 Nov 2021 23:04:44 +0000] succes 0: select * from cumplimiento  where nFlag=0 and nidTarea=1
		and nOrden in (7)
		ORDER BY norden ASC LIMIT 0,1
[Fri, 19 Nov 2021 23:04:44 +0000] succes 0: select * from codigos  where nFlag=0 and cCodigo =200  AND cvalor NOT IN (200)
[Fri, 19 Nov 2021 23:04:44 +0000] succes 0: select * from codigos  where nFlag=0 and cCodigo =500  AND cvalor NOT IN (500)
[Fri, 19 Nov 2021 23:04:44 +0000] succes 0: select * from cumplimiento  where nFlag=0 and nidTarea=1
		and nId NOT IN (7) and nOrden >7
		ORDER BY norden ASC LIMIT 0,1
[Fri, 19 Nov 2021 23:04:44 +0000] succes 0: 
		SELECT  i.`nId`, i.`nIdInforme`, i.`nIdCumplimiento`,cod.`cValor` nValorTipo, c.`cNombre` Cumpliento, cod.`cDescripcion` descripcionTipo,i.`cDescripcion` detalle,i.`dCreate` 
		FROM `inf_cumplimiento_des` i
		JOIN `cumplimiento` c ON c.`nId`= i.`nIdCumplimiento`
		JOIN `codigos` cod ON cod.`cCodigo`=c.`nTipo` AND cod.`cValor`=i.`nValor`
 		WHERE `nIdInforme`=139 AND i.`nIdCumplimiento`=7
		AND i.nFlag = 0
[Fri, 19 Nov 2021 23:04:44 +0000] succes 0: select * from cumplimiento  where nFlag=0 and nidTarea=1
		 and nOrden < 7 
		ORDER BY norden desc LIMIT 0,1
[Fri, 19 Nov 2021 23:05:17 +0000] succes 0: call spt_ins_documento_detalle(
		"139",
		"7",
		"1",
		"0",
		"1.	PERSONAL OPERATIVO, IMPLEMENTADO PARA REALIZAR LABORES.
2.	EVIDENCIAN DE ELEMENTOS PARA DELIMITAR Y SEÑALIZAR.
3.	PERSONAL SE ENCUENTRA COBERTURADO EN PÓLIZA SCTR Y DE SEGURO VIDA LEY.
4.	UNIDAD MÓVIL IMPLEMENTADA
5.	PERSONAL EVIDENCIA REGISTRO DE CHARLA DE CINCO MINUTOS, ORDEN DE TRABAJO, PETS, ACTIVIDADES QUE EJECUTAN, TIENEN DIFUSIÓN.
6.	CONTRATISTA NO HA DOTADO DE ALCOHOL AL PERSONAL OPERATIVO.
7.	PRESENCIA DE SUPERVISIÓN POR PARTE DE CONTRATISTA.")
[Fri, 19 Nov 2021 23:05:17 +0000] succes 0: 
		SELECT  i.`nId`, i.`nIdInforme`, i.`nIdCumplimiento`,cod.`cValor` nValorTipo, c.`cNombre` Cumpliento, cod.`cDescripcion` descripcionTipo,i.`cDescripcion` detalle,i.`dCreate` 
		FROM `inf_cumplimiento_des` i
		JOIN `cumplimiento` c ON c.`nId`= i.`nIdCumplimiento`
		JOIN `codigos` cod ON cod.`cCodigo`=c.`nTipo` AND cod.`cValor`=i.`nValor`
 		WHERE `nIdInforme`=139 AND i.`nIdCumplimiento`=7
		AND i.nFlag = 0
[Fri, 19 Nov 2021 23:05:54 +0000] succes 0: call spt_ins_documento_detalle(
		"139",
		"7",
		"2",
		"1",
		"1.	DOTAR DE EPP A PERSONAL OPERATIVO SEGÚN LA ACTIVIDAD A EJECUTAR Y NIVEL DE RIESGO EXPUESTO.
2.	CAPACITAR A PERSONAL EN DESARROLLO DE IPERC Y/O AST, EL CUAL PERMITA AL TRABAJADOR, IDENTIFICAR EL
RIESGO AL CUAL ESTÁ EXPUESTO.
4.- DOCUMENTOS DE SEGURIDAD DEBEN SER FIRMADOS POR  EL SUPERVISOR DE SEGURIDAD.
5. SUPERVISAR CONSTANTEMENTE LAS ACTIVIDADES QUE SE EJECUTA EN CAMPO, POR PARTE DE INGENIEROS DE CONTRATISTA.                                                               6.- DOTAR DE ALCOHOL PARA PREVENIR CONTAGIOS POR COVI-19.")
[Fri, 19 Nov 2021 23:05:54 +0000] succes 0: 
		SELECT  i.`nId`, i.`nIdInforme`, i.`nIdCumplimiento`,cod.`cValor` nValorTipo, c.`cNombre` Cumpliento, cod.`cDescripcion` descripcionTipo,i.`cDescripcion` detalle,i.`dCreate` 
		FROM `inf_cumplimiento_des` i
		JOIN `cumplimiento` c ON c.`nId`= i.`nIdCumplimiento`
		JOIN `codigos` cod ON cod.`cCodigo`=c.`nTipo` AND cod.`cValor`=i.`nValor`
 		WHERE `nIdInforme`=139 AND i.`nIdCumplimiento`=7
		AND i.nFlag = 0
[Fri, 19 Nov 2021 23:06:04 +0000] succes 0: select * from informe  where nFlag=0 and nId=139
[Fri, 19 Nov 2021 23:06:04 +0000] succes 0: select * from tarea  where nFlag=0 and nId=1
[Fri, 19 Nov 2021 23:06:04 +0000] succes 0: select * from cumplimiento  where nFlag=0 and nidTarea=1
		and nOrden in (8)
		ORDER BY norden ASC LIMIT 0,1
[Fri, 19 Nov 2021 23:06:04 +0000] succes 0: select * from codigos  where nFlag=0 and cCodigo =300  AND cvalor NOT IN (300)
[Fri, 19 Nov 2021 23:06:04 +0000] succes 0: select * from codigos  where nFlag=0 and cCodigo =500  AND cvalor NOT IN (500)
[Fri, 19 Nov 2021 23:06:04 +0000] succes 0: select * from cumplimiento  where nFlag=0 and nidTarea=1
		and nId NOT IN (8) and nOrden >8
		ORDER BY norden ASC LIMIT 0,1
[Fri, 19 Nov 2021 23:06:04 +0000] succes 0: 
		SELECT  i.`nId`, i.`nIdInforme`, i.`nIdCumplimiento`,cod.`cValor` nValorTipo, c.`cNombre` Cumpliento, cod.`cDescripcion` descripcionTipo,i.`cDescripcion` detalle,i.`dCreate` 
		FROM `inf_cumplimiento_des` i
		JOIN `cumplimiento` c ON c.`nId`= i.`nIdCumplimiento`
		JOIN `codigos` cod ON cod.`cCodigo`=c.`nTipo` AND cod.`cValor`=i.`nValor`
 		WHERE `nIdInforme`=139 AND i.`nIdCumplimiento`=8
		AND i.nFlag = 0
[Fri, 19 Nov 2021 23:06:04 +0000] succes 0: select * from cumplimiento  where nFlag=0 and nidTarea=1
		 and nOrden < 8 
		ORDER BY norden desc LIMIT 0,1
[Fri, 19 Nov 2021 23:06:18 +0000] succes 0: call spt_ins_documento_detalle(
		"139",
		"8",
		"1",
		"0",
		"1.	SE DIFUNDE PLAN DE CONTINGENCIAS, ADEMÁS DE CHARLA DE PREVENCIÓN EN RIESGOS ELÉCTRICOS.
2.	SE COORDINÓ CON ING. CARLOS SÁNCHEZ (SUPERVISOR DE SEGURIDAD) DE LA CONTRATISTA, DERIVAR INFORME A SUPERVISORES Y SUBSANAR LAS OBSERVACIONES E IMPLEMENTAR RECOMENDACIONES DADAS EN EL PRESENTE INFORME DANDO CUMPLIMIENTO AL RESESATE 2013 Y NORMAS DE SEGURIDAD.
")
[Fri, 19 Nov 2021 23:06:18 +0000] succes 0: 
		SELECT  i.`nId`, i.`nIdInforme`, i.`nIdCumplimiento`,cod.`cValor` nValorTipo, c.`cNombre` Cumpliento, cod.`cDescripcion` descripcionTipo,i.`cDescripcion` detalle,i.`dCreate` 
		FROM `inf_cumplimiento_des` i
		JOIN `cumplimiento` c ON c.`nId`= i.`nIdCumplimiento`
		JOIN `codigos` cod ON cod.`cCodigo`=c.`nTipo` AND cod.`cValor`=i.`nValor`
 		WHERE `nIdInforme`=139 AND i.`nIdCumplimiento`=8
		AND i.nFlag = 0
[Fri, 19 Nov 2021 23:07:45 +0000] succes 499: INSERT INTO inf_cumplimiento_img(`nIdInforme`,`nIdCumplimiento`,cruta,cNombre)
		VALUES(139,8,'uploads/139/8/31.png','31.png')
[Fri, 19 Nov 2021 23:07:45 +0000] succes 0: select * from inf_cumplimiento_img
		where nIdInforme= 139 and nIdCumplimiento= 8
[Fri, 19 Nov 2021 23:07:45 +0000] succes 500: INSERT INTO inf_cumplimiento_img(`nIdInforme`,`nIdCumplimiento`,cruta,cNombre)
		VALUES(139,8,'uploads/139/8/32.png','32.png')
[Fri, 19 Nov 2021 23:07:45 +0000] succes 0: select * from inf_cumplimiento_img
		where nIdInforme= 139 and nIdCumplimiento= 8
[Fri, 19 Nov 2021 23:08:02 +0000] succes 0: select * from informe  where nFlag=0 and nId=139
[Fri, 19 Nov 2021 23:08:02 +0000] succes 0: select * from tarea  where nFlag=0 and nId=1
[Fri, 19 Nov 2021 23:08:02 +0000] succes 0: select * from cumplimiento  where nFlag=0 and nidTarea=1
		and nOrden in (9)
		ORDER BY norden ASC LIMIT 0,1
[Fri, 19 Nov 2021 23:08:02 +0000] succes 0: select * from codigos  where nFlag=0 and cCodigo =400  AND cvalor NOT IN (400)
[Fri, 19 Nov 2021 23:08:02 +0000] succes 0: select * from codigos  where nFlag=0 and cCodigo =500  AND cvalor NOT IN (500)
[Fri, 19 Nov 2021 23:08:02 +0000] succes 0: select * from cumplimiento  where nFlag=0 and nidTarea=1
		and nId NOT IN (9) and nOrden >9
		ORDER BY norden ASC LIMIT 0,1
[Fri, 19 Nov 2021 23:08:02 +0000] succes 0: 
		SELECT  i.`nId`, i.`nIdInforme`, i.`nIdCumplimiento`,cod.`cValor` nValorTipo, c.`cNombre` Cumpliento, cod.`cDescripcion` descripcionTipo,i.`cDescripcion` detalle,i.`dCreate` 
		FROM `inf_cumplimiento_des` i
		JOIN `cumplimiento` c ON c.`nId`= i.`nIdCumplimiento`
		JOIN `codigos` cod ON cod.`cCodigo`=c.`nTipo` AND cod.`cValor`=i.`nValor`
 		WHERE `nIdInforme`=139 AND i.`nIdCumplimiento`=9
		AND i.nFlag = 0
[Fri, 19 Nov 2021 23:08:02 +0000] succes 0: select * from cumplimiento  where nFlag=0 and nidTarea=1
		 and nOrden < 9 
		ORDER BY norden desc LIMIT 0,1
[Fri, 19 Nov 2021 23:08:02 +0000] succes 0: select * from informe  where nFlag=0 and nId=139
[Fri, 19 Nov 2021 23:08:02 +0000] succes 0: select * from tipo_vehiculo  where nFlag=0
[Fri, 19 Nov 2021 23:08:02 +0000] succes 0: SELECT c.nIdTarea, c.`nId`,c.`cCodigo`,c.`cNombre`,c.`nModelo`  FROM `informe` i
		JOIN `cumplimiento` c ON c.`nIdTarea`= i.`nIdTarea`
		WHERE i.NID=139 AND c.nFlag = 0
[Fri, 19 Nov 2021 23:08:02 +0000] succes 0: SELECT CONCAT(p.`cApellidos`, ' ',p.`cNombres`)'Descripcion',ec.`nIdEmpresa`,ect.`nId`, ec.`nId` nIdCargo, ec.`cCargo` FROM  
		`empresa_cargo_trabajador` ect
		JOIN `empresa_cargo` ec ON ec.`nId`=ect.`nIdEmpresa_Cargo`
		JOIN `persona` p ON p.`nId`=ect.`nIdPersona`
		WHERE ec.nIdEmpresa = 16
		
[Fri, 19 Nov 2021 23:08:02 +0000] succes 0: SELECT eno.`nId`, CONCAT("(",eno.`cValor`,")",en.`cDescripcion`," / ", eno.`cObservacion`) cDescripcion,en.nTipo FROM `empresa_normas` en
			JOIN `empresa_normas_observacion` eno ON eno.`nId_empresa_norma`=en.nid
		
[Fri, 19 Nov 2021 23:08:02 +0000] succes 0: SELECT e.`nId`, CONCAT(cPlaca,' / ',cNombre) cDescripcion FROM `empresa_vehiculo` e
		JOIN `tipo_vehiculo` t ON e.`nTipoVehiculo`=t.`nId`
		WHERE e.nIdEmpresa = 16 AND IFNULL(e.nFlag, 0) = 0
[Fri, 19 Nov 2021 23:08:05 +0000] succes 0: SELECT it.`nId`, p.`cNombres`,p.`cApellidos`,ec.`cCargo`, IF(eno.`nId` IS NULL, '', eno.`nId`) nCodigo, IF(eno.`cValor` IS NULL, '', eno.`cValor`) cCodigo FROM `informe` i
		JOIN `inf_trabajadoressupervisados_det` it ON it.`nIdInforme`=i.`nId`
		JOIN `empresa_cargo_trabajador` ect ON ect.`nId`=it.`nId_E_C_T`
		JOIN `empresa_cargo` ec ON ect.`nIdEmpresa_Cargo`=ec.`nId`
		JOIN persona p ON p.`nId`=ect.`nIdPersona`
		LEFT JOIN `empresa_normas` en ON en.`nIdEmpresa`= i.`nIdEmpresa`
		LEFT JOIN `empresa_normas_observacion` eno ON eno.`nId_empresa_norma`=en.`nId` AND eno.`nId`=it.`nId_emp_nor_obs`
		WHERE it.nIdInforme = 139 AND it.nFlag = 0 /*AND eno.nFlag = 0*/
[Fri, 19 Nov 2021 23:20:04 +0000] succes 0: SELECT EC.`nId`, E.`cNombre`,EC.`cCargo` FROM `empresa` E 
		INNER JOIN `empresa_cargo` EC ON E.`nId`=EC.`nIdEmpresa` 
		WHERE E.`nId` = 16 
[Fri, 19 Nov 2021 23:20:23 +0000] succes 0: select * from persona  where cDoi="12345678"
[Fri, 19 Nov 2021 23:20:23 +0000] succes 0: call stp_ins_responsable(
		"12345678",
		"JONATHAN",
		"CHERO VIDAURRE ",
		"16");
[Fri, 19 Nov 2021 23:20:23 +0000] succes 74: insert into empresa_cargo (nIdEmpresa,cCargo) values (16,'TECNICO ELECTRICISTA');
[Fri, 19 Nov 2021 23:20:23 +0000] succes 0: SELECT MAX(EC.`nId`) nId, E.`cNombre`,EC.`cCargo` FROM `empresa` E 
		INNER JOIN `empresa_cargo` EC ON E.`nId`=EC.`nIdEmpresa` 
		WHERE E.`nId` = 16 AND EC.nFlag = 0
[Fri, 19 Nov 2021 23:20:23 +0000] succes 62: INSERT INTO `empresa_cargo_trabajador`(`nIdEmpresa_Cargo`, `nIdPersona`, `nFlag`) VALUES(74, 119, 0)
[Fri, 19 Nov 2021 23:20:25 +0000] succes 0: SELECT CONCAT(p.`cApellidos`, ' ',p.`cNombres`)'Descripcion',ec.`nIdEmpresa`,ect.`nId`, ec.`nId` nIdCargo, ec.`cCargo` FROM  
		`empresa_cargo_trabajador` ect
		JOIN `empresa_cargo` ec ON ec.`nId`=ect.`nIdEmpresa_Cargo`
		JOIN `persona` p ON p.`nId`=ect.`nIdPersona`
		WHERE ec.nIdEmpresa = 16
		
[Fri, 19 Nov 2021 23:20:53 +0000] succes 0: SELECT EC.`nId`, E.`cNombre`,EC.`cCargo` FROM `empresa` E 
		INNER JOIN `empresa_cargo` EC ON E.`nId`=EC.`nIdEmpresa` 
		WHERE E.`nId` = 16 
[Fri, 19 Nov 2021 23:20:58 +0000] succes 0: select * from persona  where cDoi="12345678"
[Fri, 19 Nov 2021 23:20:58 +0000] succes 0: call stp_ins_responsable(
		"12345678",
		"JOSE ",
		"AYALA MONJA ",
		"16");
[Fri, 19 Nov 2021 23:20:58 +0000] succes 63: INSERT INTO `empresa_cargo_trabajador`(`nIdEmpresa_Cargo`, `nIdPersona`, `nFlag`) VALUES(74, 120, 0)
[Fri, 19 Nov 2021 23:20:58 +0000] succes 0: SELECT CONCAT(p.`cApellidos`, ' ',p.`cNombres`)'Descripcion',ec.`nIdEmpresa`,ect.`nId`, ec.`nId` nIdCargo, ec.`cCargo` FROM  
		`empresa_cargo_trabajador` ect
		JOIN `empresa_cargo` ec ON ec.`nId`=ect.`nIdEmpresa_Cargo`
		JOIN `persona` p ON p.`nId`=ect.`nIdPersona`
		WHERE ec.nIdEmpresa = 16
		
[Fri, 19 Nov 2021 23:21:12 +0000] succes 63: INSERT INTO inf_trabajadoressupervisados_det (`nIdInforme`,`nId_E_C_T`,`nId_emp_nor_obs`)
			VALUES(139,62,1)
			
[Fri, 19 Nov 2021 23:21:13 +0000] succes 0: SELECT it.`nId`, p.`cNombres`,p.`cApellidos`,ec.`cCargo`, IF(eno.`nId` IS NULL, '', eno.`nId`) nCodigo, IF(eno.`cValor` IS NULL, '', eno.`cValor`) cCodigo FROM `informe` i
		JOIN `inf_trabajadoressupervisados_det` it ON it.`nIdInforme`=i.`nId`
		JOIN `empresa_cargo_trabajador` ect ON ect.`nId`=it.`nId_E_C_T`
		JOIN `empresa_cargo` ec ON ect.`nIdEmpresa_Cargo`=ec.`nId`
		JOIN persona p ON p.`nId`=ect.`nIdPersona`
		LEFT JOIN `empresa_normas` en ON en.`nIdEmpresa`= i.`nIdEmpresa`
		LEFT JOIN `empresa_normas_observacion` eno ON eno.`nId_empresa_norma`=en.`nId` AND eno.`nId`=it.`nId_emp_nor_obs`
		WHERE it.nIdInforme = 139 AND it.nFlag = 0 /*AND eno.nFlag = 0*/
[Fri, 19 Nov 2021 23:21:18 +0000] succes 64: INSERT INTO inf_trabajadoressupervisados_det (`nIdInforme`,`nId_E_C_T`,`nId_emp_nor_obs`)
			VALUES(139,63,1)
			
[Fri, 19 Nov 2021 23:21:18 +0000] succes 0: SELECT it.`nId`, p.`cNombres`,p.`cApellidos`,ec.`cCargo`, IF(eno.`nId` IS NULL, '', eno.`nId`) nCodigo, IF(eno.`cValor` IS NULL, '', eno.`cValor`) cCodigo FROM `informe` i
		JOIN `inf_trabajadoressupervisados_det` it ON it.`nIdInforme`=i.`nId`
		JOIN `empresa_cargo_trabajador` ect ON ect.`nId`=it.`nId_E_C_T`
		JOIN `empresa_cargo` ec ON ect.`nIdEmpresa_Cargo`=ec.`nId`
		JOIN persona p ON p.`nId`=ect.`nIdPersona`
		LEFT JOIN `empresa_normas` en ON en.`nIdEmpresa`= i.`nIdEmpresa`
		LEFT JOIN `empresa_normas_observacion` eno ON eno.`nId_empresa_norma`=en.`nId` AND eno.`nId`=it.`nId_emp_nor_obs`
		WHERE it.nIdInforme = 139 AND it.nFlag = 0 /*AND eno.nFlag = 0*/
[Fri, 19 Nov 2021 23:22:20 +0000] succes 0: UPDATE `informe` SET crutaActa ='uploads/139/33.png' WHERE nid =139
[Fri, 19 Nov 2021 23:22:20 +0000] succes 0: select * from informe  where nFlag=0 and nId=139
[Fri, 19 Nov 2021 23:23:44 +0000] succes 0: UPDATE `informe` SET cRutaActaReverso ='uploads/139/34.png' WHERE nid =139
[Fri, 19 Nov 2021 23:23:44 +0000] succes 0: select * from informe  where nFlag=0 and nId=139
[Fri, 19 Nov 2021 23:24:38 +0000] succes 0: call spt_sel_obtienedocumento (19)
[Fri, 19 Nov 2021 23:24:50 +0000] succes 0: select * from informe  where nFlag=0 and nId=139
[Fri, 19 Nov 2021 23:24:50 +0000] succes 0: select * from tarea  where nFlag=0 and nId=1
[Fri, 19 Nov 2021 23:24:50 +0000] succes 0: select * from tipo_vehiculo  where nFlag=0
[Fri, 19 Nov 2021 23:24:50 +0000] succes 0: SELECT c.nIdTarea, c.`nId`,c.`cCodigo`,c.`cNombre`,c.`nModelo`  FROM `informe` i
		JOIN `cumplimiento` c ON c.`nIdTarea`= i.`nIdTarea`
		WHERE i.NID=139 AND c.nFlag = 0
[Fri, 19 Nov 2021 23:24:50 +0000] succes 0: SELECT CONCAT(p.`cApellidos`, ' ',p.`cNombres`)'Descripcion',ec.`nIdEmpresa`,ect.`nId`, ec.`nId` nIdCargo, ec.`cCargo` FROM  
		`empresa_cargo_trabajador` ect
		JOIN `empresa_cargo` ec ON ec.`nId`=ect.`nIdEmpresa_Cargo`
		JOIN `persona` p ON p.`nId`=ect.`nIdPersona`
		WHERE ec.nIdEmpresa = 16
		
[Fri, 19 Nov 2021 23:24:50 +0000] succes 0: SELECT eno.`nId`, CONCAT("(",eno.`cValor`,")",en.`cDescripcion`," / ", eno.`cObservacion`) cDescripcion,en.nTipo FROM `empresa_normas` en
			JOIN `empresa_normas_observacion` eno ON eno.`nId_empresa_norma`=en.nid
		
[Fri, 19 Nov 2021 23:24:50 +0000] succes 0: SELECT e.`nId`, CONCAT(cPlaca,' / ',cNombre) cDescripcion FROM `empresa_vehiculo` e
		JOIN `tipo_vehiculo` t ON e.`nTipoVehiculo`=t.`nId`
		WHERE e.nIdEmpresa = 16 AND IFNULL(e.nFlag, 0) = 0
[Fri, 19 Nov 2021 23:24:50 +0000] succes 0: select * from codigos  where nFlag=0 and cCodigo =500  AND cvalor NOT IN (500)
[Fri, 19 Nov 2021 23:25:06 +0000] succes 0: 
		SELECT  i.`nId`, i.`nIdInforme`, i.`nIdCumplimiento`,cod.`cValor` nValorTipo, c.`cNombre` Cumpliento, cod.`cDescripcion` descripcionTipo,i.`cDescripcion` detalle,i.`dCreate` 
		FROM `inf_cumplimiento_des` i
		JOIN `cumplimiento` c ON c.`nId`= i.`nIdCumplimiento`
		JOIN `codigos` cod ON cod.`cCodigo`=c.`nTipo` AND cod.`cValor`=i.`nValor`
 		WHERE `nIdInforme`=139 AND i.`nIdCumplimiento`=9
		AND i.nFlag = 0
[Fri, 19 Nov 2021 23:25:08 +0000] succes 0: select * from informe  where nFlag=0 and nId=139
[Fri, 19 Nov 2021 23:25:08 +0000] succes 0: select * from tarea  where nFlag=0 and nId=1
[Fri, 19 Nov 2021 23:25:08 +0000] succes 0: select * from cumplimiento  where nFlag=0 and nidTarea=1
		and nId in (9)
		ORDER BY norden ASC LIMIT 0,1
[Fri, 19 Nov 2021 23:25:08 +0000] succes 0: select * from codigos  where nFlag=0 and cCodigo =400  AND cvalor NOT IN (400)
[Fri, 19 Nov 2021 23:25:16 +0000] succes 0: call spt_ins_documento_detalle(
		"139",
		"9",
		"1",
		"0",
		"SERVICIO DE TERCERIZACIÓN DE LAS ACTIVIDADES DE REDUCCIÓN Y CONTROL DE PÉRDIDAS EN BAJA TENSIÓN PARA ELECTRONORTE SA.")
[Fri, 19 Nov 2021 23:25:16 +0000] succes 0: 
		SELECT  i.`nId`, i.`nIdInforme`, i.`nIdCumplimiento`,cod.`cValor` nValorTipo, c.`cNombre` Cumpliento, cod.`cDescripcion` descripcionTipo,i.`cDescripcion` detalle,i.`dCreate` 
		FROM `inf_cumplimiento_des` i
		JOIN `cumplimiento` c ON c.`nId`= i.`nIdCumplimiento`
		JOIN `codigos` cod ON cod.`cCodigo`=c.`nTipo` AND cod.`cValor`=i.`nValor`
 		WHERE `nIdInforme`=139 AND i.`nIdCumplimiento`=9
		AND i.nFlag = 0
[Fri, 19 Nov 2021 23:25:24 +0000] succes 0: call spt_ins_documento_detalle(
		"139",
		"9",
		"2",
		"1",
		"CRISTHIAN TESEN HERNANDEZ")
[Fri, 19 Nov 2021 23:25:24 +0000] succes 0: 
		SELECT  i.`nId`, i.`nIdInforme`, i.`nIdCumplimiento`,cod.`cValor` nValorTipo, c.`cNombre` Cumpliento, cod.`cDescripcion` descripcionTipo,i.`cDescripcion` detalle,i.`dCreate` 
		FROM `inf_cumplimiento_des` i
		JOIN `cumplimiento` c ON c.`nId`= i.`nIdCumplimiento`
		JOIN `codigos` cod ON cod.`cCodigo`=c.`nTipo` AND cod.`cValor`=i.`nValor`
 		WHERE `nIdInforme`=139 AND i.`nIdCumplimiento`=9
		AND i.nFlag = 0
[Fri, 19 Nov 2021 23:25:32 +0000] succes 0: call spt_ins_documento_detalle(
		"139",
		"9",
		"3",
		"0",
		"CARLOS SANCHEZ SUAREZ")
[Fri, 19 Nov 2021 23:25:32 +0000] succes 0: 
		SELECT  i.`nId`, i.`nIdInforme`, i.`nIdCumplimiento`,cod.`cValor` nValorTipo, c.`cNombre` Cumpliento, cod.`cDescripcion` descripcionTipo,i.`cDescripcion` detalle,i.`dCreate` 
		FROM `inf_cumplimiento_des` i
		JOIN `cumplimiento` c ON c.`nId`= i.`nIdCumplimiento`
		JOIN `codigos` cod ON cod.`cCodigo`=c.`nTipo` AND cod.`cValor`=i.`nValor`
 		WHERE `nIdInforme`=139 AND i.`nIdCumplimiento`=9
		AND i.nFlag = 0
[Fri, 19 Nov 2021 23:25:41 +0000] succes 0: call spt_ins_documento_detalle(
		"139",
		"9",
		"4",
		"0",
		"ING. JOSE MECHAN CAPUÑAY")
[Fri, 19 Nov 2021 23:25:41 +0000] succes 0: 
		SELECT  i.`nId`, i.`nIdInforme`, i.`nIdCumplimiento`,cod.`cValor` nValorTipo, c.`cNombre` Cumpliento, cod.`cDescripcion` descripcionTipo,i.`cDescripcion` detalle,i.`dCreate` 
		FROM `inf_cumplimiento_des` i
		JOIN `cumplimiento` c ON c.`nId`= i.`nIdCumplimiento`
		JOIN `codigos` cod ON cod.`cCodigo`=c.`nTipo` AND cod.`cValor`=i.`nValor`
 		WHERE `nIdInforme`=139 AND i.`nIdCumplimiento`=9
		AND i.nFlag = 0
[Fri, 19 Nov 2021 23:26:09 +0000] succes 0: call spt_sel_obtienedocumento (19)
[Fri, 19 Nov 2021 23:26:14 +0000] succes 0: select * from informe  where nFlag=0 and nId=139
[Fri, 19 Nov 2021 23:26:14 +0000] succes 0: select * from tarea  where nFlag=0 and nId=1
[Fri, 19 Nov 2021 23:26:14 +0000] succes 0: select * from tipo_vehiculo  where nFlag=0
[Fri, 19 Nov 2021 23:26:14 +0000] succes 0: SELECT c.nIdTarea, c.`nId`,c.`cCodigo`,c.`cNombre`,c.`nModelo`  FROM `informe` i
		JOIN `cumplimiento` c ON c.`nIdTarea`= i.`nIdTarea`
		WHERE i.NID=139 AND c.nFlag = 0
[Fri, 19 Nov 2021 23:26:14 +0000] succes 0: SELECT CONCAT(p.`cApellidos`, ' ',p.`cNombres`)'Descripcion',ec.`nIdEmpresa`,ect.`nId`, ec.`nId` nIdCargo, ec.`cCargo` FROM  
		`empresa_cargo_trabajador` ect
		JOIN `empresa_cargo` ec ON ec.`nId`=ect.`nIdEmpresa_Cargo`
		JOIN `persona` p ON p.`nId`=ect.`nIdPersona`
		WHERE ec.nIdEmpresa = 16
		
[Fri, 19 Nov 2021 23:26:14 +0000] succes 0: SELECT eno.`nId`, CONCAT("(",eno.`cValor`,")",en.`cDescripcion`," / ", eno.`cObservacion`) cDescripcion,en.nTipo FROM `empresa_normas` en
			JOIN `empresa_normas_observacion` eno ON eno.`nId_empresa_norma`=en.nid
		
[Fri, 19 Nov 2021 23:26:14 +0000] succes 0: SELECT e.`nId`, CONCAT(cPlaca,' / ',cNombre) cDescripcion FROM `empresa_vehiculo` e
		JOIN `tipo_vehiculo` t ON e.`nTipoVehiculo`=t.`nId`
		WHERE e.nIdEmpresa = 16 AND IFNULL(e.nFlag, 0) = 0
[Fri, 19 Nov 2021 23:26:14 +0000] succes 0: select * from codigos  where nFlag=0 and cCodigo =500  AND cvalor NOT IN (500)
[Fri, 19 Nov 2021 23:26:16 +0000] succes 0: call spt_sel_obtienedocumento (19)
[Fri, 19 Nov 2021 23:26:37 +0000] succes 0: select * from informe  where nFlag=0 and nId=139
[Fri, 19 Nov 2021 23:26:37 +0000] succes 0: select * from programa  where nFlag=0 and nId=1
[Fri, 19 Nov 2021 23:26:37 +0000] succes 0: SELECT * FROM empresa WHERE nId= 16 and nFlag = 0
[Fri, 19 Nov 2021 23:26:37 +0000] succes 0: SELECT c.nIdTarea, c.`nId`,c.`cCodigo`,c.`cNombre`,c.`nModelo`  FROM `informe` i
		JOIN `cumplimiento` c ON c.`nIdTarea`= i.`nIdTarea`
		WHERE i.NID=139 AND c.nFlag = 0
[Fri, 19 Nov 2021 23:26:37 +0000] succes 0: call stp_sel_resumen_informe(139)
[Fri, 19 Nov 2021 23:26:37 +0000] succes 0: select * from codigos  where nFlag=0 and cCodigo =400  AND cvalor NOT IN (400)
[Fri, 19 Nov 2021 23:26:37 +0000] succes 0: 
		SELECT  i.`nId`, i.`nIdInforme`, i.`nIdCumplimiento`,cod.`cValor` nValorTipo, c.`cNombre` Cumpliento, cod.`cDescripcion` descripcionTipo,i.`cDescripcion` detalle,i.`dCreate` 
		FROM `inf_cumplimiento_des` i
		JOIN `cumplimiento` c ON c.`nId`= i.`nIdCumplimiento`
		JOIN `codigos` cod ON cod.`cCodigo`=c.`nTipo` AND cod.`cValor`=i.`nValor`
 		WHERE `nIdInforme`=139 AND i.`nIdCumplimiento`=9
		AND i.nFlag = 0
[Fri, 19 Nov 2021 23:26:37 +0000] succes 0: select * from uunn WHERE `nId` = 4 AND nFlag=0
[Fri, 19 Nov 2021 23:26:37 +0000] succes 0: select * from supervision where nId = 4 AND nFlag=0
[Fri, 19 Nov 2021 23:26:37 +0000] succes 0: SELECT p.nId,p.cDoi,p.cNombres,p.cApellidos,p.cUsuario FROM `responsable`res 
		JOIN persona p on p.nId=res.nIdPersona where res.nId = '97'
[Fri, 19 Nov 2021 23:26:37 +0000] succes 0: SELECT it.`nId`, p.`cNombres`,p.`cApellidos`,ec.`cCargo`, IF(eno.`nId` IS NULL, '', eno.`nId`) nCodigo, IF(eno.`cValor` IS NULL, '', eno.`cValor`) cCodigo FROM `informe` i
		JOIN `inf_trabajadoressupervisados_det` it ON it.`nIdInforme`=i.`nId`
		JOIN `empresa_cargo_trabajador` ect ON ect.`nId`=it.`nId_E_C_T`
		JOIN `empresa_cargo` ec ON ect.`nIdEmpresa_Cargo`=ec.`nId`
		JOIN persona p ON p.`nId`=ect.`nIdPersona`
		LEFT JOIN `empresa_normas` en ON en.`nIdEmpresa`= i.`nIdEmpresa`
		LEFT JOIN `empresa_normas_observacion` eno ON eno.`nId_empresa_norma`=en.`nId` AND eno.`nId`=it.`nId_emp_nor_obs`
		WHERE it.nIdInforme = 139 AND it.nFlag = 0 /*AND eno.nFlag = 0*/
[Fri, 19 Nov 2021 23:26:37 +0000] succes 0: SELECT iv.`nId`, T.`cNombre`,tv.`cPlaca`, ENO.`cValor` FROM `informe` i
		JOIN `inf_vehiculo_det` iv ON i.`nId`=iv.`nIdInforme`
		JOIN `empresa_normas_observacion` ENO ON ENO.`nId`=iv.`nId_Emp_nor_obs`
		JOIN `empresa_vehiculo` tv ON tv.`nIdEmpresa`=  i.nIdEmpresa AND iv.nIdEmp_Veh = tv.nId
		JOIN `tipo_vehiculo` T ON T.`nId` =tv.`nTipoVehiculo`
		WHERE iv.nIdInforme = 139 AND iv.nFlag = 0 AND IFNULL(tv.nFlag, 0) = 0
[Fri, 19 Nov 2021 23:26:37 +0000] succes 0: 
		SELECT  i.`nId`, i.`nIdInforme`, i.`nIdCumplimiento`,cod.`cValor` nValorTipo, c.`cNombre` Cumpliento, cod.`cDescripcion` descripcionTipo,i.`cDescripcion` detalle,i.`dCreate` 
		FROM `inf_cumplimiento_des` i
		JOIN `cumplimiento` c ON c.`nId`= i.`nIdCumplimiento`
		JOIN `codigos` cod ON cod.`cCodigo`=c.`nTipo` AND cod.`cValor`=i.`nValor`
 		WHERE `nIdInforme`=139 AND i.`nIdCumplimiento`=1
		AND i.nFlag = 0
[Fri, 19 Nov 2021 23:26:37 +0000] succes 0: select * from inf_cumplimiento_img
		where nIdInforme= 139 and nIdCumplimiento= 1
[Fri, 19 Nov 2021 23:26:37 +0000] succes 0: 
		SELECT  i.`nId`, i.`nIdInforme`, i.`nIdCumplimiento`,cod.`cValor` nValorTipo, c.`cNombre` Cumpliento, cod.`cDescripcion` descripcionTipo,i.`cDescripcion` detalle,i.`dCreate` 
		FROM `inf_cumplimiento_des` i
		JOIN `cumplimiento` c ON c.`nId`= i.`nIdCumplimiento`
		JOIN `codigos` cod ON cod.`cCodigo`=c.`nTipo` AND cod.`cValor`=i.`nValor`
 		WHERE `nIdInforme`=139 AND i.`nIdCumplimiento`=2
		AND i.nFlag = 0
[Fri, 19 Nov 2021 23:26:37 +0000] succes 0: select * from inf_cumplimiento_img
		where nIdInforme= 139 and nIdCumplimiento= 2
[Fri, 19 Nov 2021 23:26:37 +0000] succes 0: 
		SELECT  i.`nId`, i.`nIdInforme`, i.`nIdCumplimiento`,cod.`cValor` nValorTipo, c.`cNombre` Cumpliento, cod.`cDescripcion` descripcionTipo,i.`cDescripcion` detalle,i.`dCreate` 
		FROM `inf_cumplimiento_des` i
		JOIN `cumplimiento` c ON c.`nId`= i.`nIdCumplimiento`
		JOIN `codigos` cod ON cod.`cCodigo`=c.`nTipo` AND cod.`cValor`=i.`nValor`
 		WHERE `nIdInforme`=139 AND i.`nIdCumplimiento`=3
		AND i.nFlag = 0
[Fri, 19 Nov 2021 23:26:37 +0000] succes 0: select * from inf_cumplimiento_img
		where nIdInforme= 139 and nIdCumplimiento= 3
[Fri, 19 Nov 2021 23:26:37 +0000] succes 0: 
		SELECT  i.`nId`, i.`nIdInforme`, i.`nIdCumplimiento`,cod.`cValor` nValorTipo, c.`cNombre` Cumpliento, cod.`cDescripcion` descripcionTipo,i.`cDescripcion` detalle,i.`dCreate` 
		FROM `inf_cumplimiento_des` i
		JOIN `cumplimiento` c ON c.`nId`= i.`nIdCumplimiento`
		JOIN `codigos` cod ON cod.`cCodigo`=c.`nTipo` AND cod.`cValor`=i.`nValor`
 		WHERE `nIdInforme`=139 AND i.`nIdCumplimiento`=4
		AND i.nFlag = 0
[Fri, 19 Nov 2021 23:26:37 +0000] succes 0: select * from inf_cumplimiento_img
		where nIdInforme= 139 and nIdCumplimiento= 4
[Fri, 19 Nov 2021 23:26:37 +0000] succes 0: 
		SELECT  i.`nId`, i.`nIdInforme`, i.`nIdCumplimiento`,cod.`cValor` nValorTipo, c.`cNombre` Cumpliento, cod.`cDescripcion` descripcionTipo,i.`cDescripcion` detalle,i.`dCreate` 
		FROM `inf_cumplimiento_des` i
		JOIN `cumplimiento` c ON c.`nId`= i.`nIdCumplimiento`
		JOIN `codigos` cod ON cod.`cCodigo`=c.`nTipo` AND cod.`cValor`=i.`nValor`
 		WHERE `nIdInforme`=139 AND i.`nIdCumplimiento`=5
		AND i.nFlag = 0
[Fri, 19 Nov 2021 23:26:37 +0000] succes 0: select * from inf_cumplimiento_img
		where nIdInforme= 139 and nIdCumplimiento= 5
[Fri, 19 Nov 2021 23:26:37 +0000] succes 0: 
		SELECT  i.`nId`, i.`nIdInforme`, i.`nIdCumplimiento`,cod.`cValor` nValorTipo, c.`cNombre` Cumpliento, cod.`cDescripcion` descripcionTipo,i.`cDescripcion` detalle,i.`dCreate` 
		FROM `inf_cumplimiento_des` i
		JOIN `cumplimiento` c ON c.`nId`= i.`nIdCumplimiento`
		JOIN `codigos` cod ON cod.`cCodigo`=c.`nTipo` AND cod.`cValor`=i.`nValor`
 		WHERE `nIdInforme`=139 AND i.`nIdCumplimiento`=6
		AND i.nFlag = 0
[Fri, 19 Nov 2021 23:26:37 +0000] succes 0: select * from inf_cumplimiento_img
		where nIdInforme= 139 and nIdCumplimiento= 6
[Fri, 19 Nov 2021 23:26:37 +0000] succes 0: 
		SELECT  i.`nId`, i.`nIdInforme`, i.`nIdCumplimiento`,cod.`cValor` nValorTipo, c.`cNombre` Cumpliento, cod.`cDescripcion` descripcionTipo,i.`cDescripcion` detalle,i.`dCreate` 
		FROM `inf_cumplimiento_des` i
		JOIN `cumplimiento` c ON c.`nId`= i.`nIdCumplimiento`
		JOIN `codigos` cod ON cod.`cCodigo`=c.`nTipo` AND cod.`cValor`=i.`nValor`
 		WHERE `nIdInforme`=139 AND i.`nIdCumplimiento`=7
		AND i.nFlag = 0
[Fri, 19 Nov 2021 23:26:37 +0000] succes 0: 
		SELECT  i.`nId`, i.`nIdInforme`, i.`nIdCumplimiento`,cod.`cValor` nValorTipo, c.`cNombre` Cumpliento, cod.`cDescripcion` descripcionTipo,i.`cDescripcion` detalle,i.`dCreate` 
		FROM `inf_cumplimiento_des` i
		JOIN `cumplimiento` c ON c.`nId`= i.`nIdCumplimiento`
		JOIN `codigos` cod ON cod.`cCodigo`=c.`nTipo` AND cod.`cValor`=i.`nValor`
 		WHERE `nIdInforme`=139 AND i.`nIdCumplimiento`=8
		AND i.nFlag = 0
[Fri, 19 Nov 2021 23:26:37 +0000] succes 0: select * from inf_cumplimiento_img
		where nIdInforme= 139 and nIdCumplimiento= 8
[Fri, 19 Nov 2021 23:26:38 +0000] succes 0: CALL stp_sel_resumen_informe2 (139);
[Fri, 19 Nov 2021 23:35:16 +0000] succes 0: call spt_sel_obtienedocumento (19)
[Fri, 19 Nov 2021 23:58:04 +0000] succes 0: select * from persona  where cDoi="44335153"
[Fri, 19 Nov 2021 23:58:08 +0000] succes 0: call spt_sel_all_User('20')
[Fri, 19 Nov 2021 23:58:21 +0000] succes 0: select * from persona  where cDoi="44174808"
[Fri, 19 Nov 2021 23:58:25 +0000] succes 0: call spt_sel_all_User('18')
[Fri, 19 Nov 2021 23:58:28 +0000] succes 0: select * from empresa  where nTipo=1
[Fri, 19 Nov 2021 23:58:28 +0000] succes 0: select * from empresa  where nTipo=0
[Fri, 19 Nov 2021 23:58:28 +0000] succes 0: select * from tipo_documento  where nFlag=0
[Fri, 19 Nov 2021 23:58:28 +0000] succes 0: select * from tarea  where nFlag=0
[Fri, 19 Nov 2021 23:58:28 +0000] succes 0: select * from uunn  where nFlag=0
[Fri, 19 Nov 2021 23:58:28 +0000] succes 0: select * from programa  where nFlag=0
[Fri, 19 Nov 2021 23:58:28 +0000] succes 0: select * from supervision  where nFlag=0
[Fri, 19 Nov 2021 23:58:29 +0000] succes 0: SELECT EC.`nId`, E.`cNombre`,EC.`cCargo` FROM `empresa` E 
		INNER JOIN `empresa_cargo` EC ON E.`nId`=EC.`nIdEmpresa` 
		WHERE E.`nId` = 0 
[Fri, 19 Nov 2021 23:58:29 +0000] succes 0: SELECT r.`nId`,p.`cNombres`,p.`cApellidos` FROM responsable r
	JOIN persona p ON p.`nId` = r.`nIdPersona`
	JOIN empresa e ON e.`nId`=r.`nIdEmpresa` 
	WHERE e.nId = 0
	/*WHERE e.`nTipo`=1*/
[Fri, 19 Nov 2021 23:58:34 +0000] succes 0: select * from programa  where nFlag=0 and nId=1
[Fri, 19 Nov 2021 23:58:45 +0000] succes 0: SELECT r.`nId`,p.`cNombres`,p.`cApellidos` FROM responsable r
	JOIN persona p ON p.`nId` = r.`nIdPersona`
	JOIN empresa e ON e.`nId`=r.`nIdEmpresa` 
	WHERE e.nId = 8
	/*WHERE e.`nTipo`=1*/
[Fri, 19 Nov 2021 23:58:45 +0000] succes 0: SELECT EC.`nId`, E.`cNombre`,EC.`cCargo` FROM `empresa` E 
		INNER JOIN `empresa_cargo` EC ON E.`nId`=EC.`nIdEmpresa` 
		WHERE E.`nId` = 8 
[Fri, 19 Nov 2021 23:59:41 +0000] succes 0: select * from persona  where cDoi="12345678"
[Fri, 19 Nov 2021 23:59:41 +0000] succes 0: call stp_ins_responsable(
		"12345678",
		"MARCO",
		"ROJAS CANO",
		"8");
[Fri, 19 Nov 2021 23:59:41 +0000] succes 0: SELECT r.`nId`,p.`cNombres`,p.`cApellidos` FROM responsable r
	JOIN persona p ON p.`nId` = r.`nIdPersona`
	JOIN empresa e ON e.`nId`=r.`nIdEmpresa` 
	WHERE e.nId = 8
	/*WHERE e.`nTipo`=1*/
