[Wed, 15 Dec 2021 14:13:48 +0000] succes 0: select * from persona  where cDoi="44174808"
[Wed, 15 Dec 2021 14:13:57 +0000] succes 0: select * from empresa where nFlag = 0
[Wed, 15 Dec 2021 14:13:57 +0000] succes 0: select * from supervision  where nFlag=0
[Wed, 15 Dec 2021 14:13:57 +0000] succes 0: select * from uunn  where nFlag=0
[Wed, 15 Dec 2021 14:14:02 +0000] succes 0: call spt_sel_obtienedocumento (18)
[Wed, 15 Dec 2021 14:14:54 +0000] succes 0: select * from empresa  where nTipo=1
[Wed, 15 Dec 2021 14:14:54 +0000] succes 0: select * from empresa  where nTipo=0
[Wed, 15 Dec 2021 14:14:54 +0000] succes 0: select * from tipo_documento  where nFlag=0
[Wed, 15 Dec 2021 14:14:54 +0000] succes 0: select * from tarea  where nFlag=0
[Wed, 15 Dec 2021 14:14:54 +0000] succes 0: select * from uunn  where nFlag=0
[Wed, 15 Dec 2021 14:14:54 +0000] succes 0: select * from programa  where nFlag=0
[Wed, 15 Dec 2021 14:14:54 +0000] succes 0: select * from supervision  where nFlag=0
[Wed, 15 Dec 2021 14:14:54 +0000] succes 0: SELECT r.nId,p.`cNombres`,p.`cApellidos` FROM responsable r JOIN persona p ON p.`nId` = r.`nIdPersona` JOIN empresa e ON e.`nId`=r.`nIdEmpresa` WHERE e.nId = 0 /*WHERE e.`nTipo`=1*/
[Wed, 15 Dec 2021 14:14:55 +0000] succes 0: SELECT EC.nId, E.cNombre,EC.cCargo FROM empresa E INNER JOIN empresa_cargo EC ON E.nId=EC.nIdEmpresa WHERE E.nId =0
[Wed, 15 Dec 2021 14:14:58 +0000] succes 0: select * from programa  where nFlag=0 and nId=1
[Wed, 15 Dec 2021 14:15:32 +0000] succes 0: SELECT r.nId,p.`cNombres`,p.`cApellidos` FROM responsable r JOIN persona p ON p.`nId` = r.`nIdPersona` JOIN empresa e ON e.`nId`=r.`nIdEmpresa` WHERE e.nId = 17 /*WHERE e.`nTipo`=1*/
[Wed, 15 Dec 2021 14:15:32 +0000] succes 0: SELECT EC.nId, E.cNombre,EC.cCargo FROM empresa E INNER JOIN empresa_cargo EC ON E.nId=EC.nIdEmpresa WHERE E.nId =17
[Wed, 15 Dec 2021 14:15:51 +0000] succes 0: select * from empresa where nFlag = 0
[Wed, 15 Dec 2021 14:15:51 +0000] succes 0: select * from supervision  where nFlag=0
[Wed, 15 Dec 2021 14:15:51 +0000] succes 0: select * from uunn  where nFlag=0
[Wed, 15 Dec 2021 14:15:59 +0000] succes 0: SELECT * FROM empresa WHERE nId= 17 and nFlag = 0
[Wed, 15 Dec 2021 14:20:05 +0000] succes 0: call spt_sel_obtienedocumento (18)
[Wed, 15 Dec 2021 14:20:10 +0000] succes 0: select * from informe  where nFlag=0 and nId=141
[Wed, 15 Dec 2021 14:20:10 +0000] succes 0: select * from tarea  where nFlag=0 and nId=1
[Wed, 15 Dec 2021 14:20:10 +0000] succes 0: select * from tipo_vehiculo  where nFlag=0
[Wed, 15 Dec 2021 14:20:10 +0000] succes 0: SELECT c.nIdTarea, c.`nId`,c.`cCodigo`,c.`cNombre`,c.`nModelo`  FROM `informe` i
		JOIN `cumplimiento` c ON c.`nIdTarea`= i.`nIdTarea`
		WHERE i.nId=141 AND c.nFlag = 0
[Wed, 15 Dec 2021 14:20:10 +0000] succes 0: SELECT CONCAT(p.`cApellidos`, ' ',p.`cNombres`)'Descripcion',ec.`nIdEmpresa`,ect.`nId`, ec.`nId` nIdCargo, ec.`cCargo` FROM  
		`empresa_cargo_trabajador` ect
		JOIN `empresa_cargo` ec ON ec.`nId`=ect.`nIdEmpresa_Cargo`
		JOIN `persona` p ON p.`nId`=ect.`nIdPersona`
		WHERE ec.nIdEmpresa = 13
		
[Wed, 15 Dec 2021 14:20:10 +0000] succes 0: SELECT eno.`nId`, CONCAT("(",eno.`cValor`,")",en.`cDescripcion`," / ", eno.`cObservacion`) cDescripcion,en.nTipo FROM `empresa_normas` en
			JOIN `empresa_normas_observacion` eno ON eno.`nId_empresa_norma`=en.nid
		
[Wed, 15 Dec 2021 14:20:10 +0000] succes 0: SELECT e.`nId`, CONCAT(cPlaca,' / ',cNombre) cDescripcion FROM `empresa_vehiculo` e
		JOIN `tipo_vehiculo` t ON e.`nTipoVehiculo`=t.`nId`
		WHERE e.nIdEmpresa = 13 AND IFNULL(e.nFlag, 0) = 0
[Wed, 15 Dec 2021 14:20:10 +0000] succes 0: select * from codigos  where nFlag=0 and cCodigo =500  AND cvalor NOT IN (500)
[Wed, 15 Dec 2021 14:20:15 +0000] succes 0: select * from inf_cumplimiento_img
		where nIdInforme= 141 and nIdCumplimiento= 8
[Wed, 15 Dec 2021 14:20:15 +0000] succes 0: 
		SELECT  i.`nId`, i.`nIdInforme`, i.`nIdCumplimiento`,cod.`cValor` nValorTipo, c.`cNombre` Cumpliento, cod.`cDescripcion` descripcionTipo,i.`cDescripcion` detalle,i.`dCreate` 
		FROM `inf_cumplimiento_des` i
		JOIN `cumplimiento` c ON c.`nId`= i.`nIdCumplimiento`
		JOIN `codigos` cod ON cod.`cCodigo`=c.`nTipo` AND cod.`cValor`=i.`nValor`
 		WHERE `nIdInforme`=141 AND i.`nIdCumplimiento`=8
		AND i.nFlag = 0
[Wed, 15 Dec 2021 14:20:23 +0000] succes 0: select * from inf_cumplimiento_img
		where nIdInforme= 141 and nIdCumplimiento= 7
[Wed, 15 Dec 2021 14:20:23 +0000] succes 0: 
		SELECT  i.`nId`, i.`nIdInforme`, i.`nIdCumplimiento`,cod.`cValor` nValorTipo, c.`cNombre` Cumpliento, cod.`cDescripcion` descripcionTipo,i.`cDescripcion` detalle,i.`dCreate` 
		FROM `inf_cumplimiento_des` i
		JOIN `cumplimiento` c ON c.`nId`= i.`nIdCumplimiento`
		JOIN `codigos` cod ON cod.`cCodigo`=c.`nTipo` AND cod.`cValor`=i.`nValor`
 		WHERE `nIdInforme`=141 AND i.`nIdCumplimiento`=7
		AND i.nFlag = 0
[Wed, 15 Dec 2021 14:20:27 +0000] succes 0: select * from inf_cumplimiento_img
		where nIdInforme= 141 and nIdCumplimiento= 9
[Wed, 15 Dec 2021 14:20:27 +0000] succes 0: 
		SELECT  i.`nId`, i.`nIdInforme`, i.`nIdCumplimiento`,cod.`cValor` nValorTipo, c.`cNombre` Cumpliento, cod.`cDescripcion` descripcionTipo,i.`cDescripcion` detalle,i.`dCreate` 
		FROM `inf_cumplimiento_des` i
		JOIN `cumplimiento` c ON c.`nId`= i.`nIdCumplimiento`
		JOIN `codigos` cod ON cod.`cCodigo`=c.`nTipo` AND cod.`cValor`=i.`nValor`
 		WHERE `nIdInforme`=141 AND i.`nIdCumplimiento`=9
		AND i.nFlag = 0
[Wed, 15 Dec 2021 14:20:35 +0000] succes 0: SELECT it.`nId`, p.`cNombres`,p.`cApellidos`,ec.`cCargo`, IF(eno.`nId` IS NULL, '', eno.`nId`) nCodigo, IF(eno.`cValor` IS NULL, '', eno.`cValor`) cCodigo FROM `informe` i
		JOIN `inf_trabajadoressupervisados_det` it ON it.`nIdInforme`=i.`nId`
		JOIN `empresa_cargo_trabajador` ect ON ect.`nId`=it.`nId_E_C_T`
		JOIN `empresa_cargo` ec ON ect.`nIdEmpresa_Cargo`=ec.`nId`
		JOIN persona p ON p.`nId`=ect.`nIdPersona`
		INNER JOIN `empresa_normas` en ON en.`nIdEmpresa`= en.`nIdEmpresa`
		INNER JOIN `empresa_normas_observacion` eno ON eno.`nId_empresa_norma`=en.`nId` AND eno.`nId`=it.`nId_emp_nor_obs`
		WHERE it.nIdInforme = 141 AND it.nFlag = 0 /*AND eno.nFlag = 0*/
[Wed, 15 Dec 2021 14:20:35 +0000] succes 0: SELECT CONCAT(p.`cApellidos`, ' ',p.`cNombres`)'Descripcion',ec.`nIdEmpresa`,ect.`nId`, ec.`nId` nIdCargo, ec.`cCargo` FROM  
		`empresa_cargo_trabajador` ect
		JOIN `empresa_cargo` ec ON ec.`nId`=ect.`nIdEmpresa_Cargo`
		JOIN `persona` p ON p.`nId`=ect.`nIdPersona`
		WHERE ec.nIdEmpresa = 13
		
