[Sun, 28 Nov 2021 01:09:59 +0000] succes 0: select * from persona  where cDoi="71856984"
[Sun, 28 Nov 2021 01:10:05 +0000] succes 0: call spt_sel_all_User('3')
[Sun, 28 Nov 2021 01:10:05 +0000] succes 0: call spt_sel_obtienedocumento (3)
[Sun, 28 Nov 2021 01:10:10 +0000] succes 0: select * from informe  where nFlag=0 and nId=143
[Sun, 28 Nov 2021 01:10:10 +0000] succes 0: select * from tarea  where nFlag=0 and nId=1
[Sun, 28 Nov 2021 01:10:10 +0000] succes 0: select * from tipo_vehiculo  where nFlag=0
[Sun, 28 Nov 2021 01:10:10 +0000] succes 0: SELECT c.nIdTarea, c.`nId`,c.`cCodigo`,c.`cNombre`,c.`nModelo`  FROM `informe` i
		JOIN `cumplimiento` c ON c.`nIdTarea`= i.`nIdTarea`
		WHERE i.NID=143 AND c.nFlag = 0
[Sun, 28 Nov 2021 01:10:10 +0000] succes 0: SELECT CONCAT(p.`cApellidos`, ' ',p.`cNombres`)'Descripcion',ec.`nIdEmpresa`,ect.`nId`, ec.`nId` nIdCargo, ec.`cCargo` FROM  
		`empresa_cargo_trabajador` ect
		JOIN `empresa_cargo` ec ON ec.`nId`=ect.`nIdEmpresa_Cargo`
		JOIN `persona` p ON p.`nId`=ect.`nIdPersona`
		WHERE ec.nIdEmpresa = 17
		
[Sun, 28 Nov 2021 01:10:10 +0000] succes 0: SELECT eno.`nId`, CONCAT("(",eno.`cValor`,")",en.`cDescripcion`," / ", eno.`cObservacion`) cDescripcion,en.nTipo FROM `empresa_normas` en
			JOIN `empresa_normas_observacion` eno ON eno.`nId_empresa_norma`=en.nid
		
[Sun, 28 Nov 2021 01:10:10 +0000] succes 0: SELECT e.`nId`, CONCAT(cPlaca,' / ',cNombre) cDescripcion FROM `empresa_vehiculo` e
		JOIN `tipo_vehiculo` t ON e.`nTipoVehiculo`=t.`nId`
		WHERE e.nIdEmpresa = 17 AND IFNULL(e.nFlag, 0) = 0
[Sun, 28 Nov 2021 01:10:10 +0000] succes 0: select * from codigos  where nFlag=0 and cCodigo =500  AND cvalor NOT IN (500)
[Sun, 28 Nov 2021 01:10:12 +0000] succes 0: 
		SELECT  i.`nId`, i.`nIdInforme`, i.`nIdCumplimiento`,cod.`cValor` nValorTipo, c.`cNombre` Cumpliento, cod.`cDescripcion` descripcionTipo,i.`cDescripcion` detalle,i.`dCreate` 
		FROM `inf_cumplimiento_des` i
		JOIN `cumplimiento` c ON c.`nId`= i.`nIdCumplimiento`
		JOIN `codigos` cod ON cod.`cCodigo`=c.`nTipo` AND cod.`cValor`=i.`nValor`
 		WHERE `nIdInforme`=143 AND i.`nIdCumplimiento`=1
		AND i.nFlag = 0
[Sun, 28 Nov 2021 01:10:12 +0000] succes 0: select * from inf_cumplimiento_img
		where nIdInforme= 143 and nIdCumplimiento= 1
[Sun, 28 Nov 2021 01:10:43 +0000] succes 0: DELETE FROM inf_cumplimiento_img
		where nIdInforme= 143 and nId= 574
[Sun, 28 Nov 2021 01:11:01 +0000] succes 0: select * from inf_cumplimiento_img
		where nIdInforme= 143 and nIdCumplimiento= 1
[Sun, 28 Nov 2021 01:11:26 +0000] succes 605: INSERT INTO inf_cumplimiento_img(`nIdInforme`,`nIdCumplimiento`,cruta,cNombre)
		VALUES(143,1,'uploads/143/1/2.png','2.png')
[Sun, 28 Nov 2021 01:11:26 +0000] succes 0: select * from inf_cumplimiento_img
		where nIdInforme= 143 and nIdCumplimiento= 1
