[Thu, 16 Dec 2021 07:23:34 +0000] succes 0: select * from persona  where cDoi="40980455"
[Thu, 16 Dec 2021 07:23:38 +0000] succes 0: call spt_sel_all_User('17')
[Thu, 16 Dec 2021 07:23:39 +0000] succes 0: call spt_sel_obtienedocumento (17)
[Thu, 16 Dec 2021 07:24:06 +0000] succes 0: select * from persona  where cDoi="71856984"
[Thu, 16 Dec 2021 07:24:12 +0000] succes 0: call spt_sel_all_User('3')
[Thu, 16 Dec 2021 07:24:13 +0000] succes 0: call spt_sel_obtienedocumento (3)
[Thu, 16 Dec 2021 07:24:18 +0000] succes 0: call spt_sel_obtienedocumento (3)
[Thu, 16 Dec 2021 07:24:36 +0000] succes 0: select * from informe  where nFlag=0 and nId=127
[Thu, 16 Dec 2021 07:24:36 +0000] succes 0: select * from tarea  where nFlag=0 and nId=2
[Thu, 16 Dec 2021 07:24:36 +0000] succes 0: select * from tipo_vehiculo  where nFlag=0
[Thu, 16 Dec 2021 07:24:36 +0000] succes 0: SELECT c.nIdTarea, c.`nId`,c.`cCodigo`,c.`cNombre`,c.`nModelo`  FROM `informe` i
		JOIN `cumplimiento` c ON c.`nIdTarea`= i.`nIdTarea`
		WHERE i.nId=127 AND c.nFlag = 0
[Thu, 16 Dec 2021 07:24:36 +0000] succes 0: SELECT CONCAT(p.`cApellidos`, ' ',p.`cNombres`)'Descripcion',ec.`nIdEmpresa`,ect.`nId`, ec.`nId` nIdCargo, ec.`cCargo` FROM  
		`empresa_cargo_trabajador` ect
		JOIN `empresa_cargo` ec ON ec.`nId`=ect.`nIdEmpresa_Cargo`
		JOIN `persona` p ON p.`nId`=ect.`nIdPersona`
		WHERE ec.nIdEmpresa = 14
		
[Thu, 16 Dec 2021 07:24:36 +0000] succes 0: SELECT eno.`nId`, CONCAT("(",eno.`cValor`,")",en.`cDescripcion`," / ", eno.`cObservacion`) cDescripcion,en.nTipo FROM `empresa_normas` en
			JOIN `empresa_normas_observacion` eno ON eno.`nId_empresa_norma`=en.nid and eno.`nId`=117
			UNION ALL
			SELECT eno.`nId`, CONCAT("(",eno.`cValor`,")",en.`cDescripcion`," / ", eno.`cObservacion`) cDescripcion,en.nTipo FROM `empresa_normas` en
			JOIN `empresa_normas_observacion` eno ON eno.`nId_empresa_norma`=en.nid and eno.`nId`=118
			UNION ALL
			SELECT eno.`nId`, CONCAT("(",eno.`cValor`,")",en.`cDescripcion`," / ", eno.`cObservacion`) cDescripcion,en.nTipo FROM `empresa_normas` en
			JOIN `empresa_normas_observacion` eno ON eno.`nId_empresa_norma`=en.nid
		
[Thu, 16 Dec 2021 07:24:36 +0000] succes 0: SELECT e.`nId`, CONCAT(cPlaca,' / ',cNombre) cDescripcion FROM `empresa_vehiculo` e
		JOIN `tipo_vehiculo` t ON e.`nTipoVehiculo`=t.`nId`
		WHERE e.nIdEmpresa = 14 AND IFNULL(e.nFlag, 0) = 0
[Thu, 16 Dec 2021 07:24:36 +0000] succes 0: select * from codigos  where nFlag=0 and cCodigo =500  AND cvalor NOT IN (500)
[Thu, 16 Dec 2021 07:24:42 +0000] succes 0: 
		SELECT  i.`nId`, i.`nIdInforme`, i.`nIdCumplimiento`,cod.`cValor` nValorTipo, c.`cNombre` Cumpliento, cod.`cDescripcion` descripcionTipo,i.`cDescripcion` detalle,i.`dCreate` 
		FROM `inf_cumplimiento_des` i
		JOIN `cumplimiento` c ON c.`nId`= i.`nIdCumplimiento`
		JOIN `codigos` cod ON cod.`cCodigo`=c.`nTipo` AND cod.`cValor`=i.`nValor`
 		WHERE `nIdInforme`=127 AND i.`nIdCumplimiento`=19
		AND i.nFlag = 0
[Thu, 16 Dec 2021 07:24:46 +0000] succes 0: select * from informe  where nFlag=0 and nId=127
[Thu, 16 Dec 2021 07:24:46 +0000] succes 0: select * from tarea  where nFlag=0 and nId=2
[Thu, 16 Dec 2021 07:24:46 +0000] succes 0: select * from tipo_vehiculo  where nFlag=0
[Thu, 16 Dec 2021 07:24:46 +0000] succes 0: SELECT c.nIdTarea, c.`nId`,c.`cCodigo`,c.`cNombre`,c.`nModelo`  FROM `informe` i
		JOIN `cumplimiento` c ON c.`nIdTarea`= i.`nIdTarea`
		WHERE i.nId=127 AND c.nFlag = 0
[Thu, 16 Dec 2021 07:24:46 +0000] succes 0: SELECT CONCAT(p.`cApellidos`, ' ',p.`cNombres`)'Descripcion',ec.`nIdEmpresa`,ect.`nId`, ec.`nId` nIdCargo, ec.`cCargo` FROM  
		`empresa_cargo_trabajador` ect
		JOIN `empresa_cargo` ec ON ec.`nId`=ect.`nIdEmpresa_Cargo`
		JOIN `persona` p ON p.`nId`=ect.`nIdPersona`
		WHERE ec.nIdEmpresa = 14
		
[Thu, 16 Dec 2021 07:24:46 +0000] succes 0: SELECT eno.`nId`, CONCAT("(",eno.`cValor`,")",en.`cDescripcion`," / ", eno.`cObservacion`) cDescripcion,en.nTipo FROM `empresa_normas` en
			JOIN `empresa_normas_observacion` eno ON eno.`nId_empresa_norma`=en.nid and eno.`nId`=117
			UNION ALL
			SELECT eno.`nId`, CONCAT("(",eno.`cValor`,")",en.`cDescripcion`," / ", eno.`cObservacion`) cDescripcion,en.nTipo FROM `empresa_normas` en
			JOIN `empresa_normas_observacion` eno ON eno.`nId_empresa_norma`=en.nid and eno.`nId`=118
			UNION ALL
			SELECT eno.`nId`, CONCAT("(",eno.`cValor`,")",en.`cDescripcion`," / ", eno.`cObservacion`) cDescripcion,en.nTipo FROM `empresa_normas` en
			JOIN `empresa_normas_observacion` eno ON eno.`nId_empresa_norma`=en.nid
		
[Thu, 16 Dec 2021 07:24:46 +0000] succes 0: SELECT e.`nId`, CONCAT(cPlaca,' / ',cNombre) cDescripcion FROM `empresa_vehiculo` e
		JOIN `tipo_vehiculo` t ON e.`nTipoVehiculo`=t.`nId`
		WHERE e.nIdEmpresa = 14 AND IFNULL(e.nFlag, 0) = 0
[Thu, 16 Dec 2021 07:24:46 +0000] succes 0: select * from codigos  where nFlag=0 and cCodigo =500  AND cvalor NOT IN (500)
[Thu, 16 Dec 2021 07:24:58 +0000] succes 0: 
		SELECT  i.`nId`, i.`nIdInforme`, i.`nIdCumplimiento`,cod.`cValor` nValorTipo, c.`cNombre` Cumpliento, cod.`cDescripcion` descripcionTipo,i.`cDescripcion` detalle,i.`dCreate` 
		FROM `inf_cumplimiento_des` i
		JOIN `cumplimiento` c ON c.`nId`= i.`nIdCumplimiento`
		JOIN `codigos` cod ON cod.`cCodigo`=c.`nTipo` AND cod.`cValor`=i.`nValor`
 		WHERE `nIdInforme`=127 AND i.`nIdCumplimiento`=19
		AND i.nFlag = 0
[Thu, 16 Dec 2021 07:25:00 +0000] succes 0: 
		SELECT  i.`nId`, i.`nIdInforme`, i.`nIdCumplimiento`,cod.`cValor` nValorTipo, c.`cNombre` Cumpliento, cod.`cDescripcion` descripcionTipo,i.`cDescripcion` detalle,i.`dCreate` 
		FROM `inf_cumplimiento_des` i
		JOIN `cumplimiento` c ON c.`nId`= i.`nIdCumplimiento`
		JOIN `codigos` cod ON cod.`cCodigo`=c.`nTipo` AND cod.`cValor`=i.`nValor`
 		WHERE `nIdInforme`=127 AND i.`nIdCumplimiento`=18
		AND i.nFlag = 0
[Thu, 16 Dec 2021 07:25:03 +0000] succes 0: select * from inf_cumplimiento_img
		where nIdInforme= 127 and nIdCumplimiento= 21
[Thu, 16 Dec 2021 07:25:08 +0000] succes 0: 
		SELECT  i.`nId`, i.`nIdInforme`, i.`nIdCumplimiento`,cod.`cValor` nValorTipo, c.`cNombre` Cumpliento, cod.`cDescripcion` descripcionTipo,i.`cDescripcion` detalle,i.`dCreate` 
		FROM `inf_cumplimiento_des` i
		JOIN `cumplimiento` c ON c.`nId`= i.`nIdCumplimiento`
		JOIN `codigos` cod ON cod.`cCodigo`=c.`nTipo` AND cod.`cValor`=i.`nValor`
 		WHERE `nIdInforme`=127 AND i.`nIdCumplimiento`=19
		AND i.nFlag = 0
[Thu, 16 Dec 2021 07:25:12 +0000] succes 0: 
		SELECT  i.`nId`, i.`nIdInforme`, i.`nIdCumplimiento`,cod.`cValor` nValorTipo, c.`cNombre` Cumpliento, cod.`cDescripcion` descripcionTipo,i.`cDescripcion` detalle,i.`dCreate` 
		FROM `inf_cumplimiento_des` i
		JOIN `cumplimiento` c ON c.`nId`= i.`nIdCumplimiento`
		JOIN `codigos` cod ON cod.`cCodigo`=c.`nTipo` AND cod.`cValor`=i.`nValor`
 		WHERE `nIdInforme`=127 AND i.`nIdCumplimiento`=14
		AND i.nFlag = 0
[Thu, 16 Dec 2021 07:25:12 +0000] succes 0: select * from inf_cumplimiento_img
		where nIdInforme= 127 and nIdCumplimiento= 14
[Thu, 16 Dec 2021 07:25:15 +0000] succes 0: 
		SELECT  i.`nId`, i.`nIdInforme`, i.`nIdCumplimiento`,cod.`cValor` nValorTipo, c.`cNombre` Cumpliento, cod.`cDescripcion` descripcionTipo,i.`cDescripcion` detalle,i.`dCreate` 
		FROM `inf_cumplimiento_des` i
		JOIN `cumplimiento` c ON c.`nId`= i.`nIdCumplimiento`
		JOIN `codigos` cod ON cod.`cCodigo`=c.`nTipo` AND cod.`cValor`=i.`nValor`
 		WHERE `nIdInforme`=127 AND i.`nIdCumplimiento`=18
		AND i.nFlag = 0
[Thu, 16 Dec 2021 07:25:18 +0000] succes 0: 
		SELECT  i.`nId`, i.`nIdInforme`, i.`nIdCumplimiento`,cod.`cValor` nValorTipo, c.`cNombre` Cumpliento, cod.`cDescripcion` descripcionTipo,i.`cDescripcion` detalle,i.`dCreate` 
		FROM `inf_cumplimiento_des` i
		JOIN `cumplimiento` c ON c.`nId`= i.`nIdCumplimiento`
		JOIN `codigos` cod ON cod.`cCodigo`=c.`nTipo` AND cod.`cValor`=i.`nValor`
 		WHERE `nIdInforme`=127 AND i.`nIdCumplimiento`=19
		AND i.nFlag = 0
[Thu, 16 Dec 2021 07:25:19 +0000] succes 0: select * from informe  where nFlag=0 and nId=127
[Thu, 16 Dec 2021 07:25:19 +0000] succes 0: select * from tarea  where nFlag=0 and nId=2
[Thu, 16 Dec 2021 07:25:19 +0000] succes 0: select * from tipo_vehiculo  where nFlag=0
[Thu, 16 Dec 2021 07:25:19 +0000] succes 0: SELECT c.nIdTarea, c.`nId`,c.`cCodigo`,c.`cNombre`,c.`nModelo`  FROM `informe` i
		JOIN `cumplimiento` c ON c.`nIdTarea`= i.`nIdTarea`
		WHERE i.nId=127 AND c.nFlag = 0
[Thu, 16 Dec 2021 07:25:19 +0000] succes 0: SELECT CONCAT(p.`cApellidos`, ' ',p.`cNombres`)'Descripcion',ec.`nIdEmpresa`,ect.`nId`, ec.`nId` nIdCargo, ec.`cCargo` FROM  
		`empresa_cargo_trabajador` ect
		JOIN `empresa_cargo` ec ON ec.`nId`=ect.`nIdEmpresa_Cargo`
		JOIN `persona` p ON p.`nId`=ect.`nIdPersona`
		WHERE ec.nIdEmpresa = 14
		
[Thu, 16 Dec 2021 07:25:19 +0000] succes 0: SELECT eno.`nId`, CONCAT("(",eno.`cValor`,")",en.`cDescripcion`," / ", eno.`cObservacion`) cDescripcion,en.nTipo FROM `empresa_normas` en
			JOIN `empresa_normas_observacion` eno ON eno.`nId_empresa_norma`=en.nid and eno.`nId`=117
			UNION ALL
			SELECT eno.`nId`, CONCAT("(",eno.`cValor`,")",en.`cDescripcion`," / ", eno.`cObservacion`) cDescripcion,en.nTipo FROM `empresa_normas` en
			JOIN `empresa_normas_observacion` eno ON eno.`nId_empresa_norma`=en.nid and eno.`nId`=118
			UNION ALL
			SELECT eno.`nId`, CONCAT("(",eno.`cValor`,")",en.`cDescripcion`," / ", eno.`cObservacion`) cDescripcion,en.nTipo FROM `empresa_normas` en
			JOIN `empresa_normas_observacion` eno ON eno.`nId_empresa_norma`=en.nid
		
[Thu, 16 Dec 2021 07:25:19 +0000] succes 0: SELECT e.`nId`, CONCAT(cPlaca,' / ',cNombre) cDescripcion FROM `empresa_vehiculo` e
		JOIN `tipo_vehiculo` t ON e.`nTipoVehiculo`=t.`nId`
		WHERE e.nIdEmpresa = 14 AND IFNULL(e.nFlag, 0) = 0
[Thu, 16 Dec 2021 07:25:19 +0000] succes 0: select * from codigos  where nFlag=0 and cCodigo =500  AND cvalor NOT IN (500)
[Thu, 16 Dec 2021 07:25:34 +0000] succes 0: 
		SELECT  i.`nId`, i.`nIdInforme`, i.`nIdCumplimiento`,cod.`cValor` nValorTipo, c.`cNombre` Cumpliento, cod.`cDescripcion` descripcionTipo,i.`cDescripcion` detalle,i.`dCreate` 
		FROM `inf_cumplimiento_des` i
		JOIN `cumplimiento` c ON c.`nId`= i.`nIdCumplimiento`
		JOIN `codigos` cod ON cod.`cCodigo`=c.`nTipo` AND cod.`cValor`=i.`nValor`
 		WHERE `nIdInforme`=127 AND i.`nIdCumplimiento`=18
		AND i.nFlag = 0
[Thu, 16 Dec 2021 07:25:37 +0000] succes 0: call spt_sel_obtienedocumento (3)
[Thu, 16 Dec 2021 07:25:40 +0000] succes 0: select * from informe  where nFlag=0 and nId=159
[Thu, 16 Dec 2021 07:25:40 +0000] succes 0: select * from tarea  where nFlag=0 and nId=1
[Thu, 16 Dec 2021 07:25:40 +0000] succes 0: select * from tipo_vehiculo  where nFlag=0
[Thu, 16 Dec 2021 07:25:40 +0000] succes 0: SELECT c.nIdTarea, c.`nId`,c.`cCodigo`,c.`cNombre`,c.`nModelo`  FROM `informe` i
		JOIN `cumplimiento` c ON c.`nIdTarea`= i.`nIdTarea`
		WHERE i.nId=159 AND c.nFlag = 0
[Thu, 16 Dec 2021 07:25:40 +0000] succes 0: SELECT CONCAT(p.`cApellidos`, ' ',p.`cNombres`)'Descripcion',ec.`nIdEmpresa`,ect.`nId`, ec.`nId` nIdCargo, ec.`cCargo` FROM  
		`empresa_cargo_trabajador` ect
		JOIN `empresa_cargo` ec ON ec.`nId`=ect.`nIdEmpresa_Cargo`
		JOIN `persona` p ON p.`nId`=ect.`nIdPersona`
		WHERE ec.nIdEmpresa = 8
		
[Thu, 16 Dec 2021 07:25:40 +0000] succes 0: SELECT eno.`nId`, CONCAT("(",eno.`cValor`,")",en.`cDescripcion`," / ", eno.`cObservacion`) cDescripcion,en.nTipo FROM `empresa_normas` en
			JOIN `empresa_normas_observacion` eno ON eno.`nId_empresa_norma`=en.nid and eno.`nId`=117
			UNION ALL
			SELECT eno.`nId`, CONCAT("(",eno.`cValor`,")",en.`cDescripcion`," / ", eno.`cObservacion`) cDescripcion,en.nTipo FROM `empresa_normas` en
			JOIN `empresa_normas_observacion` eno ON eno.`nId_empresa_norma`=en.nid and eno.`nId`=118
			UNION ALL
			SELECT eno.`nId`, CONCAT("(",eno.`cValor`,")",en.`cDescripcion`," / ", eno.`cObservacion`) cDescripcion,en.nTipo FROM `empresa_normas` en
			JOIN `empresa_normas_observacion` eno ON eno.`nId_empresa_norma`=en.nid
		
[Thu, 16 Dec 2021 07:25:40 +0000] succes 0: SELECT e.`nId`, CONCAT(cPlaca,' / ',cNombre) cDescripcion FROM `empresa_vehiculo` e
		JOIN `tipo_vehiculo` t ON e.`nTipoVehiculo`=t.`nId`
		WHERE e.nIdEmpresa = 8 AND IFNULL(e.nFlag, 0) = 0
[Thu, 16 Dec 2021 07:25:40 +0000] succes 0: select * from codigos  where nFlag=0 and cCodigo =500  AND cvalor NOT IN (500)
[Thu, 16 Dec 2021 07:25:42 +0000] succes 0: select * from inf_cumplimiento_img
		where nIdInforme= 159 and nIdCumplimiento= 7
[Thu, 16 Dec 2021 07:25:42 +0000] succes 0: 
		SELECT  i.`nId`, i.`nIdInforme`, i.`nIdCumplimiento`,cod.`cValor` nValorTipo, c.`cNombre` Cumpliento, cod.`cDescripcion` descripcionTipo,i.`cDescripcion` detalle,i.`dCreate` 
		FROM `inf_cumplimiento_des` i
		JOIN `cumplimiento` c ON c.`nId`= i.`nIdCumplimiento`
		JOIN `codigos` cod ON cod.`cCodigo`=c.`nTipo` AND cod.`cValor`=i.`nValor`
 		WHERE `nIdInforme`=159 AND i.`nIdCumplimiento`=7
		AND i.nFlag = 0
[Thu, 16 Dec 2021 07:25:45 +0000] succes 0: select * from inf_cumplimiento_img
		where nIdInforme= 159 and nIdCumplimiento= 8
[Thu, 16 Dec 2021 07:25:45 +0000] succes 0: 
		SELECT  i.`nId`, i.`nIdInforme`, i.`nIdCumplimiento`,cod.`cValor` nValorTipo, c.`cNombre` Cumpliento, cod.`cDescripcion` descripcionTipo,i.`cDescripcion` detalle,i.`dCreate` 
		FROM `inf_cumplimiento_des` i
		JOIN `cumplimiento` c ON c.`nId`= i.`nIdCumplimiento`
		JOIN `codigos` cod ON cod.`cCodigo`=c.`nTipo` AND cod.`cValor`=i.`nValor`
 		WHERE `nIdInforme`=159 AND i.`nIdCumplimiento`=8
		AND i.nFlag = 0
[Thu, 16 Dec 2021 07:25:48 +0000] succes 0: select * from inf_cumplimiento_img
		where nIdInforme= 159 and nIdCumplimiento= 9
[Thu, 16 Dec 2021 07:25:48 +0000] succes 0: 
		SELECT  i.`nId`, i.`nIdInforme`, i.`nIdCumplimiento`,cod.`cValor` nValorTipo, c.`cNombre` Cumpliento, cod.`cDescripcion` descripcionTipo,i.`cDescripcion` detalle,i.`dCreate` 
		FROM `inf_cumplimiento_des` i
		JOIN `cumplimiento` c ON c.`nId`= i.`nIdCumplimiento`
		JOIN `codigos` cod ON cod.`cCodigo`=c.`nTipo` AND cod.`cValor`=i.`nValor`
 		WHERE `nIdInforme`=159 AND i.`nIdCumplimiento`=9
		AND i.nFlag = 0
[Thu, 16 Dec 2021 07:25:50 +0000] succes 0: call spt_sel_obtienedocumento (3)
[Thu, 16 Dec 2021 07:26:00 +0000] succes 0: select * from informe  where nFlag=0 and nId=130
[Thu, 16 Dec 2021 07:26:00 +0000] succes 0: select * from tarea  where nFlag=0 and nId=2
[Thu, 16 Dec 2021 07:26:00 +0000] succes 0: select * from tipo_vehiculo  where nFlag=0
[Thu, 16 Dec 2021 07:26:00 +0000] succes 0: SELECT c.nIdTarea, c.`nId`,c.`cCodigo`,c.`cNombre`,c.`nModelo`  FROM `informe` i
		JOIN `cumplimiento` c ON c.`nIdTarea`= i.`nIdTarea`
		WHERE i.nId=130 AND c.nFlag = 0
[Thu, 16 Dec 2021 07:26:00 +0000] succes 0: SELECT CONCAT(p.`cApellidos`, ' ',p.`cNombres`)'Descripcion',ec.`nIdEmpresa`,ect.`nId`, ec.`nId` nIdCargo, ec.`cCargo` FROM  
		`empresa_cargo_trabajador` ect
		JOIN `empresa_cargo` ec ON ec.`nId`=ect.`nIdEmpresa_Cargo`
		JOIN `persona` p ON p.`nId`=ect.`nIdPersona`
		WHERE ec.nIdEmpresa = 8
		
[Thu, 16 Dec 2021 07:26:00 +0000] succes 0: SELECT eno.`nId`, CONCAT("(",eno.`cValor`,")",en.`cDescripcion`," / ", eno.`cObservacion`) cDescripcion,en.nTipo FROM `empresa_normas` en
			JOIN `empresa_normas_observacion` eno ON eno.`nId_empresa_norma`=en.nid and eno.`nId`=117
			UNION ALL
			SELECT eno.`nId`, CONCAT("(",eno.`cValor`,")",en.`cDescripcion`," / ", eno.`cObservacion`) cDescripcion,en.nTipo FROM `empresa_normas` en
			JOIN `empresa_normas_observacion` eno ON eno.`nId_empresa_norma`=en.nid and eno.`nId`=118
			UNION ALL
			SELECT eno.`nId`, CONCAT("(",eno.`cValor`,")",en.`cDescripcion`," / ", eno.`cObservacion`) cDescripcion,en.nTipo FROM `empresa_normas` en
			JOIN `empresa_normas_observacion` eno ON eno.`nId_empresa_norma`=en.nid
		
[Thu, 16 Dec 2021 07:26:00 +0000] succes 0: SELECT e.`nId`, CONCAT(cPlaca,' / ',cNombre) cDescripcion FROM `empresa_vehiculo` e
		JOIN `tipo_vehiculo` t ON e.`nTipoVehiculo`=t.`nId`
		WHERE e.nIdEmpresa = 8 AND IFNULL(e.nFlag, 0) = 0
[Thu, 16 Dec 2021 07:26:00 +0000] succes 0: select * from codigos  where nFlag=0 and cCodigo =500  AND cvalor NOT IN (500)
[Thu, 16 Dec 2021 07:26:02 +0000] succes 0: 
		SELECT  i.`nId`, i.`nIdInforme`, i.`nIdCumplimiento`,cod.`cValor` nValorTipo, c.`cNombre` Cumpliento, cod.`cDescripcion` descripcionTipo,i.`cDescripcion` detalle,i.`dCreate` 
		FROM `inf_cumplimiento_des` i
		JOIN `cumplimiento` c ON c.`nId`= i.`nIdCumplimiento`
		JOIN `codigos` cod ON cod.`cCodigo`=c.`nTipo` AND cod.`cValor`=i.`nValor`
 		WHERE `nIdInforme`=130 AND i.`nIdCumplimiento`=18
		AND i.nFlag = 0
[Thu, 16 Dec 2021 07:26:04 +0000] succes 0: 
		SELECT  i.`nId`, i.`nIdInforme`, i.`nIdCumplimiento`,cod.`cValor` nValorTipo, c.`cNombre` Cumpliento, cod.`cDescripcion` descripcionTipo,i.`cDescripcion` detalle,i.`dCreate` 
		FROM `inf_cumplimiento_des` i
		JOIN `cumplimiento` c ON c.`nId`= i.`nIdCumplimiento`
		JOIN `codigos` cod ON cod.`cCodigo`=c.`nTipo` AND cod.`cValor`=i.`nValor`
 		WHERE `nIdInforme`=130 AND i.`nIdCumplimiento`=19
		AND i.nFlag = 0
[Thu, 16 Dec 2021 07:26:07 +0000] succes 0: select * from inf_cumplimiento_img
		where nIdInforme= 130 and nIdCumplimiento= 21
