[Mon, 22 Nov 2021 17:19:24 +0000] succes 0: call spt_sel_obtienedocumento (20)
[Mon, 22 Nov 2021 17:36:17 +0000] succes 0: select * from empresa  where nTipo=1
[Mon, 22 Nov 2021 17:36:17 +0000] succes 0: select * from empresa  where nTipo=0
[Mon, 22 Nov 2021 17:36:17 +0000] succes 0: select * from tipo_documento  where nFlag=0
[Mon, 22 Nov 2021 17:36:17 +0000] succes 0: select * from tarea  where nFlag=0
[Mon, 22 Nov 2021 17:36:17 +0000] succes 0: select * from uunn  where nFlag=0
[Mon, 22 Nov 2021 17:36:17 +0000] succes 0: select * from programa  where nFlag=0
[Mon, 22 Nov 2021 17:36:17 +0000] succes 0: select * from supervision  where nFlag=0
[Mon, 22 Nov 2021 17:36:18 +0000] succes 0: SELECT EC.`nId`, E.`cNombre`,EC.`cCargo` FROM `empresa` E 
		INNER JOIN `empresa_cargo` EC ON E.`nId`=EC.`nIdEmpresa` 
		WHERE E.`nId` = 0 
[Mon, 22 Nov 2021 17:36:18 +0000] succes 0: SELECT r.`nId`,p.`cNombres`,p.`cApellidos` FROM responsable r
	JOIN persona p ON p.`nId` = r.`nIdPersona`
	JOIN empresa e ON e.`nId`=r.`nIdEmpresa` 
	WHERE e.nId = 0
	/*WHERE e.`nTipo`=1*/
[Mon, 22 Nov 2021 17:36:29 +0000] succes 0: select * from programa  where nFlag=0 and nId=1
[Mon, 22 Nov 2021 17:36:40 +0000] succes 0: SELECT r.`nId`,p.`cNombres`,p.`cApellidos` FROM responsable r
	JOIN persona p ON p.`nId` = r.`nIdPersona`
	JOIN empresa e ON e.`nId`=r.`nIdEmpresa` 
	WHERE e.nId = 15
	/*WHERE e.`nTipo`=1*/
[Mon, 22 Nov 2021 17:36:40 +0000] succes 0: SELECT EC.`nId`, E.`cNombre`,EC.`cCargo` FROM `empresa` E 
		INNER JOIN `empresa_cargo` EC ON E.`nId`=EC.`nIdEmpresa` 
		WHERE E.`nId` = 15 
[Mon, 22 Nov 2021 17:37:34 +0000] succes 0: select * from persona  where cDoi="12345678"
[Mon, 22 Nov 2021 17:37:34 +0000] succes 0: call stp_ins_responsable(
		"12345678",
		"VICTOR",
		"COLUNCHE",
		"15");
[Mon, 22 Nov 2021 17:37:34 +0000] succes 0: SELECT r.`nId`,p.`cNombres`,p.`cApellidos` FROM responsable r
	JOIN persona p ON p.`nId` = r.`nIdPersona`
	JOIN empresa e ON e.`nId`=r.`nIdEmpresa` 
	WHERE e.nId = 15
	/*WHERE e.`nTipo`=1*/
[Mon, 22 Nov 2021 17:38:18 +0000] succes 0: call spt_ins_documento(
		"20",
		"1",
		"1",
		"1",
		"15",
		"7",
		"72",
		"122",
		"4",
		"OPERACIÓN DE PATIO DE LLAVES",
		"SERVICIO DE MANTENIMIENTO DE DISTRIBUCIÓN DE MEDIA TENSIÓN, SUBESTACIONES, BAJA TENSIÓN, ALUMBRADO PÚBLICO Y ACTIVIDADES TÉCNICO-COMERCIALES, PARA LOS SISTEMAS ELÉCTRICOS CHOTA –BAMBAMARCA-SANTACRUZ- CUTERVO, JAEN SECTOR I, SECTOR II, SECTOR III, DE LA UNIDAD DE NEGOCIOS CAJAMARCA CENTRO PERIODO 2021-2022 DE ELECTRONORTE S.A.   REFERENCIA ITEM II",
		"PATIO DE LLAVES CERRO CORONA - HUALGAYOC",
		"DISTRIBUCION",
		"2021-11-16",
		"2209",
		"ENSA")
[Mon, 22 Nov 2021 17:38:19 +0000] succes 0: select * from informe  where nFlag=0 and nId=144
[Mon, 22 Nov 2021 17:38:19 +0000] succes 0: select * from tarea  where nFlag=0 and nId=1
[Mon, 22 Nov 2021 17:38:19 +0000] succes 0: select * from cumplimiento  where nFlag=0 and nidTarea=1
		ORDER BY norden ASC LIMIT 0,1
[Mon, 22 Nov 2021 17:38:19 +0000] succes 0: select * from codigos  where nFlag=0 and cCodigo =100  AND cvalor NOT IN (100)
[Mon, 22 Nov 2021 17:38:19 +0000] succes 0: select * from codigos  where nFlag=0 and cCodigo =500  AND cvalor NOT IN (500)
[Mon, 22 Nov 2021 17:38:19 +0000] succes 0: select * from cumplimiento  where nFlag=0 and nidTarea=1
		and nId NOT IN (1) and nOrden >0
		ORDER BY norden ASC LIMIT 0,1
[Mon, 22 Nov 2021 17:38:19 +0000] succes 0: 
		SELECT  i.`nId`, i.`nIdInforme`, i.`nIdCumplimiento`,cod.`cValor` nValorTipo, c.`cNombre` Cumpliento, cod.`cDescripcion` descripcionTipo,i.`cDescripcion` detalle,i.`dCreate` 
		FROM `inf_cumplimiento_des` i
		JOIN `cumplimiento` c ON c.`nId`= i.`nIdCumplimiento`
		JOIN `codigos` cod ON cod.`cCodigo`=c.`nTipo` AND cod.`cValor`=i.`nValor`
 		WHERE `nIdInforme`=144 AND i.`nIdCumplimiento`=1
		AND i.nFlag = 0
[Mon, 22 Nov 2021 17:38:19 +0000] succes 0: select * from cumplimiento  where nFlag=0 and nidTarea=1
		 and nOrden < 0 
		ORDER BY norden desc LIMIT 0,1
[Mon, 22 Nov 2021 17:39:23 +0000] succes 0: call spt_ins_documento_detalle(
		"144",
		"1",
		"1",
		"0",
		"SE EVIDENCIA QUE EL PERSONAL TÉCNICO DE LA CONTRATISTA, CUENTA CON FOTOCHECK, CASCO DIELÉCTRICO, ZAPATOS DIELÉCTRICOS, LENTES DE SEGURIDAD, GUANTES DE CUERO Y UNIFORME EN BUEN ESTADO")
[Mon, 22 Nov 2021 17:39:23 +0000] succes 0: 
		SELECT  i.`nId`, i.`nIdInforme`, i.`nIdCumplimiento`,cod.`cValor` nValorTipo, c.`cNombre` Cumpliento, cod.`cDescripcion` descripcionTipo,i.`cDescripcion` detalle,i.`dCreate` 
		FROM `inf_cumplimiento_des` i
		JOIN `cumplimiento` c ON c.`nId`= i.`nIdCumplimiento`
		JOIN `codigos` cod ON cod.`cCodigo`=c.`nTipo` AND cod.`cValor`=i.`nValor`
 		WHERE `nIdInforme`=144 AND i.`nIdCumplimiento`=1
		AND i.nFlag = 0
[Mon, 22 Nov 2021 17:42:27 +0000] succes 0: call spt_ins_documento_detalle(
		"144",
		"1",
		"2",
		"51",
		"SE EVIDENCIA QUE LOS GUANTES DIELÉCTRICOS CLASE 4, PRESENTA RASGADURA FISICA ENTRE LOS DEDOS, SOBRE GUANTES CON AGUJEROS, ARNÉS DE SEGURIDAD EN MAL ESTADO OPERATIVO(DESCASTADO Y PARTES METALICAS CON PRESENCIA DE ÓXIDO)  ")
[Mon, 22 Nov 2021 17:42:27 +0000] succes 0: 
		SELECT  i.`nId`, i.`nIdInforme`, i.`nIdCumplimiento`,cod.`cValor` nValorTipo, c.`cNombre` Cumpliento, cod.`cDescripcion` descripcionTipo,i.`cDescripcion` detalle,i.`dCreate` 
		FROM `inf_cumplimiento_des` i
		JOIN `cumplimiento` c ON c.`nId`= i.`nIdCumplimiento`
		JOIN `codigos` cod ON cod.`cCodigo`=c.`nTipo` AND cod.`cValor`=i.`nValor`
 		WHERE `nIdInforme`=144 AND i.`nIdCumplimiento`=1
		AND i.nFlag = 0
[Mon, 22 Nov 2021 17:48:40 +0000] succes 0: select * from informe  where nFlag=0 and nId=144
[Mon, 22 Nov 2021 17:48:40 +0000] succes 0: select * from tarea  where nFlag=0 and nId=1
[Mon, 22 Nov 2021 17:48:40 +0000] succes 0: select * from cumplimiento  where nFlag=0 and nidTarea=1
		ORDER BY norden ASC LIMIT 0,1
[Mon, 22 Nov 2021 17:48:40 +0000] succes 0: select * from codigos  where nFlag=0 and cCodigo =100  AND cvalor NOT IN (100)
[Mon, 22 Nov 2021 17:48:40 +0000] succes 0: select * from codigos  where nFlag=0 and cCodigo =500  AND cvalor NOT IN (500)
[Mon, 22 Nov 2021 17:48:40 +0000] succes 0: select * from cumplimiento  where nFlag=0 and nidTarea=1
		and nId NOT IN (1) and nOrden >0
		ORDER BY norden ASC LIMIT 0,1
[Mon, 22 Nov 2021 17:48:40 +0000] succes 0: 
		SELECT  i.`nId`, i.`nIdInforme`, i.`nIdCumplimiento`,cod.`cValor` nValorTipo, c.`cNombre` Cumpliento, cod.`cDescripcion` descripcionTipo,i.`cDescripcion` detalle,i.`dCreate` 
		FROM `inf_cumplimiento_des` i
		JOIN `cumplimiento` c ON c.`nId`= i.`nIdCumplimiento`
		JOIN `codigos` cod ON cod.`cCodigo`=c.`nTipo` AND cod.`cValor`=i.`nValor`
 		WHERE `nIdInforme`=144 AND i.`nIdCumplimiento`=1
		AND i.nFlag = 0
[Mon, 22 Nov 2021 17:48:40 +0000] succes 0: select * from cumplimiento  where nFlag=0 and nidTarea=1
		 and nOrden < 0 
		ORDER BY norden desc LIMIT 0,1
[Mon, 22 Nov 2021 17:53:48 +0000] succes 584: INSERT INTO inf_cumplimiento_img(`nIdInforme`,`nIdCumplimiento`,cruta,cNombre)
		VALUES(144,1,'uploads/144/1/1.png','1.png')
[Mon, 22 Nov 2021 17:53:48 +0000] succes 0: select * from inf_cumplimiento_img
		where nIdInforme= 144 and nIdCumplimiento= 1
[Mon, 22 Nov 2021 17:53:48 +0000] succes 585: INSERT INTO inf_cumplimiento_img(`nIdInforme`,`nIdCumplimiento`,cruta,cNombre)
		VALUES(144,1,'uploads/144/1/2.png','2.png')
[Mon, 22 Nov 2021 17:53:48 +0000] succes 0: select * from inf_cumplimiento_img
		where nIdInforme= 144 and nIdCumplimiento= 1
[Mon, 22 Nov 2021 17:53:48 +0000] succes 586: INSERT INTO inf_cumplimiento_img(`nIdInforme`,`nIdCumplimiento`,cruta,cNombre)
		VALUES(144,1,'uploads/144/1/3.png','3.png')
[Mon, 22 Nov 2021 17:53:48 +0000] succes 0: select * from inf_cumplimiento_img
		where nIdInforme= 144 and nIdCumplimiento= 1
[Mon, 22 Nov 2021 17:53:49 +0000] succes 587: INSERT INTO inf_cumplimiento_img(`nIdInforme`,`nIdCumplimiento`,cruta,cNombre)
		VALUES(144,1,'uploads/144/1/4.png','4.png')
[Mon, 22 Nov 2021 17:53:49 +0000] succes 0: select * from inf_cumplimiento_img
		where nIdInforme= 144 and nIdCumplimiento= 1
