[Wed, 17 Nov 2021 16:19:39 +0000] succes 0: select * from empresa  where nTipo=1
[Wed, 17 Nov 2021 16:19:39 +0000] succes 0: select * from empresa  where nTipo=0
[Wed, 17 Nov 2021 16:19:39 +0000] succes 0: select * from tipo_documento  where nFlag=0
[Wed, 17 Nov 2021 16:19:39 +0000] succes 0: select * from tarea  where nFlag=0
[Wed, 17 Nov 2021 16:19:39 +0000] succes 0: select * from uunn  where nFlag=0
[Wed, 17 Nov 2021 16:19:39 +0000] succes 0: select * from programa  where nFlag=0
[Wed, 17 Nov 2021 16:19:39 +0000] succes 0: select * from supervision  where nFlag=0
[Wed, 17 Nov 2021 16:19:52 +0000] succes 0: select * from persona  where cDoi="16740328"
[Wed, 17 Nov 2021 16:19:55 +0000] succes 0: call spt_sel_all_User('19')
[Wed, 17 Nov 2021 16:19:58 +0000] succes 0: select * from empresa  where nTipo=1
[Wed, 17 Nov 2021 16:19:58 +0000] succes 0: select * from empresa  where nTipo=0
[Wed, 17 Nov 2021 16:19:58 +0000] succes 0: select * from tipo_documento  where nFlag=0
[Wed, 17 Nov 2021 16:19:58 +0000] succes 0: select * from tarea  where nFlag=0
[Wed, 17 Nov 2021 16:19:58 +0000] succes 0: select * from uunn  where nFlag=0
[Wed, 17 Nov 2021 16:19:58 +0000] succes 0: select * from programa  where nFlag=0
[Wed, 17 Nov 2021 16:19:58 +0000] succes 0: select * from supervision  where nFlag=0
[Wed, 17 Nov 2021 16:19:59 +0000] succes 0: SELECT r.`nId`,p.`cNombres`,p.`cApellidos` FROM responsable r
	JOIN persona p ON p.`nId` = r.`nIdPersona`
	JOIN empresa e ON e.`nId`=r.`nIdEmpresa` 
	WHERE e.nId = 0
	/*WHERE e.`nTipo`=1*/
[Wed, 17 Nov 2021 16:19:59 +0000] succes 0: SELECT EC.`nId`, E.`cNombre`,EC.`cCargo` FROM `empresa` E 
		INNER JOIN `empresa_cargo` EC ON E.`nId`=EC.`nIdEmpresa` 
		WHERE E.`nId` = 0 
[Wed, 17 Nov 2021 16:20:03 +0000] succes 0: select * from programa  where nFlag=0 and nId=1
[Wed, 17 Nov 2021 16:20:12 +0000] succes 0: SELECT r.`nId`,p.`cNombres`,p.`cApellidos` FROM responsable r
	JOIN persona p ON p.`nId` = r.`nIdPersona`
	JOIN empresa e ON e.`nId`=r.`nIdEmpresa` 
	WHERE e.nId = 6
	/*WHERE e.`nTipo`=1*/
[Wed, 17 Nov 2021 16:20:12 +0000] succes 0: SELECT EC.`nId`, E.`cNombre`,EC.`cCargo` FROM `empresa` E 
		INNER JOIN `empresa_cargo` EC ON E.`nId`=EC.`nIdEmpresa` 
		WHERE E.`nId` = 6 
[Wed, 17 Nov 2021 16:22:20 +0000] succes 0: call spt_ins_documento(
		"19",
		"1",
		"1",
		"1",
		"6",
		"4",
		"33",
		"19",
		"4",
		"TENDIDO DE CONDUCTOR DE M.T, REUBICACIÓN DE SED CON USO DE CAMIÓN GRÚA; LABORES CON RESTRICCIÓN DE ENERGÍA ELÉCTRICA.",
		"SERVICIO DE MANTENIMIENTO DEL SISTEMA DE DISTRIBUCIÓN DE MEDIA TENSIÓN, DE SUBESTACIONES, DE BAJA TENSIÓN, ALUMBRADO PÚBLICO Y ACTIVIDADES TÉCNICO COMERCIALES PERIODO 2019 – 2022, EN LA UNIDAD DE NEGOCIOS SUCURSALES – ELECTRONORTE S.A.",
		"C.P EL INVERNILLO POMALCA, POM 201",
		"DISTRIBUCIÓN",
		"2021-11-12",
		"2102",
		"ENSA")
[Wed, 17 Nov 2021 16:22:21 +0000] succes 0: select * from informe  where nFlag=0 and nId=131
[Wed, 17 Nov 2021 16:22:21 +0000] succes 0: select * from tarea  where nFlag=0 and nId=1
[Wed, 17 Nov 2021 16:22:21 +0000] succes 0: select * from cumplimiento  where nFlag=0 and nidTarea=1
		ORDER BY norden ASC LIMIT 0,1
[Wed, 17 Nov 2021 16:22:21 +0000] succes 0: select * from codigos  where nFlag=0 and cCodigo =100  AND cvalor NOT IN (100)
[Wed, 17 Nov 2021 16:22:21 +0000] succes 0: select * from codigos  where nFlag=0 and cCodigo =500  AND cvalor NOT IN (500)
[Wed, 17 Nov 2021 16:22:21 +0000] succes 0: select * from cumplimiento  where nFlag=0 and nidTarea=1
		and nId NOT IN (1) and nOrden >0
		ORDER BY norden ASC LIMIT 0,1
[Wed, 17 Nov 2021 16:22:21 +0000] succes 0: 
		SELECT  i.`nId`, i.`nIdInforme`, i.`nIdCumplimiento`,cod.`cValor` nValorTipo, c.`cNombre` Cumpliento, cod.`cDescripcion` descripcionTipo,i.`cDescripcion` detalle,i.`dCreate` 
		FROM `inf_cumplimiento_des` i
		JOIN `cumplimiento` c ON c.`nId`= i.`nIdCumplimiento`
		JOIN `codigos` cod ON cod.`cCodigo`=c.`nTipo` AND cod.`cValor`=i.`nValor`
 		WHERE `nIdInforme`=131 AND i.`nIdCumplimiento`=1
		AND i.nFlag = 0
[Wed, 17 Nov 2021 16:22:21 +0000] succes 0: select * from cumplimiento  where nFlag=0 and nidTarea=1
		 and nOrden < 0 
		ORDER BY norden desc LIMIT 0,1
[Wed, 17 Nov 2021 16:22:33 +0000] succes 0: call spt_ins_documento_detalle(
		"131",
		"1",
		"1",
		"0",
		"PERSONAL OPERATIVO TIENE IMPLEMENTOS DE PROTECCIÓN PERSONAL: CASCO DIELÉCTRICO CON BARBIQUEJO, LENTES, MASCARILLA, GUANTES CUERO, CALZADO DE SEGURIDAD DIELÉCTRICO, UNIFORME DE TRABAJO, CHALECO Y FOTOCHECK DE IDENTIFICACIÓN.")
[Wed, 17 Nov 2021 16:22:33 +0000] succes 0: 
		SELECT  i.`nId`, i.`nIdInforme`, i.`nIdCumplimiento`,cod.`cValor` nValorTipo, c.`cNombre` Cumpliento, cod.`cDescripcion` descripcionTipo,i.`cDescripcion` detalle,i.`dCreate` 
		FROM `inf_cumplimiento_des` i
		JOIN `cumplimiento` c ON c.`nId`= i.`nIdCumplimiento`
		JOIN `codigos` cod ON cod.`cCodigo`=c.`nTipo` AND cod.`cValor`=i.`nValor`
 		WHERE `nIdInforme`=131 AND i.`nIdCumplimiento`=1
		AND i.nFlag = 0
[Wed, 17 Nov 2021 16:22:47 +0000] succes 0: call spt_ins_documento_detalle(
		"131",
		"1",
		"1",
		"0",
		"PERSONAL TÉCNICO QUE REALIZA TRABAJOS EN ALTURA, CUENTA CON 01 ESCALERAS TIPO TELESCÓPICA, EQUIPOS DE PROTECCIÓN CONTRA CAÍDAS (ARNÉS TIPO LINIERO, LÍNEA Y FAJA DE ANCLAJE) Y 01 EQUIPO DE SISTEMA DE ESCALAMIENTO (FRENO DE CUERDA).")
[Wed, 17 Nov 2021 16:22:47 +0000] succes 0: 
		SELECT  i.`nId`, i.`nIdInforme`, i.`nIdCumplimiento`,cod.`cValor` nValorTipo, c.`cNombre` Cumpliento, cod.`cDescripcion` descripcionTipo,i.`cDescripcion` detalle,i.`dCreate` 
		FROM `inf_cumplimiento_des` i
		JOIN `cumplimiento` c ON c.`nId`= i.`nIdCumplimiento`
		JOIN `codigos` cod ON cod.`cCodigo`=c.`nTipo` AND cod.`cValor`=i.`nValor`
 		WHERE `nIdInforme`=131 AND i.`nIdCumplimiento`=1
		AND i.nFlag = 0
[Wed, 17 Nov 2021 16:22:56 +0000] succes 0: call spt_ins_documento_detalle(
		"131",
		"1",
		"1",
		"0",
		"GRUPO DE TRABAJO EVIDENCIA DE GUANTES DIELÉCTRICOS DE M.T, REVELADOR DE TENSIÓN, PÉRTIGA EN BUEN ESTADO.")
[Wed, 17 Nov 2021 16:22:56 +0000] succes 0: 
		SELECT  i.`nId`, i.`nIdInforme`, i.`nIdCumplimiento`,cod.`cValor` nValorTipo, c.`cNombre` Cumpliento, cod.`cDescripcion` descripcionTipo,i.`cDescripcion` detalle,i.`dCreate` 
		FROM `inf_cumplimiento_des` i
		JOIN `cumplimiento` c ON c.`nId`= i.`nIdCumplimiento`
		JOIN `codigos` cod ON cod.`cCodigo`=c.`nTipo` AND cod.`cValor`=i.`nValor`
 		WHERE `nIdInforme`=131 AND i.`nIdCumplimiento`=1
		AND i.nFlag = 0
[Wed, 17 Nov 2021 16:23:22 +0000] succes 366: INSERT INTO inf_cumplimiento_img(`nIdInforme`,`nIdCumplimiento`,cruta,cNombre)
		VALUES(131,1,'uploads/131/1/1.jpg','1.jpg')
[Wed, 17 Nov 2021 16:23:22 +0000] succes 0: select * from inf_cumplimiento_img
		where nIdInforme= 131 and nIdCumplimiento= 1
[Wed, 17 Nov 2021 16:23:22 +0000] succes 367: INSERT INTO inf_cumplimiento_img(`nIdInforme`,`nIdCumplimiento`,cruta,cNombre)
		VALUES(131,1,'uploads/131/1/2.jpg','2.jpg')
[Wed, 17 Nov 2021 16:23:22 +0000] succes 0: select * from inf_cumplimiento_img
		where nIdInforme= 131 and nIdCumplimiento= 1
[Wed, 17 Nov 2021 16:23:22 +0000] succes 368: INSERT INTO inf_cumplimiento_img(`nIdInforme`,`nIdCumplimiento`,cruta,cNombre)
		VALUES(131,1,'uploads/131/1/3.jpg','3.jpg')
[Wed, 17 Nov 2021 16:23:22 +0000] succes 0: select * from inf_cumplimiento_img
		where nIdInforme= 131 and nIdCumplimiento= 1
[Wed, 17 Nov 2021 16:23:22 +0000] succes 369: INSERT INTO inf_cumplimiento_img(`nIdInforme`,`nIdCumplimiento`,cruta,cNombre)
		VALUES(131,1,'uploads/131/1/4.jpg','4.jpg')
[Wed, 17 Nov 2021 16:23:22 +0000] succes 0: select * from inf_cumplimiento_img
		where nIdInforme= 131 and nIdCumplimiento= 1
[Wed, 17 Nov 2021 16:23:22 +0000] succes 370: INSERT INTO inf_cumplimiento_img(`nIdInforme`,`nIdCumplimiento`,cruta,cNombre)
		VALUES(131,1,'uploads/131/1/5.jpg','5.jpg')
[Wed, 17 Nov 2021 16:23:22 +0000] succes 0: select * from inf_cumplimiento_img
		where nIdInforme= 131 and nIdCumplimiento= 1
[Wed, 17 Nov 2021 16:23:22 +0000] succes 371: INSERT INTO inf_cumplimiento_img(`nIdInforme`,`nIdCumplimiento`,cruta,cNombre)
		VALUES(131,1,'uploads/131/1/6.jpg','6.jpg')
[Wed, 17 Nov 2021 16:23:22 +0000] succes 0: select * from inf_cumplimiento_img
		where nIdInforme= 131 and nIdCumplimiento= 1
[Wed, 17 Nov 2021 16:23:22 +0000] succes 372: INSERT INTO inf_cumplimiento_img(`nIdInforme`,`nIdCumplimiento`,cruta,cNombre)
		VALUES(131,1,'uploads/131/1/7.jpg','7.jpg')
[Wed, 17 Nov 2021 16:23:22 +0000] succes 0: select * from inf_cumplimiento_img
		where nIdInforme= 131 and nIdCumplimiento= 1
[Wed, 17 Nov 2021 16:23:22 +0000] succes 373: INSERT INTO inf_cumplimiento_img(`nIdInforme`,`nIdCumplimiento`,cruta,cNombre)
		VALUES(131,1,'uploads/131/1/8.jpg','8.jpg')
[Wed, 17 Nov 2021 16:23:22 +0000] succes 0: select * from inf_cumplimiento_img
		where nIdInforme= 131 and nIdCumplimiento= 1
[Wed, 17 Nov 2021 16:23:22 +0000] succes 374: INSERT INTO inf_cumplimiento_img(`nIdInforme`,`nIdCumplimiento`,cruta,cNombre)
		VALUES(131,1,'uploads/131/1/9.jpg','9.jpg')
[Wed, 17 Nov 2021 16:23:22 +0000] succes 0: select * from inf_cumplimiento_img
		where nIdInforme= 131 and nIdCumplimiento= 1
[Wed, 17 Nov 2021 16:23:27 +0000] succes 0: select * from informe  where nFlag=0 and nId=131
[Wed, 17 Nov 2021 16:23:27 +0000] succes 0: select * from tarea  where nFlag=0 and nId=1
[Wed, 17 Nov 2021 16:23:27 +0000] succes 0: select * from cumplimiento  where nFlag=0 and nidTarea=1
		and nOrden in (2)
		ORDER BY norden ASC LIMIT 0,1
[Wed, 17 Nov 2021 16:23:27 +0000] succes 0: select * from codigos  where nFlag=0 and cCodigo =100  AND cvalor NOT IN (100)
[Wed, 17 Nov 2021 16:23:27 +0000] succes 0: select * from codigos  where nFlag=0 and cCodigo =500  AND cvalor NOT IN (500)
[Wed, 17 Nov 2021 16:23:27 +0000] succes 0: select * from cumplimiento  where nFlag=0 and nidTarea=1
		and nId NOT IN (2) and nOrden >2
		ORDER BY norden ASC LIMIT 0,1
[Wed, 17 Nov 2021 16:23:27 +0000] succes 0: 
		SELECT  i.`nId`, i.`nIdInforme`, i.`nIdCumplimiento`,cod.`cValor` nValorTipo, c.`cNombre` Cumpliento, cod.`cDescripcion` descripcionTipo,i.`cDescripcion` detalle,i.`dCreate` 
		FROM `inf_cumplimiento_des` i
		JOIN `cumplimiento` c ON c.`nId`= i.`nIdCumplimiento`
		JOIN `codigos` cod ON cod.`cCodigo`=c.`nTipo` AND cod.`cValor`=i.`nValor`
 		WHERE `nIdInforme`=131 AND i.`nIdCumplimiento`=2
		AND i.nFlag = 0
[Wed, 17 Nov 2021 16:23:27 +0000] succes 0: select * from cumplimiento  where nFlag=0 and nidTarea=1
		 and nOrden < 2 
		ORDER BY norden desc LIMIT 0,1
[Wed, 17 Nov 2021 16:24:16 +0000] succes 0: call spt_ins_documento_detalle(
		"131",
		"2",
		"1",
		"0",
		"PERSONAL OPERATIVO SEÑALIZA ZONAS DONDE INSTALA TIERRAS TEMPORARIAS E IDENTIFICA ÁREAS DE TRABAJO CON CONOS DE SEGURIDAD, BIOMBOS DE METAL CON MALLA Y CINTA AMARILLA.")
[Wed, 17 Nov 2021 16:24:16 +0000] succes 0: 
		SELECT  i.`nId`, i.`nIdInforme`, i.`nIdCumplimiento`,cod.`cValor` nValorTipo, c.`cNombre` Cumpliento, cod.`cDescripcion` descripcionTipo,i.`cDescripcion` detalle,i.`dCreate` 
		FROM `inf_cumplimiento_des` i
		JOIN `cumplimiento` c ON c.`nId`= i.`nIdCumplimiento`
		JOIN `codigos` cod ON cod.`cCodigo`=c.`nTipo` AND cod.`cValor`=i.`nValor`
 		WHERE `nIdInforme`=131 AND i.`nIdCumplimiento`=2
		AND i.nFlag = 0
[Wed, 17 Nov 2021 16:24:45 +0000] succes 375: INSERT INTO inf_cumplimiento_img(`nIdInforme`,`nIdCumplimiento`,cruta,cNombre)
		VALUES(131,2,'uploads/131/2/10.jpg','10.jpg')
[Wed, 17 Nov 2021 16:24:45 +0000] succes 0: select * from inf_cumplimiento_img
		where nIdInforme= 131 and nIdCumplimiento= 2
[Wed, 17 Nov 2021 16:24:45 +0000] succes 376: INSERT INTO inf_cumplimiento_img(`nIdInforme`,`nIdCumplimiento`,cruta,cNombre)
		VALUES(131,2,'uploads/131/2/11.jpg','11.jpg')
[Wed, 17 Nov 2021 16:24:45 +0000] succes 0: select * from inf_cumplimiento_img
		where nIdInforme= 131 and nIdCumplimiento= 2
[Wed, 17 Nov 2021 16:24:45 +0000] succes 377: INSERT INTO inf_cumplimiento_img(`nIdInforme`,`nIdCumplimiento`,cruta,cNombre)
		VALUES(131,2,'uploads/131/2/12.jpg','12.jpg')
[Wed, 17 Nov 2021 16:24:45 +0000] succes 0: select * from inf_cumplimiento_img
		where nIdInforme= 131 and nIdCumplimiento= 2
[Wed, 17 Nov 2021 16:24:49 +0000] succes 0: select * from informe  where nFlag=0 and nId=131
[Wed, 17 Nov 2021 16:24:49 +0000] succes 0: select * from tarea  where nFlag=0 and nId=1
[Wed, 17 Nov 2021 16:24:49 +0000] succes 0: select * from cumplimiento  where nFlag=0 and nidTarea=1
		and nOrden in (3)
		ORDER BY norden ASC LIMIT 0,1
[Wed, 17 Nov 2021 16:24:49 +0000] succes 0: select * from codigos  where nFlag=0 and cCodigo =100  AND cvalor NOT IN (100)
[Wed, 17 Nov 2021 16:24:49 +0000] succes 0: select * from codigos  where nFlag=0 and cCodigo =500  AND cvalor NOT IN (500)
[Wed, 17 Nov 2021 16:24:49 +0000] succes 0: select * from cumplimiento  where nFlag=0 and nidTarea=1
		and nId NOT IN (3) and nOrden >3
		ORDER BY norden ASC LIMIT 0,1
[Wed, 17 Nov 2021 16:24:49 +0000] succes 0: 
		SELECT  i.`nId`, i.`nIdInforme`, i.`nIdCumplimiento`,cod.`cValor` nValorTipo, c.`cNombre` Cumpliento, cod.`cDescripcion` descripcionTipo,i.`cDescripcion` detalle,i.`dCreate` 
		FROM `inf_cumplimiento_des` i
		JOIN `cumplimiento` c ON c.`nId`= i.`nIdCumplimiento`
		JOIN `codigos` cod ON cod.`cCodigo`=c.`nTipo` AND cod.`cValor`=i.`nValor`
 		WHERE `nIdInforme`=131 AND i.`nIdCumplimiento`=3
		AND i.nFlag = 0
[Wed, 17 Nov 2021 16:24:49 +0000] succes 0: select * from cumplimiento  where nFlag=0 and nidTarea=1
		 and nOrden < 3 
		ORDER BY norden desc LIMIT 0,1
[Wed, 17 Nov 2021 16:25:14 +0000] succes 0: call spt_ins_documento_detalle(
		"131",
		"3",
		"1",
		"0",
		"UNIDAD MÓVIL DE PLACA M7M-963 (MINIVAN), DESTINADA AL TRANSPORTE DE PERSONAL Y MATERIALES, CUENTA CON DOCUMENTACIÓN DE CIRCULACIÓN, EXTINTOR, BOTIQUÍN DE PRIMEROS AUXILIOS, LUCES OPERATIVAS, ALARMA DE RETROCESO Y HERRAMIENTAS VARIAS")
[Wed, 17 Nov 2021 16:25:14 +0000] succes 0: 
		SELECT  i.`nId`, i.`nIdInforme`, i.`nIdCumplimiento`,cod.`cValor` nValorTipo, c.`cNombre` Cumpliento, cod.`cDescripcion` descripcionTipo,i.`cDescripcion` detalle,i.`dCreate` 
		FROM `inf_cumplimiento_des` i
		JOIN `cumplimiento` c ON c.`nId`= i.`nIdCumplimiento`
		JOIN `codigos` cod ON cod.`cCodigo`=c.`nTipo` AND cod.`cValor`=i.`nValor`
 		WHERE `nIdInforme`=131 AND i.`nIdCumplimiento`=3
		AND i.nFlag = 0
[Wed, 17 Nov 2021 16:25:24 +0000] succes 0: call spt_ins_documento_detalle(
		"131",
		"3",
		"1",
		"0",
		"UNIDAD MÓVIL DE PLACA B5P-946 (CAMIÓN GRÚA), DESTINADO AL IZAJE DE POSTES Y CARGA DE MATERIALES, CUENTA CON DOCUMENTACIÓN DE CIRCULACIÓN, EXTINTOR, BOTIQUÍN, CONOS, TACOS, HERRAMIENTAS VARIAS; ADEMÁS DE CERTIFICADO DEL BRAZO HIDRÁULICO DE GRÚA Y CERTIFICADO DEL OPERADOR VIGENTES.")
[Wed, 17 Nov 2021 16:25:24 +0000] succes 0: 
		SELECT  i.`nId`, i.`nIdInforme`, i.`nIdCumplimiento`,cod.`cValor` nValorTipo, c.`cNombre` Cumpliento, cod.`cDescripcion` descripcionTipo,i.`cDescripcion` detalle,i.`dCreate` 
		FROM `inf_cumplimiento_des` i
		JOIN `cumplimiento` c ON c.`nId`= i.`nIdCumplimiento`
		JOIN `codigos` cod ON cod.`cCodigo`=c.`nTipo` AND cod.`cValor`=i.`nValor`
 		WHERE `nIdInforme`=131 AND i.`nIdCumplimiento`=3
		AND i.nFlag = 0
[Wed, 17 Nov 2021 16:25:35 +0000] succes 0: call spt_ins_documento_detalle(
		"131",
		"3",
		"3",
		"0",
		"DOTAR DE BANDERINES PARA ESCALERAS, DE UNIDADES MÓVILES, LOS CUALES ESTÁN DETERIORADOS")
[Wed, 17 Nov 2021 16:25:35 +0000] succes 0: 
		SELECT  i.`nId`, i.`nIdInforme`, i.`nIdCumplimiento`,cod.`cValor` nValorTipo, c.`cNombre` Cumpliento, cod.`cDescripcion` descripcionTipo,i.`cDescripcion` detalle,i.`dCreate` 
		FROM `inf_cumplimiento_des` i
		JOIN `cumplimiento` c ON c.`nId`= i.`nIdCumplimiento`
		JOIN `codigos` cod ON cod.`cCodigo`=c.`nTipo` AND cod.`cValor`=i.`nValor`
 		WHERE `nIdInforme`=131 AND i.`nIdCumplimiento`=3
		AND i.nFlag = 0
[Wed, 17 Nov 2021 16:26:26 +0000] succes 378: INSERT INTO inf_cumplimiento_img(`nIdInforme`,`nIdCumplimiento`,cruta,cNombre)
		VALUES(131,3,'uploads/131/3/13.jpg','13.jpg')
[Wed, 17 Nov 2021 16:26:26 +0000] succes 0: select * from inf_cumplimiento_img
		where nIdInforme= 131 and nIdCumplimiento= 3
[Wed, 17 Nov 2021 16:26:26 +0000] succes 379: INSERT INTO inf_cumplimiento_img(`nIdInforme`,`nIdCumplimiento`,cruta,cNombre)
		VALUES(131,3,'uploads/131/3/14.jpg','14.jpg')
[Wed, 17 Nov 2021 16:26:26 +0000] succes 0: select * from inf_cumplimiento_img
		where nIdInforme= 131 and nIdCumplimiento= 3
[Wed, 17 Nov 2021 16:26:26 +0000] succes 380: INSERT INTO inf_cumplimiento_img(`nIdInforme`,`nIdCumplimiento`,cruta,cNombre)
		VALUES(131,3,'uploads/131/3/15.jpg','15.jpg')
[Wed, 17 Nov 2021 16:26:26 +0000] succes 0: select * from inf_cumplimiento_img
		where nIdInforme= 131 and nIdCumplimiento= 3
[Wed, 17 Nov 2021 16:26:26 +0000] succes 381: INSERT INTO inf_cumplimiento_img(`nIdInforme`,`nIdCumplimiento`,cruta,cNombre)
		VALUES(131,3,'uploads/131/3/16.jpg','16.jpg')
[Wed, 17 Nov 2021 16:26:26 +0000] succes 0: select * from inf_cumplimiento_img
		where nIdInforme= 131 and nIdCumplimiento= 3
[Wed, 17 Nov 2021 16:26:26 +0000] succes 382: INSERT INTO inf_cumplimiento_img(`nIdInforme`,`nIdCumplimiento`,cruta,cNombre)
		VALUES(131,3,'uploads/131/3/17.jpg','17.jpg')
[Wed, 17 Nov 2021 16:26:26 +0000] succes 0: select * from inf_cumplimiento_img
		where nIdInforme= 131 and nIdCumplimiento= 3
[Wed, 17 Nov 2021 16:26:26 +0000] succes 383: INSERT INTO inf_cumplimiento_img(`nIdInforme`,`nIdCumplimiento`,cruta,cNombre)
		VALUES(131,3,'uploads/131/3/18.jpg','18.jpg')
[Wed, 17 Nov 2021 16:26:26 +0000] succes 0: select * from inf_cumplimiento_img
		where nIdInforme= 131 and nIdCumplimiento= 3
[Wed, 17 Nov 2021 16:26:26 +0000] succes 384: INSERT INTO inf_cumplimiento_img(`nIdInforme`,`nIdCumplimiento`,cruta,cNombre)
		VALUES(131,3,'uploads/131/3/19.jpg','19.jpg')
[Wed, 17 Nov 2021 16:26:26 +0000] succes 0: select * from inf_cumplimiento_img
		where nIdInforme= 131 and nIdCumplimiento= 3
[Wed, 17 Nov 2021 16:26:26 +0000] succes 385: INSERT INTO inf_cumplimiento_img(`nIdInforme`,`nIdCumplimiento`,cruta,cNombre)
		VALUES(131,3,'uploads/131/3/20.jpg','20.jpg')
[Wed, 17 Nov 2021 16:26:26 +0000] succes 0: select * from inf_cumplimiento_img
		where nIdInforme= 131 and nIdCumplimiento= 3
[Wed, 17 Nov 2021 16:26:26 +0000] succes 386: INSERT INTO inf_cumplimiento_img(`nIdInforme`,`nIdCumplimiento`,cruta,cNombre)
		VALUES(131,3,'uploads/131/3/21.jpg','21.jpg')
[Wed, 17 Nov 2021 16:26:26 +0000] succes 0: select * from inf_cumplimiento_img
		where nIdInforme= 131 and nIdCumplimiento= 3
[Wed, 17 Nov 2021 16:26:26 +0000] succes 387: INSERT INTO inf_cumplimiento_img(`nIdInforme`,`nIdCumplimiento`,cruta,cNombre)
		VALUES(131,3,'uploads/131/3/22.jpg','22.jpg')
[Wed, 17 Nov 2021 16:26:26 +0000] succes 0: select * from inf_cumplimiento_img
		where nIdInforme= 131 and nIdCumplimiento= 3
[Wed, 17 Nov 2021 16:26:26 +0000] succes 388: INSERT INTO inf_cumplimiento_img(`nIdInforme`,`nIdCumplimiento`,cruta,cNombre)
		VALUES(131,3,'uploads/131/3/23.jpg','23.jpg')
[Wed, 17 Nov 2021 16:26:26 +0000] succes 0: select * from inf_cumplimiento_img
		where nIdInforme= 131 and nIdCumplimiento= 3
[Wed, 17 Nov 2021 16:26:26 +0000] succes 389: INSERT INTO inf_cumplimiento_img(`nIdInforme`,`nIdCumplimiento`,cruta,cNombre)
		VALUES(131,3,'uploads/131/3/24.jpg','24.jpg')
[Wed, 17 Nov 2021 16:26:26 +0000] succes 0: select * from inf_cumplimiento_img
		where nIdInforme= 131 and nIdCumplimiento= 3
[Wed, 17 Nov 2021 16:26:26 +0000] succes 390: INSERT INTO inf_cumplimiento_img(`nIdInforme`,`nIdCumplimiento`,cruta,cNombre)
		VALUES(131,3,'uploads/131/3/25.jpg','25.jpg')
[Wed, 17 Nov 2021 16:26:26 +0000] succes 0: select * from inf_cumplimiento_img
		where nIdInforme= 131 and nIdCumplimiento= 3
[Wed, 17 Nov 2021 16:26:26 +0000] succes 391: INSERT INTO inf_cumplimiento_img(`nIdInforme`,`nIdCumplimiento`,cruta,cNombre)
		VALUES(131,3,'uploads/131/3/26.jpg','26.jpg')
[Wed, 17 Nov 2021 16:26:26 +0000] succes 0: select * from inf_cumplimiento_img
		where nIdInforme= 131 and nIdCumplimiento= 3
[Wed, 17 Nov 2021 16:26:40 +0000] succes 0: select * from informe  where nFlag=0 and nId=131
[Wed, 17 Nov 2021 16:26:40 +0000] succes 0: select * from tarea  where nFlag=0 and nId=1
[Wed, 17 Nov 2021 16:26:40 +0000] succes 0: select * from cumplimiento  where nFlag=0 and nidTarea=1
		and nOrden in (4)
		ORDER BY norden ASC LIMIT 0,1
[Wed, 17 Nov 2021 16:26:40 +0000] succes 0: select * from codigos  where nFlag=0 and cCodigo =100  AND cvalor NOT IN (100)
[Wed, 17 Nov 2021 16:26:40 +0000] succes 0: select * from codigos  where nFlag=0 and cCodigo =500  AND cvalor NOT IN (500)
[Wed, 17 Nov 2021 16:26:40 +0000] succes 0: select * from cumplimiento  where nFlag=0 and nidTarea=1
		and nId NOT IN (4) and nOrden >4
		ORDER BY norden ASC LIMIT 0,1
[Wed, 17 Nov 2021 16:26:40 +0000] succes 0: 
		SELECT  i.`nId`, i.`nIdInforme`, i.`nIdCumplimiento`,cod.`cValor` nValorTipo, c.`cNombre` Cumpliento, cod.`cDescripcion` descripcionTipo,i.`cDescripcion` detalle,i.`dCreate` 
		FROM `inf_cumplimiento_des` i
		JOIN `cumplimiento` c ON c.`nId`= i.`nIdCumplimiento`
		JOIN `codigos` cod ON cod.`cCodigo`=c.`nTipo` AND cod.`cValor`=i.`nValor`
 		WHERE `nIdInforme`=131 AND i.`nIdCumplimiento`=4
		AND i.nFlag = 0
[Wed, 17 Nov 2021 16:26:40 +0000] succes 0: select * from cumplimiento  where nFlag=0 and nidTarea=1
		 and nOrden < 4 
		ORDER BY norden desc LIMIT 0,1
[Wed, 17 Nov 2021 16:26:55 +0000] succes 0: call spt_ins_documento_detalle(
		"131",
		"4",
		"1",
		"0",
		"CONTRATISTA EVIDENCIA DE COPIAS DE PÓLIZAS SCTR Y VIDA LEY VIGENTES")
[Wed, 17 Nov 2021 16:26:55 +0000] succes 0: 
		SELECT  i.`nId`, i.`nIdInforme`, i.`nIdCumplimiento`,cod.`cValor` nValorTipo, c.`cNombre` Cumpliento, cod.`cDescripcion` descripcionTipo,i.`cDescripcion` detalle,i.`dCreate` 
		FROM `inf_cumplimiento_des` i
		JOIN `cumplimiento` c ON c.`nId`= i.`nIdCumplimiento`
		JOIN `codigos` cod ON cod.`cCodigo`=c.`nTipo` AND cod.`cValor`=i.`nValor`
 		WHERE `nIdInforme`=131 AND i.`nIdCumplimiento`=4
		AND i.nFlag = 0
[Wed, 17 Nov 2021 16:27:04 +0000] succes 0: call spt_ins_documento_detalle(
		"131",
		"4",
		"1",
		"0",
		"GRUPO DE TRABAJO, EVIDENCIA EL REGISTRO DE LA CHARLA DE SEGURIDAD; PREVIO AL DESARROLLO DE LA ACTIVIDAD Y EVALÚA RIESGOS POR COVID-19")
[Wed, 17 Nov 2021 16:27:04 +0000] succes 0: 
		SELECT  i.`nId`, i.`nIdInforme`, i.`nIdCumplimiento`,cod.`cValor` nValorTipo, c.`cNombre` Cumpliento, cod.`cDescripcion` descripcionTipo,i.`cDescripcion` detalle,i.`dCreate` 
		FROM `inf_cumplimiento_des` i
		JOIN `cumplimiento` c ON c.`nId`= i.`nIdCumplimiento`
		JOIN `codigos` cod ON cod.`cCodigo`=c.`nTipo` AND cod.`cValor`=i.`nValor`
 		WHERE `nIdInforme`=131 AND i.`nIdCumplimiento`=4
		AND i.nFlag = 0
[Wed, 17 Nov 2021 16:27:14 +0000] succes 0: call spt_ins_documento_detalle(
		"131",
		"4",
		"1",
		"0",
		"GRUPO DE TRABAJO CUENTA CON ORDEN DE TRABAJO, BOLETAS DE SEGURIDAD, PERMISO DE TRABAJOS EN ALTURA.")
[Wed, 17 Nov 2021 16:27:14 +0000] succes 0: 
		SELECT  i.`nId`, i.`nIdInforme`, i.`nIdCumplimiento`,cod.`cValor` nValorTipo, c.`cNombre` Cumpliento, cod.`cDescripcion` descripcionTipo,i.`cDescripcion` detalle,i.`dCreate` 
		FROM `inf_cumplimiento_des` i
		JOIN `cumplimiento` c ON c.`nId`= i.`nIdCumplimiento`
		JOIN `codigos` cod ON cod.`cCodigo`=c.`nTipo` AND cod.`cValor`=i.`nValor`
 		WHERE `nIdInforme`=131 AND i.`nIdCumplimiento`=4
		AND i.nFlag = 0
[Wed, 17 Nov 2021 16:27:32 +0000] succes 0: call spt_ins_documento_detalle(
		"131",
		"4",
		"1",
		"0",
		"GRUPO DE TRABAJO, CUENTA CON PETS, IPERC Y PLAN DE CONTINGENCIA; DONDE DESCRIBEN PROCEDIMIENTO PARA PREVENIR CONTAGIO POR COVID-19; ADEMÁS DE SU DIFUSIÓN")
[Wed, 17 Nov 2021 16:27:32 +0000] succes 0: 
		SELECT  i.`nId`, i.`nIdInforme`, i.`nIdCumplimiento`,cod.`cValor` nValorTipo, c.`cNombre` Cumpliento, cod.`cDescripcion` descripcionTipo,i.`cDescripcion` detalle,i.`dCreate` 
		FROM `inf_cumplimiento_des` i
		JOIN `cumplimiento` c ON c.`nId`= i.`nIdCumplimiento`
		JOIN `codigos` cod ON cod.`cCodigo`=c.`nTipo` AND cod.`cValor`=i.`nValor`
 		WHERE `nIdInforme`=131 AND i.`nIdCumplimiento`=4
		AND i.nFlag = 0
[Wed, 17 Nov 2021 16:28:07 +0000] succes 392: INSERT INTO inf_cumplimiento_img(`nIdInforme`,`nIdCumplimiento`,cruta,cNombre)
		VALUES(131,4,'uploads/131/4/27.jpg','27.jpg')
[Wed, 17 Nov 2021 16:28:07 +0000] succes 0: select * from inf_cumplimiento_img
		where nIdInforme= 131 and nIdCumplimiento= 4
[Wed, 17 Nov 2021 16:28:07 +0000] succes 393: INSERT INTO inf_cumplimiento_img(`nIdInforme`,`nIdCumplimiento`,cruta,cNombre)
		VALUES(131,4,'uploads/131/4/28.jpg','28.jpg')
[Wed, 17 Nov 2021 16:28:07 +0000] succes 0: select * from inf_cumplimiento_img
		where nIdInforme= 131 and nIdCumplimiento= 4
[Wed, 17 Nov 2021 16:28:07 +0000] succes 394: INSERT INTO inf_cumplimiento_img(`nIdInforme`,`nIdCumplimiento`,cruta,cNombre)
		VALUES(131,4,'uploads/131/4/29.jpg','29.jpg')
[Wed, 17 Nov 2021 16:28:07 +0000] succes 0: select * from inf_cumplimiento_img
		where nIdInforme= 131 and nIdCumplimiento= 4
[Wed, 17 Nov 2021 16:28:07 +0000] succes 395: INSERT INTO inf_cumplimiento_img(`nIdInforme`,`nIdCumplimiento`,cruta,cNombre)
		VALUES(131,4,'uploads/131/4/30.jpg','30.jpg')
[Wed, 17 Nov 2021 16:28:07 +0000] succes 0: select * from inf_cumplimiento_img
		where nIdInforme= 131 and nIdCumplimiento= 4
[Wed, 17 Nov 2021 16:28:07 +0000] succes 396: INSERT INTO inf_cumplimiento_img(`nIdInforme`,`nIdCumplimiento`,cruta,cNombre)
		VALUES(131,4,'uploads/131/4/31.jpg','31.jpg')
[Wed, 17 Nov 2021 16:28:07 +0000] succes 0: select * from inf_cumplimiento_img
		where nIdInforme= 131 and nIdCumplimiento= 4
[Wed, 17 Nov 2021 16:28:07 +0000] succes 397: INSERT INTO inf_cumplimiento_img(`nIdInforme`,`nIdCumplimiento`,cruta,cNombre)
		VALUES(131,4,'uploads/131/4/32.jpg','32.jpg')
[Wed, 17 Nov 2021 16:28:07 +0000] succes 0: select * from inf_cumplimiento_img
		where nIdInforme= 131 and nIdCumplimiento= 4
[Wed, 17 Nov 2021 16:28:07 +0000] succes 398: INSERT INTO inf_cumplimiento_img(`nIdInforme`,`nIdCumplimiento`,cruta,cNombre)
		VALUES(131,4,'uploads/131/4/33.jpg','33.jpg')
[Wed, 17 Nov 2021 16:28:07 +0000] succes 0: select * from inf_cumplimiento_img
		where nIdInforme= 131 and nIdCumplimiento= 4
[Wed, 17 Nov 2021 16:28:07 +0000] succes 399: INSERT INTO inf_cumplimiento_img(`nIdInforme`,`nIdCumplimiento`,cruta,cNombre)
		VALUES(131,4,'uploads/131/4/34.jpg','34.jpg')
[Wed, 17 Nov 2021 16:28:07 +0000] succes 0: select * from inf_cumplimiento_img
		where nIdInforme= 131 and nIdCumplimiento= 4
[Wed, 17 Nov 2021 16:28:07 +0000] succes 400: INSERT INTO inf_cumplimiento_img(`nIdInforme`,`nIdCumplimiento`,cruta,cNombre)
		VALUES(131,4,'uploads/131/4/35.jpg','35.jpg')
[Wed, 17 Nov 2021 16:28:07 +0000] succes 0: select * from inf_cumplimiento_img
		where nIdInforme= 131 and nIdCumplimiento= 4
[Wed, 17 Nov 2021 16:28:12 +0000] succes 0: select * from informe  where nFlag=0 and nId=131
[Wed, 17 Nov 2021 16:28:12 +0000] succes 0: select * from tarea  where nFlag=0 and nId=1
[Wed, 17 Nov 2021 16:28:12 +0000] succes 0: select * from cumplimiento  where nFlag=0 and nidTarea=1
		and nOrden in (5)
		ORDER BY norden ASC LIMIT 0,1
[Wed, 17 Nov 2021 16:28:12 +0000] succes 0: select * from codigos  where nFlag=0 and cCodigo =100  AND cvalor NOT IN (100)
[Wed, 17 Nov 2021 16:28:12 +0000] succes 0: select * from codigos  where nFlag=0 and cCodigo =500  AND cvalor NOT IN (500)
[Wed, 17 Nov 2021 16:28:12 +0000] succes 0: select * from cumplimiento  where nFlag=0 and nidTarea=1
		and nId NOT IN (5) and nOrden >5
		ORDER BY norden ASC LIMIT 0,1
[Wed, 17 Nov 2021 16:28:12 +0000] succes 0: 
		SELECT  i.`nId`, i.`nIdInforme`, i.`nIdCumplimiento`,cod.`cValor` nValorTipo, c.`cNombre` Cumpliento, cod.`cDescripcion` descripcionTipo,i.`cDescripcion` detalle,i.`dCreate` 
		FROM `inf_cumplimiento_des` i
		JOIN `cumplimiento` c ON c.`nId`= i.`nIdCumplimiento`
		JOIN `codigos` cod ON cod.`cCodigo`=c.`nTipo` AND cod.`cValor`=i.`nValor`
 		WHERE `nIdInforme`=131 AND i.`nIdCumplimiento`=5
		AND i.nFlag = 0
[Wed, 17 Nov 2021 16:28:12 +0000] succes 0: select * from cumplimiento  where nFlag=0 and nidTarea=1
		 and nOrden < 5 
		ORDER BY norden desc LIMIT 0,1
[Wed, 17 Nov 2021 16:28:26 +0000] succes 0: call spt_ins_documento_detalle(
		"131",
		"5",
		"1",
		"0",
		"SUPERVISIÓN POR PARTE DEL CONTRATISTA (INGENIEROS DE CAMPO Y SUPERVISOR DE SEGURIDAD), EN ZONA DE TRABAJO, DURANTE DESARROLLO DE LA ACTIVIDAD.")
[Wed, 17 Nov 2021 16:28:26 +0000] succes 0: 
		SELECT  i.`nId`, i.`nIdInforme`, i.`nIdCumplimiento`,cod.`cValor` nValorTipo, c.`cNombre` Cumpliento, cod.`cDescripcion` descripcionTipo,i.`cDescripcion` detalle,i.`dCreate` 
		FROM `inf_cumplimiento_des` i
		JOIN `cumplimiento` c ON c.`nId`= i.`nIdCumplimiento`
		JOIN `codigos` cod ON cod.`cCodigo`=c.`nTipo` AND cod.`cValor`=i.`nValor`
 		WHERE `nIdInforme`=131 AND i.`nIdCumplimiento`=5
		AND i.nFlag = 0
[Wed, 17 Nov 2021 16:28:34 +0000] succes 0: call spt_ins_documento_detalle(
		"131",
		"5",
		"1",
		"0",
		"PERSONAL HACE USO DE EQUIPOS DE PROTECCIÓN CONTRA CAÍDAS, SEGÚN ZONA DE TRABAJO PARA REALIZAR TRABAJOS EN ALTURA.")
[Wed, 17 Nov 2021 16:28:34 +0000] succes 0: 
		SELECT  i.`nId`, i.`nIdInforme`, i.`nIdCumplimiento`,cod.`cValor` nValorTipo, c.`cNombre` Cumpliento, cod.`cDescripcion` descripcionTipo,i.`cDescripcion` detalle,i.`dCreate` 
		FROM `inf_cumplimiento_des` i
		JOIN `cumplimiento` c ON c.`nId`= i.`nIdCumplimiento`
		JOIN `codigos` cod ON cod.`cCodigo`=c.`nTipo` AND cod.`cValor`=i.`nValor`
 		WHERE `nIdInforme`=131 AND i.`nIdCumplimiento`=5
		AND i.nFlag = 0
[Wed, 17 Nov 2021 16:28:43 +0000] succes 0: call spt_ins_documento_detalle(
		"131",
		"5",
		"1",
		"0",
		"GRUPO DE TRABAJO CUMPLE CON LAS CINCO REGLAS DE ORO, PARA TRABAJOS CON ESTRICCIÓN DE ENERGÍA    ELÉCTRICA.")
[Wed, 17 Nov 2021 16:28:43 +0000] succes 0: 
		SELECT  i.`nId`, i.`nIdInforme`, i.`nIdCumplimiento`,cod.`cValor` nValorTipo, c.`cNombre` Cumpliento, cod.`cDescripcion` descripcionTipo,i.`cDescripcion` detalle,i.`dCreate` 
		FROM `inf_cumplimiento_des` i
		JOIN `cumplimiento` c ON c.`nId`= i.`nIdCumplimiento`
		JOIN `codigos` cod ON cod.`cCodigo`=c.`nTipo` AND cod.`cValor`=i.`nValor`
 		WHERE `nIdInforme`=131 AND i.`nIdCumplimiento`=5
		AND i.nFlag = 0
[Wed, 17 Nov 2021 16:29:24 +0000] succes 401: INSERT INTO inf_cumplimiento_img(`nIdInforme`,`nIdCumplimiento`,cruta,cNombre)
		VALUES(131,5,'uploads/131/5/36.jpg','36.jpg')
[Wed, 17 Nov 2021 16:29:24 +0000] succes 0: select * from inf_cumplimiento_img
		where nIdInforme= 131 and nIdCumplimiento= 5
[Wed, 17 Nov 2021 16:29:24 +0000] succes 402: INSERT INTO inf_cumplimiento_img(`nIdInforme`,`nIdCumplimiento`,cruta,cNombre)
		VALUES(131,5,'uploads/131/5/37.jpg','37.jpg')
[Wed, 17 Nov 2021 16:29:24 +0000] succes 0: select * from inf_cumplimiento_img
		where nIdInforme= 131 and nIdCumplimiento= 5
[Wed, 17 Nov 2021 16:29:24 +0000] succes 403: INSERT INTO inf_cumplimiento_img(`nIdInforme`,`nIdCumplimiento`,cruta,cNombre)
		VALUES(131,5,'uploads/131/5/38.jpg','38.jpg')
[Wed, 17 Nov 2021 16:29:24 +0000] succes 0: select * from inf_cumplimiento_img
		where nIdInforme= 131 and nIdCumplimiento= 5
[Wed, 17 Nov 2021 16:29:24 +0000] succes 404: INSERT INTO inf_cumplimiento_img(`nIdInforme`,`nIdCumplimiento`,cruta,cNombre)
		VALUES(131,5,'uploads/131/5/39.jpg','39.jpg')
[Wed, 17 Nov 2021 16:29:24 +0000] succes 0: select * from inf_cumplimiento_img
		where nIdInforme= 131 and nIdCumplimiento= 5
[Wed, 17 Nov 2021 16:29:24 +0000] succes 405: INSERT INTO inf_cumplimiento_img(`nIdInforme`,`nIdCumplimiento`,cruta,cNombre)
		VALUES(131,5,'uploads/131/5/40.jpg','40.jpg')
[Wed, 17 Nov 2021 16:29:24 +0000] succes 0: select * from inf_cumplimiento_img
		where nIdInforme= 131 and nIdCumplimiento= 5
[Wed, 17 Nov 2021 16:29:24 +0000] succes 406: INSERT INTO inf_cumplimiento_img(`nIdInforme`,`nIdCumplimiento`,cruta,cNombre)
		VALUES(131,5,'uploads/131/5/41.jpg','41.jpg')
[Wed, 17 Nov 2021 16:29:24 +0000] succes 0: select * from inf_cumplimiento_img
		where nIdInforme= 131 and nIdCumplimiento= 5
[Wed, 17 Nov 2021 16:30:11 +0000] succes 0: select * from informe  where nFlag=0 and nId=131
[Wed, 17 Nov 2021 16:30:11 +0000] succes 0: select * from tarea  where nFlag=0 and nId=1
[Wed, 17 Nov 2021 16:30:11 +0000] succes 0: select * from cumplimiento  where nFlag=0 and nidTarea=1
		and nOrden in (6)
		ORDER BY norden ASC LIMIT 0,1
[Wed, 17 Nov 2021 16:30:11 +0000] succes 0: select * from codigos  where nFlag=0 and cCodigo =100  AND cvalor NOT IN (100)
[Wed, 17 Nov 2021 16:30:11 +0000] succes 0: select * from codigos  where nFlag=0 and cCodigo =500  AND cvalor NOT IN (500)
[Wed, 17 Nov 2021 16:30:11 +0000] succes 0: select * from cumplimiento  where nFlag=0 and nidTarea=1
		and nId NOT IN (6) and nOrden >6
		ORDER BY norden ASC LIMIT 0,1
[Wed, 17 Nov 2021 16:30:11 +0000] succes 0: 
		SELECT  i.`nId`, i.`nIdInforme`, i.`nIdCumplimiento`,cod.`cValor` nValorTipo, c.`cNombre` Cumpliento, cod.`cDescripcion` descripcionTipo,i.`cDescripcion` detalle,i.`dCreate` 
		FROM `inf_cumplimiento_des` i
		JOIN `cumplimiento` c ON c.`nId`= i.`nIdCumplimiento`
		JOIN `codigos` cod ON cod.`cCodigo`=c.`nTipo` AND cod.`cValor`=i.`nValor`
 		WHERE `nIdInforme`=131 AND i.`nIdCumplimiento`=6
		AND i.nFlag = 0
[Wed, 17 Nov 2021 16:30:11 +0000] succes 0: select * from cumplimiento  where nFlag=0 and nidTarea=1
		 and nOrden < 6 
		ORDER BY norden desc LIMIT 0,1
[Wed, 17 Nov 2021 16:30:24 +0000] succes 0: call spt_ins_documento_detalle(
		"131",
		"6",
		"1",
		"0",
		"PERSONAL HACE USO DE ALCOHOL Y MASCARILLAS (PROTECTORES BUCONASALES COMUNITARIOS), PARA PREVENIR CONTAGIO POR COVID-19.;DEMÁS CUENTA CON AGUA PARA HIDRATARSE.")
[Wed, 17 Nov 2021 16:30:24 +0000] succes 0: 
		SELECT  i.`nId`, i.`nIdInforme`, i.`nIdCumplimiento`,cod.`cValor` nValorTipo, c.`cNombre` Cumpliento, cod.`cDescripcion` descripcionTipo,i.`cDescripcion` detalle,i.`dCreate` 
		FROM `inf_cumplimiento_des` i
		JOIN `cumplimiento` c ON c.`nId`= i.`nIdCumplimiento`
		JOIN `codigos` cod ON cod.`cCodigo`=c.`nTipo` AND cod.`cValor`=i.`nValor`
 		WHERE `nIdInforme`=131 AND i.`nIdCumplimiento`=6
		AND i.nFlag = 0
[Wed, 17 Nov 2021 16:30:40 +0000] succes 407: INSERT INTO inf_cumplimiento_img(`nIdInforme`,`nIdCumplimiento`,cruta,cNombre)
		VALUES(131,6,'uploads/131/6/42.jpg','42.jpg')
[Wed, 17 Nov 2021 16:30:40 +0000] succes 0: select * from inf_cumplimiento_img
		where nIdInforme= 131 and nIdCumplimiento= 6
[Wed, 17 Nov 2021 16:30:40 +0000] succes 408: INSERT INTO inf_cumplimiento_img(`nIdInforme`,`nIdCumplimiento`,cruta,cNombre)
		VALUES(131,6,'uploads/131/6/43.jpg','43.jpg')
[Wed, 17 Nov 2021 16:30:40 +0000] succes 0: select * from inf_cumplimiento_img
		where nIdInforme= 131 and nIdCumplimiento= 6
[Wed, 17 Nov 2021 16:30:40 +0000] succes 409: INSERT INTO inf_cumplimiento_img(`nIdInforme`,`nIdCumplimiento`,cruta,cNombre)
		VALUES(131,6,'uploads/131/6/44.jpg','44.jpg')
[Wed, 17 Nov 2021 16:30:40 +0000] succes 0: select * from inf_cumplimiento_img
		where nIdInforme= 131 and nIdCumplimiento= 6
[Wed, 17 Nov 2021 16:30:44 +0000] succes 0: select * from informe  where nFlag=0 and nId=131
[Wed, 17 Nov 2021 16:30:44 +0000] succes 0: select * from tarea  where nFlag=0 and nId=1
[Wed, 17 Nov 2021 16:30:44 +0000] succes 0: select * from cumplimiento  where nFlag=0 and nidTarea=1
		and nOrden in (7)
		ORDER BY norden ASC LIMIT 0,1
[Wed, 17 Nov 2021 16:30:44 +0000] succes 0: select * from codigos  where nFlag=0 and cCodigo =200  AND cvalor NOT IN (200)
[Wed, 17 Nov 2021 16:30:44 +0000] succes 0: select * from codigos  where nFlag=0 and cCodigo =500  AND cvalor NOT IN (500)
[Wed, 17 Nov 2021 16:30:44 +0000] succes 0: select * from cumplimiento  where nFlag=0 and nidTarea=1
		and nId NOT IN (7) and nOrden >7
		ORDER BY norden ASC LIMIT 0,1
[Wed, 17 Nov 2021 16:30:44 +0000] succes 0: 
		SELECT  i.`nId`, i.`nIdInforme`, i.`nIdCumplimiento`,cod.`cValor` nValorTipo, c.`cNombre` Cumpliento, cod.`cDescripcion` descripcionTipo,i.`cDescripcion` detalle,i.`dCreate` 
		FROM `inf_cumplimiento_des` i
		JOIN `cumplimiento` c ON c.`nId`= i.`nIdCumplimiento`
		JOIN `codigos` cod ON cod.`cCodigo`=c.`nTipo` AND cod.`cValor`=i.`nValor`
 		WHERE `nIdInforme`=131 AND i.`nIdCumplimiento`=7
		AND i.nFlag = 0
[Wed, 17 Nov 2021 16:30:44 +0000] succes 0: select * from cumplimiento  where nFlag=0 and nidTarea=1
		 and nOrden < 7 
		ORDER BY norden desc LIMIT 0,1
[Wed, 17 Nov 2021 16:31:07 +0000] succes 0: call spt_ins_documento_detalle(
		"131",
		"7",
		"1",
		"0",
		"1.	PERSONAL OPERATIVO, IMPLEMENTADO CON EPPS BÁSICOS.
2.	PERSONAL SE ENCUENTRA COBERTURADO EN PÓLIZA SCTR Y SEGURO VIDA LEY.
3.	UNIDAD MÓVIL IMPLEMENTADA
4.	CONTRATISTA CUMPLE CON CINCO REGLAS DE ORO EN ELECTRICIDAD.
5.	PERSONAL EVIDENCIA REGISTRO DE CHARLA DE CINCO MINUTOS, ORDEN DE TRABAJO, PETS E IPERC.
6.	SUPERVISOR DEL CONTRATISTA EN ZONA DE TRABAJO.")
[Wed, 17 Nov 2021 16:31:07 +0000] succes 0: 
		SELECT  i.`nId`, i.`nIdInforme`, i.`nIdCumplimiento`,cod.`cValor` nValorTipo, c.`cNombre` Cumpliento, cod.`cDescripcion` descripcionTipo,i.`cDescripcion` detalle,i.`dCreate` 
		FROM `inf_cumplimiento_des` i
		JOIN `cumplimiento` c ON c.`nId`= i.`nIdCumplimiento`
		JOIN `codigos` cod ON cod.`cCodigo`=c.`nTipo` AND cod.`cValor`=i.`nValor`
 		WHERE `nIdInforme`=131 AND i.`nIdCumplimiento`=7
		AND i.nFlag = 0
[Wed, 17 Nov 2021 16:31:49 +0000] succes 0: call spt_ins_documento_detalle(
		"131",
		"7",
		"2",
		"1",
		"1.	DOTAR DE EPP A PERSONAL OPERATIVO SEGÚN LA ACTIVIDAD A EJECUTAR Y NIVEL DE RIESGO EXPUESTO.
2.	UNIDADES MÓVILES DEBEN ESTAR EQUIPADAS FRENTE A CUALQUIER CONTINGENCIA LABORAL, ADEMÁS DE DOTAR DE BANDERINES PARA ESCALERAS.
3.	CAPACITAR A PERSONAL EN DESARROLLO DE IPERC Y/O AST, EL CUAL PERMITA AL TRABAJADOR, IDENTIFICAR EL RIESGO AL CUAL ESTÁ EXPUESTO.
4.	SUPERVISAR CONSTANTEMENTE LAS ACTIVIDADES QUE SE EJECUTA EN CAMPO, POR PARTE DE INGENIEROS DE CONTRATISTA
")
[Wed, 17 Nov 2021 16:31:49 +0000] succes 0: 
		SELECT  i.`nId`, i.`nIdInforme`, i.`nIdCumplimiento`,cod.`cValor` nValorTipo, c.`cNombre` Cumpliento, cod.`cDescripcion` descripcionTipo,i.`cDescripcion` detalle,i.`dCreate` 
		FROM `inf_cumplimiento_des` i
		JOIN `cumplimiento` c ON c.`nId`= i.`nIdCumplimiento`
		JOIN `codigos` cod ON cod.`cCodigo`=c.`nTipo` AND cod.`cValor`=i.`nValor`
 		WHERE `nIdInforme`=131 AND i.`nIdCumplimiento`=7
		AND i.nFlag = 0
[Wed, 17 Nov 2021 16:32:09 +0000] succes 0: select * from informe  where nFlag=0 and nId=131
[Wed, 17 Nov 2021 16:32:09 +0000] succes 0: select * from tarea  where nFlag=0 and nId=1
[Wed, 17 Nov 2021 16:32:09 +0000] succes 0: select * from cumplimiento  where nFlag=0 and nidTarea=1
		and nOrden in (8)
		ORDER BY norden ASC LIMIT 0,1
[Wed, 17 Nov 2021 16:32:09 +0000] succes 0: select * from codigos  where nFlag=0 and cCodigo =300  AND cvalor NOT IN (300)
[Wed, 17 Nov 2021 16:32:09 +0000] succes 0: select * from codigos  where nFlag=0 and cCodigo =500  AND cvalor NOT IN (500)
[Wed, 17 Nov 2021 16:32:09 +0000] succes 0: select * from cumplimiento  where nFlag=0 and nidTarea=1
		and nId NOT IN (8) and nOrden >8
		ORDER BY norden ASC LIMIT 0,1
[Wed, 17 Nov 2021 16:32:09 +0000] succes 0: 
		SELECT  i.`nId`, i.`nIdInforme`, i.`nIdCumplimiento`,cod.`cValor` nValorTipo, c.`cNombre` Cumpliento, cod.`cDescripcion` descripcionTipo,i.`cDescripcion` detalle,i.`dCreate` 
		FROM `inf_cumplimiento_des` i
		JOIN `cumplimiento` c ON c.`nId`= i.`nIdCumplimiento`
		JOIN `codigos` cod ON cod.`cCodigo`=c.`nTipo` AND cod.`cValor`=i.`nValor`
 		WHERE `nIdInforme`=131 AND i.`nIdCumplimiento`=8
		AND i.nFlag = 0
[Wed, 17 Nov 2021 16:32:09 +0000] succes 0: select * from cumplimiento  where nFlag=0 and nidTarea=1
		 and nOrden < 8 
		ORDER BY norden desc LIMIT 0,1
[Wed, 17 Nov 2021 16:32:31 +0000] succes 0: call spt_ins_documento_detalle(
		"131",
		"8",
		"1",
		"0",
		"1.	SE COORDINÓ CON ING. JESÚS CASTRO PISCOYA (SUPERVISOR DE SEGURIDAD) DE LA CONTRATISTA, IMPLEMENTAR RECOMENDACIONES DADAS EN EL PRESENTE INFORME DANDO CUMPLIMIENTO AL RESESATE 2013 Y NORMAS DE SEGURIDAD
")
[Wed, 17 Nov 2021 16:32:31 +0000] succes 0: 
		SELECT  i.`nId`, i.`nIdInforme`, i.`nIdCumplimiento`,cod.`cValor` nValorTipo, c.`cNombre` Cumpliento, cod.`cDescripcion` descripcionTipo,i.`cDescripcion` detalle,i.`dCreate` 
		FROM `inf_cumplimiento_des` i
		JOIN `cumplimiento` c ON c.`nId`= i.`nIdCumplimiento`
		JOIN `codigos` cod ON cod.`cCodigo`=c.`nTipo` AND cod.`cValor`=i.`nValor`
 		WHERE `nIdInforme`=131 AND i.`nIdCumplimiento`=8
		AND i.nFlag = 0
[Wed, 17 Nov 2021 16:32:47 +0000] succes 410: INSERT INTO inf_cumplimiento_img(`nIdInforme`,`nIdCumplimiento`,cruta,cNombre)
		VALUES(131,8,'uploads/131/8/45.jpg','45.jpg')
[Wed, 17 Nov 2021 16:32:47 +0000] succes 0: select * from inf_cumplimiento_img
		where nIdInforme= 131 and nIdCumplimiento= 8
[Wed, 17 Nov 2021 16:33:00 +0000] succes 0: select * from informe  where nFlag=0 and nId=131
[Wed, 17 Nov 2021 16:33:00 +0000] succes 0: select * from tarea  where nFlag=0 and nId=1
[Wed, 17 Nov 2021 16:33:00 +0000] succes 0: select * from cumplimiento  where nFlag=0 and nidTarea=1
		and nOrden in (9)
		ORDER BY norden ASC LIMIT 0,1
[Wed, 17 Nov 2021 16:33:00 +0000] succes 0: select * from codigos  where nFlag=0 and cCodigo =400  AND cvalor NOT IN (400)
[Wed, 17 Nov 2021 16:33:00 +0000] succes 0: select * from codigos  where nFlag=0 and cCodigo =500  AND cvalor NOT IN (500)
[Wed, 17 Nov 2021 16:33:00 +0000] succes 0: select * from cumplimiento  where nFlag=0 and nidTarea=1
		and nId NOT IN (9) and nOrden >9
		ORDER BY norden ASC LIMIT 0,1
[Wed, 17 Nov 2021 16:33:00 +0000] succes 0: 
		SELECT  i.`nId`, i.`nIdInforme`, i.`nIdCumplimiento`,cod.`cValor` nValorTipo, c.`cNombre` Cumpliento, cod.`cDescripcion` descripcionTipo,i.`cDescripcion` detalle,i.`dCreate` 
		FROM `inf_cumplimiento_des` i
		JOIN `cumplimiento` c ON c.`nId`= i.`nIdCumplimiento`
		JOIN `codigos` cod ON cod.`cCodigo`=c.`nTipo` AND cod.`cValor`=i.`nValor`
 		WHERE `nIdInforme`=131 AND i.`nIdCumplimiento`=9
		AND i.nFlag = 0
[Wed, 17 Nov 2021 16:33:00 +0000] succes 0: select * from cumplimiento  where nFlag=0 and nidTarea=1
		 and nOrden < 9 
		ORDER BY norden desc LIMIT 0,1
[Wed, 17 Nov 2021 16:33:00 +0000] succes 0: select * from informe  where nFlag=0 and nId=131
[Wed, 17 Nov 2021 16:33:00 +0000] succes 0: select * from tipo_vehiculo  where nFlag=0
[Wed, 17 Nov 2021 16:33:00 +0000] succes 0: SELECT c.nIdTarea, c.`nId`,c.`cCodigo`,c.`cNombre`,c.`nModelo`  FROM `informe` i
		JOIN `cumplimiento` c ON c.`nIdTarea`= i.`nIdTarea`
		WHERE i.NID=131 AND c.nFlag = 0
[Wed, 17 Nov 2021 16:33:00 +0000] succes 0: SELECT CONCAT(p.`cApellidos`, ' ',p.`cNombres`)'Descripcion',ec.`nIdEmpresa`,ect.`nId`, ec.`nId` nIdCargo, ec.`cCargo` FROM  
		`empresa_cargo_trabajador` ect
		JOIN `empresa_cargo` ec ON ec.`nId`=ect.`nIdEmpresa_Cargo`
		JOIN `persona` p ON p.`nId`=ect.`nIdPersona`
		WHERE ec.nIdEmpresa = 6
		
[Wed, 17 Nov 2021 16:33:00 +0000] succes 0: SELECT eno.`nId`, CONCAT("(",eno.`cValor`,")",en.`cDescripcion`," / ", eno.`cObservacion`) cDescripcion,en.nTipo FROM `empresa_normas` en
			JOIN `empresa_normas_observacion` eno ON eno.`nId_empresa_norma`=en.nid
		
[Wed, 17 Nov 2021 16:33:00 +0000] succes 0: SELECT e.`nId`, CONCAT(cPlaca,' / ',cNombre) cDescripcion FROM `empresa_vehiculo` e
		JOIN `tipo_vehiculo` t ON e.`nTipoVehiculo`=t.`nId`
		WHERE e.nIdEmpresa = 6 AND IFNULL(e.nFlag, 0) = 0
[Wed, 17 Nov 2021 16:33:04 +0000] succes 0: SELECT it.`nId`, p.`cNombres`,p.`cApellidos`,ec.`cCargo`, IF(eno.`nId` IS NULL, '', eno.`nId`) nCodigo, IF(eno.`cValor` IS NULL, '', eno.`cValor`) cCodigo FROM `informe` i
		JOIN `inf_trabajadoressupervisados_det` it ON it.`nIdInforme`=i.`nId`
		JOIN `empresa_cargo_trabajador` ect ON ect.`nId`=it.`nId_E_C_T`
		JOIN `empresa_cargo` ec ON ect.`nIdEmpresa_Cargo`=ec.`nId`
		JOIN persona p ON p.`nId`=ect.`nIdPersona`
		LEFT JOIN `empresa_normas` en ON en.`nIdEmpresa`= i.`nIdEmpresa`
		LEFT JOIN `empresa_normas_observacion` eno ON eno.`nId_empresa_norma`=en.`nId` AND eno.`nId`=it.`nId_emp_nor_obs`
		WHERE it.nIdInforme = 131 AND it.nFlag = 0 /*AND eno.nFlag = 0*/
[Wed, 17 Nov 2021 16:33:32 +0000] succes 0: SELECT EC.`nId`, E.`cNombre`,EC.`cCargo` FROM `empresa` E 
		INNER JOIN `empresa_cargo` EC ON E.`nId`=EC.`nIdEmpresa` 
		WHERE E.`nId` = 6 
[Wed, 17 Nov 2021 16:33:49 +0000] succes 0: select * from persona  where cDoi="0000000"
[Wed, 17 Nov 2021 16:33:49 +0000] succes 0: call stp_ins_responsable(
		"0000000",
		"CASTRO",
		"RUIZ MANUEL",
		"6");
[Wed, 17 Nov 2021 16:33:49 +0000] succes 36: INSERT INTO `empresa_cargo_trabajador`(`nIdEmpresa_Cargo`, `nIdPersona`, `nFlag`) VALUES(31, 90, 0)
[Wed, 17 Nov 2021 16:33:49 +0000] succes 0: SELECT CONCAT(p.`cApellidos`, ' ',p.`cNombres`)'Descripcion',ec.`nIdEmpresa`,ect.`nId`, ec.`nId` nIdCargo, ec.`cCargo` FROM  
		`empresa_cargo_trabajador` ect
		JOIN `empresa_cargo` ec ON ec.`nId`=ect.`nIdEmpresa_Cargo`
		JOIN `persona` p ON p.`nId`=ect.`nIdPersona`
		WHERE ec.nIdEmpresa = 6
		
[Wed, 17 Nov 2021 16:34:13 +0000] succes 0: SELECT EC.`nId`, E.`cNombre`,EC.`cCargo` FROM `empresa` E 
		INNER JOIN `empresa_cargo` EC ON E.`nId`=EC.`nIdEmpresa` 
		WHERE E.`nId` = 6 
[Wed, 17 Nov 2021 16:34:16 +0000] succes 0: select * from persona  where cDoi="0000000"
[Wed, 17 Nov 2021 16:34:58 +0000] succes 0: SELECT EC.`nId`, E.`cNombre`,EC.`cCargo` FROM `empresa` E 
		INNER JOIN `empresa_cargo` EC ON E.`nId`=EC.`nIdEmpresa` 
		WHERE E.`nId` = 6 
[Wed, 17 Nov 2021 16:35:03 +0000] succes 0: select * from persona  where cDoi="0000000"
[Wed, 17 Nov 2021 16:35:35 +0000] succes 0: SELECT EC.`nId`, E.`cNombre`,EC.`cCargo` FROM `empresa` E 
		INNER JOIN `empresa_cargo` EC ON E.`nId`=EC.`nIdEmpresa` 
		WHERE E.`nId` = 6 
[Wed, 17 Nov 2021 16:35:37 +0000] succes 0: select * from persona  where cDoi="0000000"
[Wed, 17 Nov 2021 16:36:23 +0000] succes 0: SELECT EC.`nId`, E.`cNombre`,EC.`cCargo` FROM `empresa` E 
		INNER JOIN `empresa_cargo` EC ON E.`nId`=EC.`nIdEmpresa` 
		WHERE E.`nId` = 6 
[Wed, 17 Nov 2021 16:36:26 +0000] succes 0: select * from persona  where cDoi="0000000"
[Wed, 17 Nov 2021 16:36:51 +0000] succes 0: select * from empresa where nFlag = 0
[Wed, 17 Nov 2021 16:36:51 +0000] succes 0: SELECT `nId`, `cDoi`, `cNombres`, `cApellidos` FROM persona WHERE `nEstado` = 1
[Wed, 17 Nov 2021 16:36:51 +0000] succes 0: SELECT e.cNombre, p.cNombres, p.cApellidos, p.cDoi, ec.cCargo
		FROM `empresa_cargo_trabajador` et
		INNER JOIN `persona` p ON et.nIdPersona = p.nId
		INNER JOIN `empresa_cargo` ec ON et.nIdEmpresa_Cargo = ec.nId
		INNER JOIN `empresa` e ON ec.nIdEmpresa = e.nId
		WHERE et.nFlag = 0
[Wed, 17 Nov 2021 16:36:51 +0000] succes 0: SELECT ec.`nId`, e.`cNombre`, ec.`cCargo` FROM empresa e
		INNER JOIN empresa_cargo ec ON e.`nId`= ec.`nIdEmpresa`
		WHERE e.`nId` = 1 and ec.`nFlag` = 0
[Wed, 17 Nov 2021 16:36:56 +0000] succes 0: SELECT ec.`nId`, e.`cNombre`, ec.`cCargo` FROM empresa e
		INNER JOIN empresa_cargo ec ON e.`nId`= ec.`nIdEmpresa`
		WHERE e.`nId` = 6 and ec.`nFlag` = 0
[Wed, 17 Nov 2021 16:37:46 +0000] succes 0: call spt_sel_obtienedocumento (19)
[Wed, 17 Nov 2021 16:37:53 +0000] succes 0: select * from informe  where nFlag=0 and nId=131
[Wed, 17 Nov 2021 16:37:53 +0000] succes 0: select * from tarea  where nFlag=0 and nId=1
[Wed, 17 Nov 2021 16:37:53 +0000] succes 0: select * from tipo_vehiculo  where nFlag=0
[Wed, 17 Nov 2021 16:37:53 +0000] succes 0: SELECT c.nIdTarea, c.`nId`,c.`cCodigo`,c.`cNombre`,c.`nModelo`  FROM `informe` i
		JOIN `cumplimiento` c ON c.`nIdTarea`= i.`nIdTarea`
		WHERE i.NID=131 AND c.nFlag = 0
[Wed, 17 Nov 2021 16:37:53 +0000] succes 0: SELECT CONCAT(p.`cApellidos`, ' ',p.`cNombres`)'Descripcion',ec.`nIdEmpresa`,ect.`nId`, ec.`nId` nIdCargo, ec.`cCargo` FROM  
		`empresa_cargo_trabajador` ect
		JOIN `empresa_cargo` ec ON ec.`nId`=ect.`nIdEmpresa_Cargo`
		JOIN `persona` p ON p.`nId`=ect.`nIdPersona`
		WHERE ec.nIdEmpresa = 6
		
[Wed, 17 Nov 2021 16:37:53 +0000] succes 0: SELECT eno.`nId`, CONCAT("(",eno.`cValor`,")",en.`cDescripcion`," / ", eno.`cObservacion`) cDescripcion,en.nTipo FROM `empresa_normas` en
			JOIN `empresa_normas_observacion` eno ON eno.`nId_empresa_norma`=en.nid
		
[Wed, 17 Nov 2021 16:37:53 +0000] succes 0: SELECT e.`nId`, CONCAT(cPlaca,' / ',cNombre) cDescripcion FROM `empresa_vehiculo` e
		JOIN `tipo_vehiculo` t ON e.`nTipoVehiculo`=t.`nId`
		WHERE e.nIdEmpresa = 6 AND IFNULL(e.nFlag, 0) = 0
[Wed, 17 Nov 2021 16:37:53 +0000] succes 0: select * from codigos  where nFlag=0 and cCodigo =500  AND cvalor NOT IN (500)
[Wed, 17 Nov 2021 16:38:02 +0000] succes 0: 
		SELECT  i.`nId`, i.`nIdInforme`, i.`nIdCumplimiento`,cod.`cValor` nValorTipo, c.`cNombre` Cumpliento, cod.`cDescripcion` descripcionTipo,i.`cDescripcion` detalle,i.`dCreate` 
		FROM `inf_cumplimiento_des` i
		JOIN `cumplimiento` c ON c.`nId`= i.`nIdCumplimiento`
		JOIN `codigos` cod ON cod.`cCodigo`=c.`nTipo` AND cod.`cValor`=i.`nValor`
 		WHERE `nIdInforme`=131 AND i.`nIdCumplimiento`=9
		AND i.nFlag = 0
[Wed, 17 Nov 2021 16:38:03 +0000] succes 0: select * from informe  where nFlag=0 and nId=131
[Wed, 17 Nov 2021 16:38:03 +0000] succes 0: select * from tarea  where nFlag=0 and nId=1
[Wed, 17 Nov 2021 16:38:03 +0000] succes 0: select * from cumplimiento  where nFlag=0 and nidTarea=1
		and nId in (9)
		ORDER BY norden ASC LIMIT 0,1
[Wed, 17 Nov 2021 16:38:03 +0000] succes 0: select * from codigos  where nFlag=0 and cCodigo =400  AND cvalor NOT IN (400)
[Wed, 17 Nov 2021 16:38:23 +0000] succes 0: call spt_ins_documento_detalle(
		"131",
		"9",
		"1",
		"0",
		"SERVICIO DE MANTENIMIENTO DEL SISTEMA DE DISTRIBUCIÓN DE MEDIA TENSIÓN, DE SUBESTACIONES, DE BAJA TENSIÓN, ALUMBRADO PÚBLICO Y ACTIVIDADES TÉCNICO COMERCIALES PERIODO 2019 – 2022, EN LA UNIDAD DE NEGOCIOS SUCURSALES – ELECTRONORTE S.A.")
[Wed, 17 Nov 2021 16:38:23 +0000] succes 0: 
		SELECT  i.`nId`, i.`nIdInforme`, i.`nIdCumplimiento`,cod.`cValor` nValorTipo, c.`cNombre` Cumpliento, cod.`cDescripcion` descripcionTipo,i.`cDescripcion` detalle,i.`dCreate` 
		FROM `inf_cumplimiento_des` i
		JOIN `cumplimiento` c ON c.`nId`= i.`nIdCumplimiento`
		JOIN `codigos` cod ON cod.`cCodigo`=c.`nTipo` AND cod.`cValor`=i.`nValor`
 		WHERE `nIdInforme`=131 AND i.`nIdCumplimiento`=9
		AND i.nFlag = 0
[Wed, 17 Nov 2021 16:38:54 +0000] succes 0: call spt_ins_documento_detalle(
		"131",
		"9",
		"2",
		"1",
		"ING. JUAN VILCHEZ SANTISTEBAN ")
[Wed, 17 Nov 2021 16:38:54 +0000] succes 0: 
		SELECT  i.`nId`, i.`nIdInforme`, i.`nIdCumplimiento`,cod.`cValor` nValorTipo, c.`cNombre` Cumpliento, cod.`cDescripcion` descripcionTipo,i.`cDescripcion` detalle,i.`dCreate` 
		FROM `inf_cumplimiento_des` i
		JOIN `cumplimiento` c ON c.`nId`= i.`nIdCumplimiento`
		JOIN `codigos` cod ON cod.`cCodigo`=c.`nTipo` AND cod.`cValor`=i.`nValor`
 		WHERE `nIdInforme`=131 AND i.`nIdCumplimiento`=9
		AND i.nFlag = 0
[Wed, 17 Nov 2021 16:39:09 +0000] succes 0: call spt_ins_documento_detalle(
		"131",
		"9",
		"3",
		"0",
		"ING. JESUS CASTRO PISCOYA (950207320)")
[Wed, 17 Nov 2021 16:39:09 +0000] succes 0: 
		SELECT  i.`nId`, i.`nIdInforme`, i.`nIdCumplimiento`,cod.`cValor` nValorTipo, c.`cNombre` Cumpliento, cod.`cDescripcion` descripcionTipo,i.`cDescripcion` detalle,i.`dCreate` 
		FROM `inf_cumplimiento_des` i
		JOIN `cumplimiento` c ON c.`nId`= i.`nIdCumplimiento`
		JOIN `codigos` cod ON cod.`cCodigo`=c.`nTipo` AND cod.`cValor`=i.`nValor`
 		WHERE `nIdInforme`=131 AND i.`nIdCumplimiento`=9
		AND i.nFlag = 0
[Wed, 17 Nov 2021 16:39:18 +0000] succes 0: call spt_ins_documento_detalle(
		"131",
		"9",
		"4",
		"0",
		"ING. CARLOS GARCIA GONZALES (979608286)")
[Wed, 17 Nov 2021 16:39:18 +0000] succes 0: 
		SELECT  i.`nId`, i.`nIdInforme`, i.`nIdCumplimiento`,cod.`cValor` nValorTipo, c.`cNombre` Cumpliento, cod.`cDescripcion` descripcionTipo,i.`cDescripcion` detalle,i.`dCreate` 
		FROM `inf_cumplimiento_des` i
		JOIN `cumplimiento` c ON c.`nId`= i.`nIdCumplimiento`
		JOIN `codigos` cod ON cod.`cCodigo`=c.`nTipo` AND cod.`cValor`=i.`nValor`
 		WHERE `nIdInforme`=131 AND i.`nIdCumplimiento`=9
		AND i.nFlag = 0
[Wed, 17 Nov 2021 16:41:06 +0000] succes 0: SELECT it.`nId`, p.`cNombres`,p.`cApellidos`,ec.`cCargo`, IF(eno.`nId` IS NULL, '', eno.`nId`) nCodigo, IF(eno.`cValor` IS NULL, '', eno.`cValor`) cCodigo FROM `informe` i
		JOIN `inf_trabajadoressupervisados_det` it ON it.`nIdInforme`=i.`nId`
		JOIN `empresa_cargo_trabajador` ect ON ect.`nId`=it.`nId_E_C_T`
		JOIN `empresa_cargo` ec ON ect.`nIdEmpresa_Cargo`=ec.`nId`
		JOIN persona p ON p.`nId`=ect.`nIdPersona`
		LEFT JOIN `empresa_normas` en ON en.`nIdEmpresa`= i.`nIdEmpresa`
		LEFT JOIN `empresa_normas_observacion` eno ON eno.`nId_empresa_norma`=en.`nId` AND eno.`nId`=it.`nId_emp_nor_obs`
		WHERE it.nIdInforme = 131 AND it.nFlag = 0 /*AND eno.nFlag = 0*/
[Wed, 17 Nov 2021 16:41:06 +0000] succes 0: SELECT CONCAT(p.`cApellidos`, ' ',p.`cNombres`)'Descripcion',ec.`nIdEmpresa`,ect.`nId`, ec.`nId` nIdCargo, ec.`cCargo` FROM  
		`empresa_cargo_trabajador` ect
		JOIN `empresa_cargo` ec ON ec.`nId`=ect.`nIdEmpresa_Cargo`
		JOIN `persona` p ON p.`nId`=ect.`nIdPersona`
		WHERE ec.nIdEmpresa = 6
		
[Wed, 17 Nov 2021 16:41:57 +0000] succes 0: SELECT EC.`nId`, E.`cNombre`,EC.`cCargo` FROM `empresa` E 
		INNER JOIN `empresa_cargo` EC ON E.`nId`=EC.`nIdEmpresa` 
		WHERE E.`nId` = 6 
[Wed, 17 Nov 2021 16:42:07 +0000] succes 0: select * from persona  where cDoi="12345678"
[Wed, 17 Nov 2021 16:42:07 +0000] succes 0: call stp_ins_responsable(
		"12345678",
		"MANUEL",
		"CASTRO RUIZ",
		"6");
[Wed, 17 Nov 2021 16:42:07 +0000] succes 37: INSERT INTO `empresa_cargo_trabajador`(`nIdEmpresa_Cargo`, `nIdPersona`, `nFlag`) VALUES(31, 91, 0)
[Wed, 17 Nov 2021 16:42:09 +0000] succes 0: SELECT CONCAT(p.`cApellidos`, ' ',p.`cNombres`)'Descripcion',ec.`nIdEmpresa`,ect.`nId`, ec.`nId` nIdCargo, ec.`cCargo` FROM  
		`empresa_cargo_trabajador` ect
		JOIN `empresa_cargo` ec ON ec.`nId`=ect.`nIdEmpresa_Cargo`
		JOIN `persona` p ON p.`nId`=ect.`nIdPersona`
		WHERE ec.nIdEmpresa = 6
		
[Wed, 17 Nov 2021 16:42:33 +0000] succes 0: SELECT EC.`nId`, E.`cNombre`,EC.`cCargo` FROM `empresa` E 
		INNER JOIN `empresa_cargo` EC ON E.`nId`=EC.`nIdEmpresa` 
		WHERE E.`nId` = 6 
[Wed, 17 Nov 2021 16:42:38 +0000] succes 0: select * from persona  where cDoi="12345678"
[Wed, 17 Nov 2021 16:42:38 +0000] succes 0: call stp_ins_responsable(
		"12345678",
		"EDINSON",
		"RAMOS RISCO",
		"6");
[Wed, 17 Nov 2021 16:42:38 +0000] succes 38: INSERT INTO `empresa_cargo_trabajador`(`nIdEmpresa_Cargo`, `nIdPersona`, `nFlag`) VALUES(31, 92, 0)
[Wed, 17 Nov 2021 16:42:38 +0000] succes 0: SELECT CONCAT(p.`cApellidos`, ' ',p.`cNombres`)'Descripcion',ec.`nIdEmpresa`,ect.`nId`, ec.`nId` nIdCargo, ec.`cCargo` FROM  
		`empresa_cargo_trabajador` ect
		JOIN `empresa_cargo` ec ON ec.`nId`=ect.`nIdEmpresa_Cargo`
		JOIN `persona` p ON p.`nId`=ect.`nIdPersona`
		WHERE ec.nIdEmpresa = 6
		
[Wed, 17 Nov 2021 16:43:01 +0000] succes 0: SELECT EC.`nId`, E.`cNombre`,EC.`cCargo` FROM `empresa` E 
		INNER JOIN `empresa_cargo` EC ON E.`nId`=EC.`nIdEmpresa` 
		WHERE E.`nId` = 6 
[Wed, 17 Nov 2021 16:43:04 +0000] succes 0: select * from persona  where cDoi="12345678"
[Wed, 17 Nov 2021 16:43:04 +0000] succes 0: call stp_ins_responsable(
		"12345678",
		"MARCO",
		"BENITES VILCHERRES",
		"6");
[Wed, 17 Nov 2021 16:43:04 +0000] succes 39: INSERT INTO `empresa_cargo_trabajador`(`nIdEmpresa_Cargo`, `nIdPersona`, `nFlag`) VALUES(31, 93, 0)
[Wed, 17 Nov 2021 16:43:04 +0000] succes 0: SELECT CONCAT(p.`cApellidos`, ' ',p.`cNombres`)'Descripcion',ec.`nIdEmpresa`,ect.`nId`, ec.`nId` nIdCargo, ec.`cCargo` FROM  
		`empresa_cargo_trabajador` ect
		JOIN `empresa_cargo` ec ON ec.`nId`=ect.`nIdEmpresa_Cargo`
		JOIN `persona` p ON p.`nId`=ect.`nIdPersona`
		WHERE ec.nIdEmpresa = 6
		
[Wed, 17 Nov 2021 16:43:27 +0000] succes 0: SELECT EC.`nId`, E.`cNombre`,EC.`cCargo` FROM `empresa` E 
		INNER JOIN `empresa_cargo` EC ON E.`nId`=EC.`nIdEmpresa` 
		WHERE E.`nId` = 6 
[Wed, 17 Nov 2021 16:43:30 +0000] succes 0: select * from persona  where cDoi="12345678"
[Wed, 17 Nov 2021 16:43:30 +0000] succes 0: call stp_ins_responsable(
		"12345678",
		"JORGE",
		"CHAPOÑAN ANGELES",
		"6");
[Wed, 17 Nov 2021 16:43:30 +0000] succes 40: INSERT INTO `empresa_cargo_trabajador`(`nIdEmpresa_Cargo`, `nIdPersona`, `nFlag`) VALUES(31, 94, 0)
[Wed, 17 Nov 2021 16:43:31 +0000] succes 0: SELECT CONCAT(p.`cApellidos`, ' ',p.`cNombres`)'Descripcion',ec.`nIdEmpresa`,ect.`nId`, ec.`nId` nIdCargo, ec.`cCargo` FROM  
		`empresa_cargo_trabajador` ect
		JOIN `empresa_cargo` ec ON ec.`nId`=ect.`nIdEmpresa_Cargo`
		JOIN `persona` p ON p.`nId`=ect.`nIdPersona`
		WHERE ec.nIdEmpresa = 6
		
[Wed, 17 Nov 2021 16:43:52 +0000] succes 0: SELECT EC.`nId`, E.`cNombre`,EC.`cCargo` FROM `empresa` E 
		INNER JOIN `empresa_cargo` EC ON E.`nId`=EC.`nIdEmpresa` 
		WHERE E.`nId` = 6 
[Wed, 17 Nov 2021 16:44:04 +0000] succes 0: select * from persona  where cDoi="12345678"
[Wed, 17 Nov 2021 16:44:04 +0000] succes 0: call stp_ins_responsable(
		"12345678",
		"GARI ",
		"DELA CRUZ ROJAS ",
		"6");
[Wed, 17 Nov 2021 16:44:04 +0000] succes 41: INSERT INTO `empresa_cargo_trabajador`(`nIdEmpresa_Cargo`, `nIdPersona`, `nFlag`) VALUES(31, 95, 0)
[Wed, 17 Nov 2021 16:44:09 +0000] succes 0: SELECT CONCAT(p.`cApellidos`, ' ',p.`cNombres`)'Descripcion',ec.`nIdEmpresa`,ect.`nId`, ec.`nId` nIdCargo, ec.`cCargo` FROM  
		`empresa_cargo_trabajador` ect
		JOIN `empresa_cargo` ec ON ec.`nId`=ect.`nIdEmpresa_Cargo`
		JOIN `persona` p ON p.`nId`=ect.`nIdPersona`
		WHERE ec.nIdEmpresa = 6
		
[Wed, 17 Nov 2021 16:44:30 +0000] succes 0: SELECT EC.`nId`, E.`cNombre`,EC.`cCargo` FROM `empresa` E 
		INNER JOIN `empresa_cargo` EC ON E.`nId`=EC.`nIdEmpresa` 
		WHERE E.`nId` = 6 
[Wed, 17 Nov 2021 16:44:48 +0000] succes 0: select * from persona  where cDoi="12345678"
[Wed, 17 Nov 2021 16:44:48 +0000] succes 0: call stp_ins_responsable(
		"12345678",
		"HUGO ",
		"COLORADO PEREZ",
		"6");
[Wed, 17 Nov 2021 16:44:48 +0000] succes 42: INSERT INTO `empresa_cargo_trabajador`(`nIdEmpresa_Cargo`, `nIdPersona`, `nFlag`) VALUES(35, 96, 0)
[Wed, 17 Nov 2021 16:44:51 +0000] succes 0: SELECT CONCAT(p.`cApellidos`, ' ',p.`cNombres`)'Descripcion',ec.`nIdEmpresa`,ect.`nId`, ec.`nId` nIdCargo, ec.`cCargo` FROM  
		`empresa_cargo_trabajador` ect
		JOIN `empresa_cargo` ec ON ec.`nId`=ect.`nIdEmpresa_Cargo`
		JOIN `persona` p ON p.`nId`=ect.`nIdPersona`
		WHERE ec.nIdEmpresa = 6
		
[Wed, 17 Nov 2021 16:45:12 +0000] succes 0: SELECT EC.`nId`, E.`cNombre`,EC.`cCargo` FROM `empresa` E 
		INNER JOIN `empresa_cargo` EC ON E.`nId`=EC.`nIdEmpresa` 
		WHERE E.`nId` = 6 
[Wed, 17 Nov 2021 16:45:15 +0000] succes 0: SELECT EC.`nId`, E.`cNombre`,EC.`cCargo` FROM `empresa` E 
		INNER JOIN `empresa_cargo` EC ON E.`nId`=EC.`nIdEmpresa` 
		WHERE E.`nId` = 6 
[Wed, 17 Nov 2021 16:45:23 +0000] succes 0: select * from persona  where cDoi="12345678"
[Wed, 17 Nov 2021 16:45:23 +0000] succes 0: call stp_ins_responsable(
		"12345678",
		"JEINER",
		"FLORES MILIAN ",
		"6");
[Wed, 17 Nov 2021 16:45:23 +0000] succes 43: INSERT INTO `empresa_cargo_trabajador`(`nIdEmpresa_Cargo`, `nIdPersona`, `nFlag`) VALUES(31, 97, 0)
[Wed, 17 Nov 2021 16:45:23 +0000] succes 0: SELECT CONCAT(p.`cApellidos`, ' ',p.`cNombres`)'Descripcion',ec.`nIdEmpresa`,ect.`nId`, ec.`nId` nIdCargo, ec.`cCargo` FROM  
		`empresa_cargo_trabajador` ect
		JOIN `empresa_cargo` ec ON ec.`nId`=ect.`nIdEmpresa_Cargo`
		JOIN `persona` p ON p.`nId`=ect.`nIdPersona`
		WHERE ec.nIdEmpresa = 6
		
[Wed, 17 Nov 2021 16:45:49 +0000] succes 0: SELECT EC.`nId`, E.`cNombre`,EC.`cCargo` FROM `empresa` E 
		INNER JOIN `empresa_cargo` EC ON E.`nId`=EC.`nIdEmpresa` 
		WHERE E.`nId` = 6 
[Wed, 17 Nov 2021 16:45:54 +0000] succes 0: select * from persona  where cDoi="12345678"
[Wed, 17 Nov 2021 16:45:54 +0000] succes 0: call stp_ins_responsable(
		"12345678",
		"IMAN ",
		"CESAR SEMINARIO",
		"6");
[Wed, 17 Nov 2021 16:45:54 +0000] succes 44: INSERT INTO `empresa_cargo_trabajador`(`nIdEmpresa_Cargo`, `nIdPersona`, `nFlag`) VALUES(31, 98, 0)
[Wed, 17 Nov 2021 16:45:55 +0000] succes 0: SELECT CONCAT(p.`cApellidos`, ' ',p.`cNombres`)'Descripcion',ec.`nIdEmpresa`,ect.`nId`, ec.`nId` nIdCargo, ec.`cCargo` FROM  
		`empresa_cargo_trabajador` ect
		JOIN `empresa_cargo` ec ON ec.`nId`=ect.`nIdEmpresa_Cargo`
		JOIN `persona` p ON p.`nId`=ect.`nIdPersona`
		WHERE ec.nIdEmpresa = 6
		
[Wed, 17 Nov 2021 16:46:21 +0000] succes 0: SELECT EC.`nId`, E.`cNombre`,EC.`cCargo` FROM `empresa` E 
		INNER JOIN `empresa_cargo` EC ON E.`nId`=EC.`nIdEmpresa` 
		WHERE E.`nId` = 6 
[Wed, 17 Nov 2021 16:46:31 +0000] succes 0: select * from persona  where cDoi="12345678"
[Wed, 17 Nov 2021 16:46:31 +0000] succes 0: call stp_ins_responsable(
		"12345678",
		"ALEX ",
		"QUISPE ESPINOZA",
		"6");
[Wed, 17 Nov 2021 16:46:31 +0000] succes 45: INSERT INTO `empresa_cargo_trabajador`(`nIdEmpresa_Cargo`, `nIdPersona`, `nFlag`) VALUES(35, 99, 0)
[Wed, 17 Nov 2021 16:46:32 +0000] succes 0: SELECT CONCAT(p.`cApellidos`, ' ',p.`cNombres`)'Descripcion',ec.`nIdEmpresa`,ect.`nId`, ec.`nId` nIdCargo, ec.`cCargo` FROM  
		`empresa_cargo_trabajador` ect
		JOIN `empresa_cargo` ec ON ec.`nId`=ect.`nIdEmpresa_Cargo`
		JOIN `persona` p ON p.`nId`=ect.`nIdPersona`
		WHERE ec.nIdEmpresa = 6
		
[Wed, 17 Nov 2021 16:46:53 +0000] succes 0: SELECT EC.`nId`, E.`cNombre`,EC.`cCargo` FROM `empresa` E 
		INNER JOIN `empresa_cargo` EC ON E.`nId`=EC.`nIdEmpresa` 
		WHERE E.`nId` = 6 
[Wed, 17 Nov 2021 16:47:01 +0000] succes 0: select * from persona  where cDoi="12345678"
[Wed, 17 Nov 2021 16:47:01 +0000] succes 0: call stp_ins_responsable(
		"12345678",
		"MILBOR",
		"CHUICA SEMINARIO",
		"6");
[Wed, 17 Nov 2021 16:47:01 +0000] succes 46: INSERT INTO `empresa_cargo_trabajador`(`nIdEmpresa_Cargo`, `nIdPersona`, `nFlag`) VALUES(31, 100, 0)
[Wed, 17 Nov 2021 16:47:01 +0000] succes 0: SELECT CONCAT(p.`cApellidos`, ' ',p.`cNombres`)'Descripcion',ec.`nIdEmpresa`,ect.`nId`, ec.`nId` nIdCargo, ec.`cCargo` FROM  
		`empresa_cargo_trabajador` ect
		JOIN `empresa_cargo` ec ON ec.`nId`=ect.`nIdEmpresa_Cargo`
		JOIN `persona` p ON p.`nId`=ect.`nIdPersona`
		WHERE ec.nIdEmpresa = 6
		
[Wed, 17 Nov 2021 16:47:35 +0000] succes 0: UPDATE `informe` SET crutaActa ='uploads/131/46.jpg' WHERE nid =131
[Wed, 17 Nov 2021 16:47:35 +0000] succes 0: select * from informe  where nFlag=0 and nId=131
[Wed, 17 Nov 2021 16:47:50 +0000] succes 0: UPDATE `informe` SET cRutaActaReverso ='uploads/131/47.jpg' WHERE nid =131
[Wed, 17 Nov 2021 16:47:50 +0000] succes 0: select * from informe  where nFlag=0 and nId=131
[Wed, 17 Nov 2021 16:48:07 +0000] succes 0: call spt_sel_obtienedocumento (19)
[Wed, 17 Nov 2021 16:48:13 +0000] succes 0: select * from informe  where nFlag=0 and nId=131
[Wed, 17 Nov 2021 16:48:13 +0000] succes 0: select * from programa  where nFlag=0 and nId=1
[Wed, 17 Nov 2021 16:48:13 +0000] succes 0: SELECT * FROM empresa WHERE nId= 6 and nFlag = 0
[Wed, 17 Nov 2021 16:48:13 +0000] succes 0: SELECT c.nIdTarea, c.`nId`,c.`cCodigo`,c.`cNombre`,c.`nModelo`  FROM `informe` i
		JOIN `cumplimiento` c ON c.`nIdTarea`= i.`nIdTarea`
		WHERE i.NID=131 AND c.nFlag = 0
[Wed, 17 Nov 2021 16:48:13 +0000] succes 0: call stp_sel_resumen_informe(131)
[Wed, 17 Nov 2021 16:48:13 +0000] succes 0: select * from codigos  where nFlag=0 and cCodigo =400  AND cvalor NOT IN (400)
[Wed, 17 Nov 2021 16:48:13 +0000] succes 0: 
		SELECT  i.`nId`, i.`nIdInforme`, i.`nIdCumplimiento`,cod.`cValor` nValorTipo, c.`cNombre` Cumpliento, cod.`cDescripcion` descripcionTipo,i.`cDescripcion` detalle,i.`dCreate` 
		FROM `inf_cumplimiento_des` i
		JOIN `cumplimiento` c ON c.`nId`= i.`nIdCumplimiento`
		JOIN `codigos` cod ON cod.`cCodigo`=c.`nTipo` AND cod.`cValor`=i.`nValor`
 		WHERE `nIdInforme`=131 AND i.`nIdCumplimiento`=9
		AND i.nFlag = 0
[Wed, 17 Nov 2021 16:48:13 +0000] succes 0: select * from uunn WHERE `nId` = 4 AND nFlag=0
[Wed, 17 Nov 2021 16:48:13 +0000] succes 0: select * from supervision where nId = 4 AND nFlag=0
[Wed, 17 Nov 2021 16:48:13 +0000] succes 0: SELECT p.nId,p.cDoi,p.cNombres,p.cApellidos,p.cUsuario FROM `responsable`res 
		JOIN persona p on p.nId=res.nIdPersona where res.nId = '19'
[Wed, 17 Nov 2021 16:48:13 +0000] succes 0: SELECT it.`nId`, p.`cNombres`,p.`cApellidos`,ec.`cCargo`, IF(eno.`nId` IS NULL, '', eno.`nId`) nCodigo, IF(eno.`cValor` IS NULL, '', eno.`cValor`) cCodigo FROM `informe` i
		JOIN `inf_trabajadoressupervisados_det` it ON it.`nIdInforme`=i.`nId`
		JOIN `empresa_cargo_trabajador` ect ON ect.`nId`=it.`nId_E_C_T`
		JOIN `empresa_cargo` ec ON ect.`nIdEmpresa_Cargo`=ec.`nId`
		JOIN persona p ON p.`nId`=ect.`nIdPersona`
		LEFT JOIN `empresa_normas` en ON en.`nIdEmpresa`= i.`nIdEmpresa`
		LEFT JOIN `empresa_normas_observacion` eno ON eno.`nId_empresa_norma`=en.`nId` AND eno.`nId`=it.`nId_emp_nor_obs`
		WHERE it.nIdInforme = 131 AND it.nFlag = 0 /*AND eno.nFlag = 0*/
[Wed, 17 Nov 2021 16:48:13 +0000] succes 0: SELECT iv.`nId`, T.`cNombre`,tv.`cPlaca`, ENO.`cValor` FROM `informe` i
		JOIN `inf_vehiculo_det` iv ON i.`nId`=iv.`nIdInforme`
		JOIN `empresa_normas_observacion` ENO ON ENO.`nId`=iv.`nId_Emp_nor_obs`
		JOIN `empresa_vehiculo` tv ON tv.`nIdEmpresa`=  i.nIdEmpresa AND iv.nIdEmp_Veh = tv.nId
		JOIN `tipo_vehiculo` T ON T.`nId` =tv.`nTipoVehiculo`
		WHERE iv.nIdInforme = 131 AND iv.nFlag = 0 AND IFNULL(tv.nFlag, 0) = 0
[Wed, 17 Nov 2021 16:48:13 +0000] succes 0: 
		SELECT  i.`nId`, i.`nIdInforme`, i.`nIdCumplimiento`,cod.`cValor` nValorTipo, c.`cNombre` Cumpliento, cod.`cDescripcion` descripcionTipo,i.`cDescripcion` detalle,i.`dCreate` 
		FROM `inf_cumplimiento_des` i
		JOIN `cumplimiento` c ON c.`nId`= i.`nIdCumplimiento`
		JOIN `codigos` cod ON cod.`cCodigo`=c.`nTipo` AND cod.`cValor`=i.`nValor`
 		WHERE `nIdInforme`=131 AND i.`nIdCumplimiento`=1
		AND i.nFlag = 0
[Wed, 17 Nov 2021 16:48:13 +0000] succes 0: select * from inf_cumplimiento_img
		where nIdInforme= 131 and nIdCumplimiento= 1
[Wed, 17 Nov 2021 16:48:13 +0000] succes 0: 
		SELECT  i.`nId`, i.`nIdInforme`, i.`nIdCumplimiento`,cod.`cValor` nValorTipo, c.`cNombre` Cumpliento, cod.`cDescripcion` descripcionTipo,i.`cDescripcion` detalle,i.`dCreate` 
		FROM `inf_cumplimiento_des` i
		JOIN `cumplimiento` c ON c.`nId`= i.`nIdCumplimiento`
		JOIN `codigos` cod ON cod.`cCodigo`=c.`nTipo` AND cod.`cValor`=i.`nValor`
 		WHERE `nIdInforme`=131 AND i.`nIdCumplimiento`=2
		AND i.nFlag = 0
[Wed, 17 Nov 2021 16:48:13 +0000] succes 0: select * from inf_cumplimiento_img
		where nIdInforme= 131 and nIdCumplimiento= 2
[Wed, 17 Nov 2021 16:48:13 +0000] succes 0: 
		SELECT  i.`nId`, i.`nIdInforme`, i.`nIdCumplimiento`,cod.`cValor` nValorTipo, c.`cNombre` Cumpliento, cod.`cDescripcion` descripcionTipo,i.`cDescripcion` detalle,i.`dCreate` 
		FROM `inf_cumplimiento_des` i
		JOIN `cumplimiento` c ON c.`nId`= i.`nIdCumplimiento`
		JOIN `codigos` cod ON cod.`cCodigo`=c.`nTipo` AND cod.`cValor`=i.`nValor`
 		WHERE `nIdInforme`=131 AND i.`nIdCumplimiento`=3
		AND i.nFlag = 0
[Wed, 17 Nov 2021 16:48:13 +0000] succes 0: select * from inf_cumplimiento_img
		where nIdInforme= 131 and nIdCumplimiento= 3
[Wed, 17 Nov 2021 16:48:13 +0000] succes 0: 
		SELECT  i.`nId`, i.`nIdInforme`, i.`nIdCumplimiento`,cod.`cValor` nValorTipo, c.`cNombre` Cumpliento, cod.`cDescripcion` descripcionTipo,i.`cDescripcion` detalle,i.`dCreate` 
		FROM `inf_cumplimiento_des` i
		JOIN `cumplimiento` c ON c.`nId`= i.`nIdCumplimiento`
		JOIN `codigos` cod ON cod.`cCodigo`=c.`nTipo` AND cod.`cValor`=i.`nValor`
 		WHERE `nIdInforme`=131 AND i.`nIdCumplimiento`=4
		AND i.nFlag = 0
[Wed, 17 Nov 2021 16:48:13 +0000] succes 0: select * from inf_cumplimiento_img
		where nIdInforme= 131 and nIdCumplimiento= 4
[Wed, 17 Nov 2021 16:48:13 +0000] succes 0: 
		SELECT  i.`nId`, i.`nIdInforme`, i.`nIdCumplimiento`,cod.`cValor` nValorTipo, c.`cNombre` Cumpliento, cod.`cDescripcion` descripcionTipo,i.`cDescripcion` detalle,i.`dCreate` 
		FROM `inf_cumplimiento_des` i
		JOIN `cumplimiento` c ON c.`nId`= i.`nIdCumplimiento`
		JOIN `codigos` cod ON cod.`cCodigo`=c.`nTipo` AND cod.`cValor`=i.`nValor`
 		WHERE `nIdInforme`=131 AND i.`nIdCumplimiento`=5
		AND i.nFlag = 0
[Wed, 17 Nov 2021 16:48:13 +0000] succes 0: select * from inf_cumplimiento_img
		where nIdInforme= 131 and nIdCumplimiento= 5
[Wed, 17 Nov 2021 16:48:13 +0000] succes 0: 
		SELECT  i.`nId`, i.`nIdInforme`, i.`nIdCumplimiento`,cod.`cValor` nValorTipo, c.`cNombre` Cumpliento, cod.`cDescripcion` descripcionTipo,i.`cDescripcion` detalle,i.`dCreate` 
		FROM `inf_cumplimiento_des` i
		JOIN `cumplimiento` c ON c.`nId`= i.`nIdCumplimiento`
		JOIN `codigos` cod ON cod.`cCodigo`=c.`nTipo` AND cod.`cValor`=i.`nValor`
 		WHERE `nIdInforme`=131 AND i.`nIdCumplimiento`=6
		AND i.nFlag = 0
[Wed, 17 Nov 2021 16:48:13 +0000] succes 0: select * from inf_cumplimiento_img
		where nIdInforme= 131 and nIdCumplimiento= 6
[Wed, 17 Nov 2021 16:48:13 +0000] succes 0: 
		SELECT  i.`nId`, i.`nIdInforme`, i.`nIdCumplimiento`,cod.`cValor` nValorTipo, c.`cNombre` Cumpliento, cod.`cDescripcion` descripcionTipo,i.`cDescripcion` detalle,i.`dCreate` 
		FROM `inf_cumplimiento_des` i
		JOIN `cumplimiento` c ON c.`nId`= i.`nIdCumplimiento`
		JOIN `codigos` cod ON cod.`cCodigo`=c.`nTipo` AND cod.`cValor`=i.`nValor`
 		WHERE `nIdInforme`=131 AND i.`nIdCumplimiento`=7
		AND i.nFlag = 0
[Wed, 17 Nov 2021 16:48:13 +0000] succes 0: 
		SELECT  i.`nId`, i.`nIdInforme`, i.`nIdCumplimiento`,cod.`cValor` nValorTipo, c.`cNombre` Cumpliento, cod.`cDescripcion` descripcionTipo,i.`cDescripcion` detalle,i.`dCreate` 
		FROM `inf_cumplimiento_des` i
		JOIN `cumplimiento` c ON c.`nId`= i.`nIdCumplimiento`
		JOIN `codigos` cod ON cod.`cCodigo`=c.`nTipo` AND cod.`cValor`=i.`nValor`
 		WHERE `nIdInforme`=131 AND i.`nIdCumplimiento`=8
		AND i.nFlag = 0
[Wed, 17 Nov 2021 16:48:13 +0000] succes 0: select * from inf_cumplimiento_img
		where nIdInforme= 131 and nIdCumplimiento= 8
[Wed, 17 Nov 2021 16:48:15 +0000] succes 0: CALL stp_sel_resumen_informe2 (131);
[Wed, 17 Nov 2021 16:52:01 +0000] succes 0: select * from informe  where nFlag=0 and nId=131
[Wed, 17 Nov 2021 16:52:01 +0000] succes 0: select * from programa  where nFlag=0 and nId=1
[Wed, 17 Nov 2021 16:52:01 +0000] succes 0: SELECT * FROM empresa WHERE nId= 6 and nFlag = 0
[Wed, 17 Nov 2021 16:52:01 +0000] succes 0: SELECT c.nIdTarea, c.`nId`,c.`cCodigo`,c.`cNombre`,c.`nModelo`  FROM `informe` i
		JOIN `cumplimiento` c ON c.`nIdTarea`= i.`nIdTarea`
		WHERE i.NID=131 AND c.nFlag = 0
[Wed, 17 Nov 2021 16:52:01 +0000] succes 0: call stp_sel_resumen_informe(131)
[Wed, 17 Nov 2021 16:52:01 +0000] succes 0: select * from codigos  where nFlag=0 and cCodigo =400  AND cvalor NOT IN (400)
[Wed, 17 Nov 2021 16:52:01 +0000] succes 0: 
		SELECT  i.`nId`, i.`nIdInforme`, i.`nIdCumplimiento`,cod.`cValor` nValorTipo, c.`cNombre` Cumpliento, cod.`cDescripcion` descripcionTipo,i.`cDescripcion` detalle,i.`dCreate` 
		FROM `inf_cumplimiento_des` i
		JOIN `cumplimiento` c ON c.`nId`= i.`nIdCumplimiento`
		JOIN `codigos` cod ON cod.`cCodigo`=c.`nTipo` AND cod.`cValor`=i.`nValor`
 		WHERE `nIdInforme`=131 AND i.`nIdCumplimiento`=9
		AND i.nFlag = 0
[Wed, 17 Nov 2021 16:52:01 +0000] succes 0: select * from uunn WHERE `nId` = 4 AND nFlag=0
[Wed, 17 Nov 2021 16:52:01 +0000] succes 0: select * from supervision where nId = 4 AND nFlag=0
[Wed, 17 Nov 2021 16:52:01 +0000] succes 0: SELECT p.nId,p.cDoi,p.cNombres,p.cApellidos,p.cUsuario FROM `responsable`res 
		JOIN persona p on p.nId=res.nIdPersona where res.nId = '19'
[Wed, 17 Nov 2021 16:52:01 +0000] succes 0: SELECT it.`nId`, p.`cNombres`,p.`cApellidos`,ec.`cCargo`, IF(eno.`nId` IS NULL, '', eno.`nId`) nCodigo, IF(eno.`cValor` IS NULL, '', eno.`cValor`) cCodigo FROM `informe` i
		JOIN `inf_trabajadoressupervisados_det` it ON it.`nIdInforme`=i.`nId`
		JOIN `empresa_cargo_trabajador` ect ON ect.`nId`=it.`nId_E_C_T`
		JOIN `empresa_cargo` ec ON ect.`nIdEmpresa_Cargo`=ec.`nId`
		JOIN persona p ON p.`nId`=ect.`nIdPersona`
		LEFT JOIN `empresa_normas` en ON en.`nIdEmpresa`= i.`nIdEmpresa`
		LEFT JOIN `empresa_normas_observacion` eno ON eno.`nId_empresa_norma`=en.`nId` AND eno.`nId`=it.`nId_emp_nor_obs`
		WHERE it.nIdInforme = 131 AND it.nFlag = 0 /*AND eno.nFlag = 0*/
[Wed, 17 Nov 2021 16:52:01 +0000] succes 0: SELECT iv.`nId`, T.`cNombre`,tv.`cPlaca`, ENO.`cValor` FROM `informe` i
		JOIN `inf_vehiculo_det` iv ON i.`nId`=iv.`nIdInforme`
		JOIN `empresa_normas_observacion` ENO ON ENO.`nId`=iv.`nId_Emp_nor_obs`
		JOIN `empresa_vehiculo` tv ON tv.`nIdEmpresa`=  i.nIdEmpresa AND iv.nIdEmp_Veh = tv.nId
		JOIN `tipo_vehiculo` T ON T.`nId` =tv.`nTipoVehiculo`
		WHERE iv.nIdInforme = 131 AND iv.nFlag = 0 AND IFNULL(tv.nFlag, 0) = 0
[Wed, 17 Nov 2021 16:52:01 +0000] succes 0: 
		SELECT  i.`nId`, i.`nIdInforme`, i.`nIdCumplimiento`,cod.`cValor` nValorTipo, c.`cNombre` Cumpliento, cod.`cDescripcion` descripcionTipo,i.`cDescripcion` detalle,i.`dCreate` 
		FROM `inf_cumplimiento_des` i
		JOIN `cumplimiento` c ON c.`nId`= i.`nIdCumplimiento`
		JOIN `codigos` cod ON cod.`cCodigo`=c.`nTipo` AND cod.`cValor`=i.`nValor`
 		WHERE `nIdInforme`=131 AND i.`nIdCumplimiento`=1
		AND i.nFlag = 0
[Wed, 17 Nov 2021 16:52:01 +0000] succes 0: select * from inf_cumplimiento_img
		where nIdInforme= 131 and nIdCumplimiento= 1
[Wed, 17 Nov 2021 16:52:01 +0000] succes 0: 
		SELECT  i.`nId`, i.`nIdInforme`, i.`nIdCumplimiento`,cod.`cValor` nValorTipo, c.`cNombre` Cumpliento, cod.`cDescripcion` descripcionTipo,i.`cDescripcion` detalle,i.`dCreate` 
		FROM `inf_cumplimiento_des` i
		JOIN `cumplimiento` c ON c.`nId`= i.`nIdCumplimiento`
		JOIN `codigos` cod ON cod.`cCodigo`=c.`nTipo` AND cod.`cValor`=i.`nValor`
 		WHERE `nIdInforme`=131 AND i.`nIdCumplimiento`=2
		AND i.nFlag = 0
[Wed, 17 Nov 2021 16:52:01 +0000] succes 0: select * from inf_cumplimiento_img
		where nIdInforme= 131 and nIdCumplimiento= 2
[Wed, 17 Nov 2021 16:52:01 +0000] succes 0: 
		SELECT  i.`nId`, i.`nIdInforme`, i.`nIdCumplimiento`,cod.`cValor` nValorTipo, c.`cNombre` Cumpliento, cod.`cDescripcion` descripcionTipo,i.`cDescripcion` detalle,i.`dCreate` 
		FROM `inf_cumplimiento_des` i
		JOIN `cumplimiento` c ON c.`nId`= i.`nIdCumplimiento`
		JOIN `codigos` cod ON cod.`cCodigo`=c.`nTipo` AND cod.`cValor`=i.`nValor`
 		WHERE `nIdInforme`=131 AND i.`nIdCumplimiento`=3
		AND i.nFlag = 0
[Wed, 17 Nov 2021 16:52:01 +0000] succes 0: select * from inf_cumplimiento_img
		where nIdInforme= 131 and nIdCumplimiento= 3
[Wed, 17 Nov 2021 16:52:01 +0000] succes 0: 
		SELECT  i.`nId`, i.`nIdInforme`, i.`nIdCumplimiento`,cod.`cValor` nValorTipo, c.`cNombre` Cumpliento, cod.`cDescripcion` descripcionTipo,i.`cDescripcion` detalle,i.`dCreate` 
		FROM `inf_cumplimiento_des` i
		JOIN `cumplimiento` c ON c.`nId`= i.`nIdCumplimiento`
		JOIN `codigos` cod ON cod.`cCodigo`=c.`nTipo` AND cod.`cValor`=i.`nValor`
 		WHERE `nIdInforme`=131 AND i.`nIdCumplimiento`=4
		AND i.nFlag = 0
[Wed, 17 Nov 2021 16:52:01 +0000] succes 0: select * from inf_cumplimiento_img
		where nIdInforme= 131 and nIdCumplimiento= 4
[Wed, 17 Nov 2021 16:52:01 +0000] succes 0: 
		SELECT  i.`nId`, i.`nIdInforme`, i.`nIdCumplimiento`,cod.`cValor` nValorTipo, c.`cNombre` Cumpliento, cod.`cDescripcion` descripcionTipo,i.`cDescripcion` detalle,i.`dCreate` 
		FROM `inf_cumplimiento_des` i
		JOIN `cumplimiento` c ON c.`nId`= i.`nIdCumplimiento`
		JOIN `codigos` cod ON cod.`cCodigo`=c.`nTipo` AND cod.`cValor`=i.`nValor`
 		WHERE `nIdInforme`=131 AND i.`nIdCumplimiento`=5
		AND i.nFlag = 0
[Wed, 17 Nov 2021 16:52:01 +0000] succes 0: select * from inf_cumplimiento_img
		where nIdInforme= 131 and nIdCumplimiento= 5
[Wed, 17 Nov 2021 16:52:01 +0000] succes 0: 
		SELECT  i.`nId`, i.`nIdInforme`, i.`nIdCumplimiento`,cod.`cValor` nValorTipo, c.`cNombre` Cumpliento, cod.`cDescripcion` descripcionTipo,i.`cDescripcion` detalle,i.`dCreate` 
		FROM `inf_cumplimiento_des` i
		JOIN `cumplimiento` c ON c.`nId`= i.`nIdCumplimiento`
		JOIN `codigos` cod ON cod.`cCodigo`=c.`nTipo` AND cod.`cValor`=i.`nValor`
 		WHERE `nIdInforme`=131 AND i.`nIdCumplimiento`=6
		AND i.nFlag = 0
[Wed, 17 Nov 2021 16:52:01 +0000] succes 0: select * from inf_cumplimiento_img
		where nIdInforme= 131 and nIdCumplimiento= 6
[Wed, 17 Nov 2021 16:52:01 +0000] succes 0: 
		SELECT  i.`nId`, i.`nIdInforme`, i.`nIdCumplimiento`,cod.`cValor` nValorTipo, c.`cNombre` Cumpliento, cod.`cDescripcion` descripcionTipo,i.`cDescripcion` detalle,i.`dCreate` 
		FROM `inf_cumplimiento_des` i
		JOIN `cumplimiento` c ON c.`nId`= i.`nIdCumplimiento`
		JOIN `codigos` cod ON cod.`cCodigo`=c.`nTipo` AND cod.`cValor`=i.`nValor`
 		WHERE `nIdInforme`=131 AND i.`nIdCumplimiento`=7
		AND i.nFlag = 0
[Wed, 17 Nov 2021 16:52:01 +0000] succes 0: 
		SELECT  i.`nId`, i.`nIdInforme`, i.`nIdCumplimiento`,cod.`cValor` nValorTipo, c.`cNombre` Cumpliento, cod.`cDescripcion` descripcionTipo,i.`cDescripcion` detalle,i.`dCreate` 
		FROM `inf_cumplimiento_des` i
		JOIN `cumplimiento` c ON c.`nId`= i.`nIdCumplimiento`
		JOIN `codigos` cod ON cod.`cCodigo`=c.`nTipo` AND cod.`cValor`=i.`nValor`
 		WHERE `nIdInforme`=131 AND i.`nIdCumplimiento`=8
		AND i.nFlag = 0
[Wed, 17 Nov 2021 16:52:01 +0000] succes 0: select * from inf_cumplimiento_img
		where nIdInforme= 131 and nIdCumplimiento= 8
[Wed, 17 Nov 2021 16:52:02 +0000] succes 0: CALL stp_sel_resumen_informe2 (131);
[Wed, 17 Nov 2021 16:53:00 +0000] succes 0: select * from informe  where nFlag=0 and nId=131
[Wed, 17 Nov 2021 16:53:00 +0000] succes 0: select * from programa  where nFlag=0 and nId=1
[Wed, 17 Nov 2021 16:53:00 +0000] succes 0: SELECT * FROM empresa WHERE nId= 6 and nFlag = 0
[Wed, 17 Nov 2021 16:53:00 +0000] succes 0: SELECT c.nIdTarea, c.`nId`,c.`cCodigo`,c.`cNombre`,c.`nModelo`  FROM `informe` i
		JOIN `cumplimiento` c ON c.`nIdTarea`= i.`nIdTarea`
		WHERE i.NID=131 AND c.nFlag = 0
[Wed, 17 Nov 2021 16:53:00 +0000] succes 0: call stp_sel_resumen_informe(131)
[Wed, 17 Nov 2021 16:53:00 +0000] succes 0: select * from codigos  where nFlag=0 and cCodigo =400  AND cvalor NOT IN (400)
[Wed, 17 Nov 2021 16:53:00 +0000] succes 0: 
		SELECT  i.`nId`, i.`nIdInforme`, i.`nIdCumplimiento`,cod.`cValor` nValorTipo, c.`cNombre` Cumpliento, cod.`cDescripcion` descripcionTipo,i.`cDescripcion` detalle,i.`dCreate` 
		FROM `inf_cumplimiento_des` i
		JOIN `cumplimiento` c ON c.`nId`= i.`nIdCumplimiento`
		JOIN `codigos` cod ON cod.`cCodigo`=c.`nTipo` AND cod.`cValor`=i.`nValor`
 		WHERE `nIdInforme`=131 AND i.`nIdCumplimiento`=9
		AND i.nFlag = 0
[Wed, 17 Nov 2021 16:53:00 +0000] succes 0: select * from uunn WHERE `nId` = 4 AND nFlag=0
[Wed, 17 Nov 2021 16:53:00 +0000] succes 0: select * from supervision where nId = 4 AND nFlag=0
[Wed, 17 Nov 2021 16:53:00 +0000] succes 0: SELECT p.nId,p.cDoi,p.cNombres,p.cApellidos,p.cUsuario FROM `responsable`res 
		JOIN persona p on p.nId=res.nIdPersona where res.nId = '19'
[Wed, 17 Nov 2021 16:53:00 +0000] succes 0: SELECT it.`nId`, p.`cNombres`,p.`cApellidos`,ec.`cCargo`, IF(eno.`nId` IS NULL, '', eno.`nId`) nCodigo, IF(eno.`cValor` IS NULL, '', eno.`cValor`) cCodigo FROM `informe` i
		JOIN `inf_trabajadoressupervisados_det` it ON it.`nIdInforme`=i.`nId`
		JOIN `empresa_cargo_trabajador` ect ON ect.`nId`=it.`nId_E_C_T`
		JOIN `empresa_cargo` ec ON ect.`nIdEmpresa_Cargo`=ec.`nId`
		JOIN persona p ON p.`nId`=ect.`nIdPersona`
		LEFT JOIN `empresa_normas` en ON en.`nIdEmpresa`= i.`nIdEmpresa`
		LEFT JOIN `empresa_normas_observacion` eno ON eno.`nId_empresa_norma`=en.`nId` AND eno.`nId`=it.`nId_emp_nor_obs`
		WHERE it.nIdInforme = 131 AND it.nFlag = 0 /*AND eno.nFlag = 0*/
[Wed, 17 Nov 2021 16:53:00 +0000] succes 0: SELECT iv.`nId`, T.`cNombre`,tv.`cPlaca`, ENO.`cValor` FROM `informe` i
		JOIN `inf_vehiculo_det` iv ON i.`nId`=iv.`nIdInforme`
		JOIN `empresa_normas_observacion` ENO ON ENO.`nId`=iv.`nId_Emp_nor_obs`
		JOIN `empresa_vehiculo` tv ON tv.`nIdEmpresa`=  i.nIdEmpresa AND iv.nIdEmp_Veh = tv.nId
		JOIN `tipo_vehiculo` T ON T.`nId` =tv.`nTipoVehiculo`
		WHERE iv.nIdInforme = 131 AND iv.nFlag = 0 AND IFNULL(tv.nFlag, 0) = 0
[Wed, 17 Nov 2021 16:53:00 +0000] succes 0: 
		SELECT  i.`nId`, i.`nIdInforme`, i.`nIdCumplimiento`,cod.`cValor` nValorTipo, c.`cNombre` Cumpliento, cod.`cDescripcion` descripcionTipo,i.`cDescripcion` detalle,i.`dCreate` 
		FROM `inf_cumplimiento_des` i
		JOIN `cumplimiento` c ON c.`nId`= i.`nIdCumplimiento`
		JOIN `codigos` cod ON cod.`cCodigo`=c.`nTipo` AND cod.`cValor`=i.`nValor`
 		WHERE `nIdInforme`=131 AND i.`nIdCumplimiento`=1
		AND i.nFlag = 0
[Wed, 17 Nov 2021 16:53:00 +0000] succes 0: select * from inf_cumplimiento_img
		where nIdInforme= 131 and nIdCumplimiento= 1
[Wed, 17 Nov 2021 16:53:00 +0000] succes 0: 
		SELECT  i.`nId`, i.`nIdInforme`, i.`nIdCumplimiento`,cod.`cValor` nValorTipo, c.`cNombre` Cumpliento, cod.`cDescripcion` descripcionTipo,i.`cDescripcion` detalle,i.`dCreate` 
		FROM `inf_cumplimiento_des` i
		JOIN `cumplimiento` c ON c.`nId`= i.`nIdCumplimiento`
		JOIN `codigos` cod ON cod.`cCodigo`=c.`nTipo` AND cod.`cValor`=i.`nValor`
 		WHERE `nIdInforme`=131 AND i.`nIdCumplimiento`=2
		AND i.nFlag = 0
[Wed, 17 Nov 2021 16:53:00 +0000] succes 0: select * from inf_cumplimiento_img
		where nIdInforme= 131 and nIdCumplimiento= 2
[Wed, 17 Nov 2021 16:53:00 +0000] succes 0: 
		SELECT  i.`nId`, i.`nIdInforme`, i.`nIdCumplimiento`,cod.`cValor` nValorTipo, c.`cNombre` Cumpliento, cod.`cDescripcion` descripcionTipo,i.`cDescripcion` detalle,i.`dCreate` 
		FROM `inf_cumplimiento_des` i
		JOIN `cumplimiento` c ON c.`nId`= i.`nIdCumplimiento`
		JOIN `codigos` cod ON cod.`cCodigo`=c.`nTipo` AND cod.`cValor`=i.`nValor`
 		WHERE `nIdInforme`=131 AND i.`nIdCumplimiento`=3
		AND i.nFlag = 0
[Wed, 17 Nov 2021 16:53:00 +0000] succes 0: select * from inf_cumplimiento_img
		where nIdInforme= 131 and nIdCumplimiento= 3
[Wed, 17 Nov 2021 16:53:00 +0000] succes 0: 
		SELECT  i.`nId`, i.`nIdInforme`, i.`nIdCumplimiento`,cod.`cValor` nValorTipo, c.`cNombre` Cumpliento, cod.`cDescripcion` descripcionTipo,i.`cDescripcion` detalle,i.`dCreate` 
		FROM `inf_cumplimiento_des` i
		JOIN `cumplimiento` c ON c.`nId`= i.`nIdCumplimiento`
		JOIN `codigos` cod ON cod.`cCodigo`=c.`nTipo` AND cod.`cValor`=i.`nValor`
 		WHERE `nIdInforme`=131 AND i.`nIdCumplimiento`=4
		AND i.nFlag = 0
[Wed, 17 Nov 2021 16:53:00 +0000] succes 0: select * from inf_cumplimiento_img
		where nIdInforme= 131 and nIdCumplimiento= 4
[Wed, 17 Nov 2021 16:53:00 +0000] succes 0: 
		SELECT  i.`nId`, i.`nIdInforme`, i.`nIdCumplimiento`,cod.`cValor` nValorTipo, c.`cNombre` Cumpliento, cod.`cDescripcion` descripcionTipo,i.`cDescripcion` detalle,i.`dCreate` 
		FROM `inf_cumplimiento_des` i
		JOIN `cumplimiento` c ON c.`nId`= i.`nIdCumplimiento`
		JOIN `codigos` cod ON cod.`cCodigo`=c.`nTipo` AND cod.`cValor`=i.`nValor`
 		WHERE `nIdInforme`=131 AND i.`nIdCumplimiento`=5
		AND i.nFlag = 0
[Wed, 17 Nov 2021 16:53:00 +0000] succes 0: select * from inf_cumplimiento_img
		where nIdInforme= 131 and nIdCumplimiento= 5
[Wed, 17 Nov 2021 16:53:00 +0000] succes 0: 
		SELECT  i.`nId`, i.`nIdInforme`, i.`nIdCumplimiento`,cod.`cValor` nValorTipo, c.`cNombre` Cumpliento, cod.`cDescripcion` descripcionTipo,i.`cDescripcion` detalle,i.`dCreate` 
		FROM `inf_cumplimiento_des` i
		JOIN `cumplimiento` c ON c.`nId`= i.`nIdCumplimiento`
		JOIN `codigos` cod ON cod.`cCodigo`=c.`nTipo` AND cod.`cValor`=i.`nValor`
 		WHERE `nIdInforme`=131 AND i.`nIdCumplimiento`=6
		AND i.nFlag = 0
[Wed, 17 Nov 2021 16:53:00 +0000] succes 0: select * from inf_cumplimiento_img
		where nIdInforme= 131 and nIdCumplimiento= 6
[Wed, 17 Nov 2021 16:53:00 +0000] succes 0: 
		SELECT  i.`nId`, i.`nIdInforme`, i.`nIdCumplimiento`,cod.`cValor` nValorTipo, c.`cNombre` Cumpliento, cod.`cDescripcion` descripcionTipo,i.`cDescripcion` detalle,i.`dCreate` 
		FROM `inf_cumplimiento_des` i
		JOIN `cumplimiento` c ON c.`nId`= i.`nIdCumplimiento`
		JOIN `codigos` cod ON cod.`cCodigo`=c.`nTipo` AND cod.`cValor`=i.`nValor`
 		WHERE `nIdInforme`=131 AND i.`nIdCumplimiento`=7
		AND i.nFlag = 0
[Wed, 17 Nov 2021 16:53:00 +0000] succes 0: 
		SELECT  i.`nId`, i.`nIdInforme`, i.`nIdCumplimiento`,cod.`cValor` nValorTipo, c.`cNombre` Cumpliento, cod.`cDescripcion` descripcionTipo,i.`cDescripcion` detalle,i.`dCreate` 
		FROM `inf_cumplimiento_des` i
		JOIN `cumplimiento` c ON c.`nId`= i.`nIdCumplimiento`
		JOIN `codigos` cod ON cod.`cCodigo`=c.`nTipo` AND cod.`cValor`=i.`nValor`
 		WHERE `nIdInforme`=131 AND i.`nIdCumplimiento`=8
		AND i.nFlag = 0
[Wed, 17 Nov 2021 16:53:00 +0000] succes 0: select * from inf_cumplimiento_img
		where nIdInforme= 131 and nIdCumplimiento= 8
[Wed, 17 Nov 2021 16:53:08 +0000] succes 0: CALL stp_sel_resumen_informe2 (131);
