[***INICIO: 1 ***]
[15/12/21 05:55 am] [1. FIC] :user Controller
[15/12/21 05:55 am] [2. LIN] : 1218
[15/12/21 05:55 am] [3. DES] : verifcasesion
[15/12/21 05:55 am] [4. CON] : ""
[***FIN***]
[***INICIO: 8 ***]
[15/12/21 05:55 am] [1. FIC] :/home/gqouvkku/public_html/cNorte/app/controllers/userController.php
[15/12/21 05:55 am] [2. LIN] : 1408
[15/12/21 05:55 am] [3. DES] : Undefined index: datakey
[15/12/21 05:55 am] [4. CON] : []
[***FIN***]
[***INICIO: 8 ***]
[15/12/21 05:55 am] [1. FIC] :/home/gqouvkku/public_html/cNorte/app/controllers/userController.php
[15/12/21 05:55 am] [2. LIN] : 1409
[15/12/21 05:55 am] [3. DES] : Undefined index: dataInicia
[15/12/21 05:55 am] [4. CON] : {"idInforme":null}
[***FIN***]
[***INICIO: 8 ***]
[15/12/21 05:55 am] [1. FIC] :/home/gqouvkku/public_html/cNorte/app/controllers/userController.php
[15/12/21 05:55 am] [2. LIN] : 1410
[15/12/21 05:55 am] [3. DES] : Undefined index: dataTotal
[15/12/21 05:55 am] [4. CON] : {"idInforme":null,"nSeccion":null}
[***FIN***]
[***INICIO: 2 ***]
[15/12/21 05:56 am] [1. FIC] :/home/gqouvkku/public_html/cNorte/app/core/Executor.php
[15/12/21 05:56 am] [2. LIN] : 20
[15/12/21 05:56 am] [3. DES] : A non-numeric value encountered
[15/12/21 05:56 am] [4. CON] : {"sql":"select * from persona  where cDoi=\"71856984\"","con":{"affected_rows":null,"client_info":null,"client_version":null,"connect_errno":null,"connect_error":null,"errno":null,"error":null,"error_list":null,"field_count":null,"host_info":null,"info":null,"insert_id":null,"server_info":null,"server_version":null,"sqlstate":null,"protocol_version":null,"thread_id":null,"warning_count":null},"resultado":{"current_field":null,"field_count":null,"lengths":null,"num_rows":null,"type":null},"temp":{"current_field":null,"field_count":null,"lengths":null,"num_rows":null,"type":null},"id_gen":0}
[***FIN***]
[***INICIO: 2 ***]
[15/12/21 05:56 am] [1. FIC] :/home/gqouvkku/public_html/cNorte/app/core/Executor.php
[15/12/21 05:56 am] [2. LIN] : 20
[15/12/21 05:56 am] [3. DES] : A non-numeric value encountered
[15/12/21 05:56 am] [4. CON] : {"sql":"call spt_sel_all_User('3')","con":{"affected_rows":null,"client_info":null,"client_version":null,"connect_errno":null,"connect_error":null,"errno":null,"error":null,"error_list":null,"field_count":null,"host_info":null,"info":null,"insert_id":null,"server_info":null,"server_version":null,"sqlstate":null,"protocol_version":null,"thread_id":null,"warning_count":null},"resultado":{"current_field":null,"field_count":null,"lengths":null,"num_rows":null,"type":null},"temp":{"current_field":null,"field_count":null,"lengths":null,"num_rows":null,"type":null},"id_gen":0}
[***FIN***]
[***INICIO: 2 ***]
[15/12/21 05:56 am] [1. FIC] :/home/gqouvkku/public_html/cNorte/app/core/Executor.php
[15/12/21 05:56 am] [2. LIN] : 20
[15/12/21 05:56 am] [3. DES] : A non-numeric value encountered
[15/12/21 05:56 am] [4. CON] : {"sql":"call spt_sel_obtienedocumento (3)","con":{"affected_rows":null,"client_info":null,"client_version":null,"connect_errno":null,"connect_error":null,"errno":null,"error":null,"error_list":null,"field_count":null,"host_info":null,"info":null,"insert_id":null,"server_info":null,"server_version":null,"sqlstate":null,"protocol_version":null,"thread_id":null,"warning_count":null},"resultado":{"current_field":null,"field_count":null,"lengths":null,"num_rows":null,"type":null},"temp":{"current_field":null,"field_count":null,"lengths":null,"num_rows":null,"type":null},"id_gen":0}
[***FIN***]
