[Thu, 16 Dec 2021 03:02:23 +0000] succes 0: call spt_sel_obtienedocumento (3)
[Thu, 16 Dec 2021 03:02:50 +0000] succes 0: select * from informe  where nFlag=0 and nId=158
[Thu, 16 Dec 2021 03:02:50 +0000] succes 0: select * from tarea  where nFlag=0 and nId=1
[Thu, 16 Dec 2021 03:02:50 +0000] succes 0: select * from tipo_vehiculo  where nFlag=0
[Thu, 16 Dec 2021 03:02:50 +0000] succes 0: SELECT c.nIdTarea, c.`nId`,c.`cCodigo`,c.`cNombre`,c.`nModelo`  FROM `informe` i
		JOIN `cumplimiento` c ON c.`nIdTarea`= i.`nIdTarea`
		WHERE i.nId=158 AND c.nFlag = 0
[Thu, 16 Dec 2021 03:02:50 +0000] succes 0: SELECT CONCAT(p.`cApellidos`, ' ',p.`cNombres`)'Descripcion',ec.`nIdEmpresa`,ect.`nId`, ec.`nId` nIdCargo, ec.`cCargo` FROM  
		`empresa_cargo_trabajador` ect
		JOIN `empresa_cargo` ec ON ec.`nId`=ect.`nIdEmpresa_Cargo`
		JOIN `persona` p ON p.`nId`=ect.`nIdPersona`
		WHERE ec.nIdEmpresa = 8
		
[Thu, 16 Dec 2021 03:02:50 +0000] succes 0: SELECT eno.`nId`, CONCAT("(",eno.`cValor`,")",en.`cDescripcion`," / ", eno.`cObservacion`) cDescripcion,en.nTipo FROM `empresa_normas` en
			JOIN `empresa_normas_observacion` eno ON eno.`nId_empresa_norma`=en.nid
		
[Thu, 16 Dec 2021 03:02:50 +0000] succes 0: SELECT e.`nId`, CONCAT(cPlaca,' / ',cNombre) cDescripcion FROM `empresa_vehiculo` e
		JOIN `tipo_vehiculo` t ON e.`nTipoVehiculo`=t.`nId`
		WHERE e.nIdEmpresa = 8 AND IFNULL(e.nFlag, 0) = 0
[Thu, 16 Dec 2021 03:02:50 +0000] succes 0: select * from codigos  where nFlag=0 and cCodigo =500  AND cvalor NOT IN (500)
[Thu, 16 Dec 2021 03:02:53 +0000] succes 0: select * from inf_cumplimiento_img
		where nIdInforme= 158 and nIdCumplimiento= 21
[Thu, 16 Dec 2021 03:02:55 +0000] succes 0: call spt_sel_obtienedocumento (3)
[Thu, 16 Dec 2021 03:03:00 +0000] succes 0: select * from informe  where nFlag=0 and nId=126
[Thu, 16 Dec 2021 03:03:00 +0000] succes 0: select * from tarea  where nFlag=0 and nId=1
[Thu, 16 Dec 2021 03:03:00 +0000] succes 0: select * from tipo_vehiculo  where nFlag=0
[Thu, 16 Dec 2021 03:03:00 +0000] succes 0: SELECT c.nIdTarea, c.`nId`,c.`cCodigo`,c.`cNombre`,c.`nModelo`  FROM `informe` i
		JOIN `cumplimiento` c ON c.`nIdTarea`= i.`nIdTarea`
		WHERE i.nId=126 AND c.nFlag = 0
[Thu, 16 Dec 2021 03:03:00 +0000] succes 0: SELECT CONCAT(p.`cApellidos`, ' ',p.`cNombres`)'Descripcion',ec.`nIdEmpresa`,ect.`nId`, ec.`nId` nIdCargo, ec.`cCargo` FROM  
		`empresa_cargo_trabajador` ect
		JOIN `empresa_cargo` ec ON ec.`nId`=ect.`nIdEmpresa_Cargo`
		JOIN `persona` p ON p.`nId`=ect.`nIdPersona`
		WHERE ec.nIdEmpresa = 13
		
[Thu, 16 Dec 2021 03:03:00 +0000] succes 0: SELECT eno.`nId`, CONCAT("(",eno.`cValor`,")",en.`cDescripcion`," / ", eno.`cObservacion`) cDescripcion,en.nTipo FROM `empresa_normas` en
			JOIN `empresa_normas_observacion` eno ON eno.`nId_empresa_norma`=en.nid
		
[Thu, 16 Dec 2021 03:03:00 +0000] succes 0: SELECT e.`nId`, CONCAT(cPlaca,' / ',cNombre) cDescripcion FROM `empresa_vehiculo` e
		JOIN `tipo_vehiculo` t ON e.`nTipoVehiculo`=t.`nId`
		WHERE e.nIdEmpresa = 13 AND IFNULL(e.nFlag, 0) = 0
[Thu, 16 Dec 2021 03:03:00 +0000] succes 0: select * from codigos  where nFlag=0 and cCodigo =500  AND cvalor NOT IN (500)
[Thu, 16 Dec 2021 03:03:02 +0000] succes 0: select * from inf_cumplimiento_img
		where nIdInforme= 126 and nIdCumplimiento= 21
[Thu, 16 Dec 2021 03:03:06 +0000] succes 0: select * from informe  where nFlag=0 and nId=126
[Thu, 16 Dec 2021 03:03:06 +0000] succes 0: select * from tarea  where nFlag=0 and nId=1
[Thu, 16 Dec 2021 03:03:06 +0000] succes 0: select * from tipo_vehiculo  where nFlag=0
[Thu, 16 Dec 2021 03:03:06 +0000] succes 0: SELECT c.nIdTarea, c.`nId`,c.`cCodigo`,c.`cNombre`,c.`nModelo`  FROM `informe` i
		JOIN `cumplimiento` c ON c.`nIdTarea`= i.`nIdTarea`
		WHERE i.nId=126 AND c.nFlag = 0
[Thu, 16 Dec 2021 03:03:06 +0000] succes 0: SELECT CONCAT(p.`cApellidos`, ' ',p.`cNombres`)'Descripcion',ec.`nIdEmpresa`,ect.`nId`, ec.`nId` nIdCargo, ec.`cCargo` FROM  
		`empresa_cargo_trabajador` ect
		JOIN `empresa_cargo` ec ON ec.`nId`=ect.`nIdEmpresa_Cargo`
		JOIN `persona` p ON p.`nId`=ect.`nIdPersona`
		WHERE ec.nIdEmpresa = 13
		
[Thu, 16 Dec 2021 03:03:06 +0000] succes 0: SELECT eno.`nId`, CONCAT("(",eno.`cValor`,")",en.`cDescripcion`," / ", eno.`cObservacion`) cDescripcion,en.nTipo FROM `empresa_normas` en
			JOIN `empresa_normas_observacion` eno ON eno.`nId_empresa_norma`=en.nid
		
[Thu, 16 Dec 2021 03:03:06 +0000] succes 0: SELECT e.`nId`, CONCAT(cPlaca,' / ',cNombre) cDescripcion FROM `empresa_vehiculo` e
		JOIN `tipo_vehiculo` t ON e.`nTipoVehiculo`=t.`nId`
		WHERE e.nIdEmpresa = 13 AND IFNULL(e.nFlag, 0) = 0
[Thu, 16 Dec 2021 03:03:06 +0000] succes 0: select * from codigos  where nFlag=0 and cCodigo =500  AND cvalor NOT IN (500)
[Thu, 16 Dec 2021 03:03:39 +0000] succes 0: select * from inf_cumplimiento_img
		where nIdInforme= 126 and nIdCumplimiento= 21
[Thu, 16 Dec 2021 03:04:06 +0000] succes 0: DELETE FROM inf_cumplimiento_img
		where nIdInforme= 126 and nId= 608
[Thu, 16 Dec 2021 03:04:06 +0000] succes 0: select * from inf_cumplimiento_img
		where nIdInforme= 126 and nIdCumplimiento= 21
[Thu, 16 Dec 2021 03:05:01 +0000] succes 719: INSERT INTO inf_cumplimiento_img(`nIdInforme`,`nIdCumplimiento`,cruta,cNombre)
		VALUES(126,21,'uploads/126/21ct-3.jpg','ct-3.jpg')
[Thu, 16 Dec 2021 03:05:01 +0000] succes 0: select * from inf_cumplimiento_img
		where nIdInforme= 126 and nIdCumplimiento= 21
[Thu, 16 Dec 2021 03:05:02 +0000] succes 0: select * from persona  where cDoi="44174808"
[Thu, 16 Dec 2021 03:05:08 +0000] succes 0: call spt_sel_all_User('18')
[Thu, 16 Dec 2021 03:05:11 +0000] succes 0: call spt_sel_obtienedocumento (18)
[Thu, 16 Dec 2021 03:05:14 +0000] succes 0: SELECT it.`nId`, p.`cNombres`,p.`cApellidos`,ec.`cCargo`, IF(eno.`nId` IS NULL, '', eno.`nId`) nCodigo, IF(eno.`cValor` IS NULL, '', eno.`cValor`) cCodigo FROM `informe` i
		JOIN `inf_trabajadoressupervisados_det` it ON it.`nIdInforme`=i.`nId`
		JOIN `empresa_cargo_trabajador` ect ON ect.`nId`=it.`nId_E_C_T`
		JOIN `empresa_cargo` ec ON ect.`nIdEmpresa_Cargo`=ec.`nId`
		JOIN persona p ON p.`nId`=ect.`nIdPersona`
		INNER JOIN `empresa_normas` en ON en.`nIdEmpresa`= en.`nIdEmpresa`
		INNER JOIN `empresa_normas_observacion` eno ON eno.`nId_empresa_norma`=en.`nId` AND eno.`nId`=it.`nId_emp_nor_obs`
		WHERE it.nIdInforme = 126 AND it.nFlag = 0 /*AND eno.nFlag = 0*/
[Thu, 16 Dec 2021 03:05:14 +0000] succes 0: SELECT CONCAT(p.`cApellidos`, ' ',p.`cNombres`)'Descripcion',ec.`nIdEmpresa`,ect.`nId`, ec.`nId` nIdCargo, ec.`cCargo` FROM  
		`empresa_cargo_trabajador` ect
		JOIN `empresa_cargo` ec ON ec.`nId`=ect.`nIdEmpresa_Cargo`
		JOIN `persona` p ON p.`nId`=ect.`nIdPersona`
		WHERE ec.nIdEmpresa = 13
		
[Thu, 16 Dec 2021 03:05:15 +0000] succes 0: select * from informe  where nFlag=0 and nId=143
[Thu, 16 Dec 2021 03:05:15 +0000] succes 0: select * from tarea  where nFlag=0 and nId=1
[Thu, 16 Dec 2021 03:05:15 +0000] succes 0: select * from tipo_vehiculo  where nFlag=0
[Thu, 16 Dec 2021 03:05:15 +0000] succes 0: SELECT c.nIdTarea, c.`nId`,c.`cCodigo`,c.`cNombre`,c.`nModelo`  FROM `informe` i
		JOIN `cumplimiento` c ON c.`nIdTarea`= i.`nIdTarea`
		WHERE i.nId=143 AND c.nFlag = 0
[Thu, 16 Dec 2021 03:05:15 +0000] succes 0: SELECT CONCAT(p.`cApellidos`, ' ',p.`cNombres`)'Descripcion',ec.`nIdEmpresa`,ect.`nId`, ec.`nId` nIdCargo, ec.`cCargo` FROM  
		`empresa_cargo_trabajador` ect
		JOIN `empresa_cargo` ec ON ec.`nId`=ect.`nIdEmpresa_Cargo`
		JOIN `persona` p ON p.`nId`=ect.`nIdPersona`
		WHERE ec.nIdEmpresa = 17
		
[Thu, 16 Dec 2021 03:05:15 +0000] succes 0: SELECT eno.`nId`, CONCAT("(",eno.`cValor`,")",en.`cDescripcion`," / ", eno.`cObservacion`) cDescripcion,en.nTipo FROM `empresa_normas` en
			JOIN `empresa_normas_observacion` eno ON eno.`nId_empresa_norma`=en.nid
		
[Thu, 16 Dec 2021 03:05:15 +0000] succes 0: SELECT e.`nId`, CONCAT(cPlaca,' / ',cNombre) cDescripcion FROM `empresa_vehiculo` e
		JOIN `tipo_vehiculo` t ON e.`nTipoVehiculo`=t.`nId`
		WHERE e.nIdEmpresa = 17 AND IFNULL(e.nFlag, 0) = 0
[Thu, 16 Dec 2021 03:05:15 +0000] succes 0: select * from codigos  where nFlag=0 and cCodigo =500  AND cvalor NOT IN (500)
[Thu, 16 Dec 2021 03:05:20 +0000] succes 0: SELECT iv.`nId`, T.`cNombre`,tv.`cPlaca`, ENO.`cValor` FROM `informe` i
		JOIN `inf_vehiculo_det` iv ON i.`nId`=iv.`nIdInforme`
		JOIN `empresa_normas_observacion` ENO ON ENO.`nId`=iv.`nId_Emp_nor_obs`
		JOIN `empresa_vehiculo` tv ON tv.`nIdEmpresa`=  i.nIdEmpresa AND iv.nIdEmp_Veh = tv.nId
		JOIN `tipo_vehiculo` T ON T.`nId` =tv.`nTipoVehiculo`
		WHERE iv.nIdInforme = 126 AND iv.nFlag = 0 AND IFNULL(tv.nFlag, 0) = 0
[Thu, 16 Dec 2021 03:05:21 +0000] succes 0: SELECT e.nId AS nIdEmpresa, ve.nId AS nIdVehiculo, tv.cNombre, ve.cPlaca
		FROM `empresa` e
		INNER JOIN `empresa_vehiculo` ve ON e.nId = ve.nIdEmpresa
		INNER JOIN `tipo_vehiculo` tv ON ve.nTipoVehiculo = tv.nId
		WHERE e.nId = 13 AND ve.nFlag = 0
[Thu, 16 Dec 2021 03:07:04 +0000] succes 0: call spt_sel_obtienedocumento (3)
[Thu, 16 Dec 2021 03:07:41 +0000] succes 0: select * from informe  where nFlag=0 and nId=133
[Thu, 16 Dec 2021 03:07:41 +0000] succes 0: select * from tarea  where nFlag=0 and nId=2
[Thu, 16 Dec 2021 03:07:41 +0000] succes 0: select * from tipo_vehiculo  where nFlag=0
[Thu, 16 Dec 2021 03:07:41 +0000] succes 0: SELECT c.nIdTarea, c.`nId`,c.`cCodigo`,c.`cNombre`,c.`nModelo`  FROM `informe` i
		JOIN `cumplimiento` c ON c.`nIdTarea`= i.`nIdTarea`
		WHERE i.nId=133 AND c.nFlag = 0
[Thu, 16 Dec 2021 03:07:41 +0000] succes 0: SELECT CONCAT(p.`cApellidos`, ' ',p.`cNombres`)'Descripcion',ec.`nIdEmpresa`,ect.`nId`, ec.`nId` nIdCargo, ec.`cCargo` FROM  
		`empresa_cargo_trabajador` ect
		JOIN `empresa_cargo` ec ON ec.`nId`=ect.`nIdEmpresa_Cargo`
		JOIN `persona` p ON p.`nId`=ect.`nIdPersona`
		WHERE ec.nIdEmpresa = 8
		
[Thu, 16 Dec 2021 03:07:41 +0000] succes 0: SELECT eno.`nId`, CONCAT("(",eno.`cValor`,")",en.`cDescripcion`," / ", eno.`cObservacion`) cDescripcion,en.nTipo FROM `empresa_normas` en
			JOIN `empresa_normas_observacion` eno ON eno.`nId_empresa_norma`=en.nid
		
[Thu, 16 Dec 2021 03:07:41 +0000] succes 0: SELECT e.`nId`, CONCAT(cPlaca,' / ',cNombre) cDescripcion FROM `empresa_vehiculo` e
		JOIN `tipo_vehiculo` t ON e.`nTipoVehiculo`=t.`nId`
		WHERE e.nIdEmpresa = 8 AND IFNULL(e.nFlag, 0) = 0
[Thu, 16 Dec 2021 03:07:41 +0000] succes 0: select * from codigos  where nFlag=0 and cCodigo =500  AND cvalor NOT IN (500)
[Thu, 16 Dec 2021 03:07:44 +0000] succes 0: 
		SELECT  i.`nId`, i.`nIdInforme`, i.`nIdCumplimiento`,cod.`cValor` nValorTipo, c.`cNombre` Cumpliento, cod.`cDescripcion` descripcionTipo,i.`cDescripcion` detalle,i.`dCreate` 
		FROM `inf_cumplimiento_des` i
		JOIN `cumplimiento` c ON c.`nId`= i.`nIdCumplimiento`
		JOIN `codigos` cod ON cod.`cCodigo`=c.`nTipo` AND cod.`cValor`=i.`nValor`
 		WHERE `nIdInforme`=133 AND i.`nIdCumplimiento`=12
		AND i.nFlag = 0
[Thu, 16 Dec 2021 03:07:44 +0000] succes 0: select * from inf_cumplimiento_img
		where nIdInforme= 133 and nIdCumplimiento= 12
[Thu, 16 Dec 2021 03:07:47 +0000] succes 0: 
		SELECT  i.`nId`, i.`nIdInforme`, i.`nIdCumplimiento`,cod.`cValor` nValorTipo, c.`cNombre` Cumpliento, cod.`cDescripcion` descripcionTipo,i.`cDescripcion` detalle,i.`dCreate` 
		FROM `inf_cumplimiento_des` i
		JOIN `cumplimiento` c ON c.`nId`= i.`nIdCumplimiento`
		JOIN `codigos` cod ON cod.`cCodigo`=c.`nTipo` AND cod.`cValor`=i.`nValor`
 		WHERE `nIdInforme`=133 AND i.`nIdCumplimiento`=13
		AND i.nFlag = 0
[Thu, 16 Dec 2021 03:07:48 +0000] succes 0: select * from inf_cumplimiento_img
		where nIdInforme= 133 and nIdCumplimiento= 13
[Thu, 16 Dec 2021 03:07:50 +0000] succes 0: 
		SELECT  i.`nId`, i.`nIdInforme`, i.`nIdCumplimiento`,cod.`cValor` nValorTipo, c.`cNombre` Cumpliento, cod.`cDescripcion` descripcionTipo,i.`cDescripcion` detalle,i.`dCreate` 
		FROM `inf_cumplimiento_des` i
		JOIN `cumplimiento` c ON c.`nId`= i.`nIdCumplimiento`
		JOIN `codigos` cod ON cod.`cCodigo`=c.`nTipo` AND cod.`cValor`=i.`nValor`
 		WHERE `nIdInforme`=133 AND i.`nIdCumplimiento`=14
		AND i.nFlag = 0
[Thu, 16 Dec 2021 03:07:50 +0000] succes 0: select * from inf_cumplimiento_img
		where nIdInforme= 133 and nIdCumplimiento= 14
[Thu, 16 Dec 2021 03:07:52 +0000] succes 0: 
		SELECT  i.`nId`, i.`nIdInforme`, i.`nIdCumplimiento`,cod.`cValor` nValorTipo, c.`cNombre` Cumpliento, cod.`cDescripcion` descripcionTipo,i.`cDescripcion` detalle,i.`dCreate` 
		FROM `inf_cumplimiento_des` i
		JOIN `cumplimiento` c ON c.`nId`= i.`nIdCumplimiento`
		JOIN `codigos` cod ON cod.`cCodigo`=c.`nTipo` AND cod.`cValor`=i.`nValor`
 		WHERE `nIdInforme`=133 AND i.`nIdCumplimiento`=15
		AND i.nFlag = 0
[Thu, 16 Dec 2021 03:07:52 +0000] succes 0: select * from inf_cumplimiento_img
		where nIdInforme= 133 and nIdCumplimiento= 15
[Thu, 16 Dec 2021 03:07:54 +0000] succes 0: 
		SELECT  i.`nId`, i.`nIdInforme`, i.`nIdCumplimiento`,cod.`cValor` nValorTipo, c.`cNombre` Cumpliento, cod.`cDescripcion` descripcionTipo,i.`cDescripcion` detalle,i.`dCreate` 
		FROM `inf_cumplimiento_des` i
		JOIN `cumplimiento` c ON c.`nId`= i.`nIdCumplimiento`
		JOIN `codigos` cod ON cod.`cCodigo`=c.`nTipo` AND cod.`cValor`=i.`nValor`
 		WHERE `nIdInforme`=133 AND i.`nIdCumplimiento`=18
		AND i.nFlag = 0
[Thu, 16 Dec 2021 03:07:58 +0000] succes 0: 
		SELECT  i.`nId`, i.`nIdInforme`, i.`nIdCumplimiento`,cod.`cValor` nValorTipo, c.`cNombre` Cumpliento, cod.`cDescripcion` descripcionTipo,i.`cDescripcion` detalle,i.`dCreate` 
		FROM `inf_cumplimiento_des` i
		JOIN `cumplimiento` c ON c.`nId`= i.`nIdCumplimiento`
		JOIN `codigos` cod ON cod.`cCodigo`=c.`nTipo` AND cod.`cValor`=i.`nValor`
 		WHERE `nIdInforme`=133 AND i.`nIdCumplimiento`=19
		AND i.nFlag = 0
[Thu, 16 Dec 2021 03:09:54 +0000] succes 0: select * from informe  where nFlag=0 and nId=133
[Thu, 16 Dec 2021 03:09:54 +0000] succes 0: select * from tarea  where nFlag=0 and nId=2
[Thu, 16 Dec 2021 03:09:54 +0000] succes 0: select * from tipo_vehiculo  where nFlag=0
[Thu, 16 Dec 2021 03:09:54 +0000] succes 0: SELECT c.nIdTarea, c.`nId`,c.`cCodigo`,c.`cNombre`,c.`nModelo`  FROM `informe` i
		JOIN `cumplimiento` c ON c.`nIdTarea`= i.`nIdTarea`
		WHERE i.nId=133 AND c.nFlag = 0
[Thu, 16 Dec 2021 03:09:54 +0000] succes 0: SELECT CONCAT(p.`cApellidos`, ' ',p.`cNombres`)'Descripcion',ec.`nIdEmpresa`,ect.`nId`, ec.`nId` nIdCargo, ec.`cCargo` FROM  
		`empresa_cargo_trabajador` ect
		JOIN `empresa_cargo` ec ON ec.`nId`=ect.`nIdEmpresa_Cargo`
		JOIN `persona` p ON p.`nId`=ect.`nIdPersona`
		WHERE ec.nIdEmpresa = 8
		
[Thu, 16 Dec 2021 03:09:54 +0000] succes 0: SELECT eno.`nId`, CONCAT("(",eno.`cValor`,")",en.`cDescripcion`," / ", eno.`cObservacion`) cDescripcion,en.nTipo FROM `empresa_normas` en
			JOIN `empresa_normas_observacion` eno ON eno.`nId_empresa_norma`=en.nid
		
[Thu, 16 Dec 2021 03:09:54 +0000] succes 0: SELECT e.`nId`, CONCAT(cPlaca,' / ',cNombre) cDescripcion FROM `empresa_vehiculo` e
		JOIN `tipo_vehiculo` t ON e.`nTipoVehiculo`=t.`nId`
		WHERE e.nIdEmpresa = 8 AND IFNULL(e.nFlag, 0) = 0
[Thu, 16 Dec 2021 03:09:54 +0000] succes 0: select * from codigos  where nFlag=0 and cCodigo =500  AND cvalor NOT IN (500)
[Thu, 16 Dec 2021 03:10:01 +0000] succes 0: 
		SELECT  i.`nId`, i.`nIdInforme`, i.`nIdCumplimiento`,cod.`cValor` nValorTipo, c.`cNombre` Cumpliento, cod.`cDescripcion` descripcionTipo,i.`cDescripcion` detalle,i.`dCreate` 
		FROM `inf_cumplimiento_des` i
		JOIN `cumplimiento` c ON c.`nId`= i.`nIdCumplimiento`
		JOIN `codigos` cod ON cod.`cCodigo`=c.`nTipo` AND cod.`cValor`=i.`nValor`
 		WHERE `nIdInforme`=133 AND i.`nIdCumplimiento`=18
		AND i.nFlag = 0
[Thu, 16 Dec 2021 03:10:06 +0000] succes 0: 
		SELECT  i.`nId`, i.`nIdInforme`, i.`nIdCumplimiento`,cod.`cValor` nValorTipo, c.`cNombre` Cumpliento, cod.`cDescripcion` descripcionTipo,i.`cDescripcion` detalle,i.`dCreate` 
		FROM `inf_cumplimiento_des` i
		JOIN `cumplimiento` c ON c.`nId`= i.`nIdCumplimiento`
		JOIN `codigos` cod ON cod.`cCodigo`=c.`nTipo` AND cod.`cValor`=i.`nValor`
 		WHERE `nIdInforme`=133 AND i.`nIdCumplimiento`=19
		AND i.nFlag = 0
[Thu, 16 Dec 2021 03:23:36 +0000] succes 0: select * from informe  where nFlag=0 and nId=149
[Thu, 16 Dec 2021 03:23:36 +0000] succes 0: select * from tarea  where nFlag=0 and nId=1
[Thu, 16 Dec 2021 03:23:36 +0000] succes 0: select * from tipo_vehiculo  where nFlag=0
[Thu, 16 Dec 2021 03:23:36 +0000] succes 0: SELECT c.nIdTarea, c.`nId`,c.`cCodigo`,c.`cNombre`,c.`nModelo`  FROM `informe` i
		JOIN `cumplimiento` c ON c.`nIdTarea`= i.`nIdTarea`
		WHERE i.nId=149 AND c.nFlag = 0
[Thu, 16 Dec 2021 03:23:36 +0000] succes 0: SELECT CONCAT(p.`cApellidos`, ' ',p.`cNombres`)'Descripcion',ec.`nIdEmpresa`,ect.`nId`, ec.`nId` nIdCargo, ec.`cCargo` FROM  
		`empresa_cargo_trabajador` ect
		JOIN `empresa_cargo` ec ON ec.`nId`=ect.`nIdEmpresa_Cargo`
		JOIN `persona` p ON p.`nId`=ect.`nIdPersona`
		WHERE ec.nIdEmpresa = 19
		
[Thu, 16 Dec 2021 03:23:36 +0000] succes 0: SELECT eno.`nId`, CONCAT("(",eno.`cValor`,")",en.`cDescripcion`," / ", eno.`cObservacion`) cDescripcion,en.nTipo FROM `empresa_normas` en
			JOIN `empresa_normas_observacion` eno ON eno.`nId_empresa_norma`=en.nid
		
[Thu, 16 Dec 2021 03:23:36 +0000] succes 0: SELECT e.`nId`, CONCAT(cPlaca,' / ',cNombre) cDescripcion FROM `empresa_vehiculo` e
		JOIN `tipo_vehiculo` t ON e.`nTipoVehiculo`=t.`nId`
		WHERE e.nIdEmpresa = 19 AND IFNULL(e.nFlag, 0) = 0
[Thu, 16 Dec 2021 03:23:36 +0000] succes 0: select * from codigos  where nFlag=0 and cCodigo =500  AND cvalor NOT IN (500)
[Thu, 16 Dec 2021 03:23:52 +0000] succes 0: select * from persona  where cDoi="40980455"
[Thu, 16 Dec 2021 03:23:58 +0000] succes 0: call spt_sel_all_User('17')
[Thu, 16 Dec 2021 03:26:22 +0000] succes 0: call spt_sel_all_User('17')
[Thu, 16 Dec 2021 03:26:23 +0000] succes 0: call spt_sel_all_User('17')
[Thu, 16 Dec 2021 03:26:23 +0000] succes 0: call spt_sel_all_User('17')
[Thu, 16 Dec 2021 03:26:27 +0000] succes 0: call spt_sel_obtienedocumento (17)
[Thu, 16 Dec 2021 03:27:22 +0000] succes 0: select * from empresa where nFlag = 0
[Thu, 16 Dec 2021 03:27:22 +0000] succes 0: select * from supervision  where nFlag=0
[Thu, 16 Dec 2021 03:27:22 +0000] succes 0: select * from uunn  where nFlag=0
[Thu, 16 Dec 2021 03:27:42 +0000] succes 0: select * from empresa where nFlag = 0
[Thu, 16 Dec 2021 03:27:42 +0000] succes 0: SELECT `nId`, `cDoi`, `cNombres`, `cApellidos` FROM persona WHERE `nEstado` = 1
[Thu, 16 Dec 2021 03:27:42 +0000] succes 0: SELECT e.cNombre, p.cNombres, p.cApellidos, p.cDoi, ec.cCargo
		FROM `empresa_cargo_trabajador` et
		INNER JOIN `persona` p ON et.nIdPersona = p.nId
		INNER JOIN `empresa_cargo` ec ON et.nIdEmpresa_Cargo = ec.nId
		INNER JOIN `empresa` e ON ec.nIdEmpresa = e.nId
		WHERE et.nFlag = 0
[Thu, 16 Dec 2021 03:27:42 +0000] succes 0: SELECT ec.`nId`, e.`cNombre`, ec.`cCargo` FROM empresa e
		INNER JOIN empresa_cargo ec ON e.`nId`= ec.`nIdEmpresa`
		WHERE e.`nId` = 1 and ec.`nFlag` = 0
[Thu, 16 Dec 2021 03:27:52 +0000] succes 0: select * from empresa where nFlag = 0
[Thu, 16 Dec 2021 03:27:52 +0000] succes 0: SELECT EC.nId, E.`cNombre`,EC.`cCargo` FROM `empresa` E
		JOIN `empresa_cargo` EC ON E.`nId`=EC.`nIdEmpresa`
		WHERE EC.`nFlag` = 0
[Thu, 16 Dec 2021 03:27:54 +0000] succes 0: select * from empresa where nFlag = 0
[Thu, 16 Dec 2021 03:27:54 +0000] succes 0: select * from tipo_vehiculo  where nFlag=0
[Thu, 16 Dec 2021 03:27:55 +0000] succes 0: SELECT ev.`nId`,  e.`cNombre` empresa,tv.`cNombre` tipo, ev.`cPlaca`  FROM `empresa` e
		JOIN `empresa_vehiculo` ev ON e.`nId`=ev.`nIdEmpresa` AND ev.`nFlag` = 0
		JOIN `tipo_vehiculo` tv ON tv.`nId`=ev.`nTipoVehiculo`
[Thu, 16 Dec 2021 03:27:56 +0000] succes 0: select * from empresa where nFlag = 0
[Thu, 16 Dec 2021 03:27:56 +0000] succes 0: select * from empresa_normas  where nFlag=0
[Thu, 16 Dec 2021 03:27:56 +0000] succes 0: SELECT o.`nId`, n.`cDescripcion` control,o.`cValor`,o.`cObservacion` FROM  `empresa_normas` n
		JOIN empresa_normas_observacion o ON n.`nId`=o.`nId_empresa_norma`
		AND o.nFlag = 0
[Thu, 16 Dec 2021 03:27:57 +0000] succes 0: SELECT nId,cDoi,cNombres,cApellidos,cUsuario FROM persona WHERE nId = '17'
[Thu, 16 Dec 2021 03:28:17 +0000] succes 0: call spt_sel_all_User('17')
[Thu, 16 Dec 2021 03:28:20 +0000] succes 0: call spt_sel_all_User('17')
[Thu, 16 Dec 2021 03:28:21 +0000] succes 0: call spt_sel_obtienedocumento (17)
