[Mon, 22 Nov 2021 01:25:30 +0000] succes 0: select * from persona  where cDoi="71856984"
[Mon, 22 Nov 2021 01:25:35 +0000] succes 0: call spt_sel_all_User('3')
[Mon, 22 Nov 2021 01:25:38 +0000] succes 0: call spt_sel_obtienedocumento (3)
[Mon, 22 Nov 2021 01:25:46 +0000] succes 0: select * from informe  where nFlag=0 and nId=143
[Mon, 22 Nov 2021 01:25:46 +0000] succes 0: select * from tarea  where nFlag=0 and nId=1
[Mon, 22 Nov 2021 01:25:46 +0000] succes 0: select * from tipo_vehiculo  where nFlag=0
[Mon, 22 Nov 2021 01:25:46 +0000] succes 0: SELECT c.nIdTarea, c.`nId`,c.`cCodigo`,c.`cNombre`,c.`nModelo`  FROM `informe` i
		JOIN `cumplimiento` c ON c.`nIdTarea`= i.`nIdTarea`
		WHERE i.NID=143 AND c.nFlag = 0
[Mon, 22 Nov 2021 01:25:46 +0000] succes 0: SELECT CONCAT(p.`cApellidos`, ' ',p.`cNombres`)'Descripcion',ec.`nIdEmpresa`,ect.`nId`, ec.`nId` nIdCargo, ec.`cCargo` FROM  
		`empresa_cargo_trabajador` ect
		JOIN `empresa_cargo` ec ON ec.`nId`=ect.`nIdEmpresa_Cargo`
		JOIN `persona` p ON p.`nId`=ect.`nIdPersona`
		WHERE ec.nIdEmpresa = 17
		
[Mon, 22 Nov 2021 01:25:46 +0000] succes 0: SELECT eno.`nId`, CONCAT("(",eno.`cValor`,")",en.`cDescripcion`," / ", eno.`cObservacion`) cDescripcion,en.nTipo FROM `empresa_normas` en
			JOIN `empresa_normas_observacion` eno ON eno.`nId_empresa_norma`=en.nid
		
[Mon, 22 Nov 2021 01:25:46 +0000] succes 0: SELECT e.`nId`, CONCAT(cPlaca,' / ',cNombre) cDescripcion FROM `empresa_vehiculo` e
		JOIN `tipo_vehiculo` t ON e.`nTipoVehiculo`=t.`nId`
		WHERE e.nIdEmpresa = 17 AND IFNULL(e.nFlag, 0) = 0
[Mon, 22 Nov 2021 01:25:46 +0000] succes 0: select * from codigos  where nFlag=0 and cCodigo =500  AND cvalor NOT IN (500)
[Mon, 22 Nov 2021 01:25:50 +0000] succes 0: 
		SELECT  i.`nId`, i.`nIdInforme`, i.`nIdCumplimiento`,cod.`cValor` nValorTipo, c.`cNombre` Cumpliento, cod.`cDescripcion` descripcionTipo,i.`cDescripcion` detalle,i.`dCreate` 
		FROM `inf_cumplimiento_des` i
		JOIN `cumplimiento` c ON c.`nId`= i.`nIdCumplimiento`
		JOIN `codigos` cod ON cod.`cCodigo`=c.`nTipo` AND cod.`cValor`=i.`nValor`
 		WHERE `nIdInforme`=143 AND i.`nIdCumplimiento`=7
		AND i.nFlag = 0
[Mon, 22 Nov 2021 01:25:52 +0000] succes 0: select * from informe  where nFlag=0 and nId=143
[Mon, 22 Nov 2021 01:25:52 +0000] succes 0: select * from tarea  where nFlag=0 and nId=1
[Mon, 22 Nov 2021 01:25:52 +0000] succes 0: select * from cumplimiento  where nFlag=0 and nidTarea=1
		and nId in (7)
		ORDER BY norden ASC LIMIT 0,1
[Mon, 22 Nov 2021 01:25:52 +0000] succes 0: select * from codigos  where nFlag=0 and cCodigo =200  AND cvalor NOT IN (200)
[Mon, 22 Nov 2021 01:26:03 +0000] succes 0: 
		SELECT  i.`nId`, i.`nIdInforme`, i.`nIdCumplimiento`,cod.`cValor` nValorTipo, c.`cNombre` Cumpliento, cod.`cDescripcion` descripcionTipo,i.`cDescripcion` detalle,i.`dCreate` 
		FROM `inf_cumplimiento_des` i
		JOIN `cumplimiento` c ON c.`nId`= i.`nIdCumplimiento`
		JOIN `codigos` cod ON cod.`cCodigo`=c.`nTipo` AND cod.`cValor`=i.`nValor`
 		WHERE `nIdInforme`=143 AND i.`nIdCumplimiento`=8
		AND i.nFlag = 0
[Mon, 22 Nov 2021 01:26:04 +0000] succes 0: select * from informe  where nFlag=0 and nId=143
[Mon, 22 Nov 2021 01:26:04 +0000] succes 0: select * from tarea  where nFlag=0 and nId=1
[Mon, 22 Nov 2021 01:26:04 +0000] succes 0: select * from cumplimiento  where nFlag=0 and nidTarea=1
		and nId in (8)
		ORDER BY norden ASC LIMIT 0,1
[Mon, 22 Nov 2021 01:26:04 +0000] succes 0: select * from codigos  where nFlag=0 and cCodigo =300  AND cvalor NOT IN (300)
[Mon, 22 Nov 2021 01:26:08 +0000] succes 0: 
		SELECT  i.`nId`, i.`nIdInforme`, i.`nIdCumplimiento`,cod.`cValor` nValorTipo, c.`cNombre` Cumpliento, cod.`cDescripcion` descripcionTipo,i.`cDescripcion` detalle,i.`dCreate` 
		FROM `inf_cumplimiento_des` i
		JOIN `cumplimiento` c ON c.`nId`= i.`nIdCumplimiento`
		JOIN `codigos` cod ON cod.`cCodigo`=c.`nTipo` AND cod.`cValor`=i.`nValor`
 		WHERE `nIdInforme`=143 AND i.`nIdCumplimiento`=9
		AND i.nFlag = 0
[Mon, 22 Nov 2021 01:26:10 +0000] succes 0: select * from informe  where nFlag=0 and nId=143
[Mon, 22 Nov 2021 01:26:10 +0000] succes 0: select * from tarea  where nFlag=0 and nId=1
[Mon, 22 Nov 2021 01:26:10 +0000] succes 0: select * from cumplimiento  where nFlag=0 and nidTarea=1
		and nId in (9)
		ORDER BY norden ASC LIMIT 0,1
[Mon, 22 Nov 2021 01:26:10 +0000] succes 0: select * from codigos  where nFlag=0 and cCodigo =400  AND cvalor NOT IN (400)
[Mon, 22 Nov 2021 01:26:27 +0000] succes 0: call spt_sel_obtienedocumento (3)
[Mon, 22 Nov 2021 01:26:30 +0000] succes 0: call spt_sel_all_User('3')
[Mon, 22 Nov 2021 01:26:31 +0000] succes 0: call spt_sel_all_User('3')
