[Thu, 13 Jan 2022 07:51:34 +0000] succes 0: select * from persona  where cDoi="40980455"
[Thu, 13 Jan 2022 07:51:39 +0000] succes 0: call spt_sel_all_User('17')
[Thu, 13 Jan 2022 07:53:02 +0000] succes 0: call spt_sel_obtienedocumento (17)
[Thu, 13 Jan 2022 07:53:05 +0000] succes 0: SELECT * FROM `inf_cumplimiento_des` 
		where nValor in (2,5) AND UPPER(cDescripcion) like '%PARALIZACIÒN%' 
		UNION 
		SELECT * FROM `inf_cumplimiento_des` 
		where nValor in (2,5) AND UPPER(cDescripcion) like '%PARALIZACIÓN%' 
		UNION 
		SELECT * FROM `inf_cumplimiento_des` 
		where nValor in (2,5) AND UPPER(cDescripcion) like '%PARALIZACION%';
		
[Thu, 13 Jan 2022 07:53:25 +0000] succes 0: SELECT * FROM `inf_cumplimiento_des` 
		where nValor in (2,5) AND UPPER(cDescripcion) like '%PARALIZACIÒN%' 
		UNION 
		SELECT * FROM `inf_cumplimiento_des` 
		where nValor in (2,5) AND UPPER(cDescripcion) like '%PARALIZACIÓN%' 
		UNION 
		SELECT * FROM `inf_cumplimiento_des` 
		where nValor in (2,5) AND UPPER(cDescripcion) like '%PARALIZACION%';
		
[Thu, 13 Jan 2022 07:54:53 +0000] succes 0: SELECT * FROM `inf_cumplimiento_des` 
		where nValor in (2,5) AND UPPER(cDescripcion) like '%PARALIZACIÒN%' 
		UNION 
		SELECT * FROM `inf_cumplimiento_des` 
		where nValor in (2,5) AND UPPER(cDescripcion) like '%PARALIZACIÓN%' 
		UNION 
		SELECT * FROM `inf_cumplimiento_des` 
		where nValor in (2,5) AND UPPER(cDescripcion) like '%PARALIZACION%';
		
[Thu, 13 Jan 2022 07:55:22 +0000] succes 0: SELECT * FROM `inf_cumplimiento_des` 
		where nValor in (2,5) AND UPPER(cDescripcion) like '%PARALIZACIÒN%' 
		UNION 
		SELECT * FROM `inf_cumplimiento_des` 
		where nValor in (2,5) AND UPPER(cDescripcion) like '%PARALIZACIÓN%' 
		UNION 
		SELECT * FROM `inf_cumplimiento_des` 
		where nValor in (2,5) AND UPPER(cDescripcion) like '%PARALIZACION%';
		
[Thu, 13 Jan 2022 07:56:04 +0000] succes 0: SELECT * FROM `inf_cumplimiento_des` 
		where nValor in (2,5) AND UPPER(cDescripcion) like '%PARALIZACIÒN%' 
		UNION 
		SELECT * FROM `inf_cumplimiento_des` 
		where nValor in (2,5) AND UPPER(cDescripcion) like '%PARALIZACIÓN%' 
		UNION 
		SELECT * FROM `inf_cumplimiento_des` 
		where nValor in (2,5) AND UPPER(cDescripcion) like '%PARALIZACION%';
		
[Thu, 13 Jan 2022 07:58:07 +0000] succes 0: select * from informe  where nFlag=0 and nId=118
[Thu, 13 Jan 2022 07:58:07 +0000] succes 0: select * from tarea  where nFlag=0 and nId=1
[Thu, 13 Jan 2022 07:58:07 +0000] succes 0: select * from tipo_vehiculo  where nFlag=0
[Thu, 13 Jan 2022 07:58:07 +0000] succes 0: SELECT c.nIdTarea, c.`nId`,c.`cCodigo`,c.`cNombre`,c.`nModelo`  FROM `informe` i
		JOIN `cumplimiento` c ON c.`nIdTarea`= i.`nIdTarea`
		WHERE i.nId=118 AND c.nFlag = 0
[Thu, 13 Jan 2022 07:58:07 +0000] succes 0: SELECT CONCAT(p.`cApellidos`, ' ',p.`cNombres`)'Descripcion',ec.`nIdEmpresa`,ect.`nId`, ec.`nId` nIdCargo, ec.`cCargo` FROM  
		`empresa_cargo_trabajador` ect
		JOIN `empresa_cargo` ec ON ec.`nId`=ect.`nIdEmpresa_Cargo`
		JOIN `persona` p ON p.`nId`=ect.`nIdPersona`
		WHERE ec.nIdEmpresa = 11
		
[Thu, 13 Jan 2022 07:58:07 +0000] succes 0: SELECT eno.`nId`, CONCAT("(",eno.`cValor`,")",en.`cDescripcion`," / ", eno.`cObservacion`) cDescripcion,en.nTipo FROM `empresa_normas` en
			JOIN `empresa_normas_observacion` eno ON eno.`nId_empresa_norma`=en.nid and eno.`nId`=117
			UNION ALL
			SELECT eno.`nId`, CONCAT("(",eno.`cValor`,")",en.`cDescripcion`," / ", eno.`cObservacion`) cDescripcion,en.nTipo FROM `empresa_normas` en
			JOIN `empresa_normas_observacion` eno ON eno.`nId_empresa_norma`=en.nid and eno.`nId`=118
			UNION ALL
			SELECT eno.`nId`, CONCAT("(",eno.`cValor`,")",en.`cDescripcion`," / ", eno.`cObservacion`) cDescripcion,en.nTipo FROM `empresa_normas` en
			JOIN `empresa_normas_observacion` eno ON eno.`nId_empresa_norma`=en.nid
		
[Thu, 13 Jan 2022 07:58:07 +0000] succes 0: SELECT e.`nId`, CONCAT(cPlaca,' / ',cNombre) cDescripcion FROM `empresa_vehiculo` e
		JOIN `tipo_vehiculo` t ON e.`nTipoVehiculo`=t.`nId`
		WHERE e.nIdEmpresa = 11 AND IFNULL(e.nFlag, 0) = 0
[Thu, 13 Jan 2022 07:58:07 +0000] succes 0: select * from codigos  where nFlag=0 and cCodigo =500  AND cvalor NOT IN (500)
[Thu, 13 Jan 2022 07:58:09 +0000] succes 0: select * from inf_cumplimiento_img
		where nIdInforme= 118 and nIdCumplimiento= 7
[Thu, 13 Jan 2022 07:58:09 +0000] succes 0: 
		SELECT  i.`nId`, i.`nIdInforme`, i.`nIdCumplimiento`,cod.`cValor` nValorTipo, c.`cNombre` Cumpliento, cod.`cDescripcion` descripcionTipo,i.`cDescripcion` detalle,i.`dCreate` 
		FROM `inf_cumplimiento_des` i
		JOIN `cumplimiento` c ON c.`nId`= i.`nIdCumplimiento`
		JOIN `codigos` cod ON cod.`cCodigo`=c.`nTipo` AND cod.`cValor`=i.`nValor`
 		WHERE `nIdInforme`=118 AND i.`nIdCumplimiento`=7
		AND i.nFlag = 0
[Thu, 13 Jan 2022 07:58:11 +0000] succes 0: 
		SELECT  i.`nId`, i.`nIdInforme`, i.`nIdCumplimiento`,cod.`cValor` nValorTipo, c.`cNombre` Cumpliento, cod.`cDescripcion` descripcionTipo,i.`cDescripcion` detalle,i.`dCreate` 
		FROM `inf_cumplimiento_des` i
		JOIN `cumplimiento` c ON c.`nId`= i.`nIdCumplimiento`
		JOIN `codigos` cod ON cod.`cCodigo`=c.`nTipo` AND cod.`cValor`=i.`nValor`
 		WHERE `nIdInforme`=118 AND i.`nIdCumplimiento`=2
		AND i.nFlag = 0
[Thu, 13 Jan 2022 07:58:11 +0000] succes 0: select * from inf_cumplimiento_img
		where nIdInforme= 118 and nIdCumplimiento= 2
