[Tue, 16 Nov 2021 11:40:32 +0000] succes 0: select * from persona  where cDoi="44174808"
[Tue, 16 Nov 2021 11:40:42 +0000] succes 0: select * from persona  where cDoi="41174808"
[Tue, 16 Nov 2021 11:40:43 +0000] succes 0: select * from persona  where cDoi="41174808"
[Tue, 16 Nov 2021 11:41:30 +0000] succes 0: select * from persona  where cDoi="44174808"
[Tue, 16 Nov 2021 11:41:47 +0000] succes 0: select * from persona  where cDoi="44174808"
[Tue, 16 Nov 2021 11:41:52 +0000] succes 0: call spt_sel_all_User('18')
[Tue, 16 Nov 2021 11:41:54 +0000] succes 0: call spt_sel_obtienedocumento (18)
[Tue, 16 Nov 2021 11:42:02 +0000] succes 0: select * from empresa  where nTipo=1
[Tue, 16 Nov 2021 11:42:02 +0000] succes 0: select * from empresa  where nTipo=0
[Tue, 16 Nov 2021 11:42:02 +0000] succes 0: select * from tipo_documento  where nFlag=0
[Tue, 16 Nov 2021 11:42:02 +0000] succes 0: select * from tarea  where nFlag=0
[Tue, 16 Nov 2021 11:42:02 +0000] succes 0: select * from uunn  where nFlag=0
[Tue, 16 Nov 2021 11:42:02 +0000] succes 0: select * from programa  where nFlag=0
[Tue, 16 Nov 2021 11:42:02 +0000] succes 0: select * from supervision  where nFlag=0
[Tue, 16 Nov 2021 11:42:03 +0000] succes 0: SELECT r.`nId`,p.`cNombres`,p.`cApellidos` FROM responsable r
	JOIN persona p ON p.`nId` = r.`nIdPersona`
	JOIN empresa e ON e.`nId`=r.`nIdEmpresa` 
	WHERE e.nId = 0
	/*WHERE e.`nTipo`=1*/
[Tue, 16 Nov 2021 11:42:03 +0000] succes 0: SELECT EC.`nId`, E.`cNombre`,EC.`cCargo` FROM `empresa` E 
		INNER JOIN `empresa_cargo` EC ON E.`nId`=EC.`nIdEmpresa` 
		WHERE E.`nId` = 0 
[Tue, 16 Nov 2021 11:42:07 +0000] succes 0: select * from programa  where nFlag=0 and nId=1
[Tue, 16 Nov 2021 11:42:13 +0000] succes 0: SELECT r.`nId`,p.`cNombres`,p.`cApellidos` FROM responsable r
	JOIN persona p ON p.`nId` = r.`nIdPersona`
	JOIN empresa e ON e.`nId`=r.`nIdEmpresa` 
	WHERE e.nId = 13
	/*WHERE e.`nTipo`=1*/
[Tue, 16 Nov 2021 11:42:13 +0000] succes 0: SELECT EC.`nId`, E.`cNombre`,EC.`cCargo` FROM `empresa` E 
		INNER JOIN `empresa_cargo` EC ON E.`nId`=EC.`nIdEmpresa` 
		WHERE E.`nId` = 13 
[Tue, 16 Nov 2021 11:45:16 +0000] succes 0: select * from empresa  where nTipo=1
[Tue, 16 Nov 2021 11:45:16 +0000] succes 0: select * from empresa  where nTipo=0
[Tue, 16 Nov 2021 11:45:16 +0000] succes 0: select * from tipo_documento  where nFlag=0
[Tue, 16 Nov 2021 11:45:16 +0000] succes 0: select * from tarea  where nFlag=0
[Tue, 16 Nov 2021 11:45:16 +0000] succes 0: select * from uunn  where nFlag=0
[Tue, 16 Nov 2021 11:45:16 +0000] succes 0: select * from programa  where nFlag=0
[Tue, 16 Nov 2021 11:45:16 +0000] succes 0: select * from supervision  where nFlag=0
[Tue, 16 Nov 2021 11:45:38 +0000] succes 0: select * from persona  where cDoi="44174808"
[Tue, 16 Nov 2021 11:45:44 +0000] succes 0: call spt_sel_all_User('18')
[Tue, 16 Nov 2021 11:45:48 +0000] succes 0: call spt_sel_obtienedocumento (18)
[Tue, 16 Nov 2021 11:45:50 +0000] succes 0: select * from empresa  where nTipo=1
[Tue, 16 Nov 2021 11:45:50 +0000] succes 0: select * from empresa  where nTipo=0
[Tue, 16 Nov 2021 11:45:50 +0000] succes 0: select * from tipo_documento  where nFlag=0
[Tue, 16 Nov 2021 11:45:50 +0000] succes 0: select * from tarea  where nFlag=0
[Tue, 16 Nov 2021 11:45:50 +0000] succes 0: select * from uunn  where nFlag=0
[Tue, 16 Nov 2021 11:45:50 +0000] succes 0: select * from programa  where nFlag=0
[Tue, 16 Nov 2021 11:45:50 +0000] succes 0: select * from supervision  where nFlag=0
[Tue, 16 Nov 2021 11:45:51 +0000] succes 0: SELECT r.`nId`,p.`cNombres`,p.`cApellidos` FROM responsable r
	JOIN persona p ON p.`nId` = r.`nIdPersona`
	JOIN empresa e ON e.`nId`=r.`nIdEmpresa` 
	WHERE e.nId = 0
	/*WHERE e.`nTipo`=1*/
[Tue, 16 Nov 2021 11:45:51 +0000] succes 0: SELECT EC.`nId`, E.`cNombre`,EC.`cCargo` FROM `empresa` E 
		INNER JOIN `empresa_cargo` EC ON E.`nId`=EC.`nIdEmpresa` 
		WHERE E.`nId` = 0 
[Tue, 16 Nov 2021 11:45:54 +0000] succes 0: select * from programa  where nFlag=0 and nId=1
[Tue, 16 Nov 2021 11:45:59 +0000] succes 0: SELECT r.`nId`,p.`cNombres`,p.`cApellidos` FROM responsable r
	JOIN persona p ON p.`nId` = r.`nIdPersona`
	JOIN empresa e ON e.`nId`=r.`nIdEmpresa` 
	WHERE e.nId = 13
	/*WHERE e.`nTipo`=1*/
[Tue, 16 Nov 2021 11:45:59 +0000] succes 0: SELECT EC.`nId`, E.`cNombre`,EC.`cCargo` FROM `empresa` E 
		INNER JOIN `empresa_cargo` EC ON E.`nId`=EC.`nIdEmpresa` 
		WHERE E.`nId` = 13 
[Tue, 16 Nov 2021 11:49:02 +0000] succes 0: call spt_ins_documento(
		"18",
		"1",
		"1",
		"1",
		"13",
		"8",
		"55",
		"50",
		"1",
		"IZAJE DE POSTES CAC DE MEDIA TENSIÓN",
		"SERVICIO DE MANTENIMIENTO EN MEDIA TENSIÓN, SUBESTACIONES, BAJA TENSIÓN Y ALUMBRADO PÚBLICO: CHICLAYO, PERIODO 2018 - 2021 ELECTRONORTE S.A",
		"GALLITO I – SAN JOSÉ",
		"UMD",
		"2021-11-10",
		"2002",
		"ENSA")
[Tue, 16 Nov 2021 11:49:04 +0000] succes 0: select * from informe  where nFlag=0 and nId=126
[Tue, 16 Nov 2021 11:49:04 +0000] succes 0: select * from tarea  where nFlag=0 and nId=1
[Tue, 16 Nov 2021 11:49:04 +0000] succes 0: select * from cumplimiento  where nFlag=0 and nidTarea=1
		ORDER BY norden ASC LIMIT 0,1
[Tue, 16 Nov 2021 11:49:04 +0000] succes 0: select * from codigos  where nFlag=0 and cCodigo =100  AND cvalor NOT IN (100)
[Tue, 16 Nov 2021 11:49:04 +0000] succes 0: select * from codigos  where nFlag=0 and cCodigo =500  AND cvalor NOT IN (500)
[Tue, 16 Nov 2021 11:49:04 +0000] succes 0: select * from cumplimiento  where nFlag=0 and nidTarea=1
		and nId NOT IN (1) and nOrden >0
		ORDER BY norden ASC LIMIT 0,1
[Tue, 16 Nov 2021 11:49:04 +0000] succes 0: 
		SELECT  i.`nId`, i.`nIdInforme`, i.`nIdCumplimiento`,cod.`cValor` nValorTipo, c.`cNombre` Cumpliento, cod.`cDescripcion` descripcionTipo,i.`cDescripcion` detalle,i.`dCreate` 
		FROM `inf_cumplimiento_des` i
		JOIN `cumplimiento` c ON c.`nId`= i.`nIdCumplimiento`
		JOIN `codigos` cod ON cod.`cCodigo`=c.`nTipo` AND cod.`cValor`=i.`nValor`
 		WHERE `nIdInforme`=126 AND i.`nIdCumplimiento`=1
		AND i.nFlag = 0
[Tue, 16 Nov 2021 11:49:04 +0000] succes 0: select * from cumplimiento  where nFlag=0 and nidTarea=1
		 and nOrden < 0 
		ORDER BY norden desc LIMIT 0,1
[Tue, 16 Nov 2021 11:50:15 +0000] succes 0: call spt_ins_documento_detalle(
		"126",
		"1",
		"1",
		"0",
		"PERSONAL OPERATIVO, CONTIENE DE IMPLEMENTOS BÁSICOS DE PROTECCIÓN PERSONAL: ROPA DE TRABAJO, CASCO DIELÉCTRICO CON BARBIQUEJO, CALZADO DE SEGURIDAD DIELÉCTRICO, CHALECO, GUANTES DIELÉCTRICOS BT Y MT, RESPIRADOR, MASCARILLA, RESPIRADOR CON FILTRO, LENTES DE SEGURIDAD Y HERRAMIENTAS MANUALES OPERATIVAS")
[Tue, 16 Nov 2021 11:50:15 +0000] succes 0: 
		SELECT  i.`nId`, i.`nIdInforme`, i.`nIdCumplimiento`,cod.`cValor` nValorTipo, c.`cNombre` Cumpliento, cod.`cDescripcion` descripcionTipo,i.`cDescripcion` detalle,i.`dCreate` 
		FROM `inf_cumplimiento_des` i
		JOIN `cumplimiento` c ON c.`nId`= i.`nIdCumplimiento`
		JOIN `codigos` cod ON cod.`cCodigo`=c.`nTipo` AND cod.`cValor`=i.`nValor`
 		WHERE `nIdInforme`=126 AND i.`nIdCumplimiento`=1
		AND i.nFlag = 0
[Tue, 16 Nov 2021 11:50:34 +0000] succes 0: call spt_ins_documento_detalle(
		"126",
		"1",
		"1",
		"0",
		"PERSONAL TÉCNICO, CUENTA CON EQUIPO DE PROTECCIÓN CONTRA CAÍDAS (ARNÉS DE SEGURIDAD TIPO LINIERO, LÍNEA Y FAJA DE ANCLAJE) Y ESCALERA TIPO TELESCÓPICA CON SISTEMA DE ESCALAMIENTO")
[Tue, 16 Nov 2021 11:50:34 +0000] succes 0: 
		SELECT  i.`nId`, i.`nIdInforme`, i.`nIdCumplimiento`,cod.`cValor` nValorTipo, c.`cNombre` Cumpliento, cod.`cDescripcion` descripcionTipo,i.`cDescripcion` detalle,i.`dCreate` 
		FROM `inf_cumplimiento_des` i
		JOIN `cumplimiento` c ON c.`nId`= i.`nIdCumplimiento`
		JOIN `codigos` cod ON cod.`cCodigo`=c.`nTipo` AND cod.`cValor`=i.`nValor`
 		WHERE `nIdInforme`=126 AND i.`nIdCumplimiento`=1
		AND i.nFlag = 0
[Tue, 16 Nov 2021 11:50:46 +0000] succes 0: call spt_ins_documento_detalle(
		"126",
		"1",
		"1",
		"0",
		"PERSONAL TÉCNICO, CUENTA CON HERRAMIENTAS MANUALES TALES COMO PALANAS, CARRETILLAS, BARRETAS EN ESTADO OPERATIVO.")
[Tue, 16 Nov 2021 11:50:46 +0000] succes 0: 
		SELECT  i.`nId`, i.`nIdInforme`, i.`nIdCumplimiento`,cod.`cValor` nValorTipo, c.`cNombre` Cumpliento, cod.`cDescripcion` descripcionTipo,i.`cDescripcion` detalle,i.`dCreate` 
		FROM `inf_cumplimiento_des` i
		JOIN `cumplimiento` c ON c.`nId`= i.`nIdCumplimiento`
		JOIN `codigos` cod ON cod.`cCodigo`=c.`nTipo` AND cod.`cValor`=i.`nValor`
 		WHERE `nIdInforme`=126 AND i.`nIdCumplimiento`=1
		AND i.nFlag = 0
[Tue, 16 Nov 2021 11:51:25 +0000] succes 224: INSERT INTO inf_cumplimiento_img(`nIdInforme`,`nIdCumplimiento`,cruta,cNombre)
		VALUES(126,1,'uploads/126/1/1.jpg','1.jpg')
[Tue, 16 Nov 2021 11:51:25 +0000] succes 0: select * from inf_cumplimiento_img
		where nIdInforme= 126 and nIdCumplimiento= 1
[Tue, 16 Nov 2021 11:51:25 +0000] succes 225: INSERT INTO inf_cumplimiento_img(`nIdInforme`,`nIdCumplimiento`,cruta,cNombre)
		VALUES(126,1,'uploads/126/1/2.jpg','2.jpg')
[Tue, 16 Nov 2021 11:51:25 +0000] succes 0: select * from inf_cumplimiento_img
		where nIdInforme= 126 and nIdCumplimiento= 1
[Tue, 16 Nov 2021 11:51:25 +0000] succes 226: INSERT INTO inf_cumplimiento_img(`nIdInforme`,`nIdCumplimiento`,cruta,cNombre)
		VALUES(126,1,'uploads/126/1/3.jpg','3.jpg')
[Tue, 16 Nov 2021 11:51:25 +0000] succes 0: select * from inf_cumplimiento_img
		where nIdInforme= 126 and nIdCumplimiento= 1
[Tue, 16 Nov 2021 11:51:25 +0000] succes 227: INSERT INTO inf_cumplimiento_img(`nIdInforme`,`nIdCumplimiento`,cruta,cNombre)
		VALUES(126,1,'uploads/126/1/4.jpg','4.jpg')
[Tue, 16 Nov 2021 11:51:25 +0000] succes 0: select * from inf_cumplimiento_img
		where nIdInforme= 126 and nIdCumplimiento= 1
[Tue, 16 Nov 2021 11:51:25 +0000] succes 228: INSERT INTO inf_cumplimiento_img(`nIdInforme`,`nIdCumplimiento`,cruta,cNombre)
		VALUES(126,1,'uploads/126/1/5.jpg','5.jpg')
[Tue, 16 Nov 2021 11:51:25 +0000] succes 0: select * from inf_cumplimiento_img
		where nIdInforme= 126 and nIdCumplimiento= 1
[Tue, 16 Nov 2021 11:51:25 +0000] succes 229: INSERT INTO inf_cumplimiento_img(`nIdInforme`,`nIdCumplimiento`,cruta,cNombre)
		VALUES(126,1,'uploads/126/1/6.jpg','6.jpg')
[Tue, 16 Nov 2021 11:51:25 +0000] succes 0: select * from inf_cumplimiento_img
		where nIdInforme= 126 and nIdCumplimiento= 1
[Tue, 16 Nov 2021 11:51:25 +0000] succes 230: INSERT INTO inf_cumplimiento_img(`nIdInforme`,`nIdCumplimiento`,cruta,cNombre)
		VALUES(126,1,'uploads/126/1/7.jpg','7.jpg')
[Tue, 16 Nov 2021 11:51:25 +0000] succes 0: select * from inf_cumplimiento_img
		where nIdInforme= 126 and nIdCumplimiento= 1
[Tue, 16 Nov 2021 11:51:25 +0000] succes 231: INSERT INTO inf_cumplimiento_img(`nIdInforme`,`nIdCumplimiento`,cruta,cNombre)
		VALUES(126,1,'uploads/126/1/8.jpg','8.jpg')
[Tue, 16 Nov 2021 11:51:25 +0000] succes 0: select * from inf_cumplimiento_img
		where nIdInforme= 126 and nIdCumplimiento= 1
[Tue, 16 Nov 2021 11:51:25 +0000] succes 232: INSERT INTO inf_cumplimiento_img(`nIdInforme`,`nIdCumplimiento`,cruta,cNombre)
		VALUES(126,1,'uploads/126/1/9.jpg','9.jpg')
[Tue, 16 Nov 2021 11:51:25 +0000] succes 0: select * from inf_cumplimiento_img
		where nIdInforme= 126 and nIdCumplimiento= 1
[Tue, 16 Nov 2021 11:51:25 +0000] succes 233: INSERT INTO inf_cumplimiento_img(`nIdInforme`,`nIdCumplimiento`,cruta,cNombre)
		VALUES(126,1,'uploads/126/1/10.jpg','10.jpg')
[Tue, 16 Nov 2021 11:51:25 +0000] succes 0: select * from inf_cumplimiento_img
		where nIdInforme= 126 and nIdCumplimiento= 1
[Tue, 16 Nov 2021 11:51:34 +0000] succes 0: select * from informe  where nFlag=0 and nId=126
[Tue, 16 Nov 2021 11:51:34 +0000] succes 0: select * from tarea  where nFlag=0 and nId=1
[Tue, 16 Nov 2021 11:51:34 +0000] succes 0: select * from cumplimiento  where nFlag=0 and nidTarea=1
		and nOrden in (2)
		ORDER BY norden ASC LIMIT 0,1
[Tue, 16 Nov 2021 11:51:34 +0000] succes 0: select * from codigos  where nFlag=0 and cCodigo =100  AND cvalor NOT IN (100)
[Tue, 16 Nov 2021 11:51:34 +0000] succes 0: select * from codigos  where nFlag=0 and cCodigo =500  AND cvalor NOT IN (500)
[Tue, 16 Nov 2021 11:51:34 +0000] succes 0: select * from cumplimiento  where nFlag=0 and nidTarea=1
		and nId NOT IN (2) and nOrden >2
		ORDER BY norden ASC LIMIT 0,1
[Tue, 16 Nov 2021 11:51:34 +0000] succes 0: 
		SELECT  i.`nId`, i.`nIdInforme`, i.`nIdCumplimiento`,cod.`cValor` nValorTipo, c.`cNombre` Cumpliento, cod.`cDescripcion` descripcionTipo,i.`cDescripcion` detalle,i.`dCreate` 
		FROM `inf_cumplimiento_des` i
		JOIN `cumplimiento` c ON c.`nId`= i.`nIdCumplimiento`
		JOIN `codigos` cod ON cod.`cCodigo`=c.`nTipo` AND cod.`cValor`=i.`nValor`
 		WHERE `nIdInforme`=126 AND i.`nIdCumplimiento`=2
		AND i.nFlag = 0
[Tue, 16 Nov 2021 11:51:34 +0000] succes 0: select * from cumplimiento  where nFlag=0 and nidTarea=1
		 and nOrden < 2 
		ORDER BY norden desc LIMIT 0,1
[Tue, 16 Nov 2021 11:51:55 +0000] succes 0: call spt_ins_documento_detalle(
		"126",
		"2",
		"1",
		"0",
		"GRUPO DE TRABAJO, REALIZA LA SEÑALIZACIÓN Y DELIMITACIÓN DE ÁREAS DE TRABAJO (BIOMBOS, CONOS DE SEGURIDAD)")
[Tue, 16 Nov 2021 11:51:55 +0000] succes 0: 
		SELECT  i.`nId`, i.`nIdInforme`, i.`nIdCumplimiento`,cod.`cValor` nValorTipo, c.`cNombre` Cumpliento, cod.`cDescripcion` descripcionTipo,i.`cDescripcion` detalle,i.`dCreate` 
		FROM `inf_cumplimiento_des` i
		JOIN `cumplimiento` c ON c.`nId`= i.`nIdCumplimiento`
		JOIN `codigos` cod ON cod.`cCodigo`=c.`nTipo` AND cod.`cValor`=i.`nValor`
 		WHERE `nIdInforme`=126 AND i.`nIdCumplimiento`=2
		AND i.nFlag = 0
[Tue, 16 Nov 2021 11:52:10 +0000] succes 234: INSERT INTO inf_cumplimiento_img(`nIdInforme`,`nIdCumplimiento`,cruta,cNombre)
		VALUES(126,2,'uploads/126/2/11.jpg','11.jpg')
[Tue, 16 Nov 2021 11:52:10 +0000] succes 0: select * from inf_cumplimiento_img
		where nIdInforme= 126 and nIdCumplimiento= 2
[Tue, 16 Nov 2021 11:52:10 +0000] succes 235: INSERT INTO inf_cumplimiento_img(`nIdInforme`,`nIdCumplimiento`,cruta,cNombre)
		VALUES(126,2,'uploads/126/2/12.jpg','12.jpg')
[Tue, 16 Nov 2021 11:52:10 +0000] succes 0: select * from inf_cumplimiento_img
		where nIdInforme= 126 and nIdCumplimiento= 2
[Tue, 16 Nov 2021 11:52:10 +0000] succes 236: INSERT INTO inf_cumplimiento_img(`nIdInforme`,`nIdCumplimiento`,cruta,cNombre)
		VALUES(126,2,'uploads/126/2/13.jpg','13.jpg')
[Tue, 16 Nov 2021 11:52:10 +0000] succes 0: select * from inf_cumplimiento_img
		where nIdInforme= 126 and nIdCumplimiento= 2
[Tue, 16 Nov 2021 11:52:14 +0000] succes 0: select * from informe  where nFlag=0 and nId=126
[Tue, 16 Nov 2021 11:52:14 +0000] succes 0: select * from tarea  where nFlag=0 and nId=1
[Tue, 16 Nov 2021 11:52:14 +0000] succes 0: select * from cumplimiento  where nFlag=0 and nidTarea=1
		and nOrden in (3)
		ORDER BY norden ASC LIMIT 0,1
[Tue, 16 Nov 2021 11:52:14 +0000] succes 0: select * from codigos  where nFlag=0 and cCodigo =100  AND cvalor NOT IN (100)
[Tue, 16 Nov 2021 11:52:14 +0000] succes 0: select * from codigos  where nFlag=0 and cCodigo =500  AND cvalor NOT IN (500)
[Tue, 16 Nov 2021 11:52:14 +0000] succes 0: select * from cumplimiento  where nFlag=0 and nidTarea=1
		and nId NOT IN (3) and nOrden >3
		ORDER BY norden ASC LIMIT 0,1
[Tue, 16 Nov 2021 11:52:14 +0000] succes 0: 
		SELECT  i.`nId`, i.`nIdInforme`, i.`nIdCumplimiento`,cod.`cValor` nValorTipo, c.`cNombre` Cumpliento, cod.`cDescripcion` descripcionTipo,i.`cDescripcion` detalle,i.`dCreate` 
		FROM `inf_cumplimiento_des` i
		JOIN `cumplimiento` c ON c.`nId`= i.`nIdCumplimiento`
		JOIN `codigos` cod ON cod.`cCodigo`=c.`nTipo` AND cod.`cValor`=i.`nValor`
 		WHERE `nIdInforme`=126 AND i.`nIdCumplimiento`=3
		AND i.nFlag = 0
[Tue, 16 Nov 2021 11:52:14 +0000] succes 0: select * from cumplimiento  where nFlag=0 and nidTarea=1
		 and nOrden < 3 
		ORDER BY norden desc LIMIT 0,1
[Tue, 16 Nov 2021 11:52:35 +0000] succes 0: call spt_ins_documento_detalle(
		"126",
		"3",
		"1",
		"0",
		"UNIDADES MÓVILES DE PLACAS T9R-821 (CAMIONETA), DESTINADO AL TRANSPORTE DE PERSONAL Y MATERIALES, CUENTA CON DOCUMENTACIÓN DE CIRCULACIÓN, EXTINTOR, BOTIQUÍN DE PRIMEROS AUXILIOS, ALARMA DE RETROCESO, CONOS, TACOS Y HERRAMIENTAS VARIAS")
[Tue, 16 Nov 2021 11:52:35 +0000] succes 0: 
		SELECT  i.`nId`, i.`nIdInforme`, i.`nIdCumplimiento`,cod.`cValor` nValorTipo, c.`cNombre` Cumpliento, cod.`cDescripcion` descripcionTipo,i.`cDescripcion` detalle,i.`dCreate` 
		FROM `inf_cumplimiento_des` i
		JOIN `cumplimiento` c ON c.`nId`= i.`nIdCumplimiento`
		JOIN `codigos` cod ON cod.`cCodigo`=c.`nTipo` AND cod.`cValor`=i.`nValor`
 		WHERE `nIdInforme`=126 AND i.`nIdCumplimiento`=3
		AND i.nFlag = 0
[Tue, 16 Nov 2021 11:52:47 +0000] succes 0: call spt_ins_documento_detalle(
		"126",
		"3",
		"1",
		"0",
		"UNIDAD MÓVIL DE PLACA C9P-770 (CAMIÓN GRÚA), DESTINADO AL TRANSPORTE DE MATERIAL Y TRABAJOS OPERATIVOS, CUENTA CON DOCUMENTACIÓN DE CIRCULACIÓN, EXTINTOR, BOTIQUÍN DE PRIMEROS AUXILIOS, ALARMA DE RETROCESO, ESLINGAS, CORREAS Y FAJAS, CONOS, TACOS, HERRAMIENTAS VARIAS Y CERTIFICADO DE OPERATIVIDAD DE BRAZO HIDRÁULICO.")
[Tue, 16 Nov 2021 11:52:47 +0000] succes 0: 
		SELECT  i.`nId`, i.`nIdInforme`, i.`nIdCumplimiento`,cod.`cValor` nValorTipo, c.`cNombre` Cumpliento, cod.`cDescripcion` descripcionTipo,i.`cDescripcion` detalle,i.`dCreate` 
		FROM `inf_cumplimiento_des` i
		JOIN `cumplimiento` c ON c.`nId`= i.`nIdCumplimiento`
		JOIN `codigos` cod ON cod.`cCodigo`=c.`nTipo` AND cod.`cValor`=i.`nValor`
 		WHERE `nIdInforme`=126 AND i.`nIdCumplimiento`=3
		AND i.nFlag = 0
[Tue, 16 Nov 2021 11:53:35 +0000] succes 237: INSERT INTO inf_cumplimiento_img(`nIdInforme`,`nIdCumplimiento`,cruta,cNombre)
		VALUES(126,3,'uploads/126/3/14.jpg','14.jpg')
[Tue, 16 Nov 2021 11:53:35 +0000] succes 0: select * from inf_cumplimiento_img
		where nIdInforme= 126 and nIdCumplimiento= 3
[Tue, 16 Nov 2021 11:53:35 +0000] succes 238: INSERT INTO inf_cumplimiento_img(`nIdInforme`,`nIdCumplimiento`,cruta,cNombre)
		VALUES(126,3,'uploads/126/3/15.jpg','15.jpg')
[Tue, 16 Nov 2021 11:53:35 +0000] succes 0: select * from inf_cumplimiento_img
		where nIdInforme= 126 and nIdCumplimiento= 3
[Tue, 16 Nov 2021 11:53:35 +0000] succes 239: INSERT INTO inf_cumplimiento_img(`nIdInforme`,`nIdCumplimiento`,cruta,cNombre)
		VALUES(126,3,'uploads/126/3/16.jpg','16.jpg')
[Tue, 16 Nov 2021 11:53:35 +0000] succes 0: select * from inf_cumplimiento_img
		where nIdInforme= 126 and nIdCumplimiento= 3
[Tue, 16 Nov 2021 11:53:35 +0000] succes 240: INSERT INTO inf_cumplimiento_img(`nIdInforme`,`nIdCumplimiento`,cruta,cNombre)
		VALUES(126,3,'uploads/126/3/17.jpg','17.jpg')
[Tue, 16 Nov 2021 11:53:35 +0000] succes 0: select * from inf_cumplimiento_img
		where nIdInforme= 126 and nIdCumplimiento= 3
[Tue, 16 Nov 2021 11:53:35 +0000] succes 241: INSERT INTO inf_cumplimiento_img(`nIdInforme`,`nIdCumplimiento`,cruta,cNombre)
		VALUES(126,3,'uploads/126/3/18.jpg','18.jpg')
[Tue, 16 Nov 2021 11:53:35 +0000] succes 0: select * from inf_cumplimiento_img
		where nIdInforme= 126 and nIdCumplimiento= 3
[Tue, 16 Nov 2021 11:53:35 +0000] succes 242: INSERT INTO inf_cumplimiento_img(`nIdInforme`,`nIdCumplimiento`,cruta,cNombre)
		VALUES(126,3,'uploads/126/3/19.jpg','19.jpg')
[Tue, 16 Nov 2021 11:53:35 +0000] succes 0: select * from inf_cumplimiento_img
		where nIdInforme= 126 and nIdCumplimiento= 3
[Tue, 16 Nov 2021 11:53:35 +0000] succes 243: INSERT INTO inf_cumplimiento_img(`nIdInforme`,`nIdCumplimiento`,cruta,cNombre)
		VALUES(126,3,'uploads/126/3/20.jpg','20.jpg')
[Tue, 16 Nov 2021 11:53:35 +0000] succes 0: select * from inf_cumplimiento_img
		where nIdInforme= 126 and nIdCumplimiento= 3
[Tue, 16 Nov 2021 11:53:35 +0000] succes 244: INSERT INTO inf_cumplimiento_img(`nIdInforme`,`nIdCumplimiento`,cruta,cNombre)
		VALUES(126,3,'uploads/126/3/21.jpg','21.jpg')
[Tue, 16 Nov 2021 11:53:35 +0000] succes 0: select * from inf_cumplimiento_img
		where nIdInforme= 126 and nIdCumplimiento= 3
[Tue, 16 Nov 2021 11:53:45 +0000] succes 0: select * from informe  where nFlag=0 and nId=126
[Tue, 16 Nov 2021 11:53:45 +0000] succes 0: select * from tarea  where nFlag=0 and nId=1
[Tue, 16 Nov 2021 11:53:45 +0000] succes 0: select * from cumplimiento  where nFlag=0 and nidTarea=1
		and nOrden in (4)
		ORDER BY norden ASC LIMIT 0,1
[Tue, 16 Nov 2021 11:53:45 +0000] succes 0: select * from codigos  where nFlag=0 and cCodigo =100  AND cvalor NOT IN (100)
[Tue, 16 Nov 2021 11:53:45 +0000] succes 0: select * from codigos  where nFlag=0 and cCodigo =500  AND cvalor NOT IN (500)
[Tue, 16 Nov 2021 11:53:45 +0000] succes 0: select * from cumplimiento  where nFlag=0 and nidTarea=1
		and nId NOT IN (4) and nOrden >4
		ORDER BY norden ASC LIMIT 0,1
[Tue, 16 Nov 2021 11:53:45 +0000] succes 0: 
		SELECT  i.`nId`, i.`nIdInforme`, i.`nIdCumplimiento`,cod.`cValor` nValorTipo, c.`cNombre` Cumpliento, cod.`cDescripcion` descripcionTipo,i.`cDescripcion` detalle,i.`dCreate` 
		FROM `inf_cumplimiento_des` i
		JOIN `cumplimiento` c ON c.`nId`= i.`nIdCumplimiento`
		JOIN `codigos` cod ON cod.`cCodigo`=c.`nTipo` AND cod.`cValor`=i.`nValor`
 		WHERE `nIdInforme`=126 AND i.`nIdCumplimiento`=4
		AND i.nFlag = 0
[Tue, 16 Nov 2021 11:53:45 +0000] succes 0: select * from cumplimiento  where nFlag=0 and nidTarea=1
		 and nOrden < 4 
		ORDER BY norden desc LIMIT 0,1
[Tue, 16 Nov 2021 11:53:56 +0000] succes 0: call spt_ins_documento_detalle(
		"126",
		"4",
		"1",
		"0",
		"GRUPO DE TRABAJO EVIDENCIA COPIAS DE PÓLIZAS SCTR (SALUD Y PENSIÓN) Y PÓLIZA DE SEGURO VIDA LEY, VIGENTES.")
[Tue, 16 Nov 2021 11:53:56 +0000] succes 0: 
		SELECT  i.`nId`, i.`nIdInforme`, i.`nIdCumplimiento`,cod.`cValor` nValorTipo, c.`cNombre` Cumpliento, cod.`cDescripcion` descripcionTipo,i.`cDescripcion` detalle,i.`dCreate` 
		FROM `inf_cumplimiento_des` i
		JOIN `cumplimiento` c ON c.`nId`= i.`nIdCumplimiento`
		JOIN `codigos` cod ON cod.`cCodigo`=c.`nTipo` AND cod.`cValor`=i.`nValor`
 		WHERE `nIdInforme`=126 AND i.`nIdCumplimiento`=4
		AND i.nFlag = 0
[Tue, 16 Nov 2021 11:54:10 +0000] succes 0: call spt_ins_documento_detalle(
		"126",
		"4",
		"1",
		"0",
		"GRUPO DE TRABAJO, EVIDENCIA EL REGISTRO DE LA CHARLA DE SEGURIDAD; PREVIO AL DESARROLLO DE LA ACTIVIDAD.")
[Tue, 16 Nov 2021 11:54:10 +0000] succes 0: 
		SELECT  i.`nId`, i.`nIdInforme`, i.`nIdCumplimiento`,cod.`cValor` nValorTipo, c.`cNombre` Cumpliento, cod.`cDescripcion` descripcionTipo,i.`cDescripcion` detalle,i.`dCreate` 
		FROM `inf_cumplimiento_des` i
		JOIN `cumplimiento` c ON c.`nId`= i.`nIdCumplimiento`
		JOIN `codigos` cod ON cod.`cCodigo`=c.`nTipo` AND cod.`cValor`=i.`nValor`
 		WHERE `nIdInforme`=126 AND i.`nIdCumplimiento`=4
		AND i.nFlag = 0
[Tue, 16 Nov 2021 11:54:23 +0000] succes 0: call spt_ins_documento_detalle(
		"126",
		"4",
		"1",
		"0",
		"GRUPO DE TRABAJO CUENTA CON PETS, IPERC Y PLAN DE CONTINGENCIAS EN ZONA DE TRABAJO, ASÍ MISMO EVIDENCIA DIFUSIÓN RESPECTIVA.")
[Tue, 16 Nov 2021 11:54:23 +0000] succes 0: 
		SELECT  i.`nId`, i.`nIdInforme`, i.`nIdCumplimiento`,cod.`cValor` nValorTipo, c.`cNombre` Cumpliento, cod.`cDescripcion` descripcionTipo,i.`cDescripcion` detalle,i.`dCreate` 
		FROM `inf_cumplimiento_des` i
		JOIN `cumplimiento` c ON c.`nId`= i.`nIdCumplimiento`
		JOIN `codigos` cod ON cod.`cCodigo`=c.`nTipo` AND cod.`cValor`=i.`nValor`
 		WHERE `nIdInforme`=126 AND i.`nIdCumplimiento`=4
		AND i.nFlag = 0
[Tue, 16 Nov 2021 11:54:33 +0000] succes 0: call spt_ins_documento_detalle(
		"126",
		"4",
		"1",
		"0",
		"GRUPO DE TRABAJO EVIDENCIA ORDEN DE TRABAJO, BOLETAS DE SEGURIDAD, PERMISO DE TRABAJOS EN ALTURA Y AUTORIZACIÓN DE INTERVENCIÓN")
[Tue, 16 Nov 2021 11:54:33 +0000] succes 0: 
		SELECT  i.`nId`, i.`nIdInforme`, i.`nIdCumplimiento`,cod.`cValor` nValorTipo, c.`cNombre` Cumpliento, cod.`cDescripcion` descripcionTipo,i.`cDescripcion` detalle,i.`dCreate` 
		FROM `inf_cumplimiento_des` i
		JOIN `cumplimiento` c ON c.`nId`= i.`nIdCumplimiento`
		JOIN `codigos` cod ON cod.`cCodigo`=c.`nTipo` AND cod.`cValor`=i.`nValor`
 		WHERE `nIdInforme`=126 AND i.`nIdCumplimiento`=4
		AND i.nFlag = 0
[Tue, 16 Nov 2021 11:55:00 +0000] succes 0: call spt_ins_documento_detalle(
		"126",
		"4",
		"1",
		"0",
		"CONDUCTOR OMAR MEDINA RIVADENEIRA Y LUIS ESGARDO INCIO CASTILLO, CUENTA CON LICENCIA DE CONDUCIR VIGENTE Y ACORDE A CATEGORÍA DE VEHÍCULO A CONDUCIR.")
[Tue, 16 Nov 2021 11:55:00 +0000] succes 0: 
		SELECT  i.`nId`, i.`nIdInforme`, i.`nIdCumplimiento`,cod.`cValor` nValorTipo, c.`cNombre` Cumpliento, cod.`cDescripcion` descripcionTipo,i.`cDescripcion` detalle,i.`dCreate` 
		FROM `inf_cumplimiento_des` i
		JOIN `cumplimiento` c ON c.`nId`= i.`nIdCumplimiento`
		JOIN `codigos` cod ON cod.`cCodigo`=c.`nTipo` AND cod.`cValor`=i.`nValor`
 		WHERE `nIdInforme`=126 AND i.`nIdCumplimiento`=4
		AND i.nFlag = 0
[Tue, 16 Nov 2021 11:55:28 +0000] succes 245: INSERT INTO inf_cumplimiento_img(`nIdInforme`,`nIdCumplimiento`,cruta,cNombre)
		VALUES(126,4,'uploads/126/4/22.jpg','22.jpg')
[Tue, 16 Nov 2021 11:55:28 +0000] succes 0: select * from inf_cumplimiento_img
		where nIdInforme= 126 and nIdCumplimiento= 4
[Tue, 16 Nov 2021 11:55:28 +0000] succes 246: INSERT INTO inf_cumplimiento_img(`nIdInforme`,`nIdCumplimiento`,cruta,cNombre)
		VALUES(126,4,'uploads/126/4/23.jpg','23.jpg')
[Tue, 16 Nov 2021 11:55:28 +0000] succes 0: select * from inf_cumplimiento_img
		where nIdInforme= 126 and nIdCumplimiento= 4
[Tue, 16 Nov 2021 11:55:28 +0000] succes 247: INSERT INTO inf_cumplimiento_img(`nIdInforme`,`nIdCumplimiento`,cruta,cNombre)
		VALUES(126,4,'uploads/126/4/24.jpg','24.jpg')
[Tue, 16 Nov 2021 11:55:28 +0000] succes 0: select * from inf_cumplimiento_img
		where nIdInforme= 126 and nIdCumplimiento= 4
[Tue, 16 Nov 2021 11:55:28 +0000] succes 248: INSERT INTO inf_cumplimiento_img(`nIdInforme`,`nIdCumplimiento`,cruta,cNombre)
		VALUES(126,4,'uploads/126/4/25.jpg','25.jpg')
[Tue, 16 Nov 2021 11:55:28 +0000] succes 0: select * from inf_cumplimiento_img
		where nIdInforme= 126 and nIdCumplimiento= 4
[Tue, 16 Nov 2021 11:55:28 +0000] succes 249: INSERT INTO inf_cumplimiento_img(`nIdInforme`,`nIdCumplimiento`,cruta,cNombre)
		VALUES(126,4,'uploads/126/4/26.jpg','26.jpg')
[Tue, 16 Nov 2021 11:55:28 +0000] succes 0: select * from inf_cumplimiento_img
		where nIdInforme= 126 and nIdCumplimiento= 4
[Tue, 16 Nov 2021 11:55:28 +0000] succes 250: INSERT INTO inf_cumplimiento_img(`nIdInforme`,`nIdCumplimiento`,cruta,cNombre)
		VALUES(126,4,'uploads/126/4/27.jpg','27.jpg')
[Tue, 16 Nov 2021 11:55:28 +0000] succes 0: select * from inf_cumplimiento_img
		where nIdInforme= 126 and nIdCumplimiento= 4
[Tue, 16 Nov 2021 11:55:28 +0000] succes 251: INSERT INTO inf_cumplimiento_img(`nIdInforme`,`nIdCumplimiento`,cruta,cNombre)
		VALUES(126,4,'uploads/126/4/28.jpg','28.jpg')
[Tue, 16 Nov 2021 11:55:28 +0000] succes 0: select * from inf_cumplimiento_img
		where nIdInforme= 126 and nIdCumplimiento= 4
[Tue, 16 Nov 2021 11:55:28 +0000] succes 252: INSERT INTO inf_cumplimiento_img(`nIdInforme`,`nIdCumplimiento`,cruta,cNombre)
		VALUES(126,4,'uploads/126/4/29.jpg','29.jpg')
[Tue, 16 Nov 2021 11:55:28 +0000] succes 0: select * from inf_cumplimiento_img
		where nIdInforme= 126 and nIdCumplimiento= 4
[Tue, 16 Nov 2021 11:55:28 +0000] succes 253: INSERT INTO inf_cumplimiento_img(`nIdInforme`,`nIdCumplimiento`,cruta,cNombre)
		VALUES(126,4,'uploads/126/4/30.jpg','30.jpg')
[Tue, 16 Nov 2021 11:55:28 +0000] succes 0: select * from inf_cumplimiento_img
		where nIdInforme= 126 and nIdCumplimiento= 4
[Tue, 16 Nov 2021 11:55:34 +0000] succes 0: select * from informe  where nFlag=0 and nId=126
[Tue, 16 Nov 2021 11:55:34 +0000] succes 0: select * from tarea  where nFlag=0 and nId=1
[Tue, 16 Nov 2021 11:55:34 +0000] succes 0: select * from cumplimiento  where nFlag=0 and nidTarea=1
		and nOrden in (5)
		ORDER BY norden ASC LIMIT 0,1
[Tue, 16 Nov 2021 11:55:34 +0000] succes 0: select * from codigos  where nFlag=0 and cCodigo =100  AND cvalor NOT IN (100)
[Tue, 16 Nov 2021 11:55:34 +0000] succes 0: select * from codigos  where nFlag=0 and cCodigo =500  AND cvalor NOT IN (500)
[Tue, 16 Nov 2021 11:55:34 +0000] succes 0: select * from cumplimiento  where nFlag=0 and nidTarea=1
		and nId NOT IN (5) and nOrden >5
		ORDER BY norden ASC LIMIT 0,1
[Tue, 16 Nov 2021 11:55:34 +0000] succes 0: 
		SELECT  i.`nId`, i.`nIdInforme`, i.`nIdCumplimiento`,cod.`cValor` nValorTipo, c.`cNombre` Cumpliento, cod.`cDescripcion` descripcionTipo,i.`cDescripcion` detalle,i.`dCreate` 
		FROM `inf_cumplimiento_des` i
		JOIN `cumplimiento` c ON c.`nId`= i.`nIdCumplimiento`
		JOIN `codigos` cod ON cod.`cCodigo`=c.`nTipo` AND cod.`cValor`=i.`nValor`
 		WHERE `nIdInforme`=126 AND i.`nIdCumplimiento`=5
		AND i.nFlag = 0
[Tue, 16 Nov 2021 11:55:34 +0000] succes 0: select * from cumplimiento  where nFlag=0 and nidTarea=1
		 and nOrden < 5 
		ORDER BY norden desc LIMIT 0,1
[Tue, 16 Nov 2021 11:56:03 +0000] succes 0: call spt_ins_documento_detalle(
		"126",
		"5",
		"1",
		"0",
		"SUPERVISIÓN POR PARTE DEL CONTRATISTA (INGENIEROS DE CAMPO Y SUPERVISOR DE SEGURIDAD), EN ZONA DE TRABAJO, DURANTE DESARROLLO DE LA ACTIVIDAD")
[Tue, 16 Nov 2021 11:56:03 +0000] succes 0: 
		SELECT  i.`nId`, i.`nIdInforme`, i.`nIdCumplimiento`,cod.`cValor` nValorTipo, c.`cNombre` Cumpliento, cod.`cDescripcion` descripcionTipo,i.`cDescripcion` detalle,i.`dCreate` 
		FROM `inf_cumplimiento_des` i
		JOIN `cumplimiento` c ON c.`nId`= i.`nIdCumplimiento`
		JOIN `codigos` cod ON cod.`cCodigo`=c.`nTipo` AND cod.`cValor`=i.`nValor`
 		WHERE `nIdInforme`=126 AND i.`nIdCumplimiento`=5
		AND i.nFlag = 0
[Tue, 16 Nov 2021 11:56:19 +0000] succes 0: call spt_ins_documento_detalle(
		"126",
		"5",
		"1",
		"0",
		"PERSONAL HACE USO DE EQUIPOS DE PROTECCIÓN CONTRA CAÍDAS Y SISTEMA DE ESCALAMIENTO, SEGÚN ZONA DE TRABAJO PARA REALIZAR TRABAJOS EN ALTURA.")
[Tue, 16 Nov 2021 11:56:19 +0000] succes 0: 
		SELECT  i.`nId`, i.`nIdInforme`, i.`nIdCumplimiento`,cod.`cValor` nValorTipo, c.`cNombre` Cumpliento, cod.`cDescripcion` descripcionTipo,i.`cDescripcion` detalle,i.`dCreate` 
		FROM `inf_cumplimiento_des` i
		JOIN `cumplimiento` c ON c.`nId`= i.`nIdCumplimiento`
		JOIN `codigos` cod ON cod.`cCodigo`=c.`nTipo` AND cod.`cValor`=i.`nValor`
 		WHERE `nIdInforme`=126 AND i.`nIdCumplimiento`=5
		AND i.nFlag = 0
[Tue, 16 Nov 2021 11:57:33 +0000] succes 254: INSERT INTO inf_cumplimiento_img(`nIdInforme`,`nIdCumplimiento`,cruta,cNombre)
		VALUES(126,5,'uploads/126/5/31.jpg','31.jpg')
[Tue, 16 Nov 2021 11:57:33 +0000] succes 0: select * from inf_cumplimiento_img
		where nIdInforme= 126 and nIdCumplimiento= 5
[Tue, 16 Nov 2021 11:57:33 +0000] succes 255: INSERT INTO inf_cumplimiento_img(`nIdInforme`,`nIdCumplimiento`,cruta,cNombre)
		VALUES(126,5,'uploads/126/5/32.jpg','32.jpg')
[Tue, 16 Nov 2021 11:57:33 +0000] succes 0: select * from inf_cumplimiento_img
		where nIdInforme= 126 and nIdCumplimiento= 5
[Tue, 16 Nov 2021 11:57:33 +0000] succes 256: INSERT INTO inf_cumplimiento_img(`nIdInforme`,`nIdCumplimiento`,cruta,cNombre)
		VALUES(126,5,'uploads/126/5/33.jpg','33.jpg')
[Tue, 16 Nov 2021 11:57:33 +0000] succes 0: select * from inf_cumplimiento_img
		where nIdInforme= 126 and nIdCumplimiento= 5
[Tue, 16 Nov 2021 11:57:33 +0000] succes 257: INSERT INTO inf_cumplimiento_img(`nIdInforme`,`nIdCumplimiento`,cruta,cNombre)
		VALUES(126,5,'uploads/126/5/34.jpg','34.jpg')
[Tue, 16 Nov 2021 11:57:33 +0000] succes 0: select * from inf_cumplimiento_img
		where nIdInforme= 126 and nIdCumplimiento= 5
[Tue, 16 Nov 2021 11:57:33 +0000] succes 258: INSERT INTO inf_cumplimiento_img(`nIdInforme`,`nIdCumplimiento`,cruta,cNombre)
		VALUES(126,5,'uploads/126/5/35.jpg','35.jpg')
[Tue, 16 Nov 2021 11:57:33 +0000] succes 0: select * from inf_cumplimiento_img
		where nIdInforme= 126 and nIdCumplimiento= 5
[Tue, 16 Nov 2021 11:57:37 +0000] succes 0: select * from informe  where nFlag=0 and nId=126
[Tue, 16 Nov 2021 11:57:37 +0000] succes 0: select * from tarea  where nFlag=0 and nId=1
[Tue, 16 Nov 2021 11:57:37 +0000] succes 0: select * from cumplimiento  where nFlag=0 and nidTarea=1
		and nOrden in (6)
		ORDER BY norden ASC LIMIT 0,1
[Tue, 16 Nov 2021 11:57:37 +0000] succes 0: select * from codigos  where nFlag=0 and cCodigo =100  AND cvalor NOT IN (100)
[Tue, 16 Nov 2021 11:57:37 +0000] succes 0: select * from codigos  where nFlag=0 and cCodigo =500  AND cvalor NOT IN (500)
[Tue, 16 Nov 2021 11:57:37 +0000] succes 0: select * from cumplimiento  where nFlag=0 and nidTarea=1
		and nId NOT IN (6) and nOrden >6
		ORDER BY norden ASC LIMIT 0,1
[Tue, 16 Nov 2021 11:57:37 +0000] succes 0: 
		SELECT  i.`nId`, i.`nIdInforme`, i.`nIdCumplimiento`,cod.`cValor` nValorTipo, c.`cNombre` Cumpliento, cod.`cDescripcion` descripcionTipo,i.`cDescripcion` detalle,i.`dCreate` 
		FROM `inf_cumplimiento_des` i
		JOIN `cumplimiento` c ON c.`nId`= i.`nIdCumplimiento`
		JOIN `codigos` cod ON cod.`cCodigo`=c.`nTipo` AND cod.`cValor`=i.`nValor`
 		WHERE `nIdInforme`=126 AND i.`nIdCumplimiento`=6
		AND i.nFlag = 0
[Tue, 16 Nov 2021 11:57:37 +0000] succes 0: select * from cumplimiento  where nFlag=0 and nidTarea=1
		 and nOrden < 6 
		ORDER BY norden desc LIMIT 0,1
[Tue, 16 Nov 2021 11:58:46 +0000] succes 0: call spt_ins_documento_detalle(
		"126",
		"6",
		"1",
		"0",
		"GRUPO DE TRABAJO, HACE USO DE ELEMENTOS DE BIOSEGURIDAD, CUENTAN CON BLOQUEADOR SOLAR Y AGUA PARA SU CONSUMO, DURANTE EL DESARROLLO DE LAS ACTIVIDADES OPERATIVAS, EN ZONA DE TRABAJO.  ")
[Tue, 16 Nov 2021 11:58:46 +0000] succes 0: 
		SELECT  i.`nId`, i.`nIdInforme`, i.`nIdCumplimiento`,cod.`cValor` nValorTipo, c.`cNombre` Cumpliento, cod.`cDescripcion` descripcionTipo,i.`cDescripcion` detalle,i.`dCreate` 
		FROM `inf_cumplimiento_des` i
		JOIN `cumplimiento` c ON c.`nId`= i.`nIdCumplimiento`
		JOIN `codigos` cod ON cod.`cCodigo`=c.`nTipo` AND cod.`cValor`=i.`nValor`
 		WHERE `nIdInforme`=126 AND i.`nIdCumplimiento`=6
		AND i.nFlag = 0
[Tue, 16 Nov 2021 11:59:09 +0000] succes 259: INSERT INTO inf_cumplimiento_img(`nIdInforme`,`nIdCumplimiento`,cruta,cNombre)
		VALUES(126,6,'uploads/126/6/36.jpg','36.jpg')
[Tue, 16 Nov 2021 11:59:09 +0000] succes 0: select * from inf_cumplimiento_img
		where nIdInforme= 126 and nIdCumplimiento= 6
[Tue, 16 Nov 2021 11:59:09 +0000] succes 260: INSERT INTO inf_cumplimiento_img(`nIdInforme`,`nIdCumplimiento`,cruta,cNombre)
		VALUES(126,6,'uploads/126/6/37.jpg','37.jpg')
[Tue, 16 Nov 2021 11:59:09 +0000] succes 0: select * from inf_cumplimiento_img
		where nIdInforme= 126 and nIdCumplimiento= 6
[Tue, 16 Nov 2021 11:59:12 +0000] succes 0: select * from informe  where nFlag=0 and nId=126
[Tue, 16 Nov 2021 11:59:12 +0000] succes 0: select * from tarea  where nFlag=0 and nId=1
[Tue, 16 Nov 2021 11:59:12 +0000] succes 0: select * from cumplimiento  where nFlag=0 and nidTarea=1
		and nOrden in (7)
		ORDER BY norden ASC LIMIT 0,1
[Tue, 16 Nov 2021 11:59:12 +0000] succes 0: select * from codigos  where nFlag=0 and cCodigo =200  AND cvalor NOT IN (200)
[Tue, 16 Nov 2021 11:59:12 +0000] succes 0: select * from codigos  where nFlag=0 and cCodigo =500  AND cvalor NOT IN (500)
[Tue, 16 Nov 2021 11:59:12 +0000] succes 0: select * from cumplimiento  where nFlag=0 and nidTarea=1
		and nId NOT IN (7) and nOrden >7
		ORDER BY norden ASC LIMIT 0,1
[Tue, 16 Nov 2021 11:59:12 +0000] succes 0: 
		SELECT  i.`nId`, i.`nIdInforme`, i.`nIdCumplimiento`,cod.`cValor` nValorTipo, c.`cNombre` Cumpliento, cod.`cDescripcion` descripcionTipo,i.`cDescripcion` detalle,i.`dCreate` 
		FROM `inf_cumplimiento_des` i
		JOIN `cumplimiento` c ON c.`nId`= i.`nIdCumplimiento`
		JOIN `codigos` cod ON cod.`cCodigo`=c.`nTipo` AND cod.`cValor`=i.`nValor`
 		WHERE `nIdInforme`=126 AND i.`nIdCumplimiento`=7
		AND i.nFlag = 0
[Tue, 16 Nov 2021 11:59:12 +0000] succes 0: select * from cumplimiento  where nFlag=0 and nidTarea=1
		 and nOrden < 7 
		ORDER BY norden desc LIMIT 0,1
