[Sun, 28 Nov 2021 08:42:25 +0000] succes 0: select * from persona  where cDoi="71856984"
[Sun, 28 Nov 2021 08:42:30 +0000] succes 0: call spt_sel_all_User('3')
[Sun, 28 Nov 2021 08:42:31 +0000] succes 0: call spt_sel_obtienedocumento (3)
[Sun, 28 Nov 2021 08:42:40 +0000] succes 0: select * from informe  where nFlag=0 and nId=143
[Sun, 28 Nov 2021 08:42:40 +0000] succes 0: select * from tarea  where nFlag=0 and nId=1
[Sun, 28 Nov 2021 08:42:40 +0000] succes 0: select * from tipo_vehiculo  where nFlag=0
[Sun, 28 Nov 2021 08:42:40 +0000] succes 0: SELECT c.nIdTarea, c.`nId`,c.`cCodigo`,c.`cNombre`,c.`nModelo`  FROM `informe` i
		JOIN `cumplimiento` c ON c.`nIdTarea`= i.`nIdTarea`
		WHERE i.NID=143 AND c.nFlag = 0
[Sun, 28 Nov 2021 08:42:40 +0000] succes 0: SELECT CONCAT(p.`cApellidos`, ' ',p.`cNombres`)'Descripcion',ec.`nIdEmpresa`,ect.`nId`, ec.`nId` nIdCargo, ec.`cCargo` FROM  
		`empresa_cargo_trabajador` ect
		JOIN `empresa_cargo` ec ON ec.`nId`=ect.`nIdEmpresa_Cargo`
		JOIN `persona` p ON p.`nId`=ect.`nIdPersona`
		WHERE ec.nIdEmpresa = 17
		
[Sun, 28 Nov 2021 08:42:40 +0000] succes 0: SELECT eno.`nId`, CONCAT("(",eno.`cValor`,")",en.`cDescripcion`," / ", eno.`cObservacion`) cDescripcion,en.nTipo FROM `empresa_normas` en
			JOIN `empresa_normas_observacion` eno ON eno.`nId_empresa_norma`=en.nid
		
[Sun, 28 Nov 2021 08:42:40 +0000] succes 0: SELECT e.`nId`, CONCAT(cPlaca,' / ',cNombre) cDescripcion FROM `empresa_vehiculo` e
		JOIN `tipo_vehiculo` t ON e.`nTipoVehiculo`=t.`nId`
		WHERE e.nIdEmpresa = 17 AND IFNULL(e.nFlag, 0) = 0
[Sun, 28 Nov 2021 08:42:40 +0000] succes 0: select * from codigos  where nFlag=0 and cCodigo =500  AND cvalor NOT IN (500)
[Sun, 28 Nov 2021 08:42:52 +0000] succes 0: select * from informe  where nFlag=0 and nId=143
[Sun, 28 Nov 2021 08:42:52 +0000] succes 0: select * from tarea  where nFlag=0 and nId=1
[Sun, 28 Nov 2021 08:42:52 +0000] succes 0: select * from tipo_vehiculo  where nFlag=0
[Sun, 28 Nov 2021 08:42:52 +0000] succes 0: SELECT c.nIdTarea, c.`nId`,c.`cCodigo`,c.`cNombre`,c.`nModelo`  FROM `informe` i
		JOIN `cumplimiento` c ON c.`nIdTarea`= i.`nIdTarea`
		WHERE i.NID=143 AND c.nFlag = 0
[Sun, 28 Nov 2021 08:42:52 +0000] succes 0: SELECT CONCAT(p.`cApellidos`, ' ',p.`cNombres`)'Descripcion',ec.`nIdEmpresa`,ect.`nId`, ec.`nId` nIdCargo, ec.`cCargo` FROM  
		`empresa_cargo_trabajador` ect
		JOIN `empresa_cargo` ec ON ec.`nId`=ect.`nIdEmpresa_Cargo`
		JOIN `persona` p ON p.`nId`=ect.`nIdPersona`
		WHERE ec.nIdEmpresa = 17
		
[Sun, 28 Nov 2021 08:42:52 +0000] succes 0: SELECT eno.`nId`, CONCAT("(",eno.`cValor`,")",en.`cDescripcion`," / ", eno.`cObservacion`) cDescripcion,en.nTipo FROM `empresa_normas` en
			JOIN `empresa_normas_observacion` eno ON eno.`nId_empresa_norma`=en.nid
		
[Sun, 28 Nov 2021 08:42:52 +0000] succes 0: SELECT e.`nId`, CONCAT(cPlaca,' / ',cNombre) cDescripcion FROM `empresa_vehiculo` e
		JOIN `tipo_vehiculo` t ON e.`nTipoVehiculo`=t.`nId`
		WHERE e.nIdEmpresa = 17 AND IFNULL(e.nFlag, 0) = 0
[Sun, 28 Nov 2021 08:42:52 +0000] succes 0: select * from codigos  where nFlag=0 and cCodigo =500  AND cvalor NOT IN (500)
[Sun, 28 Nov 2021 08:42:56 +0000] succes 0: select * from inf_cumplimiento_img
		where nIdInforme= 143 and nIdCumplimiento= 21
[Sun, 28 Nov 2021 08:48:50 +0000] succes 0: call spt_sel_obtienedocumento (3)
[Sun, 28 Nov 2021 08:48:54 +0000] succes 0: select * from informe  where nFlag=0 and nId=133
[Sun, 28 Nov 2021 08:48:54 +0000] succes 0: select * from tarea  where nFlag=0 and nId=2
[Sun, 28 Nov 2021 08:48:54 +0000] succes 0: select * from tipo_vehiculo  where nFlag=0
[Sun, 28 Nov 2021 08:48:54 +0000] succes 0: SELECT c.nIdTarea, c.`nId`,c.`cCodigo`,c.`cNombre`,c.`nModelo`  FROM `informe` i
		JOIN `cumplimiento` c ON c.`nIdTarea`= i.`nIdTarea`
		WHERE i.NID=133 AND c.nFlag = 0
[Sun, 28 Nov 2021 08:48:54 +0000] succes 0: SELECT CONCAT(p.`cApellidos`, ' ',p.`cNombres`)'Descripcion',ec.`nIdEmpresa`,ect.`nId`, ec.`nId` nIdCargo, ec.`cCargo` FROM  
		`empresa_cargo_trabajador` ect
		JOIN `empresa_cargo` ec ON ec.`nId`=ect.`nIdEmpresa_Cargo`
		JOIN `persona` p ON p.`nId`=ect.`nIdPersona`
		WHERE ec.nIdEmpresa = 8
		
[Sun, 28 Nov 2021 08:48:54 +0000] succes 0: SELECT eno.`nId`, CONCAT("(",eno.`cValor`,")",en.`cDescripcion`," / ", eno.`cObservacion`) cDescripcion,en.nTipo FROM `empresa_normas` en
			JOIN `empresa_normas_observacion` eno ON eno.`nId_empresa_norma`=en.nid
		
[Sun, 28 Nov 2021 08:48:54 +0000] succes 0: SELECT e.`nId`, CONCAT(cPlaca,' / ',cNombre) cDescripcion FROM `empresa_vehiculo` e
		JOIN `tipo_vehiculo` t ON e.`nTipoVehiculo`=t.`nId`
		WHERE e.nIdEmpresa = 8 AND IFNULL(e.nFlag, 0) = 0
[Sun, 28 Nov 2021 08:48:54 +0000] succes 0: select * from codigos  where nFlag=0 and cCodigo =500  AND cvalor NOT IN (500)
[Sun, 28 Nov 2021 08:54:59 +0000] succes 0: select * from inf_cumplimiento_img
		where nIdInforme= 133 and nIdCumplimiento= 21
[Sun, 28 Nov 2021 08:55:03 +0000] succes 0: call spt_sel_obtienedocumento (3)
[Sun, 28 Nov 2021 08:55:25 +0000] succes 0: call spt_sel_obtienedocumento (3)
[Sun, 28 Nov 2021 08:55:31 +0000] succes 0: select * from informe  where nFlag=0 and nId=143
[Sun, 28 Nov 2021 08:55:31 +0000] succes 0: select * from programa  where nFlag=0 and nId=1
[Sun, 28 Nov 2021 08:55:31 +0000] succes 0: SELECT * FROM empresa WHERE nId= 17 and nFlag = 0
[Sun, 28 Nov 2021 08:55:31 +0000] succes 0: SELECT c.nIdTarea, c.`nId`,c.`cCodigo`,c.`cNombre`,c.`nModelo`  FROM `informe` i
		JOIN `cumplimiento` c ON c.`nIdTarea`= i.`nIdTarea`
		WHERE i.NID=143 AND c.nFlag = 0
[Sun, 28 Nov 2021 08:55:31 +0000] succes 0: call stp_sel_resumen_informe(143)
[Sun, 28 Nov 2021 08:55:31 +0000] succes 0: select * from codigos  where nFlag=0 and cCodigo =400  AND cvalor NOT IN (400)
[Sun, 28 Nov 2021 08:55:31 +0000] succes 0: 
		SELECT  i.`nId`, i.`nIdInforme`, i.`nIdCumplimiento`,cod.`cValor` nValorTipo, c.`cNombre` Cumpliento, cod.`cDescripcion` descripcionTipo,i.`cDescripcion` detalle,i.`dCreate` 
		FROM `inf_cumplimiento_des` i
		JOIN `cumplimiento` c ON c.`nId`= i.`nIdCumplimiento`
		JOIN `codigos` cod ON cod.`cCodigo`=c.`nTipo` AND cod.`cValor`=i.`nValor`
 		WHERE `nIdInforme`=143 AND i.`nIdCumplimiento`=9
		AND i.nFlag = 0
[Sun, 28 Nov 2021 08:55:31 +0000] succes 0: select * from uunn WHERE `nId` = 8 AND nFlag=0
[Sun, 28 Nov 2021 08:55:31 +0000] succes 0: select * from supervision where nId = 4 AND nFlag=0
[Sun, 28 Nov 2021 08:55:31 +0000] succes 0: SELECT p.nId,p.cDoi,p.cNombres,p.cApellidos,p.cUsuario FROM `responsable`res 
		JOIN persona p on p.nId=res.nIdPersona where res.nId = '119'
[Sun, 28 Nov 2021 08:55:31 +0000] succes 0: SELECT it.`nId`, p.`cNombres`,p.`cApellidos`,ec.`cCargo`, IF(eno.`nId` IS NULL, '', eno.`nId`) nCodigo, IF(eno.`cValor` IS NULL, '', eno.`cValor`) cCodigo FROM `informe` i
		JOIN `inf_trabajadoressupervisados_det` it ON it.`nIdInforme`=i.`nId`
		JOIN `empresa_cargo_trabajador` ect ON ect.`nId`=it.`nId_E_C_T`
		JOIN `empresa_cargo` ec ON ect.`nIdEmpresa_Cargo`=ec.`nId`
		JOIN persona p ON p.`nId`=ect.`nIdPersona`
		INNER JOIN `empresa_normas` en ON en.`nIdEmpresa`= en.`nIdEmpresa`
		INNER JOIN `empresa_normas_observacion` eno ON eno.`nId_empresa_norma`=en.`nId` AND eno.`nId`=it.`nId_emp_nor_obs`
		WHERE it.nIdInforme = 143 AND it.nFlag = 0 /*AND eno.nFlag = 0*/
[Sun, 28 Nov 2021 08:55:31 +0000] succes 0: SELECT iv.`nId`, T.`cNombre`,tv.`cPlaca`, ENO.`cValor` FROM `informe` i
		JOIN `inf_vehiculo_det` iv ON i.`nId`=iv.`nIdInforme`
		JOIN `empresa_normas_observacion` ENO ON ENO.`nId`=iv.`nId_Emp_nor_obs`
		JOIN `empresa_vehiculo` tv ON tv.`nIdEmpresa`=  i.nIdEmpresa AND iv.nIdEmp_Veh = tv.nId
		JOIN `tipo_vehiculo` T ON T.`nId` =tv.`nTipoVehiculo`
		WHERE iv.nIdInforme = 143 AND iv.nFlag = 0 AND IFNULL(tv.nFlag, 0) = 0
[Sun, 28 Nov 2021 08:55:31 +0000] succes 0: 
		SELECT  i.`nId`, i.`nIdInforme`, i.`nIdCumplimiento`,cod.`cValor` nValorTipo, c.`cNombre` Cumpliento, cod.`cDescripcion` descripcionTipo,i.`cDescripcion` detalle,i.`dCreate` 
		FROM `inf_cumplimiento_des` i
		JOIN `cumplimiento` c ON c.`nId`= i.`nIdCumplimiento`
		JOIN `codigos` cod ON cod.`cCodigo`=c.`nTipo` AND cod.`cValor`=i.`nValor`
 		WHERE `nIdInforme`=143 AND i.`nIdCumplimiento`=1
		AND i.nFlag = 0
[Sun, 28 Nov 2021 08:55:31 +0000] succes 0: select * from inf_cumplimiento_img
		where nIdInforme= 143 and nIdCumplimiento= 1
[Sun, 28 Nov 2021 08:55:31 +0000] succes 0: 
		SELECT  i.`nId`, i.`nIdInforme`, i.`nIdCumplimiento`,cod.`cValor` nValorTipo, c.`cNombre` Cumpliento, cod.`cDescripcion` descripcionTipo,i.`cDescripcion` detalle,i.`dCreate` 
		FROM `inf_cumplimiento_des` i
		JOIN `cumplimiento` c ON c.`nId`= i.`nIdCumplimiento`
		JOIN `codigos` cod ON cod.`cCodigo`=c.`nTipo` AND cod.`cValor`=i.`nValor`
 		WHERE `nIdInforme`=143 AND i.`nIdCumplimiento`=2
		AND i.nFlag = 0
[Sun, 28 Nov 2021 08:55:31 +0000] succes 0: select * from inf_cumplimiento_img
		where nIdInforme= 143 and nIdCumplimiento= 2
[Sun, 28 Nov 2021 08:55:31 +0000] succes 0: 
		SELECT  i.`nId`, i.`nIdInforme`, i.`nIdCumplimiento`,cod.`cValor` nValorTipo, c.`cNombre` Cumpliento, cod.`cDescripcion` descripcionTipo,i.`cDescripcion` detalle,i.`dCreate` 
		FROM `inf_cumplimiento_des` i
		JOIN `cumplimiento` c ON c.`nId`= i.`nIdCumplimiento`
		JOIN `codigos` cod ON cod.`cCodigo`=c.`nTipo` AND cod.`cValor`=i.`nValor`
 		WHERE `nIdInforme`=143 AND i.`nIdCumplimiento`=3
		AND i.nFlag = 0
[Sun, 28 Nov 2021 08:55:31 +0000] succes 0: select * from inf_cumplimiento_img
		where nIdInforme= 143 and nIdCumplimiento= 3
[Sun, 28 Nov 2021 08:55:31 +0000] succes 0: 
		SELECT  i.`nId`, i.`nIdInforme`, i.`nIdCumplimiento`,cod.`cValor` nValorTipo, c.`cNombre` Cumpliento, cod.`cDescripcion` descripcionTipo,i.`cDescripcion` detalle,i.`dCreate` 
		FROM `inf_cumplimiento_des` i
		JOIN `cumplimiento` c ON c.`nId`= i.`nIdCumplimiento`
		JOIN `codigos` cod ON cod.`cCodigo`=c.`nTipo` AND cod.`cValor`=i.`nValor`
 		WHERE `nIdInforme`=143 AND i.`nIdCumplimiento`=4
		AND i.nFlag = 0
[Sun, 28 Nov 2021 08:55:31 +0000] succes 0: select * from inf_cumplimiento_img
		where nIdInforme= 143 and nIdCumplimiento= 4
[Sun, 28 Nov 2021 08:55:31 +0000] succes 0: 
		SELECT  i.`nId`, i.`nIdInforme`, i.`nIdCumplimiento`,cod.`cValor` nValorTipo, c.`cNombre` Cumpliento, cod.`cDescripcion` descripcionTipo,i.`cDescripcion` detalle,i.`dCreate` 
		FROM `inf_cumplimiento_des` i
		JOIN `cumplimiento` c ON c.`nId`= i.`nIdCumplimiento`
		JOIN `codigos` cod ON cod.`cCodigo`=c.`nTipo` AND cod.`cValor`=i.`nValor`
 		WHERE `nIdInforme`=143 AND i.`nIdCumplimiento`=5
		AND i.nFlag = 0
[Sun, 28 Nov 2021 08:55:31 +0000] succes 0: select * from inf_cumplimiento_img
		where nIdInforme= 143 and nIdCumplimiento= 5
[Sun, 28 Nov 2021 08:55:31 +0000] succes 0: 
		SELECT  i.`nId`, i.`nIdInforme`, i.`nIdCumplimiento`,cod.`cValor` nValorTipo, c.`cNombre` Cumpliento, cod.`cDescripcion` descripcionTipo,i.`cDescripcion` detalle,i.`dCreate` 
		FROM `inf_cumplimiento_des` i
		JOIN `cumplimiento` c ON c.`nId`= i.`nIdCumplimiento`
		JOIN `codigos` cod ON cod.`cCodigo`=c.`nTipo` AND cod.`cValor`=i.`nValor`
 		WHERE `nIdInforme`=143 AND i.`nIdCumplimiento`=6
		AND i.nFlag = 0
[Sun, 28 Nov 2021 08:55:31 +0000] succes 0: select * from inf_cumplimiento_img
		where nIdInforme= 143 and nIdCumplimiento= 6
[Sun, 28 Nov 2021 08:55:31 +0000] succes 0: 
		SELECT  i.`nId`, i.`nIdInforme`, i.`nIdCumplimiento`,cod.`cValor` nValorTipo, c.`cNombre` Cumpliento, cod.`cDescripcion` descripcionTipo,i.`cDescripcion` detalle,i.`dCreate` 
		FROM `inf_cumplimiento_des` i
		JOIN `cumplimiento` c ON c.`nId`= i.`nIdCumplimiento`
		JOIN `codigos` cod ON cod.`cCodigo`=c.`nTipo` AND cod.`cValor`=i.`nValor`
 		WHERE `nIdInforme`=143 AND i.`nIdCumplimiento`=7
		AND i.nFlag = 0
[Sun, 28 Nov 2021 08:55:31 +0000] succes 0: 
		SELECT  i.`nId`, i.`nIdInforme`, i.`nIdCumplimiento`,cod.`cValor` nValorTipo, c.`cNombre` Cumpliento, cod.`cDescripcion` descripcionTipo,i.`cDescripcion` detalle,i.`dCreate` 
		FROM `inf_cumplimiento_des` i
		JOIN `cumplimiento` c ON c.`nId`= i.`nIdCumplimiento`
		JOIN `codigos` cod ON cod.`cCodigo`=c.`nTipo` AND cod.`cValor`=i.`nValor`
 		WHERE `nIdInforme`=143 AND i.`nIdCumplimiento`=8
		AND i.nFlag = 0
[Sun, 28 Nov 2021 08:55:31 +0000] succes 0: select * from inf_cumplimiento_img
		where nIdInforme= 143 and nIdCumplimiento= 8
[Sun, 28 Nov 2021 08:55:32 +0000] succes 0: CALL stp_sel_resumen_informe2 (143);
[Sun, 28 Nov 2021 08:55:41 +0000] succes 0: call spt_sel_obtienedocumento (3)
[Sun, 28 Nov 2021 08:55:45 +0000] succes 0: select * from informe  where nFlag=0 and nId=130
[Sun, 28 Nov 2021 08:55:45 +0000] succes 0: select * from tarea  where nFlag=0 and nId=2
[Sun, 28 Nov 2021 08:55:45 +0000] succes 0: select * from tipo_vehiculo  where nFlag=0
[Sun, 28 Nov 2021 08:55:45 +0000] succes 0: SELECT c.nIdTarea, c.`nId`,c.`cCodigo`,c.`cNombre`,c.`nModelo`  FROM `informe` i
		JOIN `cumplimiento` c ON c.`nIdTarea`= i.`nIdTarea`
		WHERE i.NID=130 AND c.nFlag = 0
[Sun, 28 Nov 2021 08:55:45 +0000] succes 0: SELECT CONCAT(p.`cApellidos`, ' ',p.`cNombres`)'Descripcion',ec.`nIdEmpresa`,ect.`nId`, ec.`nId` nIdCargo, ec.`cCargo` FROM  
		`empresa_cargo_trabajador` ect
		JOIN `empresa_cargo` ec ON ec.`nId`=ect.`nIdEmpresa_Cargo`
		JOIN `persona` p ON p.`nId`=ect.`nIdPersona`
		WHERE ec.nIdEmpresa = 8
		
[Sun, 28 Nov 2021 08:55:45 +0000] succes 0: SELECT eno.`nId`, CONCAT("(",eno.`cValor`,")",en.`cDescripcion`," / ", eno.`cObservacion`) cDescripcion,en.nTipo FROM `empresa_normas` en
			JOIN `empresa_normas_observacion` eno ON eno.`nId_empresa_norma`=en.nid
		
[Sun, 28 Nov 2021 08:55:45 +0000] succes 0: SELECT e.`nId`, CONCAT(cPlaca,' / ',cNombre) cDescripcion FROM `empresa_vehiculo` e
		JOIN `tipo_vehiculo` t ON e.`nTipoVehiculo`=t.`nId`
		WHERE e.nIdEmpresa = 8 AND IFNULL(e.nFlag, 0) = 0
[Sun, 28 Nov 2021 08:55:45 +0000] succes 0: select * from codigos  where nFlag=0 and cCodigo =500  AND cvalor NOT IN (500)
[Sun, 28 Nov 2021 08:55:47 +0000] succes 0: select * from inf_cumplimiento_img
		where nIdInforme= 130 and nIdCumplimiento= 21
[Sun, 28 Nov 2021 08:55:52 +0000] succes 0: call spt_sel_obtienedocumento (3)
[Sun, 28 Nov 2021 08:55:56 +0000] succes 0: select * from informe  where nFlag=0 and nId=137
[Sun, 28 Nov 2021 08:55:56 +0000] succes 0: select * from tarea  where nFlag=0 and nId=1
[Sun, 28 Nov 2021 08:55:56 +0000] succes 0: select * from tipo_vehiculo  where nFlag=0
[Sun, 28 Nov 2021 08:55:56 +0000] succes 0: SELECT c.nIdTarea, c.`nId`,c.`cCodigo`,c.`cNombre`,c.`nModelo`  FROM `informe` i
		JOIN `cumplimiento` c ON c.`nIdTarea`= i.`nIdTarea`
		WHERE i.NID=137 AND c.nFlag = 0
[Sun, 28 Nov 2021 08:55:56 +0000] succes 0: SELECT CONCAT(p.`cApellidos`, ' ',p.`cNombres`)'Descripcion',ec.`nIdEmpresa`,ect.`nId`, ec.`nId` nIdCargo, ec.`cCargo` FROM  
		`empresa_cargo_trabajador` ect
		JOIN `empresa_cargo` ec ON ec.`nId`=ect.`nIdEmpresa_Cargo`
		JOIN `persona` p ON p.`nId`=ect.`nIdPersona`
		WHERE ec.nIdEmpresa = 12
		
[Sun, 28 Nov 2021 08:55:56 +0000] succes 0: SELECT eno.`nId`, CONCAT("(",eno.`cValor`,")",en.`cDescripcion`," / ", eno.`cObservacion`) cDescripcion,en.nTipo FROM `empresa_normas` en
			JOIN `empresa_normas_observacion` eno ON eno.`nId_empresa_norma`=en.nid
		
[Sun, 28 Nov 2021 08:55:56 +0000] succes 0: SELECT e.`nId`, CONCAT(cPlaca,' / ',cNombre) cDescripcion FROM `empresa_vehiculo` e
		JOIN `tipo_vehiculo` t ON e.`nTipoVehiculo`=t.`nId`
		WHERE e.nIdEmpresa = 12 AND IFNULL(e.nFlag, 0) = 0
[Sun, 28 Nov 2021 08:55:56 +0000] succes 0: select * from codigos  where nFlag=0 and cCodigo =500  AND cvalor NOT IN (500)
[Sun, 28 Nov 2021 08:55:58 +0000] succes 0: select * from inf_cumplimiento_img
		where nIdInforme= 137 and nIdCumplimiento= 21
[Sun, 28 Nov 2021 08:56:03 +0000] succes 0: call spt_sel_obtienedocumento (3)
[Sun, 28 Nov 2021 08:56:08 +0000] succes 0: select * from informe  where nFlag=0 and nId=137
[Sun, 28 Nov 2021 08:56:08 +0000] succes 0: select * from programa  where nFlag=0 and nId=1
[Sun, 28 Nov 2021 08:56:08 +0000] succes 0: SELECT * FROM empresa WHERE nId= 12 and nFlag = 0
[Sun, 28 Nov 2021 08:56:08 +0000] succes 0: SELECT c.nIdTarea, c.`nId`,c.`cCodigo`,c.`cNombre`,c.`nModelo`  FROM `informe` i
		JOIN `cumplimiento` c ON c.`nIdTarea`= i.`nIdTarea`
		WHERE i.NID=137 AND c.nFlag = 0
[Sun, 28 Nov 2021 08:56:08 +0000] succes 0: call stp_sel_resumen_informe(137)
[Sun, 28 Nov 2021 08:56:08 +0000] succes 0: select * from codigos  where nFlag=0 and cCodigo =400  AND cvalor NOT IN (400)
[Sun, 28 Nov 2021 08:56:08 +0000] succes 0: 
		SELECT  i.`nId`, i.`nIdInforme`, i.`nIdCumplimiento`,cod.`cValor` nValorTipo, c.`cNombre` Cumpliento, cod.`cDescripcion` descripcionTipo,i.`cDescripcion` detalle,i.`dCreate` 
		FROM `inf_cumplimiento_des` i
		JOIN `cumplimiento` c ON c.`nId`= i.`nIdCumplimiento`
		JOIN `codigos` cod ON cod.`cCodigo`=c.`nTipo` AND cod.`cValor`=i.`nValor`
 		WHERE `nIdInforme`=137 AND i.`nIdCumplimiento`=9
		AND i.nFlag = 0
[Sun, 28 Nov 2021 08:56:08 +0000] succes 0: select * from uunn WHERE `nId` = 7 AND nFlag=0
[Sun, 28 Nov 2021 08:56:08 +0000] succes 0: select * from supervision where nId = 4 AND nFlag=0
[Sun, 28 Nov 2021 08:56:08 +0000] succes 0: SELECT p.nId,p.cDoi,p.cNombres,p.cApellidos,p.cUsuario FROM `responsable`res 
		JOIN persona p on p.nId=res.nIdPersona where res.nId = '44'
[Sun, 28 Nov 2021 08:56:08 +0000] succes 0: SELECT it.`nId`, p.`cNombres`,p.`cApellidos`,ec.`cCargo`, IF(eno.`nId` IS NULL, '', eno.`nId`) nCodigo, IF(eno.`cValor` IS NULL, '', eno.`cValor`) cCodigo FROM `informe` i
		JOIN `inf_trabajadoressupervisados_det` it ON it.`nIdInforme`=i.`nId`
		JOIN `empresa_cargo_trabajador` ect ON ect.`nId`=it.`nId_E_C_T`
		JOIN `empresa_cargo` ec ON ect.`nIdEmpresa_Cargo`=ec.`nId`
		JOIN persona p ON p.`nId`=ect.`nIdPersona`
		INNER JOIN `empresa_normas` en ON en.`nIdEmpresa`= en.`nIdEmpresa`
		INNER JOIN `empresa_normas_observacion` eno ON eno.`nId_empresa_norma`=en.`nId` AND eno.`nId`=it.`nId_emp_nor_obs`
		WHERE it.nIdInforme = 137 AND it.nFlag = 0 /*AND eno.nFlag = 0*/
[Sun, 28 Nov 2021 08:56:08 +0000] succes 0: SELECT iv.`nId`, T.`cNombre`,tv.`cPlaca`, ENO.`cValor` FROM `informe` i
		JOIN `inf_vehiculo_det` iv ON i.`nId`=iv.`nIdInforme`
		JOIN `empresa_normas_observacion` ENO ON ENO.`nId`=iv.`nId_Emp_nor_obs`
		JOIN `empresa_vehiculo` tv ON tv.`nIdEmpresa`=  i.nIdEmpresa AND iv.nIdEmp_Veh = tv.nId
		JOIN `tipo_vehiculo` T ON T.`nId` =tv.`nTipoVehiculo`
		WHERE iv.nIdInforme = 137 AND iv.nFlag = 0 AND IFNULL(tv.nFlag, 0) = 0
[Sun, 28 Nov 2021 08:56:08 +0000] succes 0: 
		SELECT  i.`nId`, i.`nIdInforme`, i.`nIdCumplimiento`,cod.`cValor` nValorTipo, c.`cNombre` Cumpliento, cod.`cDescripcion` descripcionTipo,i.`cDescripcion` detalle,i.`dCreate` 
		FROM `inf_cumplimiento_des` i
		JOIN `cumplimiento` c ON c.`nId`= i.`nIdCumplimiento`
		JOIN `codigos` cod ON cod.`cCodigo`=c.`nTipo` AND cod.`cValor`=i.`nValor`
 		WHERE `nIdInforme`=137 AND i.`nIdCumplimiento`=1
		AND i.nFlag = 0
[Sun, 28 Nov 2021 08:56:08 +0000] succes 0: select * from inf_cumplimiento_img
		where nIdInforme= 137 and nIdCumplimiento= 1
[Sun, 28 Nov 2021 08:56:08 +0000] succes 0: 
		SELECT  i.`nId`, i.`nIdInforme`, i.`nIdCumplimiento`,cod.`cValor` nValorTipo, c.`cNombre` Cumpliento, cod.`cDescripcion` descripcionTipo,i.`cDescripcion` detalle,i.`dCreate` 
		FROM `inf_cumplimiento_des` i
		JOIN `cumplimiento` c ON c.`nId`= i.`nIdCumplimiento`
		JOIN `codigos` cod ON cod.`cCodigo`=c.`nTipo` AND cod.`cValor`=i.`nValor`
 		WHERE `nIdInforme`=137 AND i.`nIdCumplimiento`=2
		AND i.nFlag = 0
[Sun, 28 Nov 2021 08:56:08 +0000] succes 0: select * from inf_cumplimiento_img
		where nIdInforme= 137 and nIdCumplimiento= 2
[Sun, 28 Nov 2021 08:56:08 +0000] succes 0: 
		SELECT  i.`nId`, i.`nIdInforme`, i.`nIdCumplimiento`,cod.`cValor` nValorTipo, c.`cNombre` Cumpliento, cod.`cDescripcion` descripcionTipo,i.`cDescripcion` detalle,i.`dCreate` 
		FROM `inf_cumplimiento_des` i
		JOIN `cumplimiento` c ON c.`nId`= i.`nIdCumplimiento`
		JOIN `codigos` cod ON cod.`cCodigo`=c.`nTipo` AND cod.`cValor`=i.`nValor`
 		WHERE `nIdInforme`=137 AND i.`nIdCumplimiento`=3
		AND i.nFlag = 0
[Sun, 28 Nov 2021 08:56:08 +0000] succes 0: select * from inf_cumplimiento_img
		where nIdInforme= 137 and nIdCumplimiento= 3
[Sun, 28 Nov 2021 08:56:08 +0000] succes 0: 
		SELECT  i.`nId`, i.`nIdInforme`, i.`nIdCumplimiento`,cod.`cValor` nValorTipo, c.`cNombre` Cumpliento, cod.`cDescripcion` descripcionTipo,i.`cDescripcion` detalle,i.`dCreate` 
		FROM `inf_cumplimiento_des` i
		JOIN `cumplimiento` c ON c.`nId`= i.`nIdCumplimiento`
		JOIN `codigos` cod ON cod.`cCodigo`=c.`nTipo` AND cod.`cValor`=i.`nValor`
 		WHERE `nIdInforme`=137 AND i.`nIdCumplimiento`=4
		AND i.nFlag = 0
[Sun, 28 Nov 2021 08:56:08 +0000] succes 0: select * from inf_cumplimiento_img
		where nIdInforme= 137 and nIdCumplimiento= 4
[Sun, 28 Nov 2021 08:56:08 +0000] succes 0: 
		SELECT  i.`nId`, i.`nIdInforme`, i.`nIdCumplimiento`,cod.`cValor` nValorTipo, c.`cNombre` Cumpliento, cod.`cDescripcion` descripcionTipo,i.`cDescripcion` detalle,i.`dCreate` 
		FROM `inf_cumplimiento_des` i
		JOIN `cumplimiento` c ON c.`nId`= i.`nIdCumplimiento`
		JOIN `codigos` cod ON cod.`cCodigo`=c.`nTipo` AND cod.`cValor`=i.`nValor`
 		WHERE `nIdInforme`=137 AND i.`nIdCumplimiento`=5
		AND i.nFlag = 0
[Sun, 28 Nov 2021 08:56:08 +0000] succes 0: select * from inf_cumplimiento_img
		where nIdInforme= 137 and nIdCumplimiento= 5
[Sun, 28 Nov 2021 08:56:08 +0000] succes 0: 
		SELECT  i.`nId`, i.`nIdInforme`, i.`nIdCumplimiento`,cod.`cValor` nValorTipo, c.`cNombre` Cumpliento, cod.`cDescripcion` descripcionTipo,i.`cDescripcion` detalle,i.`dCreate` 
		FROM `inf_cumplimiento_des` i
		JOIN `cumplimiento` c ON c.`nId`= i.`nIdCumplimiento`
		JOIN `codigos` cod ON cod.`cCodigo`=c.`nTipo` AND cod.`cValor`=i.`nValor`
 		WHERE `nIdInforme`=137 AND i.`nIdCumplimiento`=6
		AND i.nFlag = 0
[Sun, 28 Nov 2021 08:56:08 +0000] succes 0: select * from inf_cumplimiento_img
		where nIdInforme= 137 and nIdCumplimiento= 6
[Sun, 28 Nov 2021 08:56:08 +0000] succes 0: 
		SELECT  i.`nId`, i.`nIdInforme`, i.`nIdCumplimiento`,cod.`cValor` nValorTipo, c.`cNombre` Cumpliento, cod.`cDescripcion` descripcionTipo,i.`cDescripcion` detalle,i.`dCreate` 
		FROM `inf_cumplimiento_des` i
		JOIN `cumplimiento` c ON c.`nId`= i.`nIdCumplimiento`
		JOIN `codigos` cod ON cod.`cCodigo`=c.`nTipo` AND cod.`cValor`=i.`nValor`
 		WHERE `nIdInforme`=137 AND i.`nIdCumplimiento`=7
		AND i.nFlag = 0
[Sun, 28 Nov 2021 08:56:08 +0000] succes 0: 
		SELECT  i.`nId`, i.`nIdInforme`, i.`nIdCumplimiento`,cod.`cValor` nValorTipo, c.`cNombre` Cumpliento, cod.`cDescripcion` descripcionTipo,i.`cDescripcion` detalle,i.`dCreate` 
		FROM `inf_cumplimiento_des` i
		JOIN `cumplimiento` c ON c.`nId`= i.`nIdCumplimiento`
		JOIN `codigos` cod ON cod.`cCodigo`=c.`nTipo` AND cod.`cValor`=i.`nValor`
 		WHERE `nIdInforme`=137 AND i.`nIdCumplimiento`=8
		AND i.nFlag = 0
[Sun, 28 Nov 2021 08:56:08 +0000] succes 0: select * from inf_cumplimiento_img
		where nIdInforme= 137 and nIdCumplimiento= 8
[Sun, 28 Nov 2021 08:56:08 +0000] succes 0: CALL stp_sel_resumen_informe2 (137);
