[Thu, 13 Jan 2022 03:44:38 +0000] succes 0: select * from persona  where cDoi="40980455"
[Thu, 13 Jan 2022 03:44:48 +0000] succes 0: call spt_sel_all_User('17')
[Thu, 13 Jan 2022 03:45:41 +0000] succes 0: select * from persona  where cDoi="71856984"
[Thu, 13 Jan 2022 03:45:43 +0000] succes 0: call spt_sel_obtienedocumento (17)
[Thu, 13 Jan 2022 03:46:02 +0000] succes 0: call spt_sel_all_User('3')
[Thu, 13 Jan 2022 03:46:03 +0000] succes 0: call spt_sel_obtienedocumento (3)
[Thu, 13 Jan 2022 03:46:14 +0000] succes 0: select * from informe  where nFlag=0 and nId=133
[Thu, 13 Jan 2022 03:46:14 +0000] succes 0: select * from tarea  where nFlag=0 and nId=2
[Thu, 13 Jan 2022 03:46:14 +0000] succes 0: select * from tipo_vehiculo  where nFlag=0
[Thu, 13 Jan 2022 03:46:14 +0000] succes 0: SELECT c.nIdTarea, c.`nId`,c.`cCodigo`,c.`cNombre`,c.`nModelo`  FROM `informe` i
		JOIN `cumplimiento` c ON c.`nIdTarea`= i.`nIdTarea`
		WHERE i.nId=133 AND c.nFlag = 0
[Thu, 13 Jan 2022 03:46:14 +0000] succes 0: SELECT CONCAT(p.`cApellidos`, ' ',p.`cNombres`)'Descripcion',ec.`nIdEmpresa`,ect.`nId`, ec.`nId` nIdCargo, ec.`cCargo` FROM  
		`empresa_cargo_trabajador` ect
		JOIN `empresa_cargo` ec ON ec.`nId`=ect.`nIdEmpresa_Cargo`
		JOIN `persona` p ON p.`nId`=ect.`nIdPersona`
		WHERE ec.nIdEmpresa = 8
		
[Thu, 13 Jan 2022 03:46:14 +0000] succes 0: SELECT eno.`nId`, CONCAT("(",eno.`cValor`,")",en.`cDescripcion`," / ", eno.`cObservacion`) cDescripcion,en.nTipo FROM `empresa_normas` en
			JOIN `empresa_normas_observacion` eno ON eno.`nId_empresa_norma`=en.nid and eno.`nId`=117
			UNION ALL
			SELECT eno.`nId`, CONCAT("(",eno.`cValor`,")",en.`cDescripcion`," / ", eno.`cObservacion`) cDescripcion,en.nTipo FROM `empresa_normas` en
			JOIN `empresa_normas_observacion` eno ON eno.`nId_empresa_norma`=en.nid and eno.`nId`=118
			UNION ALL
			SELECT eno.`nId`, CONCAT("(",eno.`cValor`,")",en.`cDescripcion`," / ", eno.`cObservacion`) cDescripcion,en.nTipo FROM `empresa_normas` en
			JOIN `empresa_normas_observacion` eno ON eno.`nId_empresa_norma`=en.nid
		
[Thu, 13 Jan 2022 03:46:14 +0000] succes 0: SELECT e.`nId`, CONCAT(cPlaca,' / ',cNombre) cDescripcion FROM `empresa_vehiculo` e
		JOIN `tipo_vehiculo` t ON e.`nTipoVehiculo`=t.`nId`
		WHERE e.nIdEmpresa = 8 AND IFNULL(e.nFlag, 0) = 0
[Thu, 13 Jan 2022 03:46:14 +0000] succes 0: select * from codigos  where nFlag=0 and cCodigo =500  AND cvalor NOT IN (500)
[Thu, 13 Jan 2022 03:46:18 +0000] succes 0: 
		SELECT  i.`nId`, i.`nIdInforme`, i.`nIdCumplimiento`,cod.`cValor` nValorTipo, c.`cNombre` Cumpliento, cod.`cDescripcion` descripcionTipo,i.`cDescripcion` detalle,i.`dCreate` 
		FROM `inf_cumplimiento_des` i
		JOIN `cumplimiento` c ON c.`nId`= i.`nIdCumplimiento`
		JOIN `codigos` cod ON cod.`cCodigo`=c.`nTipo` AND cod.`cValor`=i.`nValor`
 		WHERE `nIdInforme`=133 AND i.`nIdCumplimiento`=18
		AND i.nFlag = 0
[Thu, 13 Jan 2022 03:46:19 +0000] succes 0: select * from informe  where nFlag=0 and nId=127
[Thu, 13 Jan 2022 03:46:19 +0000] succes 0: select * from tarea  where nFlag=0 and nId=2
[Thu, 13 Jan 2022 03:46:19 +0000] succes 0: select * from tipo_vehiculo  where nFlag=0
[Thu, 13 Jan 2022 03:46:19 +0000] succes 0: SELECT c.nIdTarea, c.`nId`,c.`cCodigo`,c.`cNombre`,c.`nModelo`  FROM `informe` i
		JOIN `cumplimiento` c ON c.`nIdTarea`= i.`nIdTarea`
		WHERE i.nId=127 AND c.nFlag = 0
[Thu, 13 Jan 2022 03:46:19 +0000] succes 0: SELECT CONCAT(p.`cApellidos`, ' ',p.`cNombres`)'Descripcion',ec.`nIdEmpresa`,ect.`nId`, ec.`nId` nIdCargo, ec.`cCargo` FROM  
		`empresa_cargo_trabajador` ect
		JOIN `empresa_cargo` ec ON ec.`nId`=ect.`nIdEmpresa_Cargo`
		JOIN `persona` p ON p.`nId`=ect.`nIdPersona`
		WHERE ec.nIdEmpresa = 14
		
[Thu, 13 Jan 2022 03:46:19 +0000] succes 0: SELECT eno.`nId`, CONCAT("(",eno.`cValor`,")",en.`cDescripcion`," / ", eno.`cObservacion`) cDescripcion,en.nTipo FROM `empresa_normas` en
			JOIN `empresa_normas_observacion` eno ON eno.`nId_empresa_norma`=en.nid and eno.`nId`=117
			UNION ALL
			SELECT eno.`nId`, CONCAT("(",eno.`cValor`,")",en.`cDescripcion`," / ", eno.`cObservacion`) cDescripcion,en.nTipo FROM `empresa_normas` en
			JOIN `empresa_normas_observacion` eno ON eno.`nId_empresa_norma`=en.nid and eno.`nId`=118
			UNION ALL
			SELECT eno.`nId`, CONCAT("(",eno.`cValor`,")",en.`cDescripcion`," / ", eno.`cObservacion`) cDescripcion,en.nTipo FROM `empresa_normas` en
			JOIN `empresa_normas_observacion` eno ON eno.`nId_empresa_norma`=en.nid
		
[Thu, 13 Jan 2022 03:46:19 +0000] succes 0: SELECT e.`nId`, CONCAT(cPlaca,' / ',cNombre) cDescripcion FROM `empresa_vehiculo` e
		JOIN `tipo_vehiculo` t ON e.`nTipoVehiculo`=t.`nId`
		WHERE e.nIdEmpresa = 14 AND IFNULL(e.nFlag, 0) = 0
[Thu, 13 Jan 2022 03:46:19 +0000] succes 0: select * from codigos  where nFlag=0 and cCodigo =500  AND cvalor NOT IN (500)
[Thu, 13 Jan 2022 03:46:22 +0000] succes 0: 
		SELECT  i.`nId`, i.`nIdInforme`, i.`nIdCumplimiento`,cod.`cValor` nValorTipo, c.`cNombre` Cumpliento, cod.`cDescripcion` descripcionTipo,i.`cDescripcion` detalle,i.`dCreate` 
		FROM `inf_cumplimiento_des` i
		JOIN `cumplimiento` c ON c.`nId`= i.`nIdCumplimiento`
		JOIN `codigos` cod ON cod.`cCodigo`=c.`nTipo` AND cod.`cValor`=i.`nValor`
 		WHERE `nIdInforme`=133 AND i.`nIdCumplimiento`=19
		AND i.nFlag = 0
[Thu, 13 Jan 2022 03:46:26 +0000] succes 0: 
		SELECT  i.`nId`, i.`nIdInforme`, i.`nIdCumplimiento`,cod.`cValor` nValorTipo, c.`cNombre` Cumpliento, cod.`cDescripcion` descripcionTipo,i.`cDescripcion` detalle,i.`dCreate` 
		FROM `inf_cumplimiento_des` i
		JOIN `cumplimiento` c ON c.`nId`= i.`nIdCumplimiento`
		JOIN `codigos` cod ON cod.`cCodigo`=c.`nTipo` AND cod.`cValor`=i.`nValor`
 		WHERE `nIdInforme`=133 AND i.`nIdCumplimiento`=18
		AND i.nFlag = 0
[Thu, 13 Jan 2022 03:46:27 +0000] succes 0: 
		SELECT  i.`nId`, i.`nIdInforme`, i.`nIdCumplimiento`,cod.`cValor` nValorTipo, c.`cNombre` Cumpliento, cod.`cDescripcion` descripcionTipo,i.`cDescripcion` detalle,i.`dCreate` 
		FROM `inf_cumplimiento_des` i
		JOIN `cumplimiento` c ON c.`nId`= i.`nIdCumplimiento`
		JOIN `codigos` cod ON cod.`cCodigo`=c.`nTipo` AND cod.`cValor`=i.`nValor`
 		WHERE `nIdInforme`=133 AND i.`nIdCumplimiento`=19
		AND i.nFlag = 0
[Thu, 13 Jan 2022 03:46:29 +0000] succes 0: 
		SELECT  i.`nId`, i.`nIdInforme`, i.`nIdCumplimiento`,cod.`cValor` nValorTipo, c.`cNombre` Cumpliento, cod.`cDescripcion` descripcionTipo,i.`cDescripcion` detalle,i.`dCreate` 
		FROM `inf_cumplimiento_des` i
		JOIN `cumplimiento` c ON c.`nId`= i.`nIdCumplimiento`
		JOIN `codigos` cod ON cod.`cCodigo`=c.`nTipo` AND cod.`cValor`=i.`nValor`
 		WHERE `nIdInforme`=133 AND i.`nIdCumplimiento`=18
		AND i.nFlag = 0
[Thu, 13 Jan 2022 03:46:29 +0000] succes 0: 
		SELECT  i.`nId`, i.`nIdInforme`, i.`nIdCumplimiento`,cod.`cValor` nValorTipo, c.`cNombre` Cumpliento, cod.`cDescripcion` descripcionTipo,i.`cDescripcion` detalle,i.`dCreate` 
		FROM `inf_cumplimiento_des` i
		JOIN `cumplimiento` c ON c.`nId`= i.`nIdCumplimiento`
		JOIN `codigos` cod ON cod.`cCodigo`=c.`nTipo` AND cod.`cValor`=i.`nValor`
 		WHERE `nIdInforme`=133 AND i.`nIdCumplimiento`=19
		AND i.nFlag = 0
[Thu, 13 Jan 2022 03:46:30 +0000] succes 0: 
		SELECT  i.`nId`, i.`nIdInforme`, i.`nIdCumplimiento`,cod.`cValor` nValorTipo, c.`cNombre` Cumpliento, cod.`cDescripcion` descripcionTipo,i.`cDescripcion` detalle,i.`dCreate` 
		FROM `inf_cumplimiento_des` i
		JOIN `cumplimiento` c ON c.`nId`= i.`nIdCumplimiento`
		JOIN `codigos` cod ON cod.`cCodigo`=c.`nTipo` AND cod.`cValor`=i.`nValor`
 		WHERE `nIdInforme`=133 AND i.`nIdCumplimiento`=18
		AND i.nFlag = 0
[Thu, 13 Jan 2022 03:46:30 +0000] succes 0: 
		SELECT  i.`nId`, i.`nIdInforme`, i.`nIdCumplimiento`,cod.`cValor` nValorTipo, c.`cNombre` Cumpliento, cod.`cDescripcion` descripcionTipo,i.`cDescripcion` detalle,i.`dCreate` 
		FROM `inf_cumplimiento_des` i
		JOIN `cumplimiento` c ON c.`nId`= i.`nIdCumplimiento`
		JOIN `codigos` cod ON cod.`cCodigo`=c.`nTipo` AND cod.`cValor`=i.`nValor`
 		WHERE `nIdInforme`=133 AND i.`nIdCumplimiento`=19
		AND i.nFlag = 0
[Thu, 13 Jan 2022 03:46:31 +0000] succes 0: 
		SELECT  i.`nId`, i.`nIdInforme`, i.`nIdCumplimiento`,cod.`cValor` nValorTipo, c.`cNombre` Cumpliento, cod.`cDescripcion` descripcionTipo,i.`cDescripcion` detalle,i.`dCreate` 
		FROM `inf_cumplimiento_des` i
		JOIN `cumplimiento` c ON c.`nId`= i.`nIdCumplimiento`
		JOIN `codigos` cod ON cod.`cCodigo`=c.`nTipo` AND cod.`cValor`=i.`nValor`
 		WHERE `nIdInforme`=133 AND i.`nIdCumplimiento`=18
		AND i.nFlag = 0
[Thu, 13 Jan 2022 03:46:32 +0000] succes 0: 
		SELECT  i.`nId`, i.`nIdInforme`, i.`nIdCumplimiento`,cod.`cValor` nValorTipo, c.`cNombre` Cumpliento, cod.`cDescripcion` descripcionTipo,i.`cDescripcion` detalle,i.`dCreate` 
		FROM `inf_cumplimiento_des` i
		JOIN `cumplimiento` c ON c.`nId`= i.`nIdCumplimiento`
		JOIN `codigos` cod ON cod.`cCodigo`=c.`nTipo` AND cod.`cValor`=i.`nValor`
 		WHERE `nIdInforme`=133 AND i.`nIdCumplimiento`=19
		AND i.nFlag = 0
[Thu, 13 Jan 2022 03:46:35 +0000] succes 0: 
		SELECT  i.`nId`, i.`nIdInforme`, i.`nIdCumplimiento`,cod.`cValor` nValorTipo, c.`cNombre` Cumpliento, cod.`cDescripcion` descripcionTipo,i.`cDescripcion` detalle,i.`dCreate` 
		FROM `inf_cumplimiento_des` i
		JOIN `cumplimiento` c ON c.`nId`= i.`nIdCumplimiento`
		JOIN `codigos` cod ON cod.`cCodigo`=c.`nTipo` AND cod.`cValor`=i.`nValor`
 		WHERE `nIdInforme`=133 AND i.`nIdCumplimiento`=18
		AND i.nFlag = 0
[Thu, 13 Jan 2022 03:46:36 +0000] succes 0: 
		SELECT  i.`nId`, i.`nIdInforme`, i.`nIdCumplimiento`,cod.`cValor` nValorTipo, c.`cNombre` Cumpliento, cod.`cDescripcion` descripcionTipo,i.`cDescripcion` detalle,i.`dCreate` 
		FROM `inf_cumplimiento_des` i
		JOIN `cumplimiento` c ON c.`nId`= i.`nIdCumplimiento`
		JOIN `codigos` cod ON cod.`cCodigo`=c.`nTipo` AND cod.`cValor`=i.`nValor`
 		WHERE `nIdInforme`=133 AND i.`nIdCumplimiento`=19
		AND i.nFlag = 0
[Thu, 13 Jan 2022 03:46:39 +0000] succes 0: 
		SELECT  i.`nId`, i.`nIdInforme`, i.`nIdCumplimiento`,cod.`cValor` nValorTipo, c.`cNombre` Cumpliento, cod.`cDescripcion` descripcionTipo,i.`cDescripcion` detalle,i.`dCreate` 
		FROM `inf_cumplimiento_des` i
		JOIN `cumplimiento` c ON c.`nId`= i.`nIdCumplimiento`
		JOIN `codigos` cod ON cod.`cCodigo`=c.`nTipo` AND cod.`cValor`=i.`nValor`
 		WHERE `nIdInforme`=127 AND i.`nIdCumplimiento`=18
		AND i.nFlag = 0
[Thu, 13 Jan 2022 03:46:39 +0000] succes 0: 
		SELECT  i.`nId`, i.`nIdInforme`, i.`nIdCumplimiento`,cod.`cValor` nValorTipo, c.`cNombre` Cumpliento, cod.`cDescripcion` descripcionTipo,i.`cDescripcion` detalle,i.`dCreate` 
		FROM `inf_cumplimiento_des` i
		JOIN `cumplimiento` c ON c.`nId`= i.`nIdCumplimiento`
		JOIN `codigos` cod ON cod.`cCodigo`=c.`nTipo` AND cod.`cValor`=i.`nValor`
 		WHERE `nIdInforme`=133 AND i.`nIdCumplimiento`=18
		AND i.nFlag = 0
[Thu, 13 Jan 2022 03:46:40 +0000] succes 0: 
		SELECT  i.`nId`, i.`nIdInforme`, i.`nIdCumplimiento`,cod.`cValor` nValorTipo, c.`cNombre` Cumpliento, cod.`cDescripcion` descripcionTipo,i.`cDescripcion` detalle,i.`dCreate` 
		FROM `inf_cumplimiento_des` i
		JOIN `cumplimiento` c ON c.`nId`= i.`nIdCumplimiento`
		JOIN `codigos` cod ON cod.`cCodigo`=c.`nTipo` AND cod.`cValor`=i.`nValor`
 		WHERE `nIdInforme`=133 AND i.`nIdCumplimiento`=19
		AND i.nFlag = 0
[Thu, 13 Jan 2022 03:46:41 +0000] succes 0: select * from inf_cumplimiento_img
		where nIdInforme= 133 and nIdCumplimiento= 21
[Thu, 13 Jan 2022 03:46:42 +0000] succes 0: 
		SELECT  i.`nId`, i.`nIdInforme`, i.`nIdCumplimiento`,cod.`cValor` nValorTipo, c.`cNombre` Cumpliento, cod.`cDescripcion` descripcionTipo,i.`cDescripcion` detalle,i.`dCreate` 
		FROM `inf_cumplimiento_des` i
		JOIN `cumplimiento` c ON c.`nId`= i.`nIdCumplimiento`
		JOIN `codigos` cod ON cod.`cCodigo`=c.`nTipo` AND cod.`cValor`=i.`nValor`
 		WHERE `nIdInforme`=127 AND i.`nIdCumplimiento`=19
		AND i.nFlag = 0
[Thu, 13 Jan 2022 03:46:44 +0000] succes 0: 
		SELECT  i.`nId`, i.`nIdInforme`, i.`nIdCumplimiento`,cod.`cValor` nValorTipo, c.`cNombre` Cumpliento, cod.`cDescripcion` descripcionTipo,i.`cDescripcion` detalle,i.`dCreate` 
		FROM `inf_cumplimiento_des` i
		JOIN `cumplimiento` c ON c.`nId`= i.`nIdCumplimiento`
		JOIN `codigos` cod ON cod.`cCodigo`=c.`nTipo` AND cod.`cValor`=i.`nValor`
 		WHERE `nIdInforme`=127 AND i.`nIdCumplimiento`=12
		AND i.nFlag = 0
[Thu, 13 Jan 2022 03:46:44 +0000] succes 0: select * from inf_cumplimiento_img
		where nIdInforme= 127 and nIdCumplimiento= 12
[Thu, 13 Jan 2022 03:46:47 +0000] succes 0: 
		SELECT  i.`nId`, i.`nIdInforme`, i.`nIdCumplimiento`,cod.`cValor` nValorTipo, c.`cNombre` Cumpliento, cod.`cDescripcion` descripcionTipo,i.`cDescripcion` detalle,i.`dCreate` 
		FROM `inf_cumplimiento_des` i
		JOIN `cumplimiento` c ON c.`nId`= i.`nIdCumplimiento`
		JOIN `codigos` cod ON cod.`cCodigo`=c.`nTipo` AND cod.`cValor`=i.`nValor`
 		WHERE `nIdInforme`=133 AND i.`nIdCumplimiento`=18
		AND i.nFlag = 0
[Thu, 13 Jan 2022 03:46:49 +0000] succes 0: 
		SELECT  i.`nId`, i.`nIdInforme`, i.`nIdCumplimiento`,cod.`cValor` nValorTipo, c.`cNombre` Cumpliento, cod.`cDescripcion` descripcionTipo,i.`cDescripcion` detalle,i.`dCreate` 
		FROM `inf_cumplimiento_des` i
		JOIN `cumplimiento` c ON c.`nId`= i.`nIdCumplimiento`
		JOIN `codigos` cod ON cod.`cCodigo`=c.`nTipo` AND cod.`cValor`=i.`nValor`
 		WHERE `nIdInforme`=133 AND i.`nIdCumplimiento`=14
		AND i.nFlag = 0
[Thu, 13 Jan 2022 03:46:49 +0000] succes 0: select * from inf_cumplimiento_img
		where nIdInforme= 133 and nIdCumplimiento= 14
[Thu, 13 Jan 2022 03:46:59 +0000] succes 0: call spt_sel_obtienedocumento (3)
[Thu, 13 Jan 2022 03:47:00 +0000] succes 0: 
		SELECT  i.`nId`, i.`nIdInforme`, i.`nIdCumplimiento`,cod.`cValor` nValorTipo, c.`cNombre` Cumpliento, cod.`cDescripcion` descripcionTipo,i.`cDescripcion` detalle,i.`dCreate` 
		FROM `inf_cumplimiento_des` i
		JOIN `cumplimiento` c ON c.`nId`= i.`nIdCumplimiento`
		JOIN `codigos` cod ON cod.`cCodigo`=c.`nTipo` AND cod.`cValor`=i.`nValor`
 		WHERE `nIdInforme`=127 AND i.`nIdCumplimiento`=13
		AND i.nFlag = 0
[Thu, 13 Jan 2022 03:47:00 +0000] succes 0: select * from inf_cumplimiento_img
		where nIdInforme= 127 and nIdCumplimiento= 13
[Thu, 13 Jan 2022 03:47:00 +0000] succes 0: 
		SELECT  i.`nId`, i.`nIdInforme`, i.`nIdCumplimiento`,cod.`cValor` nValorTipo, c.`cNombre` Cumpliento, cod.`cDescripcion` descripcionTipo,i.`cDescripcion` detalle,i.`dCreate` 
		FROM `inf_cumplimiento_des` i
		JOIN `cumplimiento` c ON c.`nId`= i.`nIdCumplimiento`
		JOIN `codigos` cod ON cod.`cCodigo`=c.`nTipo` AND cod.`cValor`=i.`nValor`
 		WHERE `nIdInforme`=127 AND i.`nIdCumplimiento`=14
		AND i.nFlag = 0
[Thu, 13 Jan 2022 03:47:00 +0000] succes 0: select * from inf_cumplimiento_img
		where nIdInforme= 127 and nIdCumplimiento= 14
[Thu, 13 Jan 2022 03:47:01 +0000] succes 0: 
		SELECT  i.`nId`, i.`nIdInforme`, i.`nIdCumplimiento`,cod.`cValor` nValorTipo, c.`cNombre` Cumpliento, cod.`cDescripcion` descripcionTipo,i.`cDescripcion` detalle,i.`dCreate` 
		FROM `inf_cumplimiento_des` i
		JOIN `cumplimiento` c ON c.`nId`= i.`nIdCumplimiento`
		JOIN `codigos` cod ON cod.`cCodigo`=c.`nTipo` AND cod.`cValor`=i.`nValor`
 		WHERE `nIdInforme`=127 AND i.`nIdCumplimiento`=15
		AND i.nFlag = 0
[Thu, 13 Jan 2022 03:47:01 +0000] succes 0: select * from inf_cumplimiento_img
		where nIdInforme= 127 and nIdCumplimiento= 15
[Thu, 13 Jan 2022 03:47:01 +0000] succes 0: 
		SELECT  i.`nId`, i.`nIdInforme`, i.`nIdCumplimiento`,cod.`cValor` nValorTipo, c.`cNombre` Cumpliento, cod.`cDescripcion` descripcionTipo,i.`cDescripcion` detalle,i.`dCreate` 
		FROM `inf_cumplimiento_des` i
		JOIN `cumplimiento` c ON c.`nId`= i.`nIdCumplimiento`
		JOIN `codigos` cod ON cod.`cCodigo`=c.`nTipo` AND cod.`cValor`=i.`nValor`
 		WHERE `nIdInforme`=127 AND i.`nIdCumplimiento`=16
		AND i.nFlag = 0
[Thu, 13 Jan 2022 03:47:01 +0000] succes 0: select * from inf_cumplimiento_img
		where nIdInforme= 127 and nIdCumplimiento= 16
[Thu, 13 Jan 2022 03:47:02 +0000] succes 0: 
		SELECT  i.`nId`, i.`nIdInforme`, i.`nIdCumplimiento`,cod.`cValor` nValorTipo, c.`cNombre` Cumpliento, cod.`cDescripcion` descripcionTipo,i.`cDescripcion` detalle,i.`dCreate` 
		FROM `inf_cumplimiento_des` i
		JOIN `cumplimiento` c ON c.`nId`= i.`nIdCumplimiento`
		JOIN `codigos` cod ON cod.`cCodigo`=c.`nTipo` AND cod.`cValor`=i.`nValor`
 		WHERE `nIdInforme`=127 AND i.`nIdCumplimiento`=17
		AND i.nFlag = 0
[Thu, 13 Jan 2022 03:47:02 +0000] succes 0: select * from inf_cumplimiento_img
		where nIdInforme= 127 and nIdCumplimiento= 17
[Thu, 13 Jan 2022 03:47:08 +0000] succes 0: 
		SELECT  i.`nId`, i.`nIdInforme`, i.`nIdCumplimiento`,cod.`cValor` nValorTipo, c.`cNombre` Cumpliento, cod.`cDescripcion` descripcionTipo,i.`cDescripcion` detalle,i.`dCreate` 
		FROM `inf_cumplimiento_des` i
		JOIN `cumplimiento` c ON c.`nId`= i.`nIdCumplimiento`
		JOIN `codigos` cod ON cod.`cCodigo`=c.`nTipo` AND cod.`cValor`=i.`nValor`
 		WHERE `nIdInforme`=127 AND i.`nIdCumplimiento`=18
		AND i.nFlag = 0
[Thu, 13 Jan 2022 03:47:40 +0000] succes 0: select * from informe  where nFlag=0 and nId=133
[Thu, 13 Jan 2022 03:47:40 +0000] succes 0: select * from tarea  where nFlag=0 and nId=2
[Thu, 13 Jan 2022 03:47:40 +0000] succes 0: select * from tipo_vehiculo  where nFlag=0
[Thu, 13 Jan 2022 03:47:40 +0000] succes 0: SELECT c.nIdTarea, c.`nId`,c.`cCodigo`,c.`cNombre`,c.`nModelo`  FROM `informe` i
		JOIN `cumplimiento` c ON c.`nIdTarea`= i.`nIdTarea`
		WHERE i.nId=133 AND c.nFlag = 0
[Thu, 13 Jan 2022 03:47:40 +0000] succes 0: SELECT CONCAT(p.`cApellidos`, ' ',p.`cNombres`)'Descripcion',ec.`nIdEmpresa`,ect.`nId`, ec.`nId` nIdCargo, ec.`cCargo` FROM  
		`empresa_cargo_trabajador` ect
		JOIN `empresa_cargo` ec ON ec.`nId`=ect.`nIdEmpresa_Cargo`
		JOIN `persona` p ON p.`nId`=ect.`nIdPersona`
		WHERE ec.nIdEmpresa = 8
		
[Thu, 13 Jan 2022 03:47:40 +0000] succes 0: SELECT eno.`nId`, CONCAT("(",eno.`cValor`,")",en.`cDescripcion`," / ", eno.`cObservacion`) cDescripcion,en.nTipo FROM `empresa_normas` en
			JOIN `empresa_normas_observacion` eno ON eno.`nId_empresa_norma`=en.nid and eno.`nId`=117
			UNION ALL
			SELECT eno.`nId`, CONCAT("(",eno.`cValor`,")",en.`cDescripcion`," / ", eno.`cObservacion`) cDescripcion,en.nTipo FROM `empresa_normas` en
			JOIN `empresa_normas_observacion` eno ON eno.`nId_empresa_norma`=en.nid and eno.`nId`=118
			UNION ALL
			SELECT eno.`nId`, CONCAT("(",eno.`cValor`,")",en.`cDescripcion`," / ", eno.`cObservacion`) cDescripcion,en.nTipo FROM `empresa_normas` en
			JOIN `empresa_normas_observacion` eno ON eno.`nId_empresa_norma`=en.nid
		
[Thu, 13 Jan 2022 03:47:40 +0000] succes 0: SELECT e.`nId`, CONCAT(cPlaca,' / ',cNombre) cDescripcion FROM `empresa_vehiculo` e
		JOIN `tipo_vehiculo` t ON e.`nTipoVehiculo`=t.`nId`
		WHERE e.nIdEmpresa = 8 AND IFNULL(e.nFlag, 0) = 0
[Thu, 13 Jan 2022 03:47:40 +0000] succes 0: select * from codigos  where nFlag=0 and cCodigo =500  AND cvalor NOT IN (500)
[Thu, 13 Jan 2022 03:47:45 +0000] succes 0: call spt_sel_obtienedocumento (3)
[Thu, 13 Jan 2022 03:47:45 +0000] succes 0: select * from informe  where nFlag=0 and nId=128
[Thu, 13 Jan 2022 03:47:45 +0000] succes 0: select * from tarea  where nFlag=0 and nId=1
[Thu, 13 Jan 2022 03:47:45 +0000] succes 0: select * from tipo_vehiculo  where nFlag=0
[Thu, 13 Jan 2022 03:47:45 +0000] succes 0: SELECT c.nIdTarea, c.`nId`,c.`cCodigo`,c.`cNombre`,c.`nModelo`  FROM `informe` i
		JOIN `cumplimiento` c ON c.`nIdTarea`= i.`nIdTarea`
		WHERE i.nId=128 AND c.nFlag = 0
[Thu, 13 Jan 2022 03:47:45 +0000] succes 0: SELECT CONCAT(p.`cApellidos`, ' ',p.`cNombres`)'Descripcion',ec.`nIdEmpresa`,ect.`nId`, ec.`nId` nIdCargo, ec.`cCargo` FROM  
		`empresa_cargo_trabajador` ect
		JOIN `empresa_cargo` ec ON ec.`nId`=ect.`nIdEmpresa_Cargo`
		JOIN `persona` p ON p.`nId`=ect.`nIdPersona`
		WHERE ec.nIdEmpresa = 14
		
[Thu, 13 Jan 2022 03:47:45 +0000] succes 0: SELECT eno.`nId`, CONCAT("(",eno.`cValor`,")",en.`cDescripcion`," / ", eno.`cObservacion`) cDescripcion,en.nTipo FROM `empresa_normas` en
			JOIN `empresa_normas_observacion` eno ON eno.`nId_empresa_norma`=en.nid and eno.`nId`=117
			UNION ALL
			SELECT eno.`nId`, CONCAT("(",eno.`cValor`,")",en.`cDescripcion`," / ", eno.`cObservacion`) cDescripcion,en.nTipo FROM `empresa_normas` en
			JOIN `empresa_normas_observacion` eno ON eno.`nId_empresa_norma`=en.nid and eno.`nId`=118
			UNION ALL
			SELECT eno.`nId`, CONCAT("(",eno.`cValor`,")",en.`cDescripcion`," / ", eno.`cObservacion`) cDescripcion,en.nTipo FROM `empresa_normas` en
			JOIN `empresa_normas_observacion` eno ON eno.`nId_empresa_norma`=en.nid
		
[Thu, 13 Jan 2022 03:47:45 +0000] succes 0: SELECT e.`nId`, CONCAT(cPlaca,' / ',cNombre) cDescripcion FROM `empresa_vehiculo` e
		JOIN `tipo_vehiculo` t ON e.`nTipoVehiculo`=t.`nId`
		WHERE e.nIdEmpresa = 14 AND IFNULL(e.nFlag, 0) = 0
[Thu, 13 Jan 2022 03:47:45 +0000] succes 0: select * from codigos  where nFlag=0 and cCodigo =500  AND cvalor NOT IN (500)
[Thu, 13 Jan 2022 03:47:48 +0000] succes 0: SELECT it.`nId`, p.`cNombres`,p.`cApellidos`,ec.`cCargo`, IF(eno.`nId` IS NULL, '', eno.`nId`) nCodigo, IF(eno.`cValor` IS NULL, '', eno.`cValor`) cCodigo FROM `informe` i
		JOIN `inf_trabajadoressupervisados_det` it ON it.`nIdInforme`=i.`nId`
		JOIN `empresa_cargo_trabajador` ect ON ect.`nId`=it.`nId_E_C_T`
		JOIN `empresa_cargo` ec ON ect.`nIdEmpresa_Cargo`=ec.`nId`
		JOIN persona p ON p.`nId`=ect.`nIdPersona`
		INNER JOIN `empresa_normas` en ON en.`nIdEmpresa`= en.`nIdEmpresa`
		INNER JOIN `empresa_normas_observacion` eno ON eno.`nId_empresa_norma`=en.`nId` AND eno.`nId`=it.`nId_emp_nor_obs`
		WHERE it.nIdInforme = 128 AND it.nFlag = 0 /*AND eno.nFlag = 0*/
[Thu, 13 Jan 2022 03:47:48 +0000] succes 0: SELECT CONCAT(p.`cApellidos`, ' ',p.`cNombres`)'Descripcion',ec.`nIdEmpresa`,ect.`nId`, ec.`nId` nIdCargo, ec.`cCargo` FROM  
		`empresa_cargo_trabajador` ect
		JOIN `empresa_cargo` ec ON ec.`nId`=ect.`nIdEmpresa_Cargo`
		JOIN `persona` p ON p.`nId`=ect.`nIdPersona`
		WHERE ec.nIdEmpresa = 14
		
[Thu, 13 Jan 2022 03:47:48 +0000] succes 0: SELECT it.`nId`, p.`cNombres`,p.`cApellidos`,ec.`cCargo`, IF(eno.`nId` IS NULL, '', eno.`nId`) nCodigo, IF(eno.`cValor` IS NULL, '', eno.`cValor`) cCodigo FROM `informe` i
		JOIN `inf_trabajadoressupervisados_det` it ON it.`nIdInforme`=i.`nId`
		JOIN `empresa_cargo_trabajador` ect ON ect.`nId`=it.`nId_E_C_T`
		JOIN `empresa_cargo` ec ON ect.`nIdEmpresa_Cargo`=ec.`nId`
		JOIN persona p ON p.`nId`=ect.`nIdPersona`
		INNER JOIN `empresa_normas` en ON en.`nIdEmpresa`= en.`nIdEmpresa`
		INNER JOIN `empresa_normas_observacion` eno ON eno.`nId_empresa_norma`=en.`nId` AND eno.`nId`=it.`nId_emp_nor_obs`
		WHERE it.nIdInforme = 128 AND it.nFlag = 0 /*AND eno.nFlag = 0*/
[Thu, 13 Jan 2022 03:47:48 +0000] succes 0: SELECT CONCAT(p.`cApellidos`, ' ',p.`cNombres`)'Descripcion',ec.`nIdEmpresa`,ect.`nId`, ec.`nId` nIdCargo, ec.`cCargo` FROM  
		`empresa_cargo_trabajador` ect
		JOIN `empresa_cargo` ec ON ec.`nId`=ect.`nIdEmpresa_Cargo`
		JOIN `persona` p ON p.`nId`=ect.`nIdPersona`
		WHERE ec.nIdEmpresa = 14
		
[Thu, 13 Jan 2022 03:47:50 +0000] succes 0: SELECT iv.`nId`, T.`cNombre`,tv.`cPlaca`, ENO.`cValor` FROM `informe` i
		JOIN `inf_vehiculo_det` iv ON i.`nId`=iv.`nIdInforme`
		JOIN `empresa_normas_observacion` ENO ON ENO.`nId`=iv.`nId_Emp_nor_obs`
		JOIN `empresa_vehiculo` tv ON tv.`nIdEmpresa`=  i.nIdEmpresa AND iv.nIdEmp_Veh = tv.nId
		JOIN `tipo_vehiculo` T ON T.`nId` =tv.`nTipoVehiculo`
		WHERE iv.nIdInforme = 128 AND iv.nFlag = 0 AND IFNULL(tv.nFlag, 0) = 0
[Thu, 13 Jan 2022 03:47:50 +0000] succes 0: SELECT e.nId AS nIdEmpresa, ve.nId AS nIdVehiculo, tv.cNombre, ve.cPlaca
		FROM `empresa` e
		INNER JOIN `empresa_vehiculo` ve ON e.nId = ve.nIdEmpresa
		INNER JOIN `tipo_vehiculo` tv ON ve.nTipoVehiculo = tv.nId
		WHERE e.nId = 14 AND ve.nFlag = 0
[Thu, 13 Jan 2022 03:47:51 +0000] succes 0: SELECT it.`nId`, p.`cNombres`,p.`cApellidos`,ec.`cCargo`, IF(eno.`nId` IS NULL, '', eno.`nId`) nCodigo, IF(eno.`cValor` IS NULL, '', eno.`cValor`) cCodigo FROM `informe` i
		JOIN `inf_trabajadoressupervisados_det` it ON it.`nIdInforme`=i.`nId`
		JOIN `empresa_cargo_trabajador` ect ON ect.`nId`=it.`nId_E_C_T`
		JOIN `empresa_cargo` ec ON ect.`nIdEmpresa_Cargo`=ec.`nId`
		JOIN persona p ON p.`nId`=ect.`nIdPersona`
		INNER JOIN `empresa_normas` en ON en.`nIdEmpresa`= en.`nIdEmpresa`
		INNER JOIN `empresa_normas_observacion` eno ON eno.`nId_empresa_norma`=en.`nId` AND eno.`nId`=it.`nId_emp_nor_obs`
		WHERE it.nIdInforme = 128 AND it.nFlag = 0 /*AND eno.nFlag = 0*/
[Thu, 13 Jan 2022 03:47:52 +0000] succes 0: SELECT CONCAT(p.`cApellidos`, ' ',p.`cNombres`)'Descripcion',ec.`nIdEmpresa`,ect.`nId`, ec.`nId` nIdCargo, ec.`cCargo` FROM  
		`empresa_cargo_trabajador` ect
		JOIN `empresa_cargo` ec ON ec.`nId`=ect.`nIdEmpresa_Cargo`
		JOIN `persona` p ON p.`nId`=ect.`nIdPersona`
		WHERE ec.nIdEmpresa = 14
		
[Thu, 13 Jan 2022 03:47:53 +0000] succes 0: select * from inf_cumplimiento_img
		where nIdInforme= 128 and nIdCumplimiento= 7
[Thu, 13 Jan 2022 03:47:53 +0000] succes 0: 
		SELECT  i.`nId`, i.`nIdInforme`, i.`nIdCumplimiento`,cod.`cValor` nValorTipo, c.`cNombre` Cumpliento, cod.`cDescripcion` descripcionTipo,i.`cDescripcion` detalle,i.`dCreate` 
		FROM `inf_cumplimiento_des` i
		JOIN `cumplimiento` c ON c.`nId`= i.`nIdCumplimiento`
		JOIN `codigos` cod ON cod.`cCodigo`=c.`nTipo` AND cod.`cValor`=i.`nValor`
 		WHERE `nIdInforme`=128 AND i.`nIdCumplimiento`=7
		AND i.nFlag = 0
[Thu, 13 Jan 2022 03:48:01 +0000] succes 0: select * from informe  where nFlag=0 and nId=121
[Thu, 13 Jan 2022 03:48:01 +0000] succes 0: select * from tarea  where nFlag=0 and nId=1
[Thu, 13 Jan 2022 03:48:01 +0000] succes 0: select * from tipo_vehiculo  where nFlag=0
[Thu, 13 Jan 2022 03:48:01 +0000] succes 0: SELECT c.nIdTarea, c.`nId`,c.`cCodigo`,c.`cNombre`,c.`nModelo`  FROM `informe` i
		JOIN `cumplimiento` c ON c.`nIdTarea`= i.`nIdTarea`
		WHERE i.nId=121 AND c.nFlag = 0
[Thu, 13 Jan 2022 03:48:01 +0000] succes 0: SELECT CONCAT(p.`cApellidos`, ' ',p.`cNombres`)'Descripcion',ec.`nIdEmpresa`,ect.`nId`, ec.`nId` nIdCargo, ec.`cCargo` FROM  
		`empresa_cargo_trabajador` ect
		JOIN `empresa_cargo` ec ON ec.`nId`=ect.`nIdEmpresa_Cargo`
		JOIN `persona` p ON p.`nId`=ect.`nIdPersona`
		WHERE ec.nIdEmpresa = 8
		
[Thu, 13 Jan 2022 03:48:01 +0000] succes 0: SELECT eno.`nId`, CONCAT("(",eno.`cValor`,")",en.`cDescripcion`," / ", eno.`cObservacion`) cDescripcion,en.nTipo FROM `empresa_normas` en
			JOIN `empresa_normas_observacion` eno ON eno.`nId_empresa_norma`=en.nid and eno.`nId`=117
			UNION ALL
			SELECT eno.`nId`, CONCAT("(",eno.`cValor`,")",en.`cDescripcion`," / ", eno.`cObservacion`) cDescripcion,en.nTipo FROM `empresa_normas` en
			JOIN `empresa_normas_observacion` eno ON eno.`nId_empresa_norma`=en.nid and eno.`nId`=118
			UNION ALL
			SELECT eno.`nId`, CONCAT("(",eno.`cValor`,")",en.`cDescripcion`," / ", eno.`cObservacion`) cDescripcion,en.nTipo FROM `empresa_normas` en
			JOIN `empresa_normas_observacion` eno ON eno.`nId_empresa_norma`=en.nid
		
[Thu, 13 Jan 2022 03:48:01 +0000] succes 0: SELECT e.`nId`, CONCAT(cPlaca,' / ',cNombre) cDescripcion FROM `empresa_vehiculo` e
		JOIN `tipo_vehiculo` t ON e.`nTipoVehiculo`=t.`nId`
		WHERE e.nIdEmpresa = 8 AND IFNULL(e.nFlag, 0) = 0
[Thu, 13 Jan 2022 03:48:01 +0000] succes 0: select * from codigos  where nFlag=0 and cCodigo =500  AND cvalor NOT IN (500)
[Thu, 13 Jan 2022 03:48:02 +0000] succes 0: select * from informe  where nFlag=0 and nId=133
[Thu, 13 Jan 2022 03:48:02 +0000] succes 0: select * from tarea  where nFlag=0 and nId=2
[Thu, 13 Jan 2022 03:48:02 +0000] succes 0: select * from tipo_vehiculo  where nFlag=0
[Thu, 13 Jan 2022 03:48:02 +0000] succes 0: SELECT c.nIdTarea, c.`nId`,c.`cCodigo`,c.`cNombre`,c.`nModelo`  FROM `informe` i
		JOIN `cumplimiento` c ON c.`nIdTarea`= i.`nIdTarea`
		WHERE i.nId=133 AND c.nFlag = 0
[Thu, 13 Jan 2022 03:48:02 +0000] succes 0: SELECT CONCAT(p.`cApellidos`, ' ',p.`cNombres`)'Descripcion',ec.`nIdEmpresa`,ect.`nId`, ec.`nId` nIdCargo, ec.`cCargo` FROM  
		`empresa_cargo_trabajador` ect
		JOIN `empresa_cargo` ec ON ec.`nId`=ect.`nIdEmpresa_Cargo`
		JOIN `persona` p ON p.`nId`=ect.`nIdPersona`
		WHERE ec.nIdEmpresa = 8
		
[Thu, 13 Jan 2022 03:48:02 +0000] succes 0: SELECT eno.`nId`, CONCAT("(",eno.`cValor`,")",en.`cDescripcion`," / ", eno.`cObservacion`) cDescripcion,en.nTipo FROM `empresa_normas` en
			JOIN `empresa_normas_observacion` eno ON eno.`nId_empresa_norma`=en.nid and eno.`nId`=117
			UNION ALL
			SELECT eno.`nId`, CONCAT("(",eno.`cValor`,")",en.`cDescripcion`," / ", eno.`cObservacion`) cDescripcion,en.nTipo FROM `empresa_normas` en
			JOIN `empresa_normas_observacion` eno ON eno.`nId_empresa_norma`=en.nid and eno.`nId`=118
			UNION ALL
			SELECT eno.`nId`, CONCAT("(",eno.`cValor`,")",en.`cDescripcion`," / ", eno.`cObservacion`) cDescripcion,en.nTipo FROM `empresa_normas` en
			JOIN `empresa_normas_observacion` eno ON eno.`nId_empresa_norma`=en.nid
		
[Thu, 13 Jan 2022 03:48:02 +0000] succes 0: SELECT e.`nId`, CONCAT(cPlaca,' / ',cNombre) cDescripcion FROM `empresa_vehiculo` e
		JOIN `tipo_vehiculo` t ON e.`nTipoVehiculo`=t.`nId`
		WHERE e.nIdEmpresa = 8 AND IFNULL(e.nFlag, 0) = 0
[Thu, 13 Jan 2022 03:48:02 +0000] succes 0: select * from codigos  where nFlag=0 and cCodigo =500  AND cvalor NOT IN (500)
[Thu, 13 Jan 2022 03:48:02 +0000] succes 0: SELECT it.`nId`, p.`cNombres`,p.`cApellidos`,ec.`cCargo`, IF(eno.`nId` IS NULL, '', eno.`nId`) nCodigo, IF(eno.`cValor` IS NULL, '', eno.`cValor`) cCodigo FROM `informe` i
		JOIN `inf_trabajadoressupervisados_det` it ON it.`nIdInforme`=i.`nId`
		JOIN `empresa_cargo_trabajador` ect ON ect.`nId`=it.`nId_E_C_T`
		JOIN `empresa_cargo` ec ON ect.`nIdEmpresa_Cargo`=ec.`nId`
		JOIN persona p ON p.`nId`=ect.`nIdPersona`
		INNER JOIN `empresa_normas` en ON en.`nIdEmpresa`= en.`nIdEmpresa`
		INNER JOIN `empresa_normas_observacion` eno ON eno.`nId_empresa_norma`=en.`nId` AND eno.`nId`=it.`nId_emp_nor_obs`
		WHERE it.nIdInforme = 121 AND it.nFlag = 0 /*AND eno.nFlag = 0*/
[Thu, 13 Jan 2022 03:48:03 +0000] succes 0: SELECT CONCAT(p.`cApellidos`, ' ',p.`cNombres`)'Descripcion',ec.`nIdEmpresa`,ect.`nId`, ec.`nId` nIdCargo, ec.`cCargo` FROM  
		`empresa_cargo_trabajador` ect
		JOIN `empresa_cargo` ec ON ec.`nId`=ect.`nIdEmpresa_Cargo`
		JOIN `persona` p ON p.`nId`=ect.`nIdPersona`
		WHERE ec.nIdEmpresa = 8
		
[Thu, 13 Jan 2022 03:48:04 +0000] succes 0: SELECT iv.`nId`, T.`cNombre`,tv.`cPlaca`, ENO.`cValor` FROM `informe` i
		JOIN `inf_vehiculo_det` iv ON i.`nId`=iv.`nIdInforme`
		JOIN `empresa_normas_observacion` ENO ON ENO.`nId`=iv.`nId_Emp_nor_obs`
		JOIN `empresa_vehiculo` tv ON tv.`nIdEmpresa`=  i.nIdEmpresa AND iv.nIdEmp_Veh = tv.nId
		JOIN `tipo_vehiculo` T ON T.`nId` =tv.`nTipoVehiculo`
		WHERE iv.nIdInforme = 121 AND iv.nFlag = 0 AND IFNULL(tv.nFlag, 0) = 0
[Thu, 13 Jan 2022 03:48:04 +0000] succes 0: SELECT e.nId AS nIdEmpresa, ve.nId AS nIdVehiculo, tv.cNombre, ve.cPlaca
		FROM `empresa` e
		INNER JOIN `empresa_vehiculo` ve ON e.nId = ve.nIdEmpresa
		INNER JOIN `tipo_vehiculo` tv ON ve.nTipoVehiculo = tv.nId
		WHERE e.nId = 8 AND ve.nFlag = 0
[Thu, 13 Jan 2022 03:48:04 +0000] succes 0: 
		SELECT  i.`nId`, i.`nIdInforme`, i.`nIdCumplimiento`,cod.`cValor` nValorTipo, c.`cNombre` Cumpliento, cod.`cDescripcion` descripcionTipo,i.`cDescripcion` detalle,i.`dCreate` 
		FROM `inf_cumplimiento_des` i
		JOIN `cumplimiento` c ON c.`nId`= i.`nIdCumplimiento`
		JOIN `codigos` cod ON cod.`cCodigo`=c.`nTipo` AND cod.`cValor`=i.`nValor`
 		WHERE `nIdInforme`=133 AND i.`nIdCumplimiento`=19
		AND i.nFlag = 0
[Thu, 13 Jan 2022 03:48:07 +0000] succes 0: call spt_sel_obtienedocumento (17)
[Thu, 13 Jan 2022 03:48:08 +0000] succes 0: call spt_sel_obtienedocumento (3)
[Thu, 13 Jan 2022 03:48:13 +0000] succes 0: select * from informe  where nFlag=0 and nId=159
[Thu, 13 Jan 2022 03:48:13 +0000] succes 0: select * from tarea  where nFlag=0 and nId=1
[Thu, 13 Jan 2022 03:48:13 +0000] succes 0: select * from tipo_vehiculo  where nFlag=0
[Thu, 13 Jan 2022 03:48:13 +0000] succes 0: SELECT c.nIdTarea, c.`nId`,c.`cCodigo`,c.`cNombre`,c.`nModelo`  FROM `informe` i
		JOIN `cumplimiento` c ON c.`nIdTarea`= i.`nIdTarea`
		WHERE i.nId=159 AND c.nFlag = 0
[Thu, 13 Jan 2022 03:48:13 +0000] succes 0: SELECT CONCAT(p.`cApellidos`, ' ',p.`cNombres`)'Descripcion',ec.`nIdEmpresa`,ect.`nId`, ec.`nId` nIdCargo, ec.`cCargo` FROM  
		`empresa_cargo_trabajador` ect
		JOIN `empresa_cargo` ec ON ec.`nId`=ect.`nIdEmpresa_Cargo`
		JOIN `persona` p ON p.`nId`=ect.`nIdPersona`
		WHERE ec.nIdEmpresa = 8
		
[Thu, 13 Jan 2022 03:48:13 +0000] succes 0: SELECT eno.`nId`, CONCAT("(",eno.`cValor`,")",en.`cDescripcion`," / ", eno.`cObservacion`) cDescripcion,en.nTipo FROM `empresa_normas` en
			JOIN `empresa_normas_observacion` eno ON eno.`nId_empresa_norma`=en.nid and eno.`nId`=117
			UNION ALL
			SELECT eno.`nId`, CONCAT("(",eno.`cValor`,")",en.`cDescripcion`," / ", eno.`cObservacion`) cDescripcion,en.nTipo FROM `empresa_normas` en
			JOIN `empresa_normas_observacion` eno ON eno.`nId_empresa_norma`=en.nid and eno.`nId`=118
			UNION ALL
			SELECT eno.`nId`, CONCAT("(",eno.`cValor`,")",en.`cDescripcion`," / ", eno.`cObservacion`) cDescripcion,en.nTipo FROM `empresa_normas` en
			JOIN `empresa_normas_observacion` eno ON eno.`nId_empresa_norma`=en.nid
		
[Thu, 13 Jan 2022 03:48:13 +0000] succes 0: SELECT e.`nId`, CONCAT(cPlaca,' / ',cNombre) cDescripcion FROM `empresa_vehiculo` e
		JOIN `tipo_vehiculo` t ON e.`nTipoVehiculo`=t.`nId`
		WHERE e.nIdEmpresa = 8 AND IFNULL(e.nFlag, 0) = 0
[Thu, 13 Jan 2022 03:48:13 +0000] succes 0: select * from codigos  where nFlag=0 and cCodigo =500  AND cvalor NOT IN (500)
[Thu, 13 Jan 2022 03:48:15 +0000] succes 0: SELECT it.`nId`, p.`cNombres`,p.`cApellidos`,ec.`cCargo`, IF(eno.`nId` IS NULL, '', eno.`nId`) nCodigo, IF(eno.`cValor` IS NULL, '', eno.`cValor`) cCodigo FROM `informe` i
		JOIN `inf_trabajadoressupervisados_det` it ON it.`nIdInforme`=i.`nId`
		JOIN `empresa_cargo_trabajador` ect ON ect.`nId`=it.`nId_E_C_T`
		JOIN `empresa_cargo` ec ON ect.`nIdEmpresa_Cargo`=ec.`nId`
		JOIN persona p ON p.`nId`=ect.`nIdPersona`
		INNER JOIN `empresa_normas` en ON en.`nIdEmpresa`= en.`nIdEmpresa`
		INNER JOIN `empresa_normas_observacion` eno ON eno.`nId_empresa_norma`=en.`nId` AND eno.`nId`=it.`nId_emp_nor_obs`
		WHERE it.nIdInforme = 159 AND it.nFlag = 0 /*AND eno.nFlag = 0*/
[Thu, 13 Jan 2022 03:48:15 +0000] succes 0: SELECT CONCAT(p.`cApellidos`, ' ',p.`cNombres`)'Descripcion',ec.`nIdEmpresa`,ect.`nId`, ec.`nId` nIdCargo, ec.`cCargo` FROM  
		`empresa_cargo_trabajador` ect
		JOIN `empresa_cargo` ec ON ec.`nId`=ect.`nIdEmpresa_Cargo`
		JOIN `persona` p ON p.`nId`=ect.`nIdPersona`
		WHERE ec.nIdEmpresa = 8
		
[Thu, 13 Jan 2022 03:48:17 +0000] succes 0: SELECT iv.`nId`, T.`cNombre`,tv.`cPlaca`, ENO.`cValor` FROM `informe` i
		JOIN `inf_vehiculo_det` iv ON i.`nId`=iv.`nIdInforme`
		JOIN `empresa_normas_observacion` ENO ON ENO.`nId`=iv.`nId_Emp_nor_obs`
		JOIN `empresa_vehiculo` tv ON tv.`nIdEmpresa`=  i.nIdEmpresa AND iv.nIdEmp_Veh = tv.nId
		JOIN `tipo_vehiculo` T ON T.`nId` =tv.`nTipoVehiculo`
		WHERE iv.nIdInforme = 159 AND iv.nFlag = 0 AND IFNULL(tv.nFlag, 0) = 0
[Thu, 13 Jan 2022 03:48:17 +0000] succes 0: SELECT e.nId AS nIdEmpresa, ve.nId AS nIdVehiculo, tv.cNombre, ve.cPlaca
		FROM `empresa` e
		INNER JOIN `empresa_vehiculo` ve ON e.nId = ve.nIdEmpresa
		INNER JOIN `tipo_vehiculo` tv ON ve.nTipoVehiculo = tv.nId
		WHERE e.nId = 8 AND ve.nFlag = 0
[Thu, 13 Jan 2022 03:48:19 +0000] succes 0: select * from inf_cumplimiento_img
		where nIdInforme= 159 and nIdCumplimiento= 7
[Thu, 13 Jan 2022 03:48:19 +0000] succes 0: 
		SELECT  i.`nId`, i.`nIdInforme`, i.`nIdCumplimiento`,cod.`cValor` nValorTipo, c.`cNombre` Cumpliento, cod.`cDescripcion` descripcionTipo,i.`cDescripcion` detalle,i.`dCreate` 
		FROM `inf_cumplimiento_des` i
		JOIN `cumplimiento` c ON c.`nId`= i.`nIdCumplimiento`
		JOIN `codigos` cod ON cod.`cCodigo`=c.`nTipo` AND cod.`cValor`=i.`nValor`
 		WHERE `nIdInforme`=159 AND i.`nIdCumplimiento`=7
		AND i.nFlag = 0
[Thu, 13 Jan 2022 03:48:20 +0000] succes 0: select * from informe  where nFlag=0 and nId=159
[Thu, 13 Jan 2022 03:48:20 +0000] succes 0: select * from tarea  where nFlag=0 and nId=1
[Thu, 13 Jan 2022 03:48:20 +0000] succes 0: select * from tipo_vehiculo  where nFlag=0
[Thu, 13 Jan 2022 03:48:20 +0000] succes 0: SELECT c.nIdTarea, c.`nId`,c.`cCodigo`,c.`cNombre`,c.`nModelo`  FROM `informe` i
		JOIN `cumplimiento` c ON c.`nIdTarea`= i.`nIdTarea`
		WHERE i.nId=159 AND c.nFlag = 0
[Thu, 13 Jan 2022 03:48:20 +0000] succes 0: SELECT CONCAT(p.`cApellidos`, ' ',p.`cNombres`)'Descripcion',ec.`nIdEmpresa`,ect.`nId`, ec.`nId` nIdCargo, ec.`cCargo` FROM  
		`empresa_cargo_trabajador` ect
		JOIN `empresa_cargo` ec ON ec.`nId`=ect.`nIdEmpresa_Cargo`
		JOIN `persona` p ON p.`nId`=ect.`nIdPersona`
		WHERE ec.nIdEmpresa = 8
		
[Thu, 13 Jan 2022 03:48:20 +0000] succes 0: SELECT eno.`nId`, CONCAT("(",eno.`cValor`,")",en.`cDescripcion`," / ", eno.`cObservacion`) cDescripcion,en.nTipo FROM `empresa_normas` en
			JOIN `empresa_normas_observacion` eno ON eno.`nId_empresa_norma`=en.nid and eno.`nId`=117
			UNION ALL
			SELECT eno.`nId`, CONCAT("(",eno.`cValor`,")",en.`cDescripcion`," / ", eno.`cObservacion`) cDescripcion,en.nTipo FROM `empresa_normas` en
			JOIN `empresa_normas_observacion` eno ON eno.`nId_empresa_norma`=en.nid and eno.`nId`=118
			UNION ALL
			SELECT eno.`nId`, CONCAT("(",eno.`cValor`,")",en.`cDescripcion`," / ", eno.`cObservacion`) cDescripcion,en.nTipo FROM `empresa_normas` en
			JOIN `empresa_normas_observacion` eno ON eno.`nId_empresa_norma`=en.nid
		
[Thu, 13 Jan 2022 03:48:20 +0000] succes 0: SELECT e.`nId`, CONCAT(cPlaca,' / ',cNombre) cDescripcion FROM `empresa_vehiculo` e
		JOIN `tipo_vehiculo` t ON e.`nTipoVehiculo`=t.`nId`
		WHERE e.nIdEmpresa = 8 AND IFNULL(e.nFlag, 0) = 0
[Thu, 13 Jan 2022 03:48:20 +0000] succes 0: select * from codigos  where nFlag=0 and cCodigo =500  AND cvalor NOT IN (500)
[Thu, 13 Jan 2022 03:48:23 +0000] succes 0: SELECT iv.`nId`, T.`cNombre`,tv.`cPlaca`, ENO.`cValor` FROM `informe` i
		JOIN `inf_vehiculo_det` iv ON i.`nId`=iv.`nIdInforme`
		JOIN `empresa_normas_observacion` ENO ON ENO.`nId`=iv.`nId_Emp_nor_obs`
		JOIN `empresa_vehiculo` tv ON tv.`nIdEmpresa`=  i.nIdEmpresa AND iv.nIdEmp_Veh = tv.nId
		JOIN `tipo_vehiculo` T ON T.`nId` =tv.`nTipoVehiculo`
		WHERE iv.nIdInforme = 159 AND iv.nFlag = 0 AND IFNULL(tv.nFlag, 0) = 0
[Thu, 13 Jan 2022 03:48:23 +0000] succes 0: SELECT e.nId AS nIdEmpresa, ve.nId AS nIdVehiculo, tv.cNombre, ve.cPlaca
		FROM `empresa` e
		INNER JOIN `empresa_vehiculo` ve ON e.nId = ve.nIdEmpresa
		INNER JOIN `tipo_vehiculo` tv ON ve.nTipoVehiculo = tv.nId
		WHERE e.nId = 8 AND ve.nFlag = 0
[Thu, 13 Jan 2022 03:48:24 +0000] succes 0: select * from inf_cumplimiento_img
		where nIdInforme= 159 and nIdCumplimiento= 8
[Thu, 13 Jan 2022 03:48:24 +0000] succes 0: 
		SELECT  i.`nId`, i.`nIdInforme`, i.`nIdCumplimiento`,cod.`cValor` nValorTipo, c.`cNombre` Cumpliento, cod.`cDescripcion` descripcionTipo,i.`cDescripcion` detalle,i.`dCreate` 
		FROM `inf_cumplimiento_des` i
		JOIN `cumplimiento` c ON c.`nId`= i.`nIdCumplimiento`
		JOIN `codigos` cod ON cod.`cCodigo`=c.`nTipo` AND cod.`cValor`=i.`nValor`
 		WHERE `nIdInforme`=159 AND i.`nIdCumplimiento`=8
		AND i.nFlag = 0
[Thu, 13 Jan 2022 03:48:24 +0000] succes 0: SELECT it.`nId`, p.`cNombres`,p.`cApellidos`,ec.`cCargo`, IF(eno.`nId` IS NULL, '', eno.`nId`) nCodigo, IF(eno.`cValor` IS NULL, '', eno.`cValor`) cCodigo FROM `informe` i
		JOIN `inf_trabajadoressupervisados_det` it ON it.`nIdInforme`=i.`nId`
		JOIN `empresa_cargo_trabajador` ect ON ect.`nId`=it.`nId_E_C_T`
		JOIN `empresa_cargo` ec ON ect.`nIdEmpresa_Cargo`=ec.`nId`
		JOIN persona p ON p.`nId`=ect.`nIdPersona`
		INNER JOIN `empresa_normas` en ON en.`nIdEmpresa`= en.`nIdEmpresa`
		INNER JOIN `empresa_normas_observacion` eno ON eno.`nId_empresa_norma`=en.`nId` AND eno.`nId`=it.`nId_emp_nor_obs`
		WHERE it.nIdInforme = 159 AND it.nFlag = 0 /*AND eno.nFlag = 0*/
[Thu, 13 Jan 2022 03:48:25 +0000] succes 0: select * from inf_cumplimiento_img
		where nIdInforme= 159 and nIdCumplimiento= 9
[Thu, 13 Jan 2022 03:48:25 +0000] succes 0: 
		SELECT  i.`nId`, i.`nIdInforme`, i.`nIdCumplimiento`,cod.`cValor` nValorTipo, c.`cNombre` Cumpliento, cod.`cDescripcion` descripcionTipo,i.`cDescripcion` detalle,i.`dCreate` 
		FROM `inf_cumplimiento_des` i
		JOIN `cumplimiento` c ON c.`nId`= i.`nIdCumplimiento`
		JOIN `codigos` cod ON cod.`cCodigo`=c.`nTipo` AND cod.`cValor`=i.`nValor`
 		WHERE `nIdInforme`=159 AND i.`nIdCumplimiento`=9
		AND i.nFlag = 0
[Thu, 13 Jan 2022 03:48:25 +0000] succes 0: SELECT CONCAT(p.`cApellidos`, ' ',p.`cNombres`)'Descripcion',ec.`nIdEmpresa`,ect.`nId`, ec.`nId` nIdCargo, ec.`cCargo` FROM  
		`empresa_cargo_trabajador` ect
		JOIN `empresa_cargo` ec ON ec.`nId`=ect.`nIdEmpresa_Cargo`
		JOIN `persona` p ON p.`nId`=ect.`nIdPersona`
		WHERE ec.nIdEmpresa = 8
		
[Thu, 13 Jan 2022 03:48:25 +0000] succes 0: select * from inf_cumplimiento_img
		where nIdInforme= 159 and nIdCumplimiento= 8
[Thu, 13 Jan 2022 03:48:25 +0000] succes 0: 
		SELECT  i.`nId`, i.`nIdInforme`, i.`nIdCumplimiento`,cod.`cValor` nValorTipo, c.`cNombre` Cumpliento, cod.`cDescripcion` descripcionTipo,i.`cDescripcion` detalle,i.`dCreate` 
		FROM `inf_cumplimiento_des` i
		JOIN `cumplimiento` c ON c.`nId`= i.`nIdCumplimiento`
		JOIN `codigos` cod ON cod.`cCodigo`=c.`nTipo` AND cod.`cValor`=i.`nValor`
 		WHERE `nIdInforme`=159 AND i.`nIdCumplimiento`=8
		AND i.nFlag = 0
[Thu, 13 Jan 2022 03:48:26 +0000] succes 0: select * from inf_cumplimiento_img
		where nIdInforme= 159 and nIdCumplimiento= 7
[Thu, 13 Jan 2022 03:48:26 +0000] succes 0: 
		SELECT  i.`nId`, i.`nIdInforme`, i.`nIdCumplimiento`,cod.`cValor` nValorTipo, c.`cNombre` Cumpliento, cod.`cDescripcion` descripcionTipo,i.`cDescripcion` detalle,i.`dCreate` 
		FROM `inf_cumplimiento_des` i
		JOIN `cumplimiento` c ON c.`nId`= i.`nIdCumplimiento`
		JOIN `codigos` cod ON cod.`cCodigo`=c.`nTipo` AND cod.`cValor`=i.`nValor`
 		WHERE `nIdInforme`=159 AND i.`nIdCumplimiento`=7
		AND i.nFlag = 0
[Thu, 13 Jan 2022 03:48:26 +0000] succes 0: select * from inf_cumplimiento_img
		where nIdInforme= 159 and nIdCumplimiento= 8
[Thu, 13 Jan 2022 03:48:26 +0000] succes 0: 
		SELECT  i.`nId`, i.`nIdInforme`, i.`nIdCumplimiento`,cod.`cValor` nValorTipo, c.`cNombre` Cumpliento, cod.`cDescripcion` descripcionTipo,i.`cDescripcion` detalle,i.`dCreate` 
		FROM `inf_cumplimiento_des` i
		JOIN `cumplimiento` c ON c.`nId`= i.`nIdCumplimiento`
		JOIN `codigos` cod ON cod.`cCodigo`=c.`nTipo` AND cod.`cValor`=i.`nValor`
 		WHERE `nIdInforme`=159 AND i.`nIdCumplimiento`=8
		AND i.nFlag = 0
[Thu, 13 Jan 2022 03:48:31 +0000] succes 0: select * from inf_cumplimiento_img
		where nIdInforme= 159 and nIdCumplimiento= 7
[Thu, 13 Jan 2022 03:48:31 +0000] succes 0: 
		SELECT  i.`nId`, i.`nIdInforme`, i.`nIdCumplimiento`,cod.`cValor` nValorTipo, c.`cNombre` Cumpliento, cod.`cDescripcion` descripcionTipo,i.`cDescripcion` detalle,i.`dCreate` 
		FROM `inf_cumplimiento_des` i
		JOIN `cumplimiento` c ON c.`nId`= i.`nIdCumplimiento`
		JOIN `codigos` cod ON cod.`cCodigo`=c.`nTipo` AND cod.`cValor`=i.`nValor`
 		WHERE `nIdInforme`=159 AND i.`nIdCumplimiento`=7
		AND i.nFlag = 0
[Thu, 13 Jan 2022 03:48:32 +0000] succes 0: select * from inf_cumplimiento_img
		where nIdInforme= 159 and nIdCumplimiento= 8
[Thu, 13 Jan 2022 03:48:32 +0000] succes 0: 
		SELECT  i.`nId`, i.`nIdInforme`, i.`nIdCumplimiento`,cod.`cValor` nValorTipo, c.`cNombre` Cumpliento, cod.`cDescripcion` descripcionTipo,i.`cDescripcion` detalle,i.`dCreate` 
		FROM `inf_cumplimiento_des` i
		JOIN `cumplimiento` c ON c.`nId`= i.`nIdCumplimiento`
		JOIN `codigos` cod ON cod.`cCodigo`=c.`nTipo` AND cod.`cValor`=i.`nValor`
 		WHERE `nIdInforme`=159 AND i.`nIdCumplimiento`=8
		AND i.nFlag = 0
[Thu, 13 Jan 2022 03:48:36 +0000] succes 0: select * from inf_cumplimiento_img
		where nIdInforme= 159 and nIdCumplimiento= 7
[Thu, 13 Jan 2022 03:48:36 +0000] succes 0: 
		SELECT  i.`nId`, i.`nIdInforme`, i.`nIdCumplimiento`,cod.`cValor` nValorTipo, c.`cNombre` Cumpliento, cod.`cDescripcion` descripcionTipo,i.`cDescripcion` detalle,i.`dCreate` 
		FROM `inf_cumplimiento_des` i
		JOIN `cumplimiento` c ON c.`nId`= i.`nIdCumplimiento`
		JOIN `codigos` cod ON cod.`cCodigo`=c.`nTipo` AND cod.`cValor`=i.`nValor`
 		WHERE `nIdInforme`=159 AND i.`nIdCumplimiento`=7
		AND i.nFlag = 0
[Thu, 13 Jan 2022 03:48:38 +0000] succes 0: select * from inf_cumplimiento_img
		where nIdInforme= 159 and nIdCumplimiento= 8
[Thu, 13 Jan 2022 03:48:38 +0000] succes 0: 
		SELECT  i.`nId`, i.`nIdInforme`, i.`nIdCumplimiento`,cod.`cValor` nValorTipo, c.`cNombre` Cumpliento, cod.`cDescripcion` descripcionTipo,i.`cDescripcion` detalle,i.`dCreate` 
		FROM `inf_cumplimiento_des` i
		JOIN `cumplimiento` c ON c.`nId`= i.`nIdCumplimiento`
		JOIN `codigos` cod ON cod.`cCodigo`=c.`nTipo` AND cod.`cValor`=i.`nValor`
 		WHERE `nIdInforme`=159 AND i.`nIdCumplimiento`=8
		AND i.nFlag = 0
[Thu, 13 Jan 2022 03:48:39 +0000] succes 0: select * from inf_cumplimiento_img
		where nIdInforme= 159 and nIdCumplimiento= 7
[Thu, 13 Jan 2022 03:48:39 +0000] succes 0: 
		SELECT  i.`nId`, i.`nIdInforme`, i.`nIdCumplimiento`,cod.`cValor` nValorTipo, c.`cNombre` Cumpliento, cod.`cDescripcion` descripcionTipo,i.`cDescripcion` detalle,i.`dCreate` 
		FROM `inf_cumplimiento_des` i
		JOIN `cumplimiento` c ON c.`nId`= i.`nIdCumplimiento`
		JOIN `codigos` cod ON cod.`cCodigo`=c.`nTipo` AND cod.`cValor`=i.`nValor`
 		WHERE `nIdInforme`=159 AND i.`nIdCumplimiento`=7
		AND i.nFlag = 0
[Thu, 13 Jan 2022 03:48:43 +0000] succes 0: select * from inf_cumplimiento_img
		where nIdInforme= 159 and nIdCumplimiento= 9
[Thu, 13 Jan 2022 03:48:43 +0000] succes 0: 
		SELECT  i.`nId`, i.`nIdInforme`, i.`nIdCumplimiento`,cod.`cValor` nValorTipo, c.`cNombre` Cumpliento, cod.`cDescripcion` descripcionTipo,i.`cDescripcion` detalle,i.`dCreate` 
		FROM `inf_cumplimiento_des` i
		JOIN `cumplimiento` c ON c.`nId`= i.`nIdCumplimiento`
		JOIN `codigos` cod ON cod.`cCodigo`=c.`nTipo` AND cod.`cValor`=i.`nValor`
 		WHERE `nIdInforme`=159 AND i.`nIdCumplimiento`=9
		AND i.nFlag = 0
[Thu, 13 Jan 2022 03:48:44 +0000] succes 0: call spt_sel_obtienedocumento (17)
[Thu, 13 Jan 2022 03:48:47 +0000] succes 0: select * from inf_cumplimiento_img
		where nIdInforme= 159 and nIdCumplimiento= 21
[Thu, 13 Jan 2022 03:48:51 +0000] succes 0: select * from informe  where nFlag=0 and nId=133
[Thu, 13 Jan 2022 03:48:51 +0000] succes 0: select * from tarea  where nFlag=0 and nId=2
[Thu, 13 Jan 2022 03:48:51 +0000] succes 0: select * from tipo_vehiculo  where nFlag=0
[Thu, 13 Jan 2022 03:48:51 +0000] succes 0: SELECT c.nIdTarea, c.`nId`,c.`cCodigo`,c.`cNombre`,c.`nModelo`  FROM `informe` i
		JOIN `cumplimiento` c ON c.`nIdTarea`= i.`nIdTarea`
		WHERE i.nId=133 AND c.nFlag = 0
[Thu, 13 Jan 2022 03:48:51 +0000] succes 0: SELECT CONCAT(p.`cApellidos`, ' ',p.`cNombres`)'Descripcion',ec.`nIdEmpresa`,ect.`nId`, ec.`nId` nIdCargo, ec.`cCargo` FROM  
		`empresa_cargo_trabajador` ect
		JOIN `empresa_cargo` ec ON ec.`nId`=ect.`nIdEmpresa_Cargo`
		JOIN `persona` p ON p.`nId`=ect.`nIdPersona`
		WHERE ec.nIdEmpresa = 8
		
[Thu, 13 Jan 2022 03:48:51 +0000] succes 0: SELECT eno.`nId`, CONCAT("(",eno.`cValor`,")",en.`cDescripcion`," / ", eno.`cObservacion`) cDescripcion,en.nTipo FROM `empresa_normas` en
			JOIN `empresa_normas_observacion` eno ON eno.`nId_empresa_norma`=en.nid and eno.`nId`=117
			UNION ALL
			SELECT eno.`nId`, CONCAT("(",eno.`cValor`,")",en.`cDescripcion`," / ", eno.`cObservacion`) cDescripcion,en.nTipo FROM `empresa_normas` en
			JOIN `empresa_normas_observacion` eno ON eno.`nId_empresa_norma`=en.nid and eno.`nId`=118
			UNION ALL
			SELECT eno.`nId`, CONCAT("(",eno.`cValor`,")",en.`cDescripcion`," / ", eno.`cObservacion`) cDescripcion,en.nTipo FROM `empresa_normas` en
			JOIN `empresa_normas_observacion` eno ON eno.`nId_empresa_norma`=en.nid
		
[Thu, 13 Jan 2022 03:48:51 +0000] succes 0: SELECT e.`nId`, CONCAT(cPlaca,' / ',cNombre) cDescripcion FROM `empresa_vehiculo` e
		JOIN `tipo_vehiculo` t ON e.`nTipoVehiculo`=t.`nId`
		WHERE e.nIdEmpresa = 8 AND IFNULL(e.nFlag, 0) = 0
[Thu, 13 Jan 2022 03:48:51 +0000] succes 0: select * from codigos  where nFlag=0 and cCodigo =500  AND cvalor NOT IN (500)
[Thu, 13 Jan 2022 03:48:53 +0000] succes 0: 
		SELECT  i.`nId`, i.`nIdInforme`, i.`nIdCumplimiento`,cod.`cValor` nValorTipo, c.`cNombre` Cumpliento, cod.`cDescripcion` descripcionTipo,i.`cDescripcion` detalle,i.`dCreate` 
		FROM `inf_cumplimiento_des` i
		JOIN `cumplimiento` c ON c.`nId`= i.`nIdCumplimiento`
		JOIN `codigos` cod ON cod.`cCodigo`=c.`nTipo` AND cod.`cValor`=i.`nValor`
 		WHERE `nIdInforme`=133 AND i.`nIdCumplimiento`=18
		AND i.nFlag = 0
[Thu, 13 Jan 2022 03:48:58 +0000] succes 0: 
		SELECT  i.`nId`, i.`nIdInforme`, i.`nIdCumplimiento`,cod.`cValor` nValorTipo, c.`cNombre` Cumpliento, cod.`cDescripcion` descripcionTipo,i.`cDescripcion` detalle,i.`dCreate` 
		FROM `inf_cumplimiento_des` i
		JOIN `cumplimiento` c ON c.`nId`= i.`nIdCumplimiento`
		JOIN `codigos` cod ON cod.`cCodigo`=c.`nTipo` AND cod.`cValor`=i.`nValor`
 		WHERE `nIdInforme`=133 AND i.`nIdCumplimiento`=19
		AND i.nFlag = 0
[Thu, 13 Jan 2022 03:48:59 +0000] succes 0: select * from informe  where nFlag=0 and nId=133
[Thu, 13 Jan 2022 03:48:59 +0000] succes 0: select * from tarea  where nFlag=0 and nId=2
[Thu, 13 Jan 2022 03:48:59 +0000] succes 0: select * from tipo_vehiculo  where nFlag=0
[Thu, 13 Jan 2022 03:48:59 +0000] succes 0: SELECT c.nIdTarea, c.`nId`,c.`cCodigo`,c.`cNombre`,c.`nModelo`  FROM `informe` i
		JOIN `cumplimiento` c ON c.`nIdTarea`= i.`nIdTarea`
		WHERE i.nId=133 AND c.nFlag = 0
[Thu, 13 Jan 2022 03:48:59 +0000] succes 0: SELECT CONCAT(p.`cApellidos`, ' ',p.`cNombres`)'Descripcion',ec.`nIdEmpresa`,ect.`nId`, ec.`nId` nIdCargo, ec.`cCargo` FROM  
		`empresa_cargo_trabajador` ect
		JOIN `empresa_cargo` ec ON ec.`nId`=ect.`nIdEmpresa_Cargo`
		JOIN `persona` p ON p.`nId`=ect.`nIdPersona`
		WHERE ec.nIdEmpresa = 8
		
[Thu, 13 Jan 2022 03:48:59 +0000] succes 0: SELECT eno.`nId`, CONCAT("(",eno.`cValor`,")",en.`cDescripcion`," / ", eno.`cObservacion`) cDescripcion,en.nTipo FROM `empresa_normas` en
			JOIN `empresa_normas_observacion` eno ON eno.`nId_empresa_norma`=en.nid and eno.`nId`=117
			UNION ALL
			SELECT eno.`nId`, CONCAT("(",eno.`cValor`,")",en.`cDescripcion`," / ", eno.`cObservacion`) cDescripcion,en.nTipo FROM `empresa_normas` en
			JOIN `empresa_normas_observacion` eno ON eno.`nId_empresa_norma`=en.nid and eno.`nId`=118
			UNION ALL
			SELECT eno.`nId`, CONCAT("(",eno.`cValor`,")",en.`cDescripcion`," / ", eno.`cObservacion`) cDescripcion,en.nTipo FROM `empresa_normas` en
			JOIN `empresa_normas_observacion` eno ON eno.`nId_empresa_norma`=en.nid
		
[Thu, 13 Jan 2022 03:48:59 +0000] succes 0: SELECT e.`nId`, CONCAT(cPlaca,' / ',cNombre) cDescripcion FROM `empresa_vehiculo` e
		JOIN `tipo_vehiculo` t ON e.`nTipoVehiculo`=t.`nId`
		WHERE e.nIdEmpresa = 8 AND IFNULL(e.nFlag, 0) = 0
[Thu, 13 Jan 2022 03:48:59 +0000] succes 0: select * from codigos  where nFlag=0 and cCodigo =500  AND cvalor NOT IN (500)
[Thu, 13 Jan 2022 03:49:03 +0000] succes 0: select * from informe  where nFlag=0 and nId=159
[Thu, 13 Jan 2022 03:49:03 +0000] succes 0: select * from tarea  where nFlag=0 and nId=1
[Thu, 13 Jan 2022 03:49:03 +0000] succes 0: select * from cumplimiento  where nFlag=0 and nidTarea=1
		and nId in (9)
		ORDER BY norden ASC LIMIT 0,1
[Thu, 13 Jan 2022 03:49:03 +0000] succes 0: select * from codigos  where nFlag=0 and cCodigo =400  AND cvalor NOT IN (400)
[Thu, 13 Jan 2022 03:49:05 +0000] succes 0: 
		SELECT  i.`nId`, i.`nIdInforme`, i.`nIdCumplimiento`,cod.`cValor` nValorTipo, c.`cNombre` Cumpliento, cod.`cDescripcion` descripcionTipo,i.`cDescripcion` detalle,i.`dCreate` 
		FROM `inf_cumplimiento_des` i
		JOIN `cumplimiento` c ON c.`nId`= i.`nIdCumplimiento`
		JOIN `codigos` cod ON cod.`cCodigo`=c.`nTipo` AND cod.`cValor`=i.`nValor`
 		WHERE `nIdInforme`=133 AND i.`nIdCumplimiento`=18
		AND i.nFlag = 0
[Thu, 13 Jan 2022 03:49:07 +0000] succes 0: select * from inf_cumplimiento_img
		where nIdInforme= 159 and nIdCumplimiento= 8
[Thu, 13 Jan 2022 03:49:07 +0000] succes 0: 
		SELECT  i.`nId`, i.`nIdInforme`, i.`nIdCumplimiento`,cod.`cValor` nValorTipo, c.`cNombre` Cumpliento, cod.`cDescripcion` descripcionTipo,i.`cDescripcion` detalle,i.`dCreate` 
		FROM `inf_cumplimiento_des` i
		JOIN `cumplimiento` c ON c.`nId`= i.`nIdCumplimiento`
		JOIN `codigos` cod ON cod.`cCodigo`=c.`nTipo` AND cod.`cValor`=i.`nValor`
 		WHERE `nIdInforme`=159 AND i.`nIdCumplimiento`=8
		AND i.nFlag = 0
[Thu, 13 Jan 2022 03:49:09 +0000] succes 0: call spt_sel_obtienedocumento (17)
[Thu, 13 Jan 2022 03:49:13 +0000] succes 0: select * from informe  where nFlag=0 and nId=159
[Thu, 13 Jan 2022 03:49:13 +0000] succes 0: select * from tarea  where nFlag=0 and nId=1
[Thu, 13 Jan 2022 03:49:13 +0000] succes 0: select * from tipo_vehiculo  where nFlag=0
[Thu, 13 Jan 2022 03:49:13 +0000] succes 0: SELECT c.nIdTarea, c.`nId`,c.`cCodigo`,c.`cNombre`,c.`nModelo`  FROM `informe` i
		JOIN `cumplimiento` c ON c.`nIdTarea`= i.`nIdTarea`
		WHERE i.nId=159 AND c.nFlag = 0
[Thu, 13 Jan 2022 03:49:13 +0000] succes 0: SELECT CONCAT(p.`cApellidos`, ' ',p.`cNombres`)'Descripcion',ec.`nIdEmpresa`,ect.`nId`, ec.`nId` nIdCargo, ec.`cCargo` FROM  
		`empresa_cargo_trabajador` ect
		JOIN `empresa_cargo` ec ON ec.`nId`=ect.`nIdEmpresa_Cargo`
		JOIN `persona` p ON p.`nId`=ect.`nIdPersona`
		WHERE ec.nIdEmpresa = 8
		
[Thu, 13 Jan 2022 03:49:13 +0000] succes 0: SELECT eno.`nId`, CONCAT("(",eno.`cValor`,")",en.`cDescripcion`," / ", eno.`cObservacion`) cDescripcion,en.nTipo FROM `empresa_normas` en
			JOIN `empresa_normas_observacion` eno ON eno.`nId_empresa_norma`=en.nid and eno.`nId`=117
			UNION ALL
			SELECT eno.`nId`, CONCAT("(",eno.`cValor`,")",en.`cDescripcion`," / ", eno.`cObservacion`) cDescripcion,en.nTipo FROM `empresa_normas` en
			JOIN `empresa_normas_observacion` eno ON eno.`nId_empresa_norma`=en.nid and eno.`nId`=118
			UNION ALL
			SELECT eno.`nId`, CONCAT("(",eno.`cValor`,")",en.`cDescripcion`," / ", eno.`cObservacion`) cDescripcion,en.nTipo FROM `empresa_normas` en
			JOIN `empresa_normas_observacion` eno ON eno.`nId_empresa_norma`=en.nid
		
[Thu, 13 Jan 2022 03:49:13 +0000] succes 0: SELECT e.`nId`, CONCAT(cPlaca,' / ',cNombre) cDescripcion FROM `empresa_vehiculo` e
		JOIN `tipo_vehiculo` t ON e.`nTipoVehiculo`=t.`nId`
		WHERE e.nIdEmpresa = 8 AND IFNULL(e.nFlag, 0) = 0
[Thu, 13 Jan 2022 03:49:13 +0000] succes 0: select * from codigos  where nFlag=0 and cCodigo =500  AND cvalor NOT IN (500)
[Thu, 13 Jan 2022 03:49:13 +0000] succes 0: select * from informe  where nFlag=0 and nId=159
[Thu, 13 Jan 2022 03:49:13 +0000] succes 0: select * from tarea  where nFlag=0 and nId=1
[Thu, 13 Jan 2022 03:49:13 +0000] succes 0: select * from cumplimiento  where nFlag=0 and nidTarea=1
		and nId in (8)
		ORDER BY norden ASC LIMIT 0,1
[Thu, 13 Jan 2022 03:49:13 +0000] succes 0: select * from codigos  where nFlag=0 and cCodigo =300  AND cvalor NOT IN (300)
[Thu, 13 Jan 2022 03:49:16 +0000] succes 0: select * from inf_cumplimiento_img
		where nIdInforme= 159 and nIdCumplimiento= 7
[Thu, 13 Jan 2022 03:49:16 +0000] succes 0: 
		SELECT  i.`nId`, i.`nIdInforme`, i.`nIdCumplimiento`,cod.`cValor` nValorTipo, c.`cNombre` Cumpliento, cod.`cDescripcion` descripcionTipo,i.`cDescripcion` detalle,i.`dCreate` 
		FROM `inf_cumplimiento_des` i
		JOIN `cumplimiento` c ON c.`nId`= i.`nIdCumplimiento`
		JOIN `codigos` cod ON cod.`cCodigo`=c.`nTipo` AND cod.`cValor`=i.`nValor`
 		WHERE `nIdInforme`=159 AND i.`nIdCumplimiento`=7
		AND i.nFlag = 0
[Thu, 13 Jan 2022 03:49:16 +0000] succes 0: select * from inf_cumplimiento_img
		where nIdInforme= 159 and nIdCumplimiento= 7
[Thu, 13 Jan 2022 03:49:16 +0000] succes 0: 
		SELECT  i.`nId`, i.`nIdInforme`, i.`nIdCumplimiento`,cod.`cValor` nValorTipo, c.`cNombre` Cumpliento, cod.`cDescripcion` descripcionTipo,i.`cDescripcion` detalle,i.`dCreate` 
		FROM `inf_cumplimiento_des` i
		JOIN `cumplimiento` c ON c.`nId`= i.`nIdCumplimiento`
		JOIN `codigos` cod ON cod.`cCodigo`=c.`nTipo` AND cod.`cValor`=i.`nValor`
 		WHERE `nIdInforme`=159 AND i.`nIdCumplimiento`=7
		AND i.nFlag = 0
[Thu, 13 Jan 2022 03:49:17 +0000] succes 0: select * from informe  where nFlag=0 and nId=159
[Thu, 13 Jan 2022 03:49:17 +0000] succes 0: select * from tarea  where nFlag=0 and nId=1
[Thu, 13 Jan 2022 03:49:17 +0000] succes 0: select * from cumplimiento  where nFlag=0 and nidTarea=1
		and nId in (7)
		ORDER BY norden ASC LIMIT 0,1
[Thu, 13 Jan 2022 03:49:17 +0000] succes 0: select * from codigos  where nFlag=0 and cCodigo =200  AND cvalor NOT IN (200)
[Thu, 13 Jan 2022 03:49:20 +0000] succes 0: 
		SELECT  i.`nId`, i.`nIdInforme`, i.`nIdCumplimiento`,cod.`cValor` nValorTipo, c.`cNombre` Cumpliento, cod.`cDescripcion` descripcionTipo,i.`cDescripcion` detalle,i.`dCreate` 
		FROM `inf_cumplimiento_des` i
		JOIN `cumplimiento` c ON c.`nId`= i.`nIdCumplimiento`
		JOIN `codigos` cod ON cod.`cCodigo`=c.`nTipo` AND cod.`cValor`=i.`nValor`
 		WHERE `nIdInforme`=159 AND i.`nIdCumplimiento`=6
		AND i.nFlag = 0
[Thu, 13 Jan 2022 03:49:20 +0000] succes 0: select * from inf_cumplimiento_img
		where nIdInforme= 159 and nIdCumplimiento= 6
[Thu, 13 Jan 2022 03:49:22 +0000] succes 0: select * from informe  where nFlag=0 and nId=159
[Thu, 13 Jan 2022 03:49:22 +0000] succes 0: select * from tarea  where nFlag=0 and nId=1
[Thu, 13 Jan 2022 03:49:22 +0000] succes 0: select * from cumplimiento  where nFlag=0 and nidTarea=1
		and nId in (6)
		ORDER BY norden ASC LIMIT 0,1
[Thu, 13 Jan 2022 03:49:22 +0000] succes 0: select * from codigos  where nFlag=0 and cCodigo =100  AND cvalor NOT IN (100)
[Thu, 13 Jan 2022 03:49:27 +0000] succes 0: select * from informe  where nFlag=0 and nId=159
[Thu, 13 Jan 2022 03:49:27 +0000] succes 0: select * from tarea  where nFlag=0 and nId=1
[Thu, 13 Jan 2022 03:49:27 +0000] succes 0: select * from cumplimiento  where nFlag=0 and nidTarea=1
		and nId in (6)
		ORDER BY norden ASC LIMIT 0,1
[Thu, 13 Jan 2022 03:49:27 +0000] succes 0: select * from codigos  where nFlag=0 and cCodigo =100  AND cvalor NOT IN (100)
[Thu, 13 Jan 2022 03:49:37 +0000] succes 0: select * from informe  where nFlag=0 and nId=159
[Thu, 13 Jan 2022 03:49:37 +0000] succes 0: select * from tarea  where nFlag=0 and nId=1
[Thu, 13 Jan 2022 03:49:37 +0000] succes 0: select * from cumplimiento  where nFlag=0 and nidTarea=1
		and nId in (6)
		ORDER BY norden ASC LIMIT 0,1
[Thu, 13 Jan 2022 03:49:37 +0000] succes 0: select * from codigos  where nFlag=0 and cCodigo =100  AND cvalor NOT IN (100)
[Thu, 13 Jan 2022 03:49:43 +0000] succes 0: select * from informe  where nFlag=0 and nId=159
[Thu, 13 Jan 2022 03:49:43 +0000] succes 0: select * from tarea  where nFlag=0 and nId=1
[Thu, 13 Jan 2022 03:49:43 +0000] succes 0: select * from cumplimiento  where nFlag=0 and nidTarea=1
		and nId in (6)
		ORDER BY norden ASC LIMIT 0,1
[Thu, 13 Jan 2022 03:49:43 +0000] succes 0: select * from codigos  where nFlag=0 and cCodigo =100  AND cvalor NOT IN (100)
[Thu, 13 Jan 2022 03:49:43 +0000] succes 0: select * from informe  where nFlag=0 and nId=159
[Thu, 13 Jan 2022 03:49:43 +0000] succes 0: select * from tarea  where nFlag=0 and nId=1
[Thu, 13 Jan 2022 03:49:43 +0000] succes 0: select * from cumplimiento  where nFlag=0 and nidTarea=1
		and nId in (6)
		ORDER BY norden ASC LIMIT 0,1
[Thu, 13 Jan 2022 03:49:43 +0000] succes 0: select * from codigos  where nFlag=0 and cCodigo =100  AND cvalor NOT IN (100)
[Thu, 13 Jan 2022 03:49:43 +0000] succes 0: select * from informe  where nFlag=0 and nId=159
[Thu, 13 Jan 2022 03:49:43 +0000] succes 0: select * from tarea  where nFlag=0 and nId=1
[Thu, 13 Jan 2022 03:49:43 +0000] succes 0: select * from cumplimiento  where nFlag=0 and nidTarea=1
		and nId in (6)
		ORDER BY norden ASC LIMIT 0,1
[Thu, 13 Jan 2022 03:49:43 +0000] succes 0: select * from codigos  where nFlag=0 and cCodigo =100  AND cvalor NOT IN (100)
[Thu, 13 Jan 2022 03:50:47 +0000] succes 0: call spt_sel_obtienedocumento (3)
[Thu, 13 Jan 2022 03:51:31 +0000] succes 0: call spt_sel_obtienedocumento (3)
[Thu, 13 Jan 2022 03:51:42 +0000] succes 0: call spt_sel_obtienedocumento (3)
[Thu, 13 Jan 2022 03:52:05 +0000] succes 0: select * from informe  where nFlag=0 and nId=138
[Thu, 13 Jan 2022 03:52:05 +0000] succes 0: select * from inf_cumplimiento_img
		where nIdInforme= 138 and nIdCumplimiento= 21
[Thu, 13 Jan 2022 03:52:05 +0000] succes 0: select * from programa  where nFlag=0 and nId=1
[Thu, 13 Jan 2022 03:52:05 +0000] succes 0: SELECT * FROM empresa WHERE nId= 15 and nFlag = 0
[Thu, 13 Jan 2022 03:52:05 +0000] succes 0: SELECT c.nIdTarea, c.`nId`,c.`cCodigo`,c.`cNombre`,c.`nModelo`  FROM `informe` i
		JOIN `cumplimiento` c ON c.`nIdTarea`= i.`nIdTarea`
		WHERE i.nId=138 AND c.nFlag = 0
[Thu, 13 Jan 2022 03:52:05 +0000] succes 0: call stp_sel_resumen_informe(138)
[Thu, 13 Jan 2022 03:52:05 +0000] succes 0: select * from codigos  where nFlag=0 and cCodigo =400  AND cvalor NOT IN (400)
[Thu, 13 Jan 2022 03:52:05 +0000] succes 0: 
		SELECT  i.`nId`, i.`nIdInforme`, i.`nIdCumplimiento`,cod.`cValor` nValorTipo, c.`cNombre` Cumpliento, cod.`cDescripcion` descripcionTipo,i.`cDescripcion` detalle,i.`dCreate` 
		FROM `inf_cumplimiento_des` i
		JOIN `cumplimiento` c ON c.`nId`= i.`nIdCumplimiento`
		JOIN `codigos` cod ON cod.`cCodigo`=c.`nTipo` AND cod.`cValor`=i.`nValor`
 		WHERE `nIdInforme`=138 AND i.`nIdCumplimiento`=9
		AND i.nFlag = 0
[Thu, 13 Jan 2022 03:52:05 +0000] succes 0: select * from uunn WHERE `nId` = 7 AND nFlag=0
[Thu, 13 Jan 2022 03:52:05 +0000] succes 0: select * from supervision where nId = 4 AND nFlag=0
[Thu, 13 Jan 2022 03:52:05 +0000] succes 0: SELECT p.nId,p.cDoi,p.cNombres,p.cApellidos,p.cUsuario FROM `responsable`res 
		JOIN persona p on p.nId=res.nIdPersona where res.nId = '95'
[Thu, 13 Jan 2022 03:52:05 +0000] succes 0: SELECT DISTINCT p.`cNombres`,p.`cApellidos`,ec.`cCargo`, GROUP_CONCAT(DISTINCT eno.`cValor`) cCodigo 
		FROM `informe` i JOIN `inf_trabajadoressupervisados_det` it ON it.`nIdInforme`=i.`nId` 
		JOIN `empresa_cargo_trabajador` ect ON ect.`nId`=it.`nId_E_C_T` 
		JOIN `empresa_cargo` ec ON ect.`nIdEmpresa_Cargo`=ec.`nId` 
		JOIN persona p ON p.`nId`=ect.`nIdPersona` 
		JOIN `empresa_normas` en ON en.`nIdEmpresa`= en.`nIdEmpresa` 
		JOIN `empresa_normas_observacion` eno ON eno.`nId_empresa_norma`=en.`nId` AND eno.`nId`=it.`nId_emp_nor_obs`
		WHERE it.nIdInforme = 138 AND it.nFlag = 0 
		GROUP BY p.`cNombres`,p.`cApellidos`,ec.`cCargo`
		/*AND eno.nFlag = 0*/
[Thu, 13 Jan 2022 03:52:05 +0000] succes 0: SELECT distinct  eno.`cValor` cCodigo,en.cDescripcion,eno.cObservacion FROM `informe` i
		JOIN `inf_trabajadoressupervisados_det` it ON it.`nIdInforme`=i.`nId`
		JOIN `empresa_cargo_trabajador` ect ON ect.`nId`=it.`nId_E_C_T`
		JOIN `empresa_cargo` ec ON ect.`nIdEmpresa_Cargo`=ec.`nId`
		JOIN persona p ON p.`nId`=ect.`nIdPersona`
		INNER JOIN `empresa_normas` en ON en.`nIdEmpresa`= en.`nIdEmpresa`
		INNER JOIN `empresa_normas_observacion` eno ON eno.`nId_empresa_norma`=en.`nId` AND eno.`nId`=it.`nId_emp_nor_obs`
		WHERE it.nIdInforme = 138 AND it.nFlag = 0 
		/*AND eno.nFlag = 0*/
[Thu, 13 Jan 2022 03:52:05 +0000] succes 0: SELECT iv.`nId`, T.`cNombre`,tv.`cPlaca`, ENO.`cValor` FROM `informe` i
		JOIN `inf_vehiculo_det` iv ON i.`nId`=iv.`nIdInforme`
		JOIN `empresa_normas_observacion` ENO ON ENO.`nId`=iv.`nId_Emp_nor_obs`
		JOIN `empresa_vehiculo` tv ON tv.`nIdEmpresa`=  i.nIdEmpresa AND iv.nIdEmp_Veh = tv.nId
		JOIN `tipo_vehiculo` T ON T.`nId` =tv.`nTipoVehiculo`
		WHERE iv.nIdInforme = 138 AND iv.nFlag = 0 AND IFNULL(tv.nFlag, 0) = 0
[Thu, 13 Jan 2022 03:52:05 +0000] succes 0: 
		SELECT  i.`nId`, i.`nIdInforme`, i.`nIdCumplimiento`,cod.`cValor` nValorTipo, c.`cNombre` Cumpliento, cod.`cDescripcion` descripcionTipo,i.`cDescripcion` detalle,i.`dCreate` 
		FROM `inf_cumplimiento_des` i
		JOIN `cumplimiento` c ON c.`nId`= i.`nIdCumplimiento`
		JOIN `codigos` cod ON cod.`cCodigo`=c.`nTipo` AND cod.`cValor`=i.`nValor`
 		WHERE `nIdInforme`=138 AND i.`nIdCumplimiento`=1
		AND i.nFlag = 0
[Thu, 13 Jan 2022 03:52:05 +0000] succes 0: select * from inf_cumplimiento_img
		where nIdInforme= 138 and nIdCumplimiento= 1
[Thu, 13 Jan 2022 03:52:05 +0000] succes 0: 
		SELECT  i.`nId`, i.`nIdInforme`, i.`nIdCumplimiento`,cod.`cValor` nValorTipo, c.`cNombre` Cumpliento, cod.`cDescripcion` descripcionTipo,i.`cDescripcion` detalle,i.`dCreate` 
		FROM `inf_cumplimiento_des` i
		JOIN `cumplimiento` c ON c.`nId`= i.`nIdCumplimiento`
		JOIN `codigos` cod ON cod.`cCodigo`=c.`nTipo` AND cod.`cValor`=i.`nValor`
 		WHERE `nIdInforme`=138 AND i.`nIdCumplimiento`=2
		AND i.nFlag = 0
[Thu, 13 Jan 2022 03:52:05 +0000] succes 0: select * from inf_cumplimiento_img
		where nIdInforme= 138 and nIdCumplimiento= 2
[Thu, 13 Jan 2022 03:52:05 +0000] succes 0: 
		SELECT  i.`nId`, i.`nIdInforme`, i.`nIdCumplimiento`,cod.`cValor` nValorTipo, c.`cNombre` Cumpliento, cod.`cDescripcion` descripcionTipo,i.`cDescripcion` detalle,i.`dCreate` 
		FROM `inf_cumplimiento_des` i
		JOIN `cumplimiento` c ON c.`nId`= i.`nIdCumplimiento`
		JOIN `codigos` cod ON cod.`cCodigo`=c.`nTipo` AND cod.`cValor`=i.`nValor`
 		WHERE `nIdInforme`=138 AND i.`nIdCumplimiento`=3
		AND i.nFlag = 0
[Thu, 13 Jan 2022 03:52:05 +0000] succes 0: select * from inf_cumplimiento_img
		where nIdInforme= 138 and nIdCumplimiento= 3
[Thu, 13 Jan 2022 03:52:05 +0000] succes 0: 
		SELECT  i.`nId`, i.`nIdInforme`, i.`nIdCumplimiento`,cod.`cValor` nValorTipo, c.`cNombre` Cumpliento, cod.`cDescripcion` descripcionTipo,i.`cDescripcion` detalle,i.`dCreate` 
		FROM `inf_cumplimiento_des` i
		JOIN `cumplimiento` c ON c.`nId`= i.`nIdCumplimiento`
		JOIN `codigos` cod ON cod.`cCodigo`=c.`nTipo` AND cod.`cValor`=i.`nValor`
 		WHERE `nIdInforme`=138 AND i.`nIdCumplimiento`=4
		AND i.nFlag = 0
[Thu, 13 Jan 2022 03:52:05 +0000] succes 0: select * from inf_cumplimiento_img
		where nIdInforme= 138 and nIdCumplimiento= 4
[Thu, 13 Jan 2022 03:52:05 +0000] succes 0: 
		SELECT  i.`nId`, i.`nIdInforme`, i.`nIdCumplimiento`,cod.`cValor` nValorTipo, c.`cNombre` Cumpliento, cod.`cDescripcion` descripcionTipo,i.`cDescripcion` detalle,i.`dCreate` 
		FROM `inf_cumplimiento_des` i
		JOIN `cumplimiento` c ON c.`nId`= i.`nIdCumplimiento`
		JOIN `codigos` cod ON cod.`cCodigo`=c.`nTipo` AND cod.`cValor`=i.`nValor`
 		WHERE `nIdInforme`=138 AND i.`nIdCumplimiento`=5
		AND i.nFlag = 0
[Thu, 13 Jan 2022 03:52:05 +0000] succes 0: select * from inf_cumplimiento_img
		where nIdInforme= 138 and nIdCumplimiento= 5
[Thu, 13 Jan 2022 03:52:05 +0000] succes 0: 
		SELECT  i.`nId`, i.`nIdInforme`, i.`nIdCumplimiento`,cod.`cValor` nValorTipo, c.`cNombre` Cumpliento, cod.`cDescripcion` descripcionTipo,i.`cDescripcion` detalle,i.`dCreate` 
		FROM `inf_cumplimiento_des` i
		JOIN `cumplimiento` c ON c.`nId`= i.`nIdCumplimiento`
		JOIN `codigos` cod ON cod.`cCodigo`=c.`nTipo` AND cod.`cValor`=i.`nValor`
 		WHERE `nIdInforme`=138 AND i.`nIdCumplimiento`=6
		AND i.nFlag = 0
[Thu, 13 Jan 2022 03:52:05 +0000] succes 0: select * from inf_cumplimiento_img
		where nIdInforme= 138 and nIdCumplimiento= 6
[Thu, 13 Jan 2022 03:52:05 +0000] succes 0: 
		SELECT  i.`nId`, i.`nIdInforme`, i.`nIdCumplimiento`,cod.`cValor` nValorTipo, c.`cNombre` Cumpliento, cod.`cDescripcion` descripcionTipo,i.`cDescripcion` detalle,i.`dCreate` 
		FROM `inf_cumplimiento_des` i
		JOIN `cumplimiento` c ON c.`nId`= i.`nIdCumplimiento`
		JOIN `codigos` cod ON cod.`cCodigo`=c.`nTipo` AND cod.`cValor`=i.`nValor`
 		WHERE `nIdInforme`=138 AND i.`nIdCumplimiento`=7
		AND i.nFlag = 0
[Thu, 13 Jan 2022 03:52:05 +0000] succes 0: 
		SELECT  i.`nId`, i.`nIdInforme`, i.`nIdCumplimiento`,cod.`cValor` nValorTipo, c.`cNombre` Cumpliento, cod.`cDescripcion` descripcionTipo,i.`cDescripcion` detalle,i.`dCreate` 
		FROM `inf_cumplimiento_des` i
		JOIN `cumplimiento` c ON c.`nId`= i.`nIdCumplimiento`
		JOIN `codigos` cod ON cod.`cCodigo`=c.`nTipo` AND cod.`cValor`=i.`nValor`
 		WHERE `nIdInforme`=138 AND i.`nIdCumplimiento`=8
		AND i.nFlag = 0
[Thu, 13 Jan 2022 03:52:05 +0000] succes 0: select * from inf_cumplimiento_img
		where nIdInforme= 138 and nIdCumplimiento= 8
[Thu, 13 Jan 2022 03:52:22 +0000] succes 0: select * from informe  where nFlag=0 and nId=138
[Thu, 13 Jan 2022 03:52:22 +0000] succes 0: select * from tarea  where nFlag=0 and nId=1
[Thu, 13 Jan 2022 03:52:22 +0000] succes 0: select * from tipo_vehiculo  where nFlag=0
[Thu, 13 Jan 2022 03:52:22 +0000] succes 0: SELECT c.nIdTarea, c.`nId`,c.`cCodigo`,c.`cNombre`,c.`nModelo`  FROM `informe` i
		JOIN `cumplimiento` c ON c.`nIdTarea`= i.`nIdTarea`
		WHERE i.nId=138 AND c.nFlag = 0
[Thu, 13 Jan 2022 03:52:22 +0000] succes 0: SELECT CONCAT(p.`cApellidos`, ' ',p.`cNombres`)'Descripcion',ec.`nIdEmpresa`,ect.`nId`, ec.`nId` nIdCargo, ec.`cCargo` FROM  
		`empresa_cargo_trabajador` ect
		JOIN `empresa_cargo` ec ON ec.`nId`=ect.`nIdEmpresa_Cargo`
		JOIN `persona` p ON p.`nId`=ect.`nIdPersona`
		WHERE ec.nIdEmpresa = 15
		
[Thu, 13 Jan 2022 03:52:22 +0000] succes 0: SELECT eno.`nId`, CONCAT("(",eno.`cValor`,")",en.`cDescripcion`," / ", eno.`cObservacion`) cDescripcion,en.nTipo FROM `empresa_normas` en
			JOIN `empresa_normas_observacion` eno ON eno.`nId_empresa_norma`=en.nid and eno.`nId`=117
			UNION ALL
			SELECT eno.`nId`, CONCAT("(",eno.`cValor`,")",en.`cDescripcion`," / ", eno.`cObservacion`) cDescripcion,en.nTipo FROM `empresa_normas` en
			JOIN `empresa_normas_observacion` eno ON eno.`nId_empresa_norma`=en.nid and eno.`nId`=118
			UNION ALL
			SELECT eno.`nId`, CONCAT("(",eno.`cValor`,")",en.`cDescripcion`," / ", eno.`cObservacion`) cDescripcion,en.nTipo FROM `empresa_normas` en
			JOIN `empresa_normas_observacion` eno ON eno.`nId_empresa_norma`=en.nid
		
[Thu, 13 Jan 2022 03:52:22 +0000] succes 0: SELECT e.`nId`, CONCAT(cPlaca,' / ',cNombre) cDescripcion FROM `empresa_vehiculo` e
		JOIN `tipo_vehiculo` t ON e.`nTipoVehiculo`=t.`nId`
		WHERE e.nIdEmpresa = 15 AND IFNULL(e.nFlag, 0) = 0
[Thu, 13 Jan 2022 03:52:22 +0000] succes 0: select * from codigos  where nFlag=0 and cCodigo =500  AND cvalor NOT IN (500)
[Thu, 13 Jan 2022 03:52:25 +0000] succes 0: SELECT it.`nId`, p.`cNombres`,p.`cApellidos`,ec.`cCargo`, IF(eno.`nId` IS NULL, '', eno.`nId`) nCodigo, IF(eno.`cValor` IS NULL, '', eno.`cValor`) cCodigo FROM `informe` i
		JOIN `inf_trabajadoressupervisados_det` it ON it.`nIdInforme`=i.`nId`
		JOIN `empresa_cargo_trabajador` ect ON ect.`nId`=it.`nId_E_C_T`
		JOIN `empresa_cargo` ec ON ect.`nIdEmpresa_Cargo`=ec.`nId`
		JOIN persona p ON p.`nId`=ect.`nIdPersona`
		INNER JOIN `empresa_normas` en ON en.`nIdEmpresa`= en.`nIdEmpresa`
		INNER JOIN `empresa_normas_observacion` eno ON eno.`nId_empresa_norma`=en.`nId` AND eno.`nId`=it.`nId_emp_nor_obs`
		WHERE it.nIdInforme = 138 AND it.nFlag = 0 /*AND eno.nFlag = 0*/
[Thu, 13 Jan 2022 03:52:25 +0000] succes 0: SELECT CONCAT(p.`cApellidos`, ' ',p.`cNombres`)'Descripcion',ec.`nIdEmpresa`,ect.`nId`, ec.`nId` nIdCargo, ec.`cCargo` FROM  
		`empresa_cargo_trabajador` ect
		JOIN `empresa_cargo` ec ON ec.`nId`=ect.`nIdEmpresa_Cargo`
		JOIN `persona` p ON p.`nId`=ect.`nIdPersona`
		WHERE ec.nIdEmpresa = 15
		
