[Sun, 12 Dec 2021 04:51:10 +0000] succes 0: select * from persona  where cDoi="16740328"
[Sun, 12 Dec 2021 04:51:15 +0000] succes 0: call spt_sel_all_User('19')
[Sun, 12 Dec 2021 04:51:17 +0000] succes 0: call spt_sel_obtienedocumento (19)
[Sun, 12 Dec 2021 04:51:25 +0000] succes 0: select * from informe  where nFlag=0 and nId=149
[Sun, 12 Dec 2021 04:51:25 +0000] succes 0: select * from inf_cumplimiento_img
		where nIdInforme= 149 and nIdCumplimiento= 21
[Sun, 12 Dec 2021 04:51:25 +0000] succes 0: select * from programa  where nFlag=0 and nId=1
[Sun, 12 Dec 2021 04:51:25 +0000] succes 0: SELECT * FROM empresa WHERE nId= 19 and nFlag = 0
[Sun, 12 Dec 2021 04:51:25 +0000] succes 0: SELECT c.nIdTarea, c.`nId`,c.`cCodigo`,c.`cNombre`,c.`nModelo`  FROM `informe` i
		JOIN `cumplimiento` c ON c.`nIdTarea`= i.`nIdTarea`
		WHERE i.NID=149 AND c.nFlag = 0
[Sun, 12 Dec 2021 04:51:25 +0000] succes 0: call stp_sel_resumen_informe(149)
[Sun, 12 Dec 2021 04:51:25 +0000] succes 0: select * from codigos  where nFlag=0 and cCodigo =400  AND cvalor NOT IN (400)
[Sun, 12 Dec 2021 04:51:25 +0000] succes 0: 
		SELECT  i.`nId`, i.`nIdInforme`, i.`nIdCumplimiento`,cod.`cValor` nValorTipo, c.`cNombre` Cumpliento, cod.`cDescripcion` descripcionTipo,i.`cDescripcion` detalle,i.`dCreate` 
		FROM `inf_cumplimiento_des` i
		JOIN `cumplimiento` c ON c.`nId`= i.`nIdCumplimiento`
		JOIN `codigos` cod ON cod.`cCodigo`=c.`nTipo` AND cod.`cValor`=i.`nValor`
 		WHERE `nIdInforme`=149 AND i.`nIdCumplimiento`=9
		AND i.nFlag = 0
[Sun, 12 Dec 2021 04:51:25 +0000] succes 0: select * from uunn WHERE `nId` = 4 AND nFlag=0
[Sun, 12 Dec 2021 04:51:25 +0000] succes 0: select * from supervision where nId = 1 AND nFlag=0
[Sun, 12 Dec 2021 04:51:25 +0000] succes 0: SELECT p.nId,p.cDoi,p.cNombres,p.cApellidos,p.cUsuario FROM `responsable`res 
		JOIN persona p on p.nId=res.nIdPersona where res.nId = '130'
[Sun, 12 Dec 2021 04:51:25 +0000] succes 0: SELECT it.`nId`, p.`cNombres`,p.`cApellidos`,ec.`cCargo`, IF(eno.`nId` IS NULL, '', eno.`nId`) nCodigo, IF(eno.`cValor` IS NULL, '', eno.`cValor`) cCodigo FROM `informe` i
		JOIN `inf_trabajadoressupervisados_det` it ON it.`nIdInforme`=i.`nId`
		JOIN `empresa_cargo_trabajador` ect ON ect.`nId`=it.`nId_E_C_T`
		JOIN `empresa_cargo` ec ON ect.`nIdEmpresa_Cargo`=ec.`nId`
		JOIN persona p ON p.`nId`=ect.`nIdPersona`
		INNER JOIN `empresa_normas` en ON en.`nIdEmpresa`= en.`nIdEmpresa`
		INNER JOIN `empresa_normas_observacion` eno ON eno.`nId_empresa_norma`=en.`nId` AND eno.`nId`=it.`nId_emp_nor_obs`
		WHERE it.nIdInforme = 149 AND it.nFlag = 0 /*AND eno.nFlag = 0*/
[Sun, 12 Dec 2021 04:51:25 +0000] succes 0: SELECT iv.`nId`, T.`cNombre`,tv.`cPlaca`, ENO.`cValor` FROM `informe` i
		JOIN `inf_vehiculo_det` iv ON i.`nId`=iv.`nIdInforme`
		JOIN `empresa_normas_observacion` ENO ON ENO.`nId`=iv.`nId_Emp_nor_obs`
		JOIN `empresa_vehiculo` tv ON tv.`nIdEmpresa`=  i.nIdEmpresa AND iv.nIdEmp_Veh = tv.nId
		JOIN `tipo_vehiculo` T ON T.`nId` =tv.`nTipoVehiculo`
		WHERE iv.nIdInforme = 149 AND iv.nFlag = 0 AND IFNULL(tv.nFlag, 0) = 0
[Sun, 12 Dec 2021 04:51:25 +0000] succes 0: 
		SELECT  i.`nId`, i.`nIdInforme`, i.`nIdCumplimiento`,cod.`cValor` nValorTipo, c.`cNombre` Cumpliento, cod.`cDescripcion` descripcionTipo,i.`cDescripcion` detalle,i.`dCreate` 
		FROM `inf_cumplimiento_des` i
		JOIN `cumplimiento` c ON c.`nId`= i.`nIdCumplimiento`
		JOIN `codigos` cod ON cod.`cCodigo`=c.`nTipo` AND cod.`cValor`=i.`nValor`
 		WHERE `nIdInforme`=149 AND i.`nIdCumplimiento`=1
		AND i.nFlag = 0
[Sun, 12 Dec 2021 04:51:25 +0000] succes 0: select * from inf_cumplimiento_img
		where nIdInforme= 149 and nIdCumplimiento= 1
[Sun, 12 Dec 2021 04:51:25 +0000] succes 0: 
		SELECT  i.`nId`, i.`nIdInforme`, i.`nIdCumplimiento`,cod.`cValor` nValorTipo, c.`cNombre` Cumpliento, cod.`cDescripcion` descripcionTipo,i.`cDescripcion` detalle,i.`dCreate` 
		FROM `inf_cumplimiento_des` i
		JOIN `cumplimiento` c ON c.`nId`= i.`nIdCumplimiento`
		JOIN `codigos` cod ON cod.`cCodigo`=c.`nTipo` AND cod.`cValor`=i.`nValor`
 		WHERE `nIdInforme`=149 AND i.`nIdCumplimiento`=2
		AND i.nFlag = 0
[Sun, 12 Dec 2021 04:51:25 +0000] succes 0: select * from inf_cumplimiento_img
		where nIdInforme= 149 and nIdCumplimiento= 2
[Sun, 12 Dec 2021 04:51:25 +0000] succes 0: 
		SELECT  i.`nId`, i.`nIdInforme`, i.`nIdCumplimiento`,cod.`cValor` nValorTipo, c.`cNombre` Cumpliento, cod.`cDescripcion` descripcionTipo,i.`cDescripcion` detalle,i.`dCreate` 
		FROM `inf_cumplimiento_des` i
		JOIN `cumplimiento` c ON c.`nId`= i.`nIdCumplimiento`
		JOIN `codigos` cod ON cod.`cCodigo`=c.`nTipo` AND cod.`cValor`=i.`nValor`
 		WHERE `nIdInforme`=149 AND i.`nIdCumplimiento`=3
		AND i.nFlag = 0
[Sun, 12 Dec 2021 04:51:25 +0000] succes 0: select * from inf_cumplimiento_img
		where nIdInforme= 149 and nIdCumplimiento= 3
[Sun, 12 Dec 2021 04:51:25 +0000] succes 0: 
		SELECT  i.`nId`, i.`nIdInforme`, i.`nIdCumplimiento`,cod.`cValor` nValorTipo, c.`cNombre` Cumpliento, cod.`cDescripcion` descripcionTipo,i.`cDescripcion` detalle,i.`dCreate` 
		FROM `inf_cumplimiento_des` i
		JOIN `cumplimiento` c ON c.`nId`= i.`nIdCumplimiento`
		JOIN `codigos` cod ON cod.`cCodigo`=c.`nTipo` AND cod.`cValor`=i.`nValor`
 		WHERE `nIdInforme`=149 AND i.`nIdCumplimiento`=4
		AND i.nFlag = 0
[Sun, 12 Dec 2021 04:51:25 +0000] succes 0: select * from inf_cumplimiento_img
		where nIdInforme= 149 and nIdCumplimiento= 4
[Sun, 12 Dec 2021 04:51:25 +0000] succes 0: 
		SELECT  i.`nId`, i.`nIdInforme`, i.`nIdCumplimiento`,cod.`cValor` nValorTipo, c.`cNombre` Cumpliento, cod.`cDescripcion` descripcionTipo,i.`cDescripcion` detalle,i.`dCreate` 
		FROM `inf_cumplimiento_des` i
		JOIN `cumplimiento` c ON c.`nId`= i.`nIdCumplimiento`
		JOIN `codigos` cod ON cod.`cCodigo`=c.`nTipo` AND cod.`cValor`=i.`nValor`
 		WHERE `nIdInforme`=149 AND i.`nIdCumplimiento`=5
		AND i.nFlag = 0
[Sun, 12 Dec 2021 04:51:25 +0000] succes 0: select * from inf_cumplimiento_img
		where nIdInforme= 149 and nIdCumplimiento= 5
[Sun, 12 Dec 2021 04:51:25 +0000] succes 0: 
		SELECT  i.`nId`, i.`nIdInforme`, i.`nIdCumplimiento`,cod.`cValor` nValorTipo, c.`cNombre` Cumpliento, cod.`cDescripcion` descripcionTipo,i.`cDescripcion` detalle,i.`dCreate` 
		FROM `inf_cumplimiento_des` i
		JOIN `cumplimiento` c ON c.`nId`= i.`nIdCumplimiento`
		JOIN `codigos` cod ON cod.`cCodigo`=c.`nTipo` AND cod.`cValor`=i.`nValor`
 		WHERE `nIdInforme`=149 AND i.`nIdCumplimiento`=6
		AND i.nFlag = 0
[Sun, 12 Dec 2021 04:51:25 +0000] succes 0: select * from inf_cumplimiento_img
		where nIdInforme= 149 and nIdCumplimiento= 6
[Sun, 12 Dec 2021 04:51:25 +0000] succes 0: 
		SELECT  i.`nId`, i.`nIdInforme`, i.`nIdCumplimiento`,cod.`cValor` nValorTipo, c.`cNombre` Cumpliento, cod.`cDescripcion` descripcionTipo,i.`cDescripcion` detalle,i.`dCreate` 
		FROM `inf_cumplimiento_des` i
		JOIN `cumplimiento` c ON c.`nId`= i.`nIdCumplimiento`
		JOIN `codigos` cod ON cod.`cCodigo`=c.`nTipo` AND cod.`cValor`=i.`nValor`
 		WHERE `nIdInforme`=149 AND i.`nIdCumplimiento`=7
		AND i.nFlag = 0
[Sun, 12 Dec 2021 04:51:25 +0000] succes 0: 
		SELECT  i.`nId`, i.`nIdInforme`, i.`nIdCumplimiento`,cod.`cValor` nValorTipo, c.`cNombre` Cumpliento, cod.`cDescripcion` descripcionTipo,i.`cDescripcion` detalle,i.`dCreate` 
		FROM `inf_cumplimiento_des` i
		JOIN `cumplimiento` c ON c.`nId`= i.`nIdCumplimiento`
		JOIN `codigos` cod ON cod.`cCodigo`=c.`nTipo` AND cod.`cValor`=i.`nValor`
 		WHERE `nIdInforme`=149 AND i.`nIdCumplimiento`=8
		AND i.nFlag = 0
[Sun, 12 Dec 2021 04:51:25 +0000] succes 0: select * from inf_cumplimiento_img
		where nIdInforme= 149 and nIdCumplimiento= 8
[Sun, 12 Dec 2021 04:51:36 +0000] succes 0: CALL stp_sel_resumen_informe2 (149);
