[Fri, 10 Dec 2021 00:09:10 +0000] succes 0: select * from persona  where cDoi="16740328"
[Fri, 10 Dec 2021 00:09:17 +0000] succes 0: call spt_sel_all_User('19')
[Fri, 10 Dec 2021 00:10:23 +0000] succes 0: select * from empresa  where nTipo=1
[Fri, 10 Dec 2021 00:10:23 +0000] succes 0: select * from empresa  where nTipo=0
[Fri, 10 Dec 2021 00:10:23 +0000] succes 0: select * from tipo_documento  where nFlag=0
[Fri, 10 Dec 2021 00:10:23 +0000] succes 0: select * from tarea  where nFlag=0
[Fri, 10 Dec 2021 00:10:23 +0000] succes 0: select * from uunn  where nFlag=0
[Fri, 10 Dec 2021 00:10:23 +0000] succes 0: select * from programa  where nFlag=0
[Fri, 10 Dec 2021 00:10:23 +0000] succes 0: select * from supervision  where nFlag=0
[Fri, 10 Dec 2021 00:10:24 +0000] succes 0: SELECT r.`nId`,p.`cNombres`,p.`cApellidos` FROM responsable r
	JOIN persona p ON p.`nId` = r.`nIdPersona`
	JOIN empresa e ON e.`nId`=r.`nIdEmpresa` 
	WHERE e.nId = 0
	/*WHERE e.`nTipo`=1*/
[Fri, 10 Dec 2021 00:10:24 +0000] succes 0: SELECT EC.`nId`, E.`cNombre`,EC.`cCargo` FROM `empresa` E 
		INNER JOIN `empresa_cargo` EC ON E.`nId`=EC.`nIdEmpresa` 
		WHERE E.`nId` = 0 
[Fri, 10 Dec 2021 00:16:20 +0000] succes 0: select * from programa  where nFlag=0 and nId=1
[Fri, 10 Dec 2021 00:17:23 +0000] succes 18: INSERT INTO empresa(`cNombre`, `cRazonSocial`, `nFlag`, `nTipo`) 
				VALUES('CONSORCIO ELÉCTRICO DE VILLACU', 'COELVISAC', 0, 0)
[Fri, 10 Dec 2021 00:17:23 +0000] succes 0: select * from empresa  where nTipo=0
[Fri, 10 Dec 2021 00:18:12 +0000] succes 19: INSERT INTO empresa(`cNombre`, `cRazonSocial`, `nFlag`, `nTipo`) 
				VALUES('CONSORCIO ELÉCTRICO DE VILLACU', 'COELVISAC', 0, 0)
[Fri, 10 Dec 2021 00:18:12 +0000] succes 0: select * from empresa  where nTipo=0
[Fri, 10 Dec 2021 00:18:23 +0000] succes 0: SELECT EC.`nId`, E.`cNombre`,EC.`cCargo` FROM `empresa` E 
		INNER JOIN `empresa_cargo` EC ON E.`nId`=EC.`nIdEmpresa` 
		WHERE E.`nId` = 19 
[Fri, 10 Dec 2021 00:18:23 +0000] succes 0: SELECT r.`nId`,p.`cNombres`,p.`cApellidos` FROM responsable r
	JOIN persona p ON p.`nId` = r.`nIdPersona`
	JOIN empresa e ON e.`nId`=r.`nIdEmpresa` 
	WHERE e.nId = 19
	/*WHERE e.`nTipo`=1*/
[Fri, 10 Dec 2021 00:20:19 +0000] succes 0: select * from persona  where cDoi="11111111"
[Fri, 10 Dec 2021 00:20:43 +0000] succes 0: select * from persona  where cDoi="11111111"
[Fri, 10 Dec 2021 00:20:56 +0000] succes 0: select * from persona  where cDoi="11111111"
[Fri, 10 Dec 2021 00:27:31 +0000] succes 0: select * from empresa  where nTipo=1
[Fri, 10 Dec 2021 00:27:31 +0000] succes 0: select * from empresa  where nTipo=0
[Fri, 10 Dec 2021 00:27:31 +0000] succes 0: select * from tipo_documento  where nFlag=0
[Fri, 10 Dec 2021 00:27:31 +0000] succes 0: select * from tarea  where nFlag=0
[Fri, 10 Dec 2021 00:27:31 +0000] succes 0: select * from uunn  where nFlag=0
[Fri, 10 Dec 2021 00:27:31 +0000] succes 0: select * from programa  where nFlag=0
[Fri, 10 Dec 2021 00:27:31 +0000] succes 0: select * from supervision  where nFlag=0
[Fri, 10 Dec 2021 00:27:32 +0000] succes 0: SELECT r.`nId`,p.`cNombres`,p.`cApellidos` FROM responsable r
	JOIN persona p ON p.`nId` = r.`nIdPersona`
	JOIN empresa e ON e.`nId`=r.`nIdEmpresa` 
	WHERE e.nId = 0
	/*WHERE e.`nTipo`=1*/
[Fri, 10 Dec 2021 00:27:32 +0000] succes 0: SELECT EC.`nId`, E.`cNombre`,EC.`cCargo` FROM `empresa` E 
		INNER JOIN `empresa_cargo` EC ON E.`nId`=EC.`nIdEmpresa` 
		WHERE E.`nId` = 0 
[Fri, 10 Dec 2021 00:32:15 +0000] succes 0: call spt_sel_all_User('19')
[Fri, 10 Dec 2021 00:32:18 +0000] succes 0: call spt_sel_all_User('19')
[Fri, 10 Dec 2021 00:39:46 +0000] succes 0: select * from persona  where cDoi="16740328"
[Fri, 10 Dec 2021 00:39:52 +0000] succes 0: call spt_sel_all_User('19')
[Fri, 10 Dec 2021 00:40:11 +0000] succes 0: select * from empresa  where nTipo=1
[Fri, 10 Dec 2021 00:40:11 +0000] succes 0: select * from empresa  where nTipo=0
[Fri, 10 Dec 2021 00:40:11 +0000] succes 0: select * from tipo_documento  where nFlag=0
[Fri, 10 Dec 2021 00:40:11 +0000] succes 0: select * from tarea  where nFlag=0
[Fri, 10 Dec 2021 00:40:11 +0000] succes 0: select * from uunn  where nFlag=0
[Fri, 10 Dec 2021 00:40:11 +0000] succes 0: select * from programa  where nFlag=0
[Fri, 10 Dec 2021 00:40:11 +0000] succes 0: select * from supervision  where nFlag=0
[Fri, 10 Dec 2021 00:40:11 +0000] succes 0: SELECT EC.`nId`, E.`cNombre`,EC.`cCargo` FROM `empresa` E 
		INNER JOIN `empresa_cargo` EC ON E.`nId`=EC.`nIdEmpresa` 
		WHERE E.`nId` = 0 
[Fri, 10 Dec 2021 00:40:11 +0000] succes 0: SELECT r.`nId`,p.`cNombres`,p.`cApellidos` FROM responsable r
	JOIN persona p ON p.`nId` = r.`nIdPersona`
	JOIN empresa e ON e.`nId`=r.`nIdEmpresa` 
	WHERE e.nId = 0
	/*WHERE e.`nTipo`=1*/
[Fri, 10 Dec 2021 00:40:18 +0000] succes 0: select * from programa  where nFlag=0 and nId=1
[Fri, 10 Dec 2021 00:40:33 +0000] succes 0: SELECT r.`nId`,p.`cNombres`,p.`cApellidos` FROM responsable r
	JOIN persona p ON p.`nId` = r.`nIdPersona`
	JOIN empresa e ON e.`nId`=r.`nIdEmpresa` 
	WHERE e.nId = 19
	/*WHERE e.`nTipo`=1*/
[Fri, 10 Dec 2021 00:40:33 +0000] succes 0: SELECT EC.`nId`, E.`cNombre`,EC.`cCargo` FROM `empresa` E 
		INNER JOIN `empresa_cargo` EC ON E.`nId`=EC.`nIdEmpresa` 
		WHERE E.`nId` = 19 
[Fri, 10 Dec 2021 00:42:59 +0000] succes 0: select * from persona  where cDoi="11111111"
[Fri, 10 Dec 2021 00:43:29 +0000] succes 83: insert into empresa_cargo (nIdEmpresa,cCargo) values (19,'SUPERVISOR DE SEGURIDAD');
[Fri, 10 Dec 2021 00:43:29 +0000] succes 0: SELECT EC.`nId`, E.`cNombre`,EC.`cCargo` FROM `empresa` E 
		INNER JOIN `empresa_cargo` EC ON E.`nId`=EC.`nIdEmpresa` 
		WHERE E.`nId` = 19 
[Fri, 10 Dec 2021 00:47:41 +0000] succes 0: select * from persona  where cDoi="11111111"
