[Wed, 15 Dec 2021 16:41:20 +0000] succes 0: select * from persona  where cDoi="44174808"
[Wed, 15 Dec 2021 16:41:25 +0000] succes 0: call spt_sel_all_User('18')
[Wed, 15 Dec 2021 16:41:27 +0000] succes 0: call spt_sel_obtienedocumento (18)
[Wed, 15 Dec 2021 16:41:33 +0000] succes 0: select * from informe  where nFlag=0 and nId=143
[Wed, 15 Dec 2021 16:41:33 +0000] succes 0: select * from inf_cumplimiento_img
		where nIdInforme= 143 and nIdCumplimiento= 21
[Wed, 15 Dec 2021 16:41:33 +0000] succes 0: select * from programa  where nFlag=0 and nId=1
[Wed, 15 Dec 2021 16:41:33 +0000] succes 0: SELECT * FROM empresa WHERE nId= 17 and nFlag = 0
[Wed, 15 Dec 2021 16:41:33 +0000] succes 0: SELECT c.nIdTarea, c.`nId`,c.`cCodigo`,c.`cNombre`,c.`nModelo`  FROM `informe` i
		JOIN `cumplimiento` c ON c.`nIdTarea`= i.`nIdTarea`
		WHERE i.nId=143 AND c.nFlag = 0
[Wed, 15 Dec 2021 16:41:33 +0000] succes 0: call stp_sel_resumen_informe(143)
[Wed, 15 Dec 2021 16:41:33 +0000] succes 0: select * from codigos  where nFlag=0 and cCodigo =400  AND cvalor NOT IN (400)
[Wed, 15 Dec 2021 16:41:33 +0000] succes 0: 
		SELECT  i.`nId`, i.`nIdInforme`, i.`nIdCumplimiento`,cod.`cValor` nValorTipo, c.`cNombre` Cumpliento, cod.`cDescripcion` descripcionTipo,i.`cDescripcion` detalle,i.`dCreate` 
		FROM `inf_cumplimiento_des` i
		JOIN `cumplimiento` c ON c.`nId`= i.`nIdCumplimiento`
		JOIN `codigos` cod ON cod.`cCodigo`=c.`nTipo` AND cod.`cValor`=i.`nValor`
 		WHERE `nIdInforme`=143 AND i.`nIdCumplimiento`=9
		AND i.nFlag = 0
[Wed, 15 Dec 2021 16:41:33 +0000] succes 0: select * from uunn WHERE `nId` = 8 AND nFlag=0
[Wed, 15 Dec 2021 16:41:33 +0000] succes 0: select * from supervision where nId = 4 AND nFlag=0
[Wed, 15 Dec 2021 16:41:33 +0000] succes 0: SELECT p.nId,p.cDoi,p.cNombres,p.cApellidos,p.cUsuario FROM `responsable`res 
		JOIN persona p on p.nId=res.nIdPersona where res.nId = '119'
[Wed, 15 Dec 2021 16:41:33 +0000] succes 0: SELECT DISTINCT p.`cNombres`,p.`cApellidos`,ec.`cCargo`, GROUP_CONCAT(DISTINCT eno.`cValor`) cCodigo 
		FROM `informe` i JOIN `inf_trabajadoressupervisados_det` it ON it.`nIdInforme`=i.`nId` 
		JOIN `empresa_cargo_trabajador` ect ON ect.`nId`=it.`nId_E_C_T` 
		JOIN `empresa_cargo` ec ON ect.`nIdEmpresa_Cargo`=ec.`nId` 
		JOIN persona p ON p.`nId`=ect.`nIdPersona` 
		JOIN `empresa_normas` en ON en.`nIdEmpresa`= en.`nIdEmpresa` 
		JOIN `empresa_normas_observacion` eno ON eno.`nId_empresa_norma`=en.`nId` AND eno.`nId`=it.`nId_emp_nor_obs`
		WHERE it.nIdInforme = 143 AND it.nFlag = 0 
		GROUP BY p.`cNombres`,p.`cApellidos`,ec.`cCargo`
		/*AND eno.nFlag = 0*/
[Wed, 15 Dec 2021 16:41:33 +0000] succes 0: SELECT distinct  eno.`cValor` cCodigo,en.cDescripcion,eno.cObservacion FROM `informe` i
		JOIN `inf_trabajadoressupervisados_det` it ON it.`nIdInforme`=i.`nId`
		JOIN `empresa_cargo_trabajador` ect ON ect.`nId`=it.`nId_E_C_T`
		JOIN `empresa_cargo` ec ON ect.`nIdEmpresa_Cargo`=ec.`nId`
		JOIN persona p ON p.`nId`=ect.`nIdPersona`
		INNER JOIN `empresa_normas` en ON en.`nIdEmpresa`= en.`nIdEmpresa`
		INNER JOIN `empresa_normas_observacion` eno ON eno.`nId_empresa_norma`=en.`nId` AND eno.`nId`=it.`nId_emp_nor_obs`
		WHERE it.nIdInforme = 143 AND it.nFlag = 0 
		/*AND eno.nFlag = 0*/
[Wed, 15 Dec 2021 16:41:33 +0000] succes 0: SELECT iv.`nId`, T.`cNombre`,tv.`cPlaca`, ENO.`cValor` FROM `informe` i
		JOIN `inf_vehiculo_det` iv ON i.`nId`=iv.`nIdInforme`
		JOIN `empresa_normas_observacion` ENO ON ENO.`nId`=iv.`nId_Emp_nor_obs`
		JOIN `empresa_vehiculo` tv ON tv.`nIdEmpresa`=  i.nIdEmpresa AND iv.nIdEmp_Veh = tv.nId
		JOIN `tipo_vehiculo` T ON T.`nId` =tv.`nTipoVehiculo`
		WHERE iv.nIdInforme = 143 AND iv.nFlag = 0 AND IFNULL(tv.nFlag, 0) = 0
[Wed, 15 Dec 2021 16:41:33 +0000] succes 0: 
		SELECT  i.`nId`, i.`nIdInforme`, i.`nIdCumplimiento`,cod.`cValor` nValorTipo, c.`cNombre` Cumpliento, cod.`cDescripcion` descripcionTipo,i.`cDescripcion` detalle,i.`dCreate` 
		FROM `inf_cumplimiento_des` i
		JOIN `cumplimiento` c ON c.`nId`= i.`nIdCumplimiento`
		JOIN `codigos` cod ON cod.`cCodigo`=c.`nTipo` AND cod.`cValor`=i.`nValor`
 		WHERE `nIdInforme`=143 AND i.`nIdCumplimiento`=1
		AND i.nFlag = 0
[Wed, 15 Dec 2021 16:41:33 +0000] succes 0: select * from inf_cumplimiento_img
		where nIdInforme= 143 and nIdCumplimiento= 1
[Wed, 15 Dec 2021 16:41:33 +0000] succes 0: 
		SELECT  i.`nId`, i.`nIdInforme`, i.`nIdCumplimiento`,cod.`cValor` nValorTipo, c.`cNombre` Cumpliento, cod.`cDescripcion` descripcionTipo,i.`cDescripcion` detalle,i.`dCreate` 
		FROM `inf_cumplimiento_des` i
		JOIN `cumplimiento` c ON c.`nId`= i.`nIdCumplimiento`
		JOIN `codigos` cod ON cod.`cCodigo`=c.`nTipo` AND cod.`cValor`=i.`nValor`
 		WHERE `nIdInforme`=143 AND i.`nIdCumplimiento`=2
		AND i.nFlag = 0
[Wed, 15 Dec 2021 16:41:33 +0000] succes 0: select * from inf_cumplimiento_img
		where nIdInforme= 143 and nIdCumplimiento= 2
[Wed, 15 Dec 2021 16:41:33 +0000] succes 0: 
		SELECT  i.`nId`, i.`nIdInforme`, i.`nIdCumplimiento`,cod.`cValor` nValorTipo, c.`cNombre` Cumpliento, cod.`cDescripcion` descripcionTipo,i.`cDescripcion` detalle,i.`dCreate` 
		FROM `inf_cumplimiento_des` i
		JOIN `cumplimiento` c ON c.`nId`= i.`nIdCumplimiento`
		JOIN `codigos` cod ON cod.`cCodigo`=c.`nTipo` AND cod.`cValor`=i.`nValor`
 		WHERE `nIdInforme`=143 AND i.`nIdCumplimiento`=3
		AND i.nFlag = 0
[Wed, 15 Dec 2021 16:41:33 +0000] succes 0: select * from inf_cumplimiento_img
		where nIdInforme= 143 and nIdCumplimiento= 3
[Wed, 15 Dec 2021 16:41:33 +0000] succes 0: 
		SELECT  i.`nId`, i.`nIdInforme`, i.`nIdCumplimiento`,cod.`cValor` nValorTipo, c.`cNombre` Cumpliento, cod.`cDescripcion` descripcionTipo,i.`cDescripcion` detalle,i.`dCreate` 
		FROM `inf_cumplimiento_des` i
		JOIN `cumplimiento` c ON c.`nId`= i.`nIdCumplimiento`
		JOIN `codigos` cod ON cod.`cCodigo`=c.`nTipo` AND cod.`cValor`=i.`nValor`
 		WHERE `nIdInforme`=143 AND i.`nIdCumplimiento`=4
		AND i.nFlag = 0
[Wed, 15 Dec 2021 16:41:33 +0000] succes 0: select * from inf_cumplimiento_img
		where nIdInforme= 143 and nIdCumplimiento= 4
[Wed, 15 Dec 2021 16:41:33 +0000] succes 0: 
		SELECT  i.`nId`, i.`nIdInforme`, i.`nIdCumplimiento`,cod.`cValor` nValorTipo, c.`cNombre` Cumpliento, cod.`cDescripcion` descripcionTipo,i.`cDescripcion` detalle,i.`dCreate` 
		FROM `inf_cumplimiento_des` i
		JOIN `cumplimiento` c ON c.`nId`= i.`nIdCumplimiento`
		JOIN `codigos` cod ON cod.`cCodigo`=c.`nTipo` AND cod.`cValor`=i.`nValor`
 		WHERE `nIdInforme`=143 AND i.`nIdCumplimiento`=5
		AND i.nFlag = 0
[Wed, 15 Dec 2021 16:41:33 +0000] succes 0: select * from inf_cumplimiento_img
		where nIdInforme= 143 and nIdCumplimiento= 5
[Wed, 15 Dec 2021 16:41:33 +0000] succes 0: 
		SELECT  i.`nId`, i.`nIdInforme`, i.`nIdCumplimiento`,cod.`cValor` nValorTipo, c.`cNombre` Cumpliento, cod.`cDescripcion` descripcionTipo,i.`cDescripcion` detalle,i.`dCreate` 
		FROM `inf_cumplimiento_des` i
		JOIN `cumplimiento` c ON c.`nId`= i.`nIdCumplimiento`
		JOIN `codigos` cod ON cod.`cCodigo`=c.`nTipo` AND cod.`cValor`=i.`nValor`
 		WHERE `nIdInforme`=143 AND i.`nIdCumplimiento`=6
		AND i.nFlag = 0
[Wed, 15 Dec 2021 16:41:33 +0000] succes 0: select * from inf_cumplimiento_img
		where nIdInforme= 143 and nIdCumplimiento= 6
[Wed, 15 Dec 2021 16:41:33 +0000] succes 0: 
		SELECT  i.`nId`, i.`nIdInforme`, i.`nIdCumplimiento`,cod.`cValor` nValorTipo, c.`cNombre` Cumpliento, cod.`cDescripcion` descripcionTipo,i.`cDescripcion` detalle,i.`dCreate` 
		FROM `inf_cumplimiento_des` i
		JOIN `cumplimiento` c ON c.`nId`= i.`nIdCumplimiento`
		JOIN `codigos` cod ON cod.`cCodigo`=c.`nTipo` AND cod.`cValor`=i.`nValor`
 		WHERE `nIdInforme`=143 AND i.`nIdCumplimiento`=7
		AND i.nFlag = 0
[Wed, 15 Dec 2021 16:41:33 +0000] succes 0: 
		SELECT  i.`nId`, i.`nIdInforme`, i.`nIdCumplimiento`,cod.`cValor` nValorTipo, c.`cNombre` Cumpliento, cod.`cDescripcion` descripcionTipo,i.`cDescripcion` detalle,i.`dCreate` 
		FROM `inf_cumplimiento_des` i
		JOIN `cumplimiento` c ON c.`nId`= i.`nIdCumplimiento`
		JOIN `codigos` cod ON cod.`cCodigo`=c.`nTipo` AND cod.`cValor`=i.`nValor`
 		WHERE `nIdInforme`=143 AND i.`nIdCumplimiento`=8
		AND i.nFlag = 0
[Wed, 15 Dec 2021 16:41:33 +0000] succes 0: select * from inf_cumplimiento_img
		where nIdInforme= 143 and nIdCumplimiento= 8
[Wed, 15 Dec 2021 16:41:56 +0000] succes 0: CALL stp_sel_resumen_informe2 (143);
[Wed, 15 Dec 2021 16:46:55 +0000] succes 0: call spt_sel_obtienedocumento (18)
[Wed, 15 Dec 2021 16:56:38 +0000] succes 0: select * from empresa  where nTipo=1
[Wed, 15 Dec 2021 16:56:38 +0000] succes 0: select * from empresa  where nTipo=0
[Wed, 15 Dec 2021 16:56:38 +0000] succes 0: select * from tipo_documento  where nFlag=0
[Wed, 15 Dec 2021 16:56:38 +0000] succes 0: select * from tarea  where nFlag=0
[Wed, 15 Dec 2021 16:56:38 +0000] succes 0: select * from uunn  where nFlag=0
[Wed, 15 Dec 2021 16:56:38 +0000] succes 0: select * from programa  where nFlag=0
[Wed, 15 Dec 2021 16:56:38 +0000] succes 0: select * from supervision  where nFlag=0
[Wed, 15 Dec 2021 16:56:40 +0000] succes 0: SELECT r.nId,p.`cNombres`,p.`cApellidos` FROM responsable r JOIN persona p ON p.`nId` = r.`nIdPersona` JOIN empresa e ON e.`nId`=r.`nIdEmpresa` WHERE e.nId = 0 /*WHERE e.`nTipo`=1*/
[Wed, 15 Dec 2021 16:56:40 +0000] succes 0: SELECT EC.nId, E.cNombre,EC.cCargo FROM empresa E INNER JOIN empresa_cargo EC ON E.nId=EC.nIdEmpresa WHERE E.nId =0
[Wed, 15 Dec 2021 16:56:43 +0000] succes 0: select * from programa  where nFlag=0 and nId=1
[Wed, 15 Dec 2021 16:56:58 +0000] succes 0: SELECT r.nId,p.`cNombres`,p.`cApellidos` FROM responsable r JOIN persona p ON p.`nId` = r.`nIdPersona` JOIN empresa e ON e.`nId`=r.`nIdEmpresa` WHERE e.nId = 8 /*WHERE e.`nTipo`=1*/
[Wed, 15 Dec 2021 16:56:58 +0000] succes 0: SELECT EC.nId, E.cNombre,EC.cCargo FROM empresa E INNER JOIN empresa_cargo EC ON E.nId=EC.nIdEmpresa WHERE E.nId =8
[Wed, 15 Dec 2021 16:58:36 +0000] succes 0: select * from persona  where cDoi="12345678"
[Wed, 15 Dec 2021 16:58:36 +0000] succes 0: call stp_ins_responsable(
		"12345678",
		"CESAR WILER",
		"LARA MONTALVAN",
		"8");
[Wed, 15 Dec 2021 16:58:36 +0000] succes 0: SELECT r.nId,p.`cNombres`,p.`cApellidos` FROM responsable r JOIN persona p ON p.`nId` = r.`nIdPersona` JOIN empresa e ON e.`nId`=r.`nIdEmpresa` WHERE e.nId = 8 /*WHERE e.`nTipo`=1*/
[Wed, 15 Dec 2021 16:59:03 +0000] succes 0: call spt_ins_documento("18","1","1","1","8","8","39","136","4","INSPECCIÓN DE SEGURIDAD (EPPS, EQUIPOS Y HERRAMIENTAS) DEL PERSONAL OPERATIVO Y UNIDAD MÓVIL.","MANTENIMIENTO DE TRANSFORMADORES – TALLER.","AV. SÁENZ PEÑA 1750 – CHICLAYO – TALLER DE TRANSFORMADORES.","UMD","2021-12-06","2021","ENSA")
[Wed, 15 Dec 2021 16:59:04 +0000] succes 0: select * from informe  where nFlag=0 and nId=159
[Wed, 15 Dec 2021 16:59:04 +0000] succes 0: select * from tarea  where nFlag=0 and nId=1
[Wed, 15 Dec 2021 16:59:04 +0000] succes 0: select * from cumplimiento  where nFlag=0 and nidTarea=1
		and nOrden in (1)
		ORDER BY norden ASC LIMIT 0,1
[Wed, 15 Dec 2021 16:59:04 +0000] succes 0: select * from codigos  where nFlag=0 and cCodigo =100  AND cvalor NOT IN (100)
[Wed, 15 Dec 2021 16:59:04 +0000] succes 0: select * from codigos  where nFlag=0 and cCodigo =500  AND cvalor NOT IN (500)
[Wed, 15 Dec 2021 16:59:04 +0000] succes 0: select * from cumplimiento  where nFlag=0 and nidTarea=1
		and nId NOT IN (1) and nOrden >1
		ORDER BY norden ASC LIMIT 0,1
[Wed, 15 Dec 2021 16:59:04 +0000] succes 0: 
		SELECT  i.`nId`, i.`nIdInforme`, i.`nIdCumplimiento`,cod.`cValor` nValorTipo, c.`cNombre` Cumpliento, cod.`cDescripcion` descripcionTipo,i.`cDescripcion` detalle,i.`dCreate` 
		FROM `inf_cumplimiento_des` i
		JOIN `cumplimiento` c ON c.`nId`= i.`nIdCumplimiento`
		JOIN `codigos` cod ON cod.`cCodigo`=c.`nTipo` AND cod.`cValor`=i.`nValor`
 		WHERE `nIdInforme`=159 AND i.`nIdCumplimiento`=1
		AND i.nFlag = 0
[Wed, 15 Dec 2021 16:59:05 +0000] succes 0: select * from cumplimiento  where nFlag=0 and nidTarea=1
		 and nOrden < 1 
		ORDER BY norden desc LIMIT 0,1
[Wed, 15 Dec 2021 16:59:19 +0000] succes 0: call spt_ins_documento_detalle("159","1","1","0","EL GRUPO DE TRABAJO, CUENTA CON EPPS BÁSICOS: CASCO DIELÉCTRICO CON BARBIQUEJO, ROPA DE TRABAJO (ANTIFLAMA), GUANTES DE CUERO, CALZADO DIELÉCTRICO, GUANTES DE MT, CHALECO DE ALTA VISIBILIDAD Y FOTOCHECK DE IDENTIFICACIÓN.")
[Wed, 15 Dec 2021 16:59:19 +0000] succes 0: 
		SELECT  i.`nId`, i.`nIdInforme`, i.`nIdCumplimiento`,cod.`cValor` nValorTipo, c.`cNombre` Cumpliento, cod.`cDescripcion` descripcionTipo,i.`cDescripcion` detalle,i.`dCreate` 
		FROM `inf_cumplimiento_des` i
		JOIN `cumplimiento` c ON c.`nId`= i.`nIdCumplimiento`
		JOIN `codigos` cod ON cod.`cCodigo`=c.`nTipo` AND cod.`cValor`=i.`nValor`
 		WHERE `nIdInforme`=159 AND i.`nIdCumplimiento`=1
		AND i.nFlag = 0
[Wed, 15 Dec 2021 16:59:32 +0000] succes 0: call spt_ins_documento_detalle("159","1","1","0","SE EVIDENCIA QUE EL GRUPO DE TRABAJO, CUENTA CON PINZA AMPERIMETRICA Y CERTIFICADO DE CALIBRACIÓN VIGENTE, ASÍ MISMO CUENTA CON RESPIRADOR CON FILTRO")
[Wed, 15 Dec 2021 16:59:32 +0000] succes 0: 
		SELECT  i.`nId`, i.`nIdInforme`, i.`nIdCumplimiento`,cod.`cValor` nValorTipo, c.`cNombre` Cumpliento, cod.`cDescripcion` descripcionTipo,i.`cDescripcion` detalle,i.`dCreate` 
		FROM `inf_cumplimiento_des` i
		JOIN `cumplimiento` c ON c.`nId`= i.`nIdCumplimiento`
		JOIN `codigos` cod ON cod.`cCodigo`=c.`nTipo` AND cod.`cValor`=i.`nValor`
 		WHERE `nIdInforme`=159 AND i.`nIdCumplimiento`=1
		AND i.nFlag = 0
[Wed, 15 Dec 2021 16:59:44 +0000] succes 0: call spt_ins_documento_detalle("159","1","1","0","SE EVIDENCIA QUE EL GRUPO DE TRABAJO CUENTA CON EQUIPOS DE MANIOBRA (REVELADOR DE TENSIÓN, PÉRTIGA Y GUANTES DE MEDIA TENSIÓN) Y MEGOMETRO CON CERTIFICADO DE CALIBRACIÓN VIGENTE")
[Wed, 15 Dec 2021 16:59:44 +0000] succes 0: 
		SELECT  i.`nId`, i.`nIdInforme`, i.`nIdCumplimiento`,cod.`cValor` nValorTipo, c.`cNombre` Cumpliento, cod.`cDescripcion` descripcionTipo,i.`cDescripcion` detalle,i.`dCreate` 
		FROM `inf_cumplimiento_des` i
		JOIN `cumplimiento` c ON c.`nId`= i.`nIdCumplimiento`
		JOIN `codigos` cod ON cod.`cCodigo`=c.`nTipo` AND cod.`cValor`=i.`nValor`
 		WHERE `nIdInforme`=159 AND i.`nIdCumplimiento`=1
		AND i.nFlag = 0
