[Mon, 24 Jan 2022 16:32:50 +0000] succes 0: select * from persona  where cDoi="16740328"
[Mon, 24 Jan 2022 16:32:53 +0000] succes 0: select * from persona  where cDoi="16740328"
[Mon, 24 Jan 2022 16:33:02 +0000] succes 0: select * from persona  where cDoi="16740328"
[Mon, 24 Jan 2022 16:33:05 +0000] succes 0: select * from persona  where cDoi="16740328"
[Mon, 24 Jan 2022 16:33:08 +0000] succes 0: select * from persona  where cDoi="16740328"
[Mon, 24 Jan 2022 16:33:14 +0000] succes 0: select * from persona  where cDoi="16740328"
[Mon, 24 Jan 2022 16:36:11 +0000] succes 0: select * from persona  where cDoi="16740328"
[Mon, 24 Jan 2022 16:36:55 +0000] succes 0: call spt_sel_all_User('19')
[Mon, 24 Jan 2022 16:43:05 +0000] succes 0: call spt_sel_obtienedocumento (19)
[Mon, 24 Jan 2022 16:44:31 +0000] succes 0: select * from empresa  where nTipo=1
[Mon, 24 Jan 2022 16:44:31 +0000] succes 0: select * from empresa  where nTipo=0
[Mon, 24 Jan 2022 16:44:31 +0000] succes 0: select * from tipo_documento  where nFlag=0
[Mon, 24 Jan 2022 16:44:31 +0000] succes 0: select * from tarea  where nFlag=0
[Mon, 24 Jan 2022 16:44:31 +0000] succes 0: select * from uunn  where nFlag=0
[Mon, 24 Jan 2022 16:44:31 +0000] succes 0: select * from programa  where nFlag=0
[Mon, 24 Jan 2022 16:44:31 +0000] succes 0: select * from supervision  where nFlag=0
[Mon, 24 Jan 2022 16:44:31 +0000] succes 0: SELECT EC.nId, E.cNombre,EC.cCargo FROM empresa E INNER JOIN empresa_cargo EC ON E.nId=EC.nIdEmpresa WHERE E.nId =0
[Mon, 24 Jan 2022 16:44:31 +0000] succes 0: SELECT r.nId,p.`cNombres`,p.`cApellidos` FROM responsable r JOIN persona p ON p.`nId` = r.`nIdPersona` JOIN empresa e ON e.`nId`=r.`nIdEmpresa` WHERE e.nId = 0 /*WHERE e.`nTipo`=1*/
[Mon, 24 Jan 2022 16:45:03 +0000] succes 0: select * from programa  where nFlag=0 and nId=1
[Mon, 24 Jan 2022 16:45:33 +0000] succes 20: INSERT INTO empresa(`cNombre`, `cRazonSocial`, `nFlag`, `nTipo`) 
				VALUES('DAYRO CONTRATISTAS GENERALES S.R.L', 'DAYRO CONTRATISTAS GENERALES S.R.L', 0, 0)
[Mon, 24 Jan 2022 16:45:33 +0000] succes 0: select * from empresa  where nTipo=0
[Mon, 24 Jan 2022 16:45:39 +0000] succes 0: SELECT EC.nId, E.cNombre,EC.cCargo FROM empresa E INNER JOIN empresa_cargo EC ON E.nId=EC.nIdEmpresa WHERE E.nId =20
[Mon, 24 Jan 2022 16:45:39 +0000] succes 0: SELECT r.nId,p.`cNombres`,p.`cApellidos` FROM responsable r JOIN persona p ON p.`nId` = r.`nIdPersona` JOIN empresa e ON e.`nId`=r.`nIdEmpresa` WHERE e.nId = 20 /*WHERE e.`nTipo`=1*/
[Mon, 24 Jan 2022 16:46:46 +0000] succes 0: select * from persona  where cDoi="12345678"
[Mon, 24 Jan 2022 16:46:46 +0000] succes 0: call stp_ins_responsable(
		"12345678",
		"DANIEL",
		"PINO AYALA",
		"20");
[Mon, 24 Jan 2022 16:46:46 +0000] succes 0: SELECT r.nId,p.`cNombres`,p.`cApellidos` FROM responsable r JOIN persona p ON p.`nId` = r.`nIdPersona` JOIN empresa e ON e.`nId`=r.`nIdEmpresa` WHERE e.nId = 20 /*WHERE e.`nTipo`=1*/
[Mon, 24 Jan 2022 16:47:03 +0000] succes 88: insert into empresa_cargo (nIdEmpresa,cCargo) values (20,'RESIDENTE DE OBRA');
[Mon, 24 Jan 2022 16:47:03 +0000] succes 0: SELECT EC.nId, E.cNombre,EC.cCargo FROM empresa E INNER JOIN empresa_cargo EC ON E.nId=EC.nIdEmpresa WHERE E.nId =20
[Mon, 24 Jan 2022 16:47:48 +0000] succes 0: call spt_ins_documento("19","1","1","1","20","4","88","139","1","INSPECCIÓN DE SEGURIDAD (EPP Y DOCUMENTACIÓN), UNIDAD MÓVIL, PERSONAL, SUPERVISOR Y CONDUCTOR, INGRESO DE ACTIVIDADES EN OBRA.","“MEJORAMIENTO DEL ALIMENTADOR C-237; TRAMO ENTRE LAS SUBESTACIONES EN33 Y EN34, DISTRITO DE CHICLAYO, PROVINCIA DE CHICLAYO, DEPARTAMENTO DE LAMBAYEQUE”.","MZ D LOTE 28, URB. AMAUTA CHICLAYO","PROYECTOS","2022-01-21","2150","ENSA")
[Mon, 24 Jan 2022 16:47:50 +0000] succes 0: select * from informe  where nFlag=0 and nId=160
[Mon, 24 Jan 2022 16:47:50 +0000] succes 0: select * from tarea  where nFlag=0 and nId=1
[Mon, 24 Jan 2022 16:47:50 +0000] succes 0: select * from cumplimiento  where nFlag=0 and nidTarea=1
		and nOrden in (1)
		ORDER BY norden ASC LIMIT 0,1
[Mon, 24 Jan 2022 16:47:50 +0000] succes 0: select * from codigos  where nFlag=0 and cCodigo =100  AND cvalor NOT IN (100)
[Mon, 24 Jan 2022 16:47:50 +0000] succes 0: select * from codigos  where nFlag=0 and cCodigo =500  AND cvalor NOT IN (500)
[Mon, 24 Jan 2022 16:47:50 +0000] succes 0: select * from cumplimiento  where nFlag=0 and nidTarea=1
		and nId NOT IN (1) and nOrden >1
		ORDER BY norden ASC LIMIT 0,1
[Mon, 24 Jan 2022 16:47:50 +0000] succes 0: 
		SELECT  i.`nId`, i.`nIdInforme`, i.`nIdCumplimiento`,cod.`cValor` nValorTipo, c.`cNombre` Cumpliento, cod.`cDescripcion` descripcionTipo,i.`cDescripcion` detalle,i.`dCreate` 
		FROM `inf_cumplimiento_des` i
		JOIN `cumplimiento` c ON c.`nId`= i.`nIdCumplimiento`
		JOIN `codigos` cod ON cod.`cCodigo`=c.`nTipo` AND cod.`cValor`=i.`nValor`
 		WHERE `nIdInforme`=160 AND i.`nIdCumplimiento`=1
		AND i.nFlag = 0
[Mon, 24 Jan 2022 16:47:50 +0000] succes 0: select * from cumplimiento  where nFlag=0 and nidTarea=1
		 and nOrden < 1 
		ORDER BY norden desc LIMIT 0,1
[Mon, 24 Jan 2022 16:48:10 +0000] succes 0: call spt_ins_documento_detalle("160","1","1","0","SE EVIDENCIA QUE EL PERSONAL OPERATIVO (1 MAESTRO DE OBRA, 01 TÉCNICO, 03 CONDUCTORES, 3 SUPERVISORES) CUENTA CON IMPLEMENTOS DE PROTECCIÓN PERSONAL: ROPA DE TRABAJO (PANTALÓN, CAMISA Y POLO), CALZADO DIELÉCTRICO, CASCO DIELÉCTRICO CON BARBIQUEJO, GUANTES DE ACARREO DE CUERO, PROTECTORES BUCONASALES, LENTES DE SEGURIDAD.")
[Mon, 24 Jan 2022 16:48:10 +0000] succes 0: 
		SELECT  i.`nId`, i.`nIdInforme`, i.`nIdCumplimiento`,cod.`cValor` nValorTipo, c.`cNombre` Cumpliento, cod.`cDescripcion` descripcionTipo,i.`cDescripcion` detalle,i.`dCreate` 
		FROM `inf_cumplimiento_des` i
		JOIN `cumplimiento` c ON c.`nId`= i.`nIdCumplimiento`
		JOIN `codigos` cod ON cod.`cCodigo`=c.`nTipo` AND cod.`cValor`=i.`nValor`
 		WHERE `nIdInforme`=160 AND i.`nIdCumplimiento`=1
		AND i.nFlag = 0
[Mon, 24 Jan 2022 16:48:21 +0000] succes 0: call spt_ins_documento_detalle("160","1","3","0","NO SE EVIDENCIA DE ARNÉS DE CUERPO ENTERO (ARNÉS, LÍNEA DE VIDA, FAJA DE ANCLAJE), SISTEMA DE ESCALAMIENTO PARA USO DE ESCALERAS PORTÁTILES, CUERDAS DE AMARRE Y  ESCALERAS EXTENSIBLES; QUE UTILIZARAN EN OBRA).")
[Mon, 24 Jan 2022 16:48:21 +0000] succes 0: 
		SELECT  i.`nId`, i.`nIdInforme`, i.`nIdCumplimiento`,cod.`cValor` nValorTipo, c.`cNombre` Cumpliento, cod.`cDescripcion` descripcionTipo,i.`cDescripcion` detalle,i.`dCreate` 
		FROM `inf_cumplimiento_des` i
		JOIN `cumplimiento` c ON c.`nId`= i.`nIdCumplimiento`
		JOIN `codigos` cod ON cod.`cCodigo`=c.`nTipo` AND cod.`cValor`=i.`nValor`
 		WHERE `nIdInforme`=160 AND i.`nIdCumplimiento`=1
		AND i.nFlag = 0
[Mon, 24 Jan 2022 16:48:30 +0000] succes 0: call spt_ins_documento_detalle("160","1","3","0","NO SE EVIDENCIA DE HERRAMIENTAS PARA INICIO DE LABORES (HERRAMIENTAS PARA LABORE ELÉCTRICAS, TIRCOS, RANAS; PALAS, BARRETAS Y BUGÍS)")
[Mon, 24 Jan 2022 16:48:30 +0000] succes 0: 
		SELECT  i.`nId`, i.`nIdInforme`, i.`nIdCumplimiento`,cod.`cValor` nValorTipo, c.`cNombre` Cumpliento, cod.`cDescripcion` descripcionTipo,i.`cDescripcion` detalle,i.`dCreate` 
		FROM `inf_cumplimiento_des` i
		JOIN `cumplimiento` c ON c.`nId`= i.`nIdCumplimiento`
		JOIN `codigos` cod ON cod.`cCodigo`=c.`nTipo` AND cod.`cValor`=i.`nValor`
 		WHERE `nIdInforme`=160 AND i.`nIdCumplimiento`=1
		AND i.nFlag = 0
[Mon, 24 Jan 2022 16:48:46 +0000] succes 0: call spt_ins_documento_detalle("160","1","3","0","SE EVIDENCIA QUE LA EMPRESA CONTRATISTA CUENTA CON MÁQUINAS DE CORTE DE PAVIMENTO.")
[Mon, 24 Jan 2022 16:48:46 +0000] succes 0: 
		SELECT  i.`nId`, i.`nIdInforme`, i.`nIdCumplimiento`,cod.`cValor` nValorTipo, c.`cNombre` Cumpliento, cod.`cDescripcion` descripcionTipo,i.`cDescripcion` detalle,i.`dCreate` 
		FROM `inf_cumplimiento_des` i
		JOIN `cumplimiento` c ON c.`nId`= i.`nIdCumplimiento`
		JOIN `codigos` cod ON cod.`cCodigo`=c.`nTipo` AND cod.`cValor`=i.`nValor`
 		WHERE `nIdInforme`=160 AND i.`nIdCumplimiento`=1
		AND i.nFlag = 0
[Mon, 24 Jan 2022 16:48:56 +0000] succes 0: call spt_ins_documento_detalle("160","1","3","0","NO SE INSPECCIONO AL PERSONAL OPERADOR DE GRÚA  Y RIGGER QUE REALIZARAN ACTIVIDADES DE IZAJE; TAMPOCO AL PERSONAL AYUDANTE QUE PARTICIPARA EN OBRA.")
[Mon, 24 Jan 2022 16:48:56 +0000] succes 0: 
		SELECT  i.`nId`, i.`nIdInforme`, i.`nIdCumplimiento`,cod.`cValor` nValorTipo, c.`cNombre` Cumpliento, cod.`cDescripcion` descripcionTipo,i.`cDescripcion` detalle,i.`dCreate` 
		FROM `inf_cumplimiento_des` i
		JOIN `cumplimiento` c ON c.`nId`= i.`nIdCumplimiento`
		JOIN `codigos` cod ON cod.`cCodigo`=c.`nTipo` AND cod.`cValor`=i.`nValor`
 		WHERE `nIdInforme`=160 AND i.`nIdCumplimiento`=1
		AND i.nFlag = 0
[Mon, 24 Jan 2022 16:51:50 +0000] succes 721: INSERT INTO inf_cumplimiento_img(`nIdInforme`,`nIdCumplimiento`,cruta,cNombre)
		VALUES(160,1,'uploads/160/1/1.jpg','1.jpg')
[Mon, 24 Jan 2022 16:51:50 +0000] succes 0: select * from inf_cumplimiento_img
		where nIdInforme= 160 and nIdCumplimiento= 1
[Mon, 24 Jan 2022 16:51:50 +0000] succes 722: INSERT INTO inf_cumplimiento_img(`nIdInforme`,`nIdCumplimiento`,cruta,cNombre)
		VALUES(160,1,'uploads/160/1/2.jpg','2.jpg')
[Mon, 24 Jan 2022 16:51:50 +0000] succes 0: select * from inf_cumplimiento_img
		where nIdInforme= 160 and nIdCumplimiento= 1
[Mon, 24 Jan 2022 16:51:50 +0000] succes 723: INSERT INTO inf_cumplimiento_img(`nIdInforme`,`nIdCumplimiento`,cruta,cNombre)
		VALUES(160,1,'uploads/160/1/3.jpg','3.jpg')
[Mon, 24 Jan 2022 16:51:50 +0000] succes 0: select * from inf_cumplimiento_img
		where nIdInforme= 160 and nIdCumplimiento= 1
[Mon, 24 Jan 2022 16:51:50 +0000] succes 724: INSERT INTO inf_cumplimiento_img(`nIdInforme`,`nIdCumplimiento`,cruta,cNombre)
		VALUES(160,1,'uploads/160/1/4.jpg','4.jpg')
[Mon, 24 Jan 2022 16:51:50 +0000] succes 0: select * from inf_cumplimiento_img
		where nIdInforme= 160 and nIdCumplimiento= 1
[Mon, 24 Jan 2022 16:51:50 +0000] succes 725: INSERT INTO inf_cumplimiento_img(`nIdInforme`,`nIdCumplimiento`,cruta,cNombre)
		VALUES(160,1,'uploads/160/1/5.jpg','5.jpg')
[Mon, 24 Jan 2022 16:51:50 +0000] succes 0: select * from inf_cumplimiento_img
		where nIdInforme= 160 and nIdCumplimiento= 1
[Mon, 24 Jan 2022 16:51:50 +0000] succes 726: INSERT INTO inf_cumplimiento_img(`nIdInforme`,`nIdCumplimiento`,cruta,cNombre)
		VALUES(160,1,'uploads/160/1/6.jpg','6.jpg')
[Mon, 24 Jan 2022 16:51:50 +0000] succes 0: select * from inf_cumplimiento_img
		where nIdInforme= 160 and nIdCumplimiento= 1
[Mon, 24 Jan 2022 16:51:50 +0000] succes 727: INSERT INTO inf_cumplimiento_img(`nIdInforme`,`nIdCumplimiento`,cruta,cNombre)
		VALUES(160,1,'uploads/160/1/7.jpg','7.jpg')
[Mon, 24 Jan 2022 16:51:50 +0000] succes 0: select * from inf_cumplimiento_img
		where nIdInforme= 160 and nIdCumplimiento= 1
[Mon, 24 Jan 2022 16:53:17 +0000] succes 0: select * from informe  where nFlag=0 and nId=160
[Mon, 24 Jan 2022 16:53:17 +0000] succes 0: select * from tarea  where nFlag=0 and nId=1
[Mon, 24 Jan 2022 16:53:17 +0000] succes 0: select * from cumplimiento  where nFlag=0 and nidTarea=1
		and nOrden in (2)
		ORDER BY norden ASC LIMIT 0,1
[Mon, 24 Jan 2022 16:53:17 +0000] succes 0: select * from codigos  where nFlag=0 and cCodigo =100  AND cvalor NOT IN (100)
[Mon, 24 Jan 2022 16:53:17 +0000] succes 0: select * from codigos  where nFlag=0 and cCodigo =500  AND cvalor NOT IN (500)
[Mon, 24 Jan 2022 16:53:17 +0000] succes 0: select * from cumplimiento  where nFlag=0 and nidTarea=1
		and nId NOT IN (2) and nOrden >2
		ORDER BY norden ASC LIMIT 0,1
[Mon, 24 Jan 2022 16:53:17 +0000] succes 0: 
		SELECT  i.`nId`, i.`nIdInforme`, i.`nIdCumplimiento`,cod.`cValor` nValorTipo, c.`cNombre` Cumpliento, cod.`cDescripcion` descripcionTipo,i.`cDescripcion` detalle,i.`dCreate` 
		FROM `inf_cumplimiento_des` i
		JOIN `cumplimiento` c ON c.`nId`= i.`nIdCumplimiento`
		JOIN `codigos` cod ON cod.`cCodigo`=c.`nTipo` AND cod.`cValor`=i.`nValor`
 		WHERE `nIdInforme`=160 AND i.`nIdCumplimiento`=2
		AND i.nFlag = 0
[Mon, 24 Jan 2022 16:53:17 +0000] succes 0: select * from cumplimiento  where nFlag=0 and nidTarea=1
		 and nOrden < 2 
		ORDER BY norden desc LIMIT 0,1
[Mon, 24 Jan 2022 16:54:16 +0000] succes 0: call spt_ins_documento_detalle("160","2","1","0","SE EVIDENCIA QUE LA EMPRESA CONTRATISTA EVIDENCIA DE MALLAS, CONOS, PALITROQUES, PARA DELIMITAR Y SEÑALIZAR ZONAS DE TRABAJO.")
[Mon, 24 Jan 2022 16:54:16 +0000] succes 0: 
		SELECT  i.`nId`, i.`nIdInforme`, i.`nIdCumplimiento`,cod.`cValor` nValorTipo, c.`cNombre` Cumpliento, cod.`cDescripcion` descripcionTipo,i.`cDescripcion` detalle,i.`dCreate` 
		FROM `inf_cumplimiento_des` i
		JOIN `cumplimiento` c ON c.`nId`= i.`nIdCumplimiento`
		JOIN `codigos` cod ON cod.`cCodigo`=c.`nTipo` AND cod.`cValor`=i.`nValor`
 		WHERE `nIdInforme`=160 AND i.`nIdCumplimiento`=2
		AND i.nFlag = 0
[Mon, 24 Jan 2022 16:54:26 +0000] succes 0: call spt_ins_documento_detalle("160","2","3","0","SE EVIDENCIA QUE LA EMPRESA CONTRATISTA DEBERÁ DE IMPLEMENTAR DE CINTAS, LETREROS PARA DELIMITAR Y SEÑALIZAR ZONAS DE TRABAJO.")
[Mon, 24 Jan 2022 16:54:26 +0000] succes 0: 
		SELECT  i.`nId`, i.`nIdInforme`, i.`nIdCumplimiento`,cod.`cValor` nValorTipo, c.`cNombre` Cumpliento, cod.`cDescripcion` descripcionTipo,i.`cDescripcion` detalle,i.`dCreate` 
		FROM `inf_cumplimiento_des` i
		JOIN `cumplimiento` c ON c.`nId`= i.`nIdCumplimiento`
		JOIN `codigos` cod ON cod.`cCodigo`=c.`nTipo` AND cod.`cValor`=i.`nValor`
 		WHERE `nIdInforme`=160 AND i.`nIdCumplimiento`=2
		AND i.nFlag = 0
[Mon, 24 Jan 2022 16:55:39 +0000] succes 728: INSERT INTO inf_cumplimiento_img(`nIdInforme`,`nIdCumplimiento`,cruta,cNombre)
		VALUES(160,2,'uploads/160/2/8.jpg','8.jpg')
[Mon, 24 Jan 2022 16:55:39 +0000] succes 0: select * from inf_cumplimiento_img
		where nIdInforme= 160 and nIdCumplimiento= 2
[Mon, 24 Jan 2022 16:55:39 +0000] succes 729: INSERT INTO inf_cumplimiento_img(`nIdInforme`,`nIdCumplimiento`,cruta,cNombre)
		VALUES(160,2,'uploads/160/2/9.jpg','9.jpg')
[Mon, 24 Jan 2022 16:55:39 +0000] succes 0: select * from inf_cumplimiento_img
		where nIdInforme= 160 and nIdCumplimiento= 2
[Mon, 24 Jan 2022 16:55:39 +0000] succes 730: INSERT INTO inf_cumplimiento_img(`nIdInforme`,`nIdCumplimiento`,cruta,cNombre)
		VALUES(160,2,'uploads/160/2/10.jpg','10.jpg')
[Mon, 24 Jan 2022 16:55:39 +0000] succes 0: select * from inf_cumplimiento_img
		where nIdInforme= 160 and nIdCumplimiento= 2
[Mon, 24 Jan 2022 16:55:48 +0000] succes 0: select * from informe  where nFlag=0 and nId=160
[Mon, 24 Jan 2022 16:55:48 +0000] succes 0: select * from tarea  where nFlag=0 and nId=1
[Mon, 24 Jan 2022 16:55:48 +0000] succes 0: select * from cumplimiento  where nFlag=0 and nidTarea=1
		and nOrden in (3)
		ORDER BY norden ASC LIMIT 0,1
[Mon, 24 Jan 2022 16:55:48 +0000] succes 0: select * from codigos  where nFlag=0 and cCodigo =100  AND cvalor NOT IN (100)
[Mon, 24 Jan 2022 16:55:48 +0000] succes 0: select * from codigos  where nFlag=0 and cCodigo =500  AND cvalor NOT IN (500)
[Mon, 24 Jan 2022 16:55:48 +0000] succes 0: select * from cumplimiento  where nFlag=0 and nidTarea=1
		and nId NOT IN (3) and nOrden >3
		ORDER BY norden ASC LIMIT 0,1
[Mon, 24 Jan 2022 16:55:48 +0000] succes 0: 
		SELECT  i.`nId`, i.`nIdInforme`, i.`nIdCumplimiento`,cod.`cValor` nValorTipo, c.`cNombre` Cumpliento, cod.`cDescripcion` descripcionTipo,i.`cDescripcion` detalle,i.`dCreate` 
		FROM `inf_cumplimiento_des` i
		JOIN `cumplimiento` c ON c.`nId`= i.`nIdCumplimiento`
		JOIN `codigos` cod ON cod.`cCodigo`=c.`nTipo` AND cod.`cValor`=i.`nValor`
 		WHERE `nIdInforme`=160 AND i.`nIdCumplimiento`=3
		AND i.nFlag = 0
[Mon, 24 Jan 2022 16:55:48 +0000] succes 0: select * from cumplimiento  where nFlag=0 and nidTarea=1
		 and nOrden < 3 
		ORDER BY norden desc LIMIT 0,1
[Mon, 24 Jan 2022 16:56:12 +0000] succes 0: call spt_ins_documento_detalle("160","3","1","0","LAS UNIDADES MÓVILES DE PLACAS T5W-890 (CAMIONETA); CUENTAN CON DOCUMENTACIÓN DE SEGURIDAD, EXTINTOR, BOTIQUÍN Y HERRAMIENTAS VARIAS, ADEMÁS DE LUCES EN BUEN ESTADO, ALARMA DE RETROCESO.")
[Mon, 24 Jan 2022 16:56:12 +0000] succes 0: 
		SELECT  i.`nId`, i.`nIdInforme`, i.`nIdCumplimiento`,cod.`cValor` nValorTipo, c.`cNombre` Cumpliento, cod.`cDescripcion` descripcionTipo,i.`cDescripcion` detalle,i.`dCreate` 
		FROM `inf_cumplimiento_des` i
		JOIN `cumplimiento` c ON c.`nId`= i.`nIdCumplimiento`
		JOIN `codigos` cod ON cod.`cCodigo`=c.`nTipo` AND cod.`cValor`=i.`nValor`
 		WHERE `nIdInforme`=160 AND i.`nIdCumplimiento`=3
		AND i.nFlag = 0
[Mon, 24 Jan 2022 16:56:25 +0000] succes 0: call spt_ins_documento_detalle("160","3","3","0","NO SE INSPECCIONO UNIDAD MÓVIL CAMIÓN GRÚA (RESIDENTE MANIFIESTA SE REALIZARA EN MOMENTO DE IZAJE)")
[Mon, 24 Jan 2022 16:56:25 +0000] succes 0: 
		SELECT  i.`nId`, i.`nIdInforme`, i.`nIdCumplimiento`,cod.`cValor` nValorTipo, c.`cNombre` Cumpliento, cod.`cDescripcion` descripcionTipo,i.`cDescripcion` detalle,i.`dCreate` 
		FROM `inf_cumplimiento_des` i
		JOIN `cumplimiento` c ON c.`nId`= i.`nIdCumplimiento`
		JOIN `codigos` cod ON cod.`cCodigo`=c.`nTipo` AND cod.`cValor`=i.`nValor`
 		WHERE `nIdInforme`=160 AND i.`nIdCumplimiento`=3
		AND i.nFlag = 0
[Mon, 24 Jan 2022 16:56:39 +0000] succes 0: call spt_ins_documento_detalle("160","3","3","0","LA EMPRESA CONTRATISTA DEBE DE IMPLEMENTAR DE UNIDADES MÓVILES DE ACUERDO AL NÚMERO DE PERSONAL QUE PARTICIPARA EN OBRA.")
[Mon, 24 Jan 2022 16:56:39 +0000] succes 0: 
		SELECT  i.`nId`, i.`nIdInforme`, i.`nIdCumplimiento`,cod.`cValor` nValorTipo, c.`cNombre` Cumpliento, cod.`cDescripcion` descripcionTipo,i.`cDescripcion` detalle,i.`dCreate` 
		FROM `inf_cumplimiento_des` i
		JOIN `cumplimiento` c ON c.`nId`= i.`nIdCumplimiento`
		JOIN `codigos` cod ON cod.`cCodigo`=c.`nTipo` AND cod.`cValor`=i.`nValor`
 		WHERE `nIdInforme`=160 AND i.`nIdCumplimiento`=3
		AND i.nFlag = 0
