[Sun, 21 Nov 2021 15:52:03 +0000] succes 0: select * from persona  where cDoi="70885762"
[Sun, 21 Nov 2021 15:52:07 +0000] succes 0: call spt_sel_all_User('1')
[Sun, 21 Nov 2021 15:52:11 +0000] succes 0: call spt_sel_obtienedocumento (1)
[Sun, 21 Nov 2021 15:52:14 +0000] succes 0: call spt_sel_all_User('1')
[Sun, 21 Nov 2021 15:52:24 +0000] succes 0: select * from persona  where cDoi="70885762"
[Sun, 21 Nov 2021 15:52:28 +0000] succes 0: call spt_sel_all_User('1')
[Sun, 21 Nov 2021 15:52:37 +0000] succes 0: SELECT nId,cDoi,cNombres,cApellidos,cUsuario FROM persona WHERE nId = '17'
[Sun, 21 Nov 2021 15:53:02 +0000] succes 0: select * from persona  where cDoi="70885762"
[Sun, 21 Nov 2021 15:53:05 +0000] succes 0: call spt_sel_all_User('1')
[Sun, 21 Nov 2021 15:53:19 +0000] succes 0: SELECT nId,cDoi,cNombres,cApellidos,cUsuario FROM persona WHERE nId = '17'
[Sun, 21 Nov 2021 15:54:03 +0000] succes 0: select * from persona  where cDoi="40980455"
[Sun, 21 Nov 2021 15:54:08 +0000] succes 0: select * from persona  where cDoi="40980455"
[Sun, 21 Nov 2021 15:54:16 +0000] succes 0: select * from persona  where cDoi="40980455"
[Sun, 21 Nov 2021 15:54:19 +0000] succes 0: call spt_sel_all_User('17')
[Sun, 21 Nov 2021 15:54:23 +0000] succes 0: call spt_sel_obtienedocumento (17)
[Sun, 21 Nov 2021 15:54:33 +0000] succes 0: select * from informe  where nFlag=0 and nId=118
[Sun, 21 Nov 2021 15:54:33 +0000] succes 0: select * from tarea  where nFlag=0 and nId=1
[Sun, 21 Nov 2021 15:54:33 +0000] succes 0: select * from tipo_vehiculo  where nFlag=0
[Sun, 21 Nov 2021 15:54:33 +0000] succes 0: SELECT c.nIdTarea, c.`nId`,c.`cCodigo`,c.`cNombre`,c.`nModelo`  FROM `informe` i
		JOIN `cumplimiento` c ON c.`nIdTarea`= i.`nIdTarea`
		WHERE i.NID=118 AND c.nFlag = 0
[Sun, 21 Nov 2021 15:54:33 +0000] succes 0: SELECT CONCAT(p.`cApellidos`, ' ',p.`cNombres`)'Descripcion',ec.`nIdEmpresa`,ect.`nId`, ec.`nId` nIdCargo, ec.`cCargo` FROM  
		`empresa_cargo_trabajador` ect
		JOIN `empresa_cargo` ec ON ec.`nId`=ect.`nIdEmpresa_Cargo`
		JOIN `persona` p ON p.`nId`=ect.`nIdPersona`
		WHERE ec.nIdEmpresa = 11
		
[Sun, 21 Nov 2021 15:54:33 +0000] succes 0: SELECT eno.`nId`, CONCAT("(",eno.`cValor`,")",en.`cDescripcion`," / ", eno.`cObservacion`) cDescripcion,en.nTipo FROM `empresa_normas` en
			JOIN `empresa_normas_observacion` eno ON eno.`nId_empresa_norma`=en.nid
		
[Sun, 21 Nov 2021 15:54:33 +0000] succes 0: SELECT e.`nId`, CONCAT(cPlaca,' / ',cNombre) cDescripcion FROM `empresa_vehiculo` e
		JOIN `tipo_vehiculo` t ON e.`nTipoVehiculo`=t.`nId`
		WHERE e.nIdEmpresa = 11 AND IFNULL(e.nFlag, 0) = 0
[Sun, 21 Nov 2021 15:54:33 +0000] succes 0: select * from codigos  where nFlag=0 and cCodigo =500  AND cvalor NOT IN (500)
[Sun, 21 Nov 2021 15:54:35 +0000] succes 0: 
		SELECT  i.`nId`, i.`nIdInforme`, i.`nIdCumplimiento`,cod.`cValor` nValorTipo, c.`cNombre` Cumpliento, cod.`cDescripcion` descripcionTipo,i.`cDescripcion` detalle,i.`dCreate` 
		FROM `inf_cumplimiento_des` i
		JOIN `cumplimiento` c ON c.`nId`= i.`nIdCumplimiento`
		JOIN `codigos` cod ON cod.`cCodigo`=c.`nTipo` AND cod.`cValor`=i.`nValor`
 		WHERE `nIdInforme`=118 AND i.`nIdCumplimiento`=7
		AND i.nFlag = 0
[Sun, 21 Nov 2021 15:54:37 +0000] succes 0: 
		SELECT  i.`nId`, i.`nIdInforme`, i.`nIdCumplimiento`,cod.`cValor` nValorTipo, c.`cNombre` Cumpliento, cod.`cDescripcion` descripcionTipo,i.`cDescripcion` detalle,i.`dCreate` 
		FROM `inf_cumplimiento_des` i
		JOIN `cumplimiento` c ON c.`nId`= i.`nIdCumplimiento`
		JOIN `codigos` cod ON cod.`cCodigo`=c.`nTipo` AND cod.`cValor`=i.`nValor`
 		WHERE `nIdInforme`=118 AND i.`nIdCumplimiento`=9
		AND i.nFlag = 0
[Sun, 21 Nov 2021 15:54:38 +0000] succes 0: select * from informe  where nFlag=0 and nId=118
[Sun, 21 Nov 2021 15:54:38 +0000] succes 0: select * from tarea  where nFlag=0 and nId=1
[Sun, 21 Nov 2021 15:54:38 +0000] succes 0: select * from cumplimiento  where nFlag=0 and nidTarea=1
		and nId in (9)
		ORDER BY norden ASC LIMIT 0,1
[Sun, 21 Nov 2021 15:54:38 +0000] succes 0: select * from codigos  where nFlag=0 and cCodigo =400  AND cvalor NOT IN (400)
[Sun, 21 Nov 2021 15:54:45 +0000] succes 0: 
		SELECT  i.`nId`, i.`nIdInforme`, i.`nIdCumplimiento`,cod.`cValor` nValorTipo, c.`cNombre` Cumpliento, cod.`cDescripcion` descripcionTipo,i.`cDescripcion` detalle,i.`dCreate` 
		FROM `inf_cumplimiento_des` i
		JOIN `cumplimiento` c ON c.`nId`= i.`nIdCumplimiento`
		JOIN `codigos` cod ON cod.`cCodigo`=c.`nTipo` AND cod.`cValor`=i.`nValor`
 		WHERE `nIdInforme`=118 AND i.`nIdCumplimiento`=8
		AND i.nFlag = 0
[Sun, 21 Nov 2021 15:54:46 +0000] succes 0: select * from informe  where nFlag=0 and nId=118
[Sun, 21 Nov 2021 15:54:46 +0000] succes 0: select * from tarea  where nFlag=0 and nId=1
[Sun, 21 Nov 2021 15:54:46 +0000] succes 0: select * from cumplimiento  where nFlag=0 and nidTarea=1
		and nId in (8)
		ORDER BY norden ASC LIMIT 0,1
[Sun, 21 Nov 2021 15:54:46 +0000] succes 0: select * from codigos  where nFlag=0 and cCodigo =300  AND cvalor NOT IN (300)
