[Thu, 16 Dec 2021 02:53:03 +0000] succes 0: select * from persona  where cDoi="71856984"
[Thu, 16 Dec 2021 02:53:08 +0000] succes 0: call spt_sel_all_User('3')
[Thu, 16 Dec 2021 02:53:10 +0000] succes 0: call spt_sel_obtienedocumento (3)
[Thu, 16 Dec 2021 02:53:12 +0000] succes 0: call spt_sel_obtienedocumento (3)
[Thu, 16 Dec 2021 02:53:21 +0000] succes 0: select * from informe  where nFlag=0 and nId=133
[Thu, 16 Dec 2021 02:53:21 +0000] succes 0: select * from tarea  where nFlag=0 and nId=2
[Thu, 16 Dec 2021 02:53:21 +0000] succes 0: select * from tipo_vehiculo  where nFlag=0
[Thu, 16 Dec 2021 02:53:21 +0000] succes 0: SELECT c.nIdTarea, c.`nId`,c.`cCodigo`,c.`cNombre`,c.`nModelo`  FROM `informe` i
		JOIN `cumplimiento` c ON c.`nIdTarea`= i.`nIdTarea`
		WHERE i.nId=133 AND c.nFlag = 0
[Thu, 16 Dec 2021 02:53:21 +0000] succes 0: SELECT CONCAT(p.`cApellidos`, ' ',p.`cNombres`)'Descripcion',ec.`nIdEmpresa`,ect.`nId`, ec.`nId` nIdCargo, ec.`cCargo` FROM  
		`empresa_cargo_trabajador` ect
		JOIN `empresa_cargo` ec ON ec.`nId`=ect.`nIdEmpresa_Cargo`
		JOIN `persona` p ON p.`nId`=ect.`nIdPersona`
		WHERE ec.nIdEmpresa = 8
		
[Thu, 16 Dec 2021 02:53:21 +0000] succes 0: SELECT eno.`nId`, CONCAT("(",eno.`cValor`,")",en.`cDescripcion`," / ", eno.`cObservacion`) cDescripcion,en.nTipo FROM `empresa_normas` en
			JOIN `empresa_normas_observacion` eno ON eno.`nId_empresa_norma`=en.nid
		
[Thu, 16 Dec 2021 02:53:21 +0000] succes 0: SELECT e.`nId`, CONCAT(cPlaca,' / ',cNombre) cDescripcion FROM `empresa_vehiculo` e
		JOIN `tipo_vehiculo` t ON e.`nTipoVehiculo`=t.`nId`
		WHERE e.nIdEmpresa = 8 AND IFNULL(e.nFlag, 0) = 0
[Thu, 16 Dec 2021 02:53:21 +0000] succes 0: select * from codigos  where nFlag=0 and cCodigo =500  AND cvalor NOT IN (500)
[Thu, 16 Dec 2021 02:53:24 +0000] succes 0: 
		SELECT  i.`nId`, i.`nIdInforme`, i.`nIdCumplimiento`,cod.`cValor` nValorTipo, c.`cNombre` Cumpliento, cod.`cDescripcion` descripcionTipo,i.`cDescripcion` detalle,i.`dCreate` 
		FROM `inf_cumplimiento_des` i
		JOIN `cumplimiento` c ON c.`nId`= i.`nIdCumplimiento`
		JOIN `codigos` cod ON cod.`cCodigo`=c.`nTipo` AND cod.`cValor`=i.`nValor`
 		WHERE `nIdInforme`=133 AND i.`nIdCumplimiento`=18
		AND i.nFlag = 0
[Thu, 16 Dec 2021 02:53:25 +0000] succes 0: 
		SELECT  i.`nId`, i.`nIdInforme`, i.`nIdCumplimiento`,cod.`cValor` nValorTipo, c.`cNombre` Cumpliento, cod.`cDescripcion` descripcionTipo,i.`cDescripcion` detalle,i.`dCreate` 
		FROM `inf_cumplimiento_des` i
		JOIN `cumplimiento` c ON c.`nId`= i.`nIdCumplimiento`
		JOIN `codigos` cod ON cod.`cCodigo`=c.`nTipo` AND cod.`cValor`=i.`nValor`
 		WHERE `nIdInforme`=133 AND i.`nIdCumplimiento`=19
		AND i.nFlag = 0
[Thu, 16 Dec 2021 02:53:28 +0000] succes 0: 
		SELECT  i.`nId`, i.`nIdInforme`, i.`nIdCumplimiento`,cod.`cValor` nValorTipo, c.`cNombre` Cumpliento, cod.`cDescripcion` descripcionTipo,i.`cDescripcion` detalle,i.`dCreate` 
		FROM `inf_cumplimiento_des` i
		JOIN `cumplimiento` c ON c.`nId`= i.`nIdCumplimiento`
		JOIN `codigos` cod ON cod.`cCodigo`=c.`nTipo` AND cod.`cValor`=i.`nValor`
 		WHERE `nIdInforme`=133 AND i.`nIdCumplimiento`=18
		AND i.nFlag = 0
[Thu, 16 Dec 2021 02:53:30 +0000] succes 0: 
		SELECT  i.`nId`, i.`nIdInforme`, i.`nIdCumplimiento`,cod.`cValor` nValorTipo, c.`cNombre` Cumpliento, cod.`cDescripcion` descripcionTipo,i.`cDescripcion` detalle,i.`dCreate` 
		FROM `inf_cumplimiento_des` i
		JOIN `cumplimiento` c ON c.`nId`= i.`nIdCumplimiento`
		JOIN `codigos` cod ON cod.`cCodigo`=c.`nTipo` AND cod.`cValor`=i.`nValor`
 		WHERE `nIdInforme`=133 AND i.`nIdCumplimiento`=19
		AND i.nFlag = 0
[Thu, 16 Dec 2021 02:53:35 +0000] succes 0: 
		SELECT  i.`nId`, i.`nIdInforme`, i.`nIdCumplimiento`,cod.`cValor` nValorTipo, c.`cNombre` Cumpliento, cod.`cDescripcion` descripcionTipo,i.`cDescripcion` detalle,i.`dCreate` 
		FROM `inf_cumplimiento_des` i
		JOIN `cumplimiento` c ON c.`nId`= i.`nIdCumplimiento`
		JOIN `codigos` cod ON cod.`cCodigo`=c.`nTipo` AND cod.`cValor`=i.`nValor`
 		WHERE `nIdInforme`=133 AND i.`nIdCumplimiento`=18
		AND i.nFlag = 0
[Thu, 16 Dec 2021 02:53:35 +0000] succes 0: 
		SELECT  i.`nId`, i.`nIdInforme`, i.`nIdCumplimiento`,cod.`cValor` nValorTipo, c.`cNombre` Cumpliento, cod.`cDescripcion` descripcionTipo,i.`cDescripcion` detalle,i.`dCreate` 
		FROM `inf_cumplimiento_des` i
		JOIN `cumplimiento` c ON c.`nId`= i.`nIdCumplimiento`
		JOIN `codigos` cod ON cod.`cCodigo`=c.`nTipo` AND cod.`cValor`=i.`nValor`
 		WHERE `nIdInforme`=133 AND i.`nIdCumplimiento`=19
		AND i.nFlag = 0
[Thu, 16 Dec 2021 02:53:39 +0000] succes 0: call spt_sel_obtienedocumento (3)
[Thu, 16 Dec 2021 02:54:15 +0000] succes 0: call spt_sel_obtienedocumento (3)
[Thu, 16 Dec 2021 02:55:15 +0000] succes 0: call spt_sel_obtienedocumento (3)
[Thu, 16 Dec 2021 02:55:16 +0000] succes 0: select * from empresa  where nTipo=1
[Thu, 16 Dec 2021 02:55:16 +0000] succes 0: select * from empresa  where nTipo=0
[Thu, 16 Dec 2021 02:55:16 +0000] succes 0: select * from tipo_documento  where nFlag=0
[Thu, 16 Dec 2021 02:55:16 +0000] succes 0: select * from tarea  where nFlag=0
[Thu, 16 Dec 2021 02:55:16 +0000] succes 0: select * from uunn  where nFlag=0
[Thu, 16 Dec 2021 02:55:16 +0000] succes 0: select * from programa  where nFlag=0
[Thu, 16 Dec 2021 02:55:16 +0000] succes 0: select * from supervision  where nFlag=0
[Thu, 16 Dec 2021 02:55:18 +0000] succes 0: SELECT r.nId,p.`cNombres`,p.`cApellidos` FROM responsable r JOIN persona p ON p.`nId` = r.`nIdPersona` JOIN empresa e ON e.`nId`=r.`nIdEmpresa` WHERE e.nId = 0 /*WHERE e.`nTipo`=1*/
[Thu, 16 Dec 2021 02:55:18 +0000] succes 0: SELECT EC.nId, E.cNombre,EC.cCargo FROM empresa E INNER JOIN empresa_cargo EC ON E.nId=EC.nIdEmpresa WHERE E.nId =0
