[Fri, 10 Dec 2021 02:30:50 +0000] succes 0: select * from persona  where cDoi="16740328"
[Fri, 10 Dec 2021 02:30:56 +0000] succes 0: select * from persona  where cDoi="16740328"
[Fri, 10 Dec 2021 02:31:08 +0000] succes 0: select * from persona  where cDoi="16740328"
[Fri, 10 Dec 2021 02:31:13 +0000] succes 0: call spt_sel_all_User('19')
[Fri, 10 Dec 2021 02:31:19 +0000] succes 0: call spt_sel_obtienedocumento (19)
[Fri, 10 Dec 2021 02:31:59 +0000] succes 0: call stp_sel_resumen_informe(149)
[Fri, 10 Dec 2021 02:31:59 +0000] succes 0: select * from informe  where nFlag=0 and nId=149
[Fri, 10 Dec 2021 02:32:00 +0000] succes 0: CALL stp_sel_resumen_informe2 (149);
[Fri, 10 Dec 2021 02:32:07 +0000] succes 0: call spt_sel_obtienedocumento (19)
[Fri, 10 Dec 2021 02:32:11 +0000] succes 0: select * from informe  where nFlag=0 and nId=149
[Fri, 10 Dec 2021 02:32:11 +0000] succes 0: select * from inf_cumplimiento_img
		where nIdInforme= 149 and nIdCumplimiento= 21
[Fri, 10 Dec 2021 02:32:11 +0000] succes 0: select * from programa  where nFlag=0 and nId=1
[Fri, 10 Dec 2021 02:32:11 +0000] succes 0: SELECT * FROM empresa WHERE nId= 19 and nFlag = 0
[Fri, 10 Dec 2021 02:32:11 +0000] succes 0: SELECT c.nIdTarea, c.`nId`,c.`cCodigo`,c.`cNombre`,c.`nModelo`  FROM `informe` i
		JOIN `cumplimiento` c ON c.`nIdTarea`= i.`nIdTarea`
		WHERE i.NID=149 AND c.nFlag = 0
[Fri, 10 Dec 2021 02:32:11 +0000] succes 0: call stp_sel_resumen_informe(149)
[Fri, 10 Dec 2021 02:32:11 +0000] succes 0: select * from codigos  where nFlag=0 and cCodigo =400  AND cvalor NOT IN (400)
[Fri, 10 Dec 2021 02:32:11 +0000] succes 0: 
		SELECT  i.`nId`, i.`nIdInforme`, i.`nIdCumplimiento`,cod.`cValor` nValorTipo, c.`cNombre` Cumpliento, cod.`cDescripcion` descripcionTipo,i.`cDescripcion` detalle,i.`dCreate` 
		FROM `inf_cumplimiento_des` i
		JOIN `cumplimiento` c ON c.`nId`= i.`nIdCumplimiento`
		JOIN `codigos` cod ON cod.`cCodigo`=c.`nTipo` AND cod.`cValor`=i.`nValor`
 		WHERE `nIdInforme`=149 AND i.`nIdCumplimiento`=9
		AND i.nFlag = 0
[Fri, 10 Dec 2021 02:32:11 +0000] succes 0: select * from uunn WHERE `nId` = 4 AND nFlag=0
[Fri, 10 Dec 2021 02:32:11 +0000] succes 0: select * from supervision where nId = 1 AND nFlag=0
[Fri, 10 Dec 2021 02:32:11 +0000] succes 0: SELECT p.nId,p.cDoi,p.cNombres,p.cApellidos,p.cUsuario FROM `responsable`res 
		JOIN persona p on p.nId=res.nIdPersona where res.nId = '130'
[Fri, 10 Dec 2021 02:32:11 +0000] succes 0: SELECT it.`nId`, p.`cNombres`,p.`cApellidos`,ec.`cCargo`, IF(eno.`nId` IS NULL, '', eno.`nId`) nCodigo, IF(eno.`cValor` IS NULL, '', eno.`cValor`) cCodigo FROM `informe` i
		JOIN `inf_trabajadoressupervisados_det` it ON it.`nIdInforme`=i.`nId`
		JOIN `empresa_cargo_trabajador` ect ON ect.`nId`=it.`nId_E_C_T`
		JOIN `empresa_cargo` ec ON ect.`nIdEmpresa_Cargo`=ec.`nId`
		JOIN persona p ON p.`nId`=ect.`nIdPersona`
		INNER JOIN `empresa_normas` en ON en.`nIdEmpresa`= en.`nIdEmpresa`
		INNER JOIN `empresa_normas_observacion` eno ON eno.`nId_empresa_norma`=en.`nId` AND eno.`nId`=it.`nId_emp_nor_obs`
		WHERE it.nIdInforme = 149 AND it.nFlag = 0 /*AND eno.nFlag = 0*/
[Fri, 10 Dec 2021 02:32:11 +0000] succes 0: SELECT iv.`nId`, T.`cNombre`,tv.`cPlaca`, ENO.`cValor` FROM `informe` i
		JOIN `inf_vehiculo_det` iv ON i.`nId`=iv.`nIdInforme`
		JOIN `empresa_normas_observacion` ENO ON ENO.`nId`=iv.`nId_Emp_nor_obs`
		JOIN `empresa_vehiculo` tv ON tv.`nIdEmpresa`=  i.nIdEmpresa AND iv.nIdEmp_Veh = tv.nId
		JOIN `tipo_vehiculo` T ON T.`nId` =tv.`nTipoVehiculo`
		WHERE iv.nIdInforme = 149 AND iv.nFlag = 0 AND IFNULL(tv.nFlag, 0) = 0
[Fri, 10 Dec 2021 02:32:11 +0000] succes 0: 
		SELECT  i.`nId`, i.`nIdInforme`, i.`nIdCumplimiento`,cod.`cValor` nValorTipo, c.`cNombre` Cumpliento, cod.`cDescripcion` descripcionTipo,i.`cDescripcion` detalle,i.`dCreate` 
		FROM `inf_cumplimiento_des` i
		JOIN `cumplimiento` c ON c.`nId`= i.`nIdCumplimiento`
		JOIN `codigos` cod ON cod.`cCodigo`=c.`nTipo` AND cod.`cValor`=i.`nValor`
 		WHERE `nIdInforme`=149 AND i.`nIdCumplimiento`=1
		AND i.nFlag = 0
[Fri, 10 Dec 2021 02:32:11 +0000] succes 0: select * from inf_cumplimiento_img
		where nIdInforme= 149 and nIdCumplimiento= 1
[Fri, 10 Dec 2021 02:32:11 +0000] succes 0: 
		SELECT  i.`nId`, i.`nIdInforme`, i.`nIdCumplimiento`,cod.`cValor` nValorTipo, c.`cNombre` Cumpliento, cod.`cDescripcion` descripcionTipo,i.`cDescripcion` detalle,i.`dCreate` 
		FROM `inf_cumplimiento_des` i
		JOIN `cumplimiento` c ON c.`nId`= i.`nIdCumplimiento`
		JOIN `codigos` cod ON cod.`cCodigo`=c.`nTipo` AND cod.`cValor`=i.`nValor`
 		WHERE `nIdInforme`=149 AND i.`nIdCumplimiento`=2
		AND i.nFlag = 0
[Fri, 10 Dec 2021 02:32:11 +0000] succes 0: select * from inf_cumplimiento_img
		where nIdInforme= 149 and nIdCumplimiento= 2
[Fri, 10 Dec 2021 02:32:11 +0000] succes 0: 
		SELECT  i.`nId`, i.`nIdInforme`, i.`nIdCumplimiento`,cod.`cValor` nValorTipo, c.`cNombre` Cumpliento, cod.`cDescripcion` descripcionTipo,i.`cDescripcion` detalle,i.`dCreate` 
		FROM `inf_cumplimiento_des` i
		JOIN `cumplimiento` c ON c.`nId`= i.`nIdCumplimiento`
		JOIN `codigos` cod ON cod.`cCodigo`=c.`nTipo` AND cod.`cValor`=i.`nValor`
 		WHERE `nIdInforme`=149 AND i.`nIdCumplimiento`=3
		AND i.nFlag = 0
[Fri, 10 Dec 2021 02:32:11 +0000] succes 0: select * from inf_cumplimiento_img
		where nIdInforme= 149 and nIdCumplimiento= 3
[Fri, 10 Dec 2021 02:32:11 +0000] succes 0: 
		SELECT  i.`nId`, i.`nIdInforme`, i.`nIdCumplimiento`,cod.`cValor` nValorTipo, c.`cNombre` Cumpliento, cod.`cDescripcion` descripcionTipo,i.`cDescripcion` detalle,i.`dCreate` 
		FROM `inf_cumplimiento_des` i
		JOIN `cumplimiento` c ON c.`nId`= i.`nIdCumplimiento`
		JOIN `codigos` cod ON cod.`cCodigo`=c.`nTipo` AND cod.`cValor`=i.`nValor`
 		WHERE `nIdInforme`=149 AND i.`nIdCumplimiento`=4
		AND i.nFlag = 0
[Fri, 10 Dec 2021 02:32:11 +0000] succes 0: select * from inf_cumplimiento_img
		where nIdInforme= 149 and nIdCumplimiento= 4
[Fri, 10 Dec 2021 02:32:11 +0000] succes 0: 
		SELECT  i.`nId`, i.`nIdInforme`, i.`nIdCumplimiento`,cod.`cValor` nValorTipo, c.`cNombre` Cumpliento, cod.`cDescripcion` descripcionTipo,i.`cDescripcion` detalle,i.`dCreate` 
		FROM `inf_cumplimiento_des` i
		JOIN `cumplimiento` c ON c.`nId`= i.`nIdCumplimiento`
		JOIN `codigos` cod ON cod.`cCodigo`=c.`nTipo` AND cod.`cValor`=i.`nValor`
 		WHERE `nIdInforme`=149 AND i.`nIdCumplimiento`=5
		AND i.nFlag = 0
[Fri, 10 Dec 2021 02:32:11 +0000] succes 0: select * from inf_cumplimiento_img
		where nIdInforme= 149 and nIdCumplimiento= 5
[Fri, 10 Dec 2021 02:32:11 +0000] succes 0: 
		SELECT  i.`nId`, i.`nIdInforme`, i.`nIdCumplimiento`,cod.`cValor` nValorTipo, c.`cNombre` Cumpliento, cod.`cDescripcion` descripcionTipo,i.`cDescripcion` detalle,i.`dCreate` 
		FROM `inf_cumplimiento_des` i
		JOIN `cumplimiento` c ON c.`nId`= i.`nIdCumplimiento`
		JOIN `codigos` cod ON cod.`cCodigo`=c.`nTipo` AND cod.`cValor`=i.`nValor`
 		WHERE `nIdInforme`=149 AND i.`nIdCumplimiento`=6
		AND i.nFlag = 0
[Fri, 10 Dec 2021 02:32:11 +0000] succes 0: select * from inf_cumplimiento_img
		where nIdInforme= 149 and nIdCumplimiento= 6
[Fri, 10 Dec 2021 02:32:11 +0000] succes 0: 
		SELECT  i.`nId`, i.`nIdInforme`, i.`nIdCumplimiento`,cod.`cValor` nValorTipo, c.`cNombre` Cumpliento, cod.`cDescripcion` descripcionTipo,i.`cDescripcion` detalle,i.`dCreate` 
		FROM `inf_cumplimiento_des` i
		JOIN `cumplimiento` c ON c.`nId`= i.`nIdCumplimiento`
		JOIN `codigos` cod ON cod.`cCodigo`=c.`nTipo` AND cod.`cValor`=i.`nValor`
 		WHERE `nIdInforme`=149 AND i.`nIdCumplimiento`=7
		AND i.nFlag = 0
[Fri, 10 Dec 2021 02:32:11 +0000] succes 0: 
		SELECT  i.`nId`, i.`nIdInforme`, i.`nIdCumplimiento`,cod.`cValor` nValorTipo, c.`cNombre` Cumpliento, cod.`cDescripcion` descripcionTipo,i.`cDescripcion` detalle,i.`dCreate` 
		FROM `inf_cumplimiento_des` i
		JOIN `cumplimiento` c ON c.`nId`= i.`nIdCumplimiento`
		JOIN `codigos` cod ON cod.`cCodigo`=c.`nTipo` AND cod.`cValor`=i.`nValor`
 		WHERE `nIdInforme`=149 AND i.`nIdCumplimiento`=8
		AND i.nFlag = 0
[Fri, 10 Dec 2021 02:32:11 +0000] succes 0: select * from inf_cumplimiento_img
		where nIdInforme= 149 and nIdCumplimiento= 8
[Fri, 10 Dec 2021 02:32:12 +0000] succes 0: CALL stp_sel_resumen_informe2 (149);
[Fri, 10 Dec 2021 02:37:39 +0000] succes 0: call spt_sel_obtienedocumento (19)
[Fri, 10 Dec 2021 02:37:44 +0000] succes 0: select * from informe  where nFlag=0 and nId=149
[Fri, 10 Dec 2021 02:37:44 +0000] succes 0: select * from inf_cumplimiento_img
		where nIdInforme= 149 and nIdCumplimiento= 21
[Fri, 10 Dec 2021 02:37:44 +0000] succes 0: select * from programa  where nFlag=0 and nId=1
[Fri, 10 Dec 2021 02:37:44 +0000] succes 0: SELECT * FROM empresa WHERE nId= 19 and nFlag = 0
[Fri, 10 Dec 2021 02:37:44 +0000] succes 0: SELECT c.nIdTarea, c.`nId`,c.`cCodigo`,c.`cNombre`,c.`nModelo`  FROM `informe` i
		JOIN `cumplimiento` c ON c.`nIdTarea`= i.`nIdTarea`
		WHERE i.NID=149 AND c.nFlag = 0
[Fri, 10 Dec 2021 02:37:44 +0000] succes 0: call stp_sel_resumen_informe(149)
[Fri, 10 Dec 2021 02:37:44 +0000] succes 0: select * from codigos  where nFlag=0 and cCodigo =400  AND cvalor NOT IN (400)
[Fri, 10 Dec 2021 02:37:44 +0000] succes 0: 
		SELECT  i.`nId`, i.`nIdInforme`, i.`nIdCumplimiento`,cod.`cValor` nValorTipo, c.`cNombre` Cumpliento, cod.`cDescripcion` descripcionTipo,i.`cDescripcion` detalle,i.`dCreate` 
		FROM `inf_cumplimiento_des` i
		JOIN `cumplimiento` c ON c.`nId`= i.`nIdCumplimiento`
		JOIN `codigos` cod ON cod.`cCodigo`=c.`nTipo` AND cod.`cValor`=i.`nValor`
 		WHERE `nIdInforme`=149 AND i.`nIdCumplimiento`=9
		AND i.nFlag = 0
[Fri, 10 Dec 2021 02:37:44 +0000] succes 0: select * from uunn WHERE `nId` = 4 AND nFlag=0
[Fri, 10 Dec 2021 02:37:44 +0000] succes 0: select * from supervision where nId = 1 AND nFlag=0
[Fri, 10 Dec 2021 02:37:44 +0000] succes 0: SELECT p.nId,p.cDoi,p.cNombres,p.cApellidos,p.cUsuario FROM `responsable`res 
		JOIN persona p on p.nId=res.nIdPersona where res.nId = '130'
[Fri, 10 Dec 2021 02:37:44 +0000] succes 0: SELECT it.`nId`, p.`cNombres`,p.`cApellidos`,ec.`cCargo`, IF(eno.`nId` IS NULL, '', eno.`nId`) nCodigo, IF(eno.`cValor` IS NULL, '', eno.`cValor`) cCodigo FROM `informe` i
		JOIN `inf_trabajadoressupervisados_det` it ON it.`nIdInforme`=i.`nId`
		JOIN `empresa_cargo_trabajador` ect ON ect.`nId`=it.`nId_E_C_T`
		JOIN `empresa_cargo` ec ON ect.`nIdEmpresa_Cargo`=ec.`nId`
		JOIN persona p ON p.`nId`=ect.`nIdPersona`
		INNER JOIN `empresa_normas` en ON en.`nIdEmpresa`= en.`nIdEmpresa`
		INNER JOIN `empresa_normas_observacion` eno ON eno.`nId_empresa_norma`=en.`nId` AND eno.`nId`=it.`nId_emp_nor_obs`
		WHERE it.nIdInforme = 149 AND it.nFlag = 0 /*AND eno.nFlag = 0*/
[Fri, 10 Dec 2021 02:37:44 +0000] succes 0: SELECT iv.`nId`, T.`cNombre`,tv.`cPlaca`, ENO.`cValor` FROM `informe` i
		JOIN `inf_vehiculo_det` iv ON i.`nId`=iv.`nIdInforme`
		JOIN `empresa_normas_observacion` ENO ON ENO.`nId`=iv.`nId_Emp_nor_obs`
		JOIN `empresa_vehiculo` tv ON tv.`nIdEmpresa`=  i.nIdEmpresa AND iv.nIdEmp_Veh = tv.nId
		JOIN `tipo_vehiculo` T ON T.`nId` =tv.`nTipoVehiculo`
		WHERE iv.nIdInforme = 149 AND iv.nFlag = 0 AND IFNULL(tv.nFlag, 0) = 0
[Fri, 10 Dec 2021 02:37:44 +0000] succes 0: 
		SELECT  i.`nId`, i.`nIdInforme`, i.`nIdCumplimiento`,cod.`cValor` nValorTipo, c.`cNombre` Cumpliento, cod.`cDescripcion` descripcionTipo,i.`cDescripcion` detalle,i.`dCreate` 
		FROM `inf_cumplimiento_des` i
		JOIN `cumplimiento` c ON c.`nId`= i.`nIdCumplimiento`
		JOIN `codigos` cod ON cod.`cCodigo`=c.`nTipo` AND cod.`cValor`=i.`nValor`
 		WHERE `nIdInforme`=149 AND i.`nIdCumplimiento`=1
		AND i.nFlag = 0
[Fri, 10 Dec 2021 02:37:44 +0000] succes 0: select * from inf_cumplimiento_img
		where nIdInforme= 149 and nIdCumplimiento= 1
[Fri, 10 Dec 2021 02:37:44 +0000] succes 0: 
		SELECT  i.`nId`, i.`nIdInforme`, i.`nIdCumplimiento`,cod.`cValor` nValorTipo, c.`cNombre` Cumpliento, cod.`cDescripcion` descripcionTipo,i.`cDescripcion` detalle,i.`dCreate` 
		FROM `inf_cumplimiento_des` i
		JOIN `cumplimiento` c ON c.`nId`= i.`nIdCumplimiento`
		JOIN `codigos` cod ON cod.`cCodigo`=c.`nTipo` AND cod.`cValor`=i.`nValor`
 		WHERE `nIdInforme`=149 AND i.`nIdCumplimiento`=2
		AND i.nFlag = 0
[Fri, 10 Dec 2021 02:37:44 +0000] succes 0: select * from inf_cumplimiento_img
		where nIdInforme= 149 and nIdCumplimiento= 2
[Fri, 10 Dec 2021 02:37:44 +0000] succes 0: 
		SELECT  i.`nId`, i.`nIdInforme`, i.`nIdCumplimiento`,cod.`cValor` nValorTipo, c.`cNombre` Cumpliento, cod.`cDescripcion` descripcionTipo,i.`cDescripcion` detalle,i.`dCreate` 
		FROM `inf_cumplimiento_des` i
		JOIN `cumplimiento` c ON c.`nId`= i.`nIdCumplimiento`
		JOIN `codigos` cod ON cod.`cCodigo`=c.`nTipo` AND cod.`cValor`=i.`nValor`
 		WHERE `nIdInforme`=149 AND i.`nIdCumplimiento`=3
		AND i.nFlag = 0
[Fri, 10 Dec 2021 02:37:44 +0000] succes 0: select * from inf_cumplimiento_img
		where nIdInforme= 149 and nIdCumplimiento= 3
[Fri, 10 Dec 2021 02:37:44 +0000] succes 0: 
		SELECT  i.`nId`, i.`nIdInforme`, i.`nIdCumplimiento`,cod.`cValor` nValorTipo, c.`cNombre` Cumpliento, cod.`cDescripcion` descripcionTipo,i.`cDescripcion` detalle,i.`dCreate` 
		FROM `inf_cumplimiento_des` i
		JOIN `cumplimiento` c ON c.`nId`= i.`nIdCumplimiento`
		JOIN `codigos` cod ON cod.`cCodigo`=c.`nTipo` AND cod.`cValor`=i.`nValor`
 		WHERE `nIdInforme`=149 AND i.`nIdCumplimiento`=4
		AND i.nFlag = 0
[Fri, 10 Dec 2021 02:37:44 +0000] succes 0: select * from inf_cumplimiento_img
		where nIdInforme= 149 and nIdCumplimiento= 4
[Fri, 10 Dec 2021 02:37:44 +0000] succes 0: 
		SELECT  i.`nId`, i.`nIdInforme`, i.`nIdCumplimiento`,cod.`cValor` nValorTipo, c.`cNombre` Cumpliento, cod.`cDescripcion` descripcionTipo,i.`cDescripcion` detalle,i.`dCreate` 
		FROM `inf_cumplimiento_des` i
		JOIN `cumplimiento` c ON c.`nId`= i.`nIdCumplimiento`
		JOIN `codigos` cod ON cod.`cCodigo`=c.`nTipo` AND cod.`cValor`=i.`nValor`
 		WHERE `nIdInforme`=149 AND i.`nIdCumplimiento`=5
		AND i.nFlag = 0
[Fri, 10 Dec 2021 02:37:44 +0000] succes 0: select * from inf_cumplimiento_img
		where nIdInforme= 149 and nIdCumplimiento= 5
[Fri, 10 Dec 2021 02:37:44 +0000] succes 0: 
		SELECT  i.`nId`, i.`nIdInforme`, i.`nIdCumplimiento`,cod.`cValor` nValorTipo, c.`cNombre` Cumpliento, cod.`cDescripcion` descripcionTipo,i.`cDescripcion` detalle,i.`dCreate` 
		FROM `inf_cumplimiento_des` i
		JOIN `cumplimiento` c ON c.`nId`= i.`nIdCumplimiento`
		JOIN `codigos` cod ON cod.`cCodigo`=c.`nTipo` AND cod.`cValor`=i.`nValor`
 		WHERE `nIdInforme`=149 AND i.`nIdCumplimiento`=6
		AND i.nFlag = 0
[Fri, 10 Dec 2021 02:37:44 +0000] succes 0: select * from inf_cumplimiento_img
		where nIdInforme= 149 and nIdCumplimiento= 6
[Fri, 10 Dec 2021 02:37:44 +0000] succes 0: 
		SELECT  i.`nId`, i.`nIdInforme`, i.`nIdCumplimiento`,cod.`cValor` nValorTipo, c.`cNombre` Cumpliento, cod.`cDescripcion` descripcionTipo,i.`cDescripcion` detalle,i.`dCreate` 
		FROM `inf_cumplimiento_des` i
		JOIN `cumplimiento` c ON c.`nId`= i.`nIdCumplimiento`
		JOIN `codigos` cod ON cod.`cCodigo`=c.`nTipo` AND cod.`cValor`=i.`nValor`
 		WHERE `nIdInforme`=149 AND i.`nIdCumplimiento`=7
		AND i.nFlag = 0
[Fri, 10 Dec 2021 02:37:44 +0000] succes 0: 
		SELECT  i.`nId`, i.`nIdInforme`, i.`nIdCumplimiento`,cod.`cValor` nValorTipo, c.`cNombre` Cumpliento, cod.`cDescripcion` descripcionTipo,i.`cDescripcion` detalle,i.`dCreate` 
		FROM `inf_cumplimiento_des` i
		JOIN `cumplimiento` c ON c.`nId`= i.`nIdCumplimiento`
		JOIN `codigos` cod ON cod.`cCodigo`=c.`nTipo` AND cod.`cValor`=i.`nValor`
 		WHERE `nIdInforme`=149 AND i.`nIdCumplimiento`=8
		AND i.nFlag = 0
[Fri, 10 Dec 2021 02:37:44 +0000] succes 0: select * from inf_cumplimiento_img
		where nIdInforme= 149 and nIdCumplimiento= 8
[Fri, 10 Dec 2021 02:37:44 +0000] succes 0: CALL stp_sel_resumen_informe2 (149);
[Fri, 10 Dec 2021 02:39:12 +0000] succes 0: call spt_sel_obtienedocumento (19)
[Fri, 10 Dec 2021 02:39:18 +0000] succes 0: select * from informe  where nFlag=0 and nId=149
[Fri, 10 Dec 2021 02:39:18 +0000] succes 0: select * from tarea  where nFlag=0 and nId=1
[Fri, 10 Dec 2021 02:39:18 +0000] succes 0: select * from tipo_vehiculo  where nFlag=0
[Fri, 10 Dec 2021 02:39:18 +0000] succes 0: SELECT c.nIdTarea, c.`nId`,c.`cCodigo`,c.`cNombre`,c.`nModelo`  FROM `informe` i
		JOIN `cumplimiento` c ON c.`nIdTarea`= i.`nIdTarea`
		WHERE i.NID=149 AND c.nFlag = 0
[Fri, 10 Dec 2021 02:39:18 +0000] succes 0: SELECT CONCAT(p.`cApellidos`, ' ',p.`cNombres`)'Descripcion',ec.`nIdEmpresa`,ect.`nId`, ec.`nId` nIdCargo, ec.`cCargo` FROM  
		`empresa_cargo_trabajador` ect
		JOIN `empresa_cargo` ec ON ec.`nId`=ect.`nIdEmpresa_Cargo`
		JOIN `persona` p ON p.`nId`=ect.`nIdPersona`
		WHERE ec.nIdEmpresa = 19
		
[Fri, 10 Dec 2021 02:39:18 +0000] succes 0: SELECT eno.`nId`, CONCAT("(",eno.`cValor`,")",en.`cDescripcion`," / ", eno.`cObservacion`) cDescripcion,en.nTipo FROM `empresa_normas` en
			JOIN `empresa_normas_observacion` eno ON eno.`nId_empresa_norma`=en.nid
		
[Fri, 10 Dec 2021 02:39:18 +0000] succes 0: SELECT e.`nId`, CONCAT(cPlaca,' / ',cNombre) cDescripcion FROM `empresa_vehiculo` e
		JOIN `tipo_vehiculo` t ON e.`nTipoVehiculo`=t.`nId`
		WHERE e.nIdEmpresa = 19 AND IFNULL(e.nFlag, 0) = 0
[Fri, 10 Dec 2021 02:39:18 +0000] succes 0: select * from codigos  where nFlag=0 and cCodigo =500  AND cvalor NOT IN (500)
[Fri, 10 Dec 2021 02:39:26 +0000] succes 0: select * from inf_cumplimiento_img
		where nIdInforme= 149 and nIdCumplimiento= 3
[Fri, 10 Dec 2021 02:39:26 +0000] succes 0: 
		SELECT  i.`nId`, i.`nIdInforme`, i.`nIdCumplimiento`,cod.`cValor` nValorTipo, c.`cNombre` Cumpliento, cod.`cDescripcion` descripcionTipo,i.`cDescripcion` detalle,i.`dCreate` 
		FROM `inf_cumplimiento_des` i
		JOIN `cumplimiento` c ON c.`nId`= i.`nIdCumplimiento`
		JOIN `codigos` cod ON cod.`cCodigo`=c.`nTipo` AND cod.`cValor`=i.`nValor`
 		WHERE `nIdInforme`=149 AND i.`nIdCumplimiento`=3
		AND i.nFlag = 0
[Fri, 10 Dec 2021 02:39:44 +0000] succes 688: INSERT INTO inf_cumplimiento_img(`nIdInforme`,`nIdCumplimiento`,cruta,cNombre)
		VALUES(149,3,'uploads/149/3/WhatsApp Image 2021-12-07 at 12.06.09 AM (1).jpeg','WhatsApp Image 2021-12-07 at 12.06.09 AM (1).jpeg')
[Fri, 10 Dec 2021 02:39:44 +0000] succes 0: select * from inf_cumplimiento_img
		where nIdInforme= 149 and nIdCumplimiento= 3
[Fri, 10 Dec 2021 02:39:44 +0000] succes 689: INSERT INTO inf_cumplimiento_img(`nIdInforme`,`nIdCumplimiento`,cruta,cNombre)
		VALUES(149,3,'uploads/149/3/WhatsApp Image 2021-12-07 at 12.06.09 AM.jpeg','WhatsApp Image 2021-12-07 at 12.06.09 AM.jpeg')
[Fri, 10 Dec 2021 02:39:44 +0000] succes 0: select * from inf_cumplimiento_img
		where nIdInforme= 149 and nIdCumplimiento= 3
[Fri, 10 Dec 2021 02:40:00 +0000] succes 0: 
		SELECT  i.`nId`, i.`nIdInforme`, i.`nIdCumplimiento`,cod.`cValor` nValorTipo, c.`cNombre` Cumpliento, cod.`cDescripcion` descripcionTipo,i.`cDescripcion` detalle,i.`dCreate` 
		FROM `inf_cumplimiento_des` i
		JOIN `cumplimiento` c ON c.`nId`= i.`nIdCumplimiento`
		JOIN `codigos` cod ON cod.`cCodigo`=c.`nTipo` AND cod.`cValor`=i.`nValor`
 		WHERE `nIdInforme`=149 AND i.`nIdCumplimiento`=4
		AND i.nFlag = 0
[Fri, 10 Dec 2021 02:40:00 +0000] succes 0: select * from inf_cumplimiento_img
		where nIdInforme= 149 and nIdCumplimiento= 4
[Fri, 10 Dec 2021 02:40:08 +0000] succes 0: 
		SELECT  i.`nId`, i.`nIdInforme`, i.`nIdCumplimiento`,cod.`cValor` nValorTipo, c.`cNombre` Cumpliento, cod.`cDescripcion` descripcionTipo,i.`cDescripcion` detalle,i.`dCreate` 
		FROM `inf_cumplimiento_des` i
		JOIN `cumplimiento` c ON c.`nId`= i.`nIdCumplimiento`
		JOIN `codigos` cod ON cod.`cCodigo`=c.`nTipo` AND cod.`cValor`=i.`nValor`
 		WHERE `nIdInforme`=149 AND i.`nIdCumplimiento`=5
		AND i.nFlag = 0
[Fri, 10 Dec 2021 02:40:08 +0000] succes 0: select * from inf_cumplimiento_img
		where nIdInforme= 149 and nIdCumplimiento= 5
[Fri, 10 Dec 2021 02:40:13 +0000] succes 0: 
		SELECT  i.`nId`, i.`nIdInforme`, i.`nIdCumplimiento`,cod.`cValor` nValorTipo, c.`cNombre` Cumpliento, cod.`cDescripcion` descripcionTipo,i.`cDescripcion` detalle,i.`dCreate` 
		FROM `inf_cumplimiento_des` i
		JOIN `cumplimiento` c ON c.`nId`= i.`nIdCumplimiento`
		JOIN `codigos` cod ON cod.`cCodigo`=c.`nTipo` AND cod.`cValor`=i.`nValor`
 		WHERE `nIdInforme`=149 AND i.`nIdCumplimiento`=6
		AND i.nFlag = 0
[Fri, 10 Dec 2021 02:40:13 +0000] succes 0: select * from inf_cumplimiento_img
		where nIdInforme= 149 and nIdCumplimiento= 6
[Fri, 10 Dec 2021 02:40:25 +0000] succes 0: 
		SELECT  i.`nId`, i.`nIdInforme`, i.`nIdCumplimiento`,cod.`cValor` nValorTipo, c.`cNombre` Cumpliento, cod.`cDescripcion` descripcionTipo,i.`cDescripcion` detalle,i.`dCreate` 
		FROM `inf_cumplimiento_des` i
		JOIN `cumplimiento` c ON c.`nId`= i.`nIdCumplimiento`
		JOIN `codigos` cod ON cod.`cCodigo`=c.`nTipo` AND cod.`cValor`=i.`nValor`
 		WHERE `nIdInforme`=149 AND i.`nIdCumplimiento`=8
		AND i.nFlag = 0
[Fri, 10 Dec 2021 02:40:30 +0000] succes 0: 
		SELECT  i.`nId`, i.`nIdInforme`, i.`nIdCumplimiento`,cod.`cValor` nValorTipo, c.`cNombre` Cumpliento, cod.`cDescripcion` descripcionTipo,i.`cDescripcion` detalle,i.`dCreate` 
		FROM `inf_cumplimiento_des` i
		JOIN `cumplimiento` c ON c.`nId`= i.`nIdCumplimiento`
		JOIN `codigos` cod ON cod.`cCodigo`=c.`nTipo` AND cod.`cValor`=i.`nValor`
 		WHERE `nIdInforme`=149 AND i.`nIdCumplimiento`=8
		AND i.nFlag = 0
[Fri, 10 Dec 2021 02:52:14 +0000] succes 0: 
		SELECT  i.`nId`, i.`nIdInforme`, i.`nIdCumplimiento`,cod.`cValor` nValorTipo, c.`cNombre` Cumpliento, cod.`cDescripcion` descripcionTipo,i.`cDescripcion` detalle,i.`dCreate` 
		FROM `inf_cumplimiento_des` i
		JOIN `cumplimiento` c ON c.`nId`= i.`nIdCumplimiento`
		JOIN `codigos` cod ON cod.`cCodigo`=c.`nTipo` AND cod.`cValor`=i.`nValor`
 		WHERE `nIdInforme`=149 AND i.`nIdCumplimiento`=4
		AND i.nFlag = 0
[Fri, 10 Dec 2021 02:52:14 +0000] succes 0: select * from inf_cumplimiento_img
		where nIdInforme= 149 and nIdCumplimiento= 4
[Fri, 10 Dec 2021 02:52:35 +0000] succes 690: INSERT INTO inf_cumplimiento_img(`nIdInforme`,`nIdCumplimiento`,cruta,cNombre)
		VALUES(149,4,'uploads/149/4/WhatsApp Image 2021-12-09 at 9.47.35 PM (1).jpeg','WhatsApp Image 2021-12-09 at 9.47.35 PM (1).jpeg')
[Fri, 10 Dec 2021 02:52:35 +0000] succes 0: select * from inf_cumplimiento_img
		where nIdInforme= 149 and nIdCumplimiento= 4
[Fri, 10 Dec 2021 02:52:35 +0000] succes 691: INSERT INTO inf_cumplimiento_img(`nIdInforme`,`nIdCumplimiento`,cruta,cNombre)
		VALUES(149,4,'uploads/149/4/WhatsApp Image 2021-12-09 at 9.47.35 PM.jpeg','WhatsApp Image 2021-12-09 at 9.47.35 PM.jpeg')
[Fri, 10 Dec 2021 02:52:35 +0000] succes 0: select * from inf_cumplimiento_img
		where nIdInforme= 149 and nIdCumplimiento= 4
[Fri, 10 Dec 2021 02:52:50 +0000] succes 0: select * from inf_cumplimiento_img
		where nIdInforme= 149 and nIdCumplimiento= 5
[Fri, 10 Dec 2021 02:52:50 +0000] succes 0: 
		SELECT  i.`nId`, i.`nIdInforme`, i.`nIdCumplimiento`,cod.`cValor` nValorTipo, c.`cNombre` Cumpliento, cod.`cDescripcion` descripcionTipo,i.`cDescripcion` detalle,i.`dCreate` 
		FROM `inf_cumplimiento_des` i
		JOIN `cumplimiento` c ON c.`nId`= i.`nIdCumplimiento`
		JOIN `codigos` cod ON cod.`cCodigo`=c.`nTipo` AND cod.`cValor`=i.`nValor`
 		WHERE `nIdInforme`=149 AND i.`nIdCumplimiento`=5
		AND i.nFlag = 0
[Fri, 10 Dec 2021 02:52:56 +0000] succes 0: 
		SELECT  i.`nId`, i.`nIdInforme`, i.`nIdCumplimiento`,cod.`cValor` nValorTipo, c.`cNombre` Cumpliento, cod.`cDescripcion` descripcionTipo,i.`cDescripcion` detalle,i.`dCreate` 
		FROM `inf_cumplimiento_des` i
		JOIN `cumplimiento` c ON c.`nId`= i.`nIdCumplimiento`
		JOIN `codigos` cod ON cod.`cCodigo`=c.`nTipo` AND cod.`cValor`=i.`nValor`
 		WHERE `nIdInforme`=149 AND i.`nIdCumplimiento`=8
		AND i.nFlag = 0
[Fri, 10 Dec 2021 02:53:15 +0000] succes 692: INSERT INTO inf_cumplimiento_img(`nIdInforme`,`nIdCumplimiento`,cruta,cNombre)
		VALUES(149,21,'uploads/149/2120211208_100801.jpg','20211208_100801.jpg')
[Fri, 10 Dec 2021 02:53:15 +0000] succes 0: select * from inf_cumplimiento_img
		where nIdInforme= 149 and nIdCumplimiento= 21
[Fri, 10 Dec 2021 02:53:18 +0000] succes 0: DELETE FROM inf_cumplimiento_img
		where nIdInforme= 149 and nId= 687
[Fri, 10 Dec 2021 02:53:18 +0000] succes 0: select * from inf_cumplimiento_img
		where nIdInforme= 149 and nIdCumplimiento= 21
[Fri, 10 Dec 2021 02:53:37 +0000] succes 0: select * from inf_cumplimiento_img
		where nIdInforme= 149 and nIdCumplimiento= 21
[Fri, 10 Dec 2021 02:53:39 +0000] succes 0: select * from inf_cumplimiento_img
		where nIdInforme= 149 and nIdCumplimiento= 21
[Fri, 10 Dec 2021 02:53:45 +0000] succes 0: 
		SELECT  i.`nId`, i.`nIdInforme`, i.`nIdCumplimiento`,cod.`cValor` nValorTipo, c.`cNombre` Cumpliento, cod.`cDescripcion` descripcionTipo,i.`cDescripcion` detalle,i.`dCreate` 
		FROM `inf_cumplimiento_des` i
		JOIN `cumplimiento` c ON c.`nId`= i.`nIdCumplimiento`
		JOIN `codigos` cod ON cod.`cCodigo`=c.`nTipo` AND cod.`cValor`=i.`nValor`
 		WHERE `nIdInforme`=149 AND i.`nIdCumplimiento`=8
		AND i.nFlag = 0
[Fri, 10 Dec 2021 02:53:52 +0000] succes 0: 
		SELECT  i.`nId`, i.`nIdInforme`, i.`nIdCumplimiento`,cod.`cValor` nValorTipo, c.`cNombre` Cumpliento, cod.`cDescripcion` descripcionTipo,i.`cDescripcion` detalle,i.`dCreate` 
		FROM `inf_cumplimiento_des` i
		JOIN `cumplimiento` c ON c.`nId`= i.`nIdCumplimiento`
		JOIN `codigos` cod ON cod.`cCodigo`=c.`nTipo` AND cod.`cValor`=i.`nValor`
 		WHERE `nIdInforme`=149 AND i.`nIdCumplimiento`=8
		AND i.nFlag = 0
[Fri, 10 Dec 2021 02:53:54 +0000] succes 0: select * from informe  where nFlag=0 and nId=149
[Fri, 10 Dec 2021 02:53:54 +0000] succes 0: select * from tarea  where nFlag=0 and nId=1
[Fri, 10 Dec 2021 02:53:54 +0000] succes 0: select * from cumplimiento  where nFlag=0 and nidTarea=1
		and nId in (8)
		ORDER BY norden ASC LIMIT 0,1
[Fri, 10 Dec 2021 02:53:54 +0000] succes 0: select * from codigos  where nFlag=0 and cCodigo =300  AND cvalor NOT IN (300)
[Fri, 10 Dec 2021 02:54:17 +0000] succes 0: select * from informe  where nFlag=0 and nId=149
[Fri, 10 Dec 2021 02:54:17 +0000] succes 0: select * from empresa  where nTipo=1
[Fri, 10 Dec 2021 02:54:17 +0000] succes 0: select * from empresa  where nTipo=0
[Fri, 10 Dec 2021 02:54:17 +0000] succes 0: select * from tipo_documento  where nFlag=0
[Fri, 10 Dec 2021 02:54:17 +0000] succes 0: select * from tarea  where nFlag=0
[Fri, 10 Dec 2021 02:54:17 +0000] succes 0: select * from uunn  where nFlag=0
[Fri, 10 Dec 2021 02:54:17 +0000] succes 0: select * from supervision  where nFlag=0
[Fri, 10 Dec 2021 02:54:17 +0000] succes 0: select * from programa  where nFlag=0
[Fri, 10 Dec 2021 02:54:17 +0000] succes 0: SELECT CONCAT(p.`cApellidos`, ' ',p.`cNombres`)'Descripcion',ec.`nIdEmpresa`,ect.`nId`, ec.`nId` nIdCargo, ec.`cCargo` FROM  
		`empresa_cargo_trabajador` ect
		JOIN `empresa_cargo` ec ON ec.`nId`=ect.`nIdEmpresa_Cargo`
		JOIN `persona` p ON p.`nId`=ect.`nIdPersona`
		WHERE ec.nIdEmpresa = 19
		
[Fri, 10 Dec 2021 02:54:17 +0000] succes 0: SELECT r.`nId`,p.`cNombres`,p.`cApellidos` FROM responsable r
	JOIN persona p ON p.`nId` = r.`nIdPersona`
	JOIN empresa e ON e.`nId`=r.`nIdEmpresa` 
	WHERE e.nId = 19
	/*WHERE e.`nTipo`=1*/
[Fri, 10 Dec 2021 02:54:17 +0000] succes 0: SELECT EC.`nId`, E.`cNombre`,EC.`cCargo` FROM `empresa` E 
		INNER JOIN `empresa_cargo` EC ON E.`nId`=EC.`nIdEmpresa` 
		WHERE E.`nId` = 19 
[Fri, 10 Dec 2021 02:54:17 +0000] succes 0: select * from programa  where nFlag=0 and nId=1
[Fri, 10 Dec 2021 02:54:29 +0000] succes 0: UPDATE `informe` SET 
		`nIdCargo` = 83,
		`nIdResponsable` = 130,
		`nIdSupervision` = 1,
		`cActividad` = 'Inspección de seguridad (EPPs, documentación), para inicio de actividades.(Etapa de obras electromecánicas)',
		`cObra` = 'Ampliación de celdas tipo metal clad en 22.9kv – subestación de transformación pampa Pañala Olmos - Lambayeque',
		`cLugar` = 'Calle Emiliano Niño Cuadra 3 Lambayeque',
		`cArea` = 'PROYECTOS',
		`nActa` = 2119,
		`cFecha` = '2021-12-04'	
		WHERE `nId` = 149
[Fri, 10 Dec 2021 02:54:31 +0000] succes 0: select * from informe  where nFlag=0 and nId=149
[Fri, 10 Dec 2021 02:54:31 +0000] succes 0: select * from tarea  where nFlag=0 and nId=1
[Fri, 10 Dec 2021 02:54:31 +0000] succes 0: select * from tipo_vehiculo  where nFlag=0
[Fri, 10 Dec 2021 02:54:31 +0000] succes 0: SELECT c.nIdTarea, c.`nId`,c.`cCodigo`,c.`cNombre`,c.`nModelo`  FROM `informe` i
		JOIN `cumplimiento` c ON c.`nIdTarea`= i.`nIdTarea`
		WHERE i.NID=149 AND c.nFlag = 0
[Fri, 10 Dec 2021 02:54:31 +0000] succes 0: SELECT CONCAT(p.`cApellidos`, ' ',p.`cNombres`)'Descripcion',ec.`nIdEmpresa`,ect.`nId`, ec.`nId` nIdCargo, ec.`cCargo` FROM  
		`empresa_cargo_trabajador` ect
		JOIN `empresa_cargo` ec ON ec.`nId`=ect.`nIdEmpresa_Cargo`
		JOIN `persona` p ON p.`nId`=ect.`nIdPersona`
		WHERE ec.nIdEmpresa = 19
		
[Fri, 10 Dec 2021 02:54:31 +0000] succes 0: SELECT eno.`nId`, CONCAT("(",eno.`cValor`,")",en.`cDescripcion`," / ", eno.`cObservacion`) cDescripcion,en.nTipo FROM `empresa_normas` en
			JOIN `empresa_normas_observacion` eno ON eno.`nId_empresa_norma`=en.nid
		
[Fri, 10 Dec 2021 02:54:31 +0000] succes 0: SELECT e.`nId`, CONCAT(cPlaca,' / ',cNombre) cDescripcion FROM `empresa_vehiculo` e
		JOIN `tipo_vehiculo` t ON e.`nTipoVehiculo`=t.`nId`
		WHERE e.nIdEmpresa = 19 AND IFNULL(e.nFlag, 0) = 0
[Fri, 10 Dec 2021 02:54:31 +0000] succes 0: select * from codigos  where nFlag=0 and cCodigo =500  AND cvalor NOT IN (500)
[Fri, 10 Dec 2021 02:54:36 +0000] succes 0: call spt_sel_obtienedocumento (19)
[Fri, 10 Dec 2021 02:54:42 +0000] succes 0: select * from informe  where nFlag=0 and nId=149
[Fri, 10 Dec 2021 02:54:42 +0000] succes 0: select * from inf_cumplimiento_img
		where nIdInforme= 149 and nIdCumplimiento= 21
[Fri, 10 Dec 2021 02:54:42 +0000] succes 0: select * from programa  where nFlag=0 and nId=1
[Fri, 10 Dec 2021 02:54:42 +0000] succes 0: SELECT * FROM empresa WHERE nId= 19 and nFlag = 0
[Fri, 10 Dec 2021 02:54:42 +0000] succes 0: SELECT c.nIdTarea, c.`nId`,c.`cCodigo`,c.`cNombre`,c.`nModelo`  FROM `informe` i
		JOIN `cumplimiento` c ON c.`nIdTarea`= i.`nIdTarea`
		WHERE i.NID=149 AND c.nFlag = 0
[Fri, 10 Dec 2021 02:54:42 +0000] succes 0: call stp_sel_resumen_informe(149)
[Fri, 10 Dec 2021 02:54:42 +0000] succes 0: select * from codigos  where nFlag=0 and cCodigo =400  AND cvalor NOT IN (400)
[Fri, 10 Dec 2021 02:54:42 +0000] succes 0: 
		SELECT  i.`nId`, i.`nIdInforme`, i.`nIdCumplimiento`,cod.`cValor` nValorTipo, c.`cNombre` Cumpliento, cod.`cDescripcion` descripcionTipo,i.`cDescripcion` detalle,i.`dCreate` 
		FROM `inf_cumplimiento_des` i
		JOIN `cumplimiento` c ON c.`nId`= i.`nIdCumplimiento`
		JOIN `codigos` cod ON cod.`cCodigo`=c.`nTipo` AND cod.`cValor`=i.`nValor`
 		WHERE `nIdInforme`=149 AND i.`nIdCumplimiento`=9
		AND i.nFlag = 0
[Fri, 10 Dec 2021 02:54:42 +0000] succes 0: select * from uunn WHERE `nId` = 4 AND nFlag=0
[Fri, 10 Dec 2021 02:54:42 +0000] succes 0: select * from supervision where nId = 1 AND nFlag=0
[Fri, 10 Dec 2021 02:54:42 +0000] succes 0: SELECT p.nId,p.cDoi,p.cNombres,p.cApellidos,p.cUsuario FROM `responsable`res 
		JOIN persona p on p.nId=res.nIdPersona where res.nId = '130'
[Fri, 10 Dec 2021 02:54:42 +0000] succes 0: SELECT it.`nId`, p.`cNombres`,p.`cApellidos`,ec.`cCargo`, IF(eno.`nId` IS NULL, '', eno.`nId`) nCodigo, IF(eno.`cValor` IS NULL, '', eno.`cValor`) cCodigo FROM `informe` i
		JOIN `inf_trabajadoressupervisados_det` it ON it.`nIdInforme`=i.`nId`
		JOIN `empresa_cargo_trabajador` ect ON ect.`nId`=it.`nId_E_C_T`
		JOIN `empresa_cargo` ec ON ect.`nIdEmpresa_Cargo`=ec.`nId`
		JOIN persona p ON p.`nId`=ect.`nIdPersona`
		INNER JOIN `empresa_normas` en ON en.`nIdEmpresa`= en.`nIdEmpresa`
		INNER JOIN `empresa_normas_observacion` eno ON eno.`nId_empresa_norma`=en.`nId` AND eno.`nId`=it.`nId_emp_nor_obs`
		WHERE it.nIdInforme = 149 AND it.nFlag = 0 /*AND eno.nFlag = 0*/
[Fri, 10 Dec 2021 02:54:42 +0000] succes 0: SELECT iv.`nId`, T.`cNombre`,tv.`cPlaca`, ENO.`cValor` FROM `informe` i
		JOIN `inf_vehiculo_det` iv ON i.`nId`=iv.`nIdInforme`
		JOIN `empresa_normas_observacion` ENO ON ENO.`nId`=iv.`nId_Emp_nor_obs`
		JOIN `empresa_vehiculo` tv ON tv.`nIdEmpresa`=  i.nIdEmpresa AND iv.nIdEmp_Veh = tv.nId
		JOIN `tipo_vehiculo` T ON T.`nId` =tv.`nTipoVehiculo`
		WHERE iv.nIdInforme = 149 AND iv.nFlag = 0 AND IFNULL(tv.nFlag, 0) = 0
[Fri, 10 Dec 2021 02:54:42 +0000] succes 0: 
		SELECT  i.`nId`, i.`nIdInforme`, i.`nIdCumplimiento`,cod.`cValor` nValorTipo, c.`cNombre` Cumpliento, cod.`cDescripcion` descripcionTipo,i.`cDescripcion` detalle,i.`dCreate` 
		FROM `inf_cumplimiento_des` i
		JOIN `cumplimiento` c ON c.`nId`= i.`nIdCumplimiento`
		JOIN `codigos` cod ON cod.`cCodigo`=c.`nTipo` AND cod.`cValor`=i.`nValor`
 		WHERE `nIdInforme`=149 AND i.`nIdCumplimiento`=1
		AND i.nFlag = 0
[Fri, 10 Dec 2021 02:54:42 +0000] succes 0: select * from inf_cumplimiento_img
		where nIdInforme= 149 and nIdCumplimiento= 1
[Fri, 10 Dec 2021 02:54:42 +0000] succes 0: 
		SELECT  i.`nId`, i.`nIdInforme`, i.`nIdCumplimiento`,cod.`cValor` nValorTipo, c.`cNombre` Cumpliento, cod.`cDescripcion` descripcionTipo,i.`cDescripcion` detalle,i.`dCreate` 
		FROM `inf_cumplimiento_des` i
		JOIN `cumplimiento` c ON c.`nId`= i.`nIdCumplimiento`
		JOIN `codigos` cod ON cod.`cCodigo`=c.`nTipo` AND cod.`cValor`=i.`nValor`
 		WHERE `nIdInforme`=149 AND i.`nIdCumplimiento`=2
		AND i.nFlag = 0
[Fri, 10 Dec 2021 02:54:42 +0000] succes 0: select * from inf_cumplimiento_img
		where nIdInforme= 149 and nIdCumplimiento= 2
[Fri, 10 Dec 2021 02:54:42 +0000] succes 0: 
		SELECT  i.`nId`, i.`nIdInforme`, i.`nIdCumplimiento`,cod.`cValor` nValorTipo, c.`cNombre` Cumpliento, cod.`cDescripcion` descripcionTipo,i.`cDescripcion` detalle,i.`dCreate` 
		FROM `inf_cumplimiento_des` i
		JOIN `cumplimiento` c ON c.`nId`= i.`nIdCumplimiento`
		JOIN `codigos` cod ON cod.`cCodigo`=c.`nTipo` AND cod.`cValor`=i.`nValor`
 		WHERE `nIdInforme`=149 AND i.`nIdCumplimiento`=3
		AND i.nFlag = 0
[Fri, 10 Dec 2021 02:54:42 +0000] succes 0: select * from inf_cumplimiento_img
		where nIdInforme= 149 and nIdCumplimiento= 3
[Fri, 10 Dec 2021 02:54:42 +0000] succes 0: 
		SELECT  i.`nId`, i.`nIdInforme`, i.`nIdCumplimiento`,cod.`cValor` nValorTipo, c.`cNombre` Cumpliento, cod.`cDescripcion` descripcionTipo,i.`cDescripcion` detalle,i.`dCreate` 
		FROM `inf_cumplimiento_des` i
		JOIN `cumplimiento` c ON c.`nId`= i.`nIdCumplimiento`
		JOIN `codigos` cod ON cod.`cCodigo`=c.`nTipo` AND cod.`cValor`=i.`nValor`
 		WHERE `nIdInforme`=149 AND i.`nIdCumplimiento`=4
		AND i.nFlag = 0
[Fri, 10 Dec 2021 02:54:42 +0000] succes 0: select * from inf_cumplimiento_img
		where nIdInforme= 149 and nIdCumplimiento= 4
[Fri, 10 Dec 2021 02:54:42 +0000] succes 0: 
		SELECT  i.`nId`, i.`nIdInforme`, i.`nIdCumplimiento`,cod.`cValor` nValorTipo, c.`cNombre` Cumpliento, cod.`cDescripcion` descripcionTipo,i.`cDescripcion` detalle,i.`dCreate` 
		FROM `inf_cumplimiento_des` i
		JOIN `cumplimiento` c ON c.`nId`= i.`nIdCumplimiento`
		JOIN `codigos` cod ON cod.`cCodigo`=c.`nTipo` AND cod.`cValor`=i.`nValor`
 		WHERE `nIdInforme`=149 AND i.`nIdCumplimiento`=5
		AND i.nFlag = 0
[Fri, 10 Dec 2021 02:54:42 +0000] succes 0: select * from inf_cumplimiento_img
		where nIdInforme= 149 and nIdCumplimiento= 5
[Fri, 10 Dec 2021 02:54:42 +0000] succes 0: 
		SELECT  i.`nId`, i.`nIdInforme`, i.`nIdCumplimiento`,cod.`cValor` nValorTipo, c.`cNombre` Cumpliento, cod.`cDescripcion` descripcionTipo,i.`cDescripcion` detalle,i.`dCreate` 
		FROM `inf_cumplimiento_des` i
		JOIN `cumplimiento` c ON c.`nId`= i.`nIdCumplimiento`
		JOIN `codigos` cod ON cod.`cCodigo`=c.`nTipo` AND cod.`cValor`=i.`nValor`
 		WHERE `nIdInforme`=149 AND i.`nIdCumplimiento`=6
		AND i.nFlag = 0
[Fri, 10 Dec 2021 02:54:42 +0000] succes 0: select * from inf_cumplimiento_img
		where nIdInforme= 149 and nIdCumplimiento= 6
[Fri, 10 Dec 2021 02:54:42 +0000] succes 0: 
		SELECT  i.`nId`, i.`nIdInforme`, i.`nIdCumplimiento`,cod.`cValor` nValorTipo, c.`cNombre` Cumpliento, cod.`cDescripcion` descripcionTipo,i.`cDescripcion` detalle,i.`dCreate` 
		FROM `inf_cumplimiento_des` i
		JOIN `cumplimiento` c ON c.`nId`= i.`nIdCumplimiento`
		JOIN `codigos` cod ON cod.`cCodigo`=c.`nTipo` AND cod.`cValor`=i.`nValor`
 		WHERE `nIdInforme`=149 AND i.`nIdCumplimiento`=7
		AND i.nFlag = 0
[Fri, 10 Dec 2021 02:54:42 +0000] succes 0: 
		SELECT  i.`nId`, i.`nIdInforme`, i.`nIdCumplimiento`,cod.`cValor` nValorTipo, c.`cNombre` Cumpliento, cod.`cDescripcion` descripcionTipo,i.`cDescripcion` detalle,i.`dCreate` 
		FROM `inf_cumplimiento_des` i
		JOIN `cumplimiento` c ON c.`nId`= i.`nIdCumplimiento`
		JOIN `codigos` cod ON cod.`cCodigo`=c.`nTipo` AND cod.`cValor`=i.`nValor`
 		WHERE `nIdInforme`=149 AND i.`nIdCumplimiento`=8
		AND i.nFlag = 0
[Fri, 10 Dec 2021 02:54:42 +0000] succes 0: select * from inf_cumplimiento_img
		where nIdInforme= 149 and nIdCumplimiento= 8
[Fri, 10 Dec 2021 02:54:43 +0000] succes 0: CALL stp_sel_resumen_informe2 (149);
[Fri, 10 Dec 2021 02:55:22 +0000] succes 0: select * from informe  where nFlag=0 and nId=149
[Fri, 10 Dec 2021 02:55:22 +0000] succes 0: select * from inf_cumplimiento_img
		where nIdInforme= 149 and nIdCumplimiento= 21
[Fri, 10 Dec 2021 02:55:22 +0000] succes 0: select * from programa  where nFlag=0 and nId=1
[Fri, 10 Dec 2021 02:55:22 +0000] succes 0: SELECT * FROM empresa WHERE nId= 19 and nFlag = 0
[Fri, 10 Dec 2021 02:55:22 +0000] succes 0: SELECT c.nIdTarea, c.`nId`,c.`cCodigo`,c.`cNombre`,c.`nModelo`  FROM `informe` i
		JOIN `cumplimiento` c ON c.`nIdTarea`= i.`nIdTarea`
		WHERE i.NID=149 AND c.nFlag = 0
[Fri, 10 Dec 2021 02:55:22 +0000] succes 0: call stp_sel_resumen_informe(149)
[Fri, 10 Dec 2021 02:55:22 +0000] succes 0: select * from codigos  where nFlag=0 and cCodigo =400  AND cvalor NOT IN (400)
[Fri, 10 Dec 2021 02:55:22 +0000] succes 0: 
		SELECT  i.`nId`, i.`nIdInforme`, i.`nIdCumplimiento`,cod.`cValor` nValorTipo, c.`cNombre` Cumpliento, cod.`cDescripcion` descripcionTipo,i.`cDescripcion` detalle,i.`dCreate` 
		FROM `inf_cumplimiento_des` i
		JOIN `cumplimiento` c ON c.`nId`= i.`nIdCumplimiento`
		JOIN `codigos` cod ON cod.`cCodigo`=c.`nTipo` AND cod.`cValor`=i.`nValor`
 		WHERE `nIdInforme`=149 AND i.`nIdCumplimiento`=9
		AND i.nFlag = 0
[Fri, 10 Dec 2021 02:55:22 +0000] succes 0: select * from uunn WHERE `nId` = 4 AND nFlag=0
[Fri, 10 Dec 2021 02:55:22 +0000] succes 0: select * from supervision where nId = 1 AND nFlag=0
[Fri, 10 Dec 2021 02:55:22 +0000] succes 0: SELECT p.nId,p.cDoi,p.cNombres,p.cApellidos,p.cUsuario FROM `responsable`res 
		JOIN persona p on p.nId=res.nIdPersona where res.nId = '130'
[Fri, 10 Dec 2021 02:55:22 +0000] succes 0: SELECT it.`nId`, p.`cNombres`,p.`cApellidos`,ec.`cCargo`, IF(eno.`nId` IS NULL, '', eno.`nId`) nCodigo, IF(eno.`cValor` IS NULL, '', eno.`cValor`) cCodigo FROM `informe` i
		JOIN `inf_trabajadoressupervisados_det` it ON it.`nIdInforme`=i.`nId`
		JOIN `empresa_cargo_trabajador` ect ON ect.`nId`=it.`nId_E_C_T`
		JOIN `empresa_cargo` ec ON ect.`nIdEmpresa_Cargo`=ec.`nId`
		JOIN persona p ON p.`nId`=ect.`nIdPersona`
		INNER JOIN `empresa_normas` en ON en.`nIdEmpresa`= en.`nIdEmpresa`
		INNER JOIN `empresa_normas_observacion` eno ON eno.`nId_empresa_norma`=en.`nId` AND eno.`nId`=it.`nId_emp_nor_obs`
		WHERE it.nIdInforme = 149 AND it.nFlag = 0 /*AND eno.nFlag = 0*/
[Fri, 10 Dec 2021 02:55:22 +0000] succes 0: SELECT iv.`nId`, T.`cNombre`,tv.`cPlaca`, ENO.`cValor` FROM `informe` i
		JOIN `inf_vehiculo_det` iv ON i.`nId`=iv.`nIdInforme`
		JOIN `empresa_normas_observacion` ENO ON ENO.`nId`=iv.`nId_Emp_nor_obs`
		JOIN `empresa_vehiculo` tv ON tv.`nIdEmpresa`=  i.nIdEmpresa AND iv.nIdEmp_Veh = tv.nId
		JOIN `tipo_vehiculo` T ON T.`nId` =tv.`nTipoVehiculo`
		WHERE iv.nIdInforme = 149 AND iv.nFlag = 0 AND IFNULL(tv.nFlag, 0) = 0
[Fri, 10 Dec 2021 02:55:22 +0000] succes 0: 
		SELECT  i.`nId`, i.`nIdInforme`, i.`nIdCumplimiento`,cod.`cValor` nValorTipo, c.`cNombre` Cumpliento, cod.`cDescripcion` descripcionTipo,i.`cDescripcion` detalle,i.`dCreate` 
		FROM `inf_cumplimiento_des` i
		JOIN `cumplimiento` c ON c.`nId`= i.`nIdCumplimiento`
		JOIN `codigos` cod ON cod.`cCodigo`=c.`nTipo` AND cod.`cValor`=i.`nValor`
 		WHERE `nIdInforme`=149 AND i.`nIdCumplimiento`=1
		AND i.nFlag = 0
[Fri, 10 Dec 2021 02:55:22 +0000] succes 0: select * from inf_cumplimiento_img
		where nIdInforme= 149 and nIdCumplimiento= 1
[Fri, 10 Dec 2021 02:55:22 +0000] succes 0: 
		SELECT  i.`nId`, i.`nIdInforme`, i.`nIdCumplimiento`,cod.`cValor` nValorTipo, c.`cNombre` Cumpliento, cod.`cDescripcion` descripcionTipo,i.`cDescripcion` detalle,i.`dCreate` 
		FROM `inf_cumplimiento_des` i
		JOIN `cumplimiento` c ON c.`nId`= i.`nIdCumplimiento`
		JOIN `codigos` cod ON cod.`cCodigo`=c.`nTipo` AND cod.`cValor`=i.`nValor`
 		WHERE `nIdInforme`=149 AND i.`nIdCumplimiento`=2
		AND i.nFlag = 0
[Fri, 10 Dec 2021 02:55:22 +0000] succes 0: select * from inf_cumplimiento_img
		where nIdInforme= 149 and nIdCumplimiento= 2
[Fri, 10 Dec 2021 02:55:22 +0000] succes 0: 
		SELECT  i.`nId`, i.`nIdInforme`, i.`nIdCumplimiento`,cod.`cValor` nValorTipo, c.`cNombre` Cumpliento, cod.`cDescripcion` descripcionTipo,i.`cDescripcion` detalle,i.`dCreate` 
		FROM `inf_cumplimiento_des` i
		JOIN `cumplimiento` c ON c.`nId`= i.`nIdCumplimiento`
		JOIN `codigos` cod ON cod.`cCodigo`=c.`nTipo` AND cod.`cValor`=i.`nValor`
 		WHERE `nIdInforme`=149 AND i.`nIdCumplimiento`=3
		AND i.nFlag = 0
[Fri, 10 Dec 2021 02:55:22 +0000] succes 0: select * from inf_cumplimiento_img
		where nIdInforme= 149 and nIdCumplimiento= 3
[Fri, 10 Dec 2021 02:55:22 +0000] succes 0: 
		SELECT  i.`nId`, i.`nIdInforme`, i.`nIdCumplimiento`,cod.`cValor` nValorTipo, c.`cNombre` Cumpliento, cod.`cDescripcion` descripcionTipo,i.`cDescripcion` detalle,i.`dCreate` 
		FROM `inf_cumplimiento_des` i
		JOIN `cumplimiento` c ON c.`nId`= i.`nIdCumplimiento`
		JOIN `codigos` cod ON cod.`cCodigo`=c.`nTipo` AND cod.`cValor`=i.`nValor`
 		WHERE `nIdInforme`=149 AND i.`nIdCumplimiento`=4
		AND i.nFlag = 0
[Fri, 10 Dec 2021 02:55:22 +0000] succes 0: select * from inf_cumplimiento_img
		where nIdInforme= 149 and nIdCumplimiento= 4
[Fri, 10 Dec 2021 02:55:22 +0000] succes 0: 
		SELECT  i.`nId`, i.`nIdInforme`, i.`nIdCumplimiento`,cod.`cValor` nValorTipo, c.`cNombre` Cumpliento, cod.`cDescripcion` descripcionTipo,i.`cDescripcion` detalle,i.`dCreate` 
		FROM `inf_cumplimiento_des` i
		JOIN `cumplimiento` c ON c.`nId`= i.`nIdCumplimiento`
		JOIN `codigos` cod ON cod.`cCodigo`=c.`nTipo` AND cod.`cValor`=i.`nValor`
 		WHERE `nIdInforme`=149 AND i.`nIdCumplimiento`=5
		AND i.nFlag = 0
[Fri, 10 Dec 2021 02:55:22 +0000] succes 0: select * from inf_cumplimiento_img
		where nIdInforme= 149 and nIdCumplimiento= 5
[Fri, 10 Dec 2021 02:55:22 +0000] succes 0: 
		SELECT  i.`nId`, i.`nIdInforme`, i.`nIdCumplimiento`,cod.`cValor` nValorTipo, c.`cNombre` Cumpliento, cod.`cDescripcion` descripcionTipo,i.`cDescripcion` detalle,i.`dCreate` 
		FROM `inf_cumplimiento_des` i
		JOIN `cumplimiento` c ON c.`nId`= i.`nIdCumplimiento`
		JOIN `codigos` cod ON cod.`cCodigo`=c.`nTipo` AND cod.`cValor`=i.`nValor`
 		WHERE `nIdInforme`=149 AND i.`nIdCumplimiento`=6
		AND i.nFlag = 0
[Fri, 10 Dec 2021 02:55:22 +0000] succes 0: select * from inf_cumplimiento_img
		where nIdInforme= 149 and nIdCumplimiento= 6
[Fri, 10 Dec 2021 02:55:22 +0000] succes 0: 
		SELECT  i.`nId`, i.`nIdInforme`, i.`nIdCumplimiento`,cod.`cValor` nValorTipo, c.`cNombre` Cumpliento, cod.`cDescripcion` descripcionTipo,i.`cDescripcion` detalle,i.`dCreate` 
		FROM `inf_cumplimiento_des` i
		JOIN `cumplimiento` c ON c.`nId`= i.`nIdCumplimiento`
		JOIN `codigos` cod ON cod.`cCodigo`=c.`nTipo` AND cod.`cValor`=i.`nValor`
 		WHERE `nIdInforme`=149 AND i.`nIdCumplimiento`=7
		AND i.nFlag = 0
[Fri, 10 Dec 2021 02:55:22 +0000] succes 0: 
		SELECT  i.`nId`, i.`nIdInforme`, i.`nIdCumplimiento`,cod.`cValor` nValorTipo, c.`cNombre` Cumpliento, cod.`cDescripcion` descripcionTipo,i.`cDescripcion` detalle,i.`dCreate` 
		FROM `inf_cumplimiento_des` i
		JOIN `cumplimiento` c ON c.`nId`= i.`nIdCumplimiento`
		JOIN `codigos` cod ON cod.`cCodigo`=c.`nTipo` AND cod.`cValor`=i.`nValor`
 		WHERE `nIdInforme`=149 AND i.`nIdCumplimiento`=8
		AND i.nFlag = 0
[Fri, 10 Dec 2021 02:55:22 +0000] succes 0: select * from inf_cumplimiento_img
		where nIdInforme= 149 and nIdCumplimiento= 8
[Fri, 10 Dec 2021 02:55:23 +0000] succes 0: CALL stp_sel_resumen_informe2 (149);
[Fri, 10 Dec 2021 02:55:27 +0000] succes 0: call spt_sel_obtienedocumento (19)
