[Wed, 17 Nov 2021 04:50:38 +0000] succes 0: select * from persona  where cDoi="16740328"
[Wed, 17 Nov 2021 04:50:42 +0000] succes 0: call spt_sel_all_User('19')
[Wed, 17 Nov 2021 04:50:44 +0000] succes 0: select * from empresa  where nTipo=1
[Wed, 17 Nov 2021 04:50:44 +0000] succes 0: select * from empresa  where nTipo=0
[Wed, 17 Nov 2021 04:50:44 +0000] succes 0: select * from tipo_documento  where nFlag=0
[Wed, 17 Nov 2021 04:50:44 +0000] succes 0: select * from tarea  where nFlag=0
[Wed, 17 Nov 2021 04:50:44 +0000] succes 0: select * from uunn  where nFlag=0
[Wed, 17 Nov 2021 04:50:44 +0000] succes 0: select * from programa  where nFlag=0
[Wed, 17 Nov 2021 04:50:44 +0000] succes 0: select * from supervision  where nFlag=0
[Wed, 17 Nov 2021 04:50:45 +0000] succes 0: SELECT r.`nId`,p.`cNombres`,p.`cApellidos` FROM responsable r
	JOIN persona p ON p.`nId` = r.`nIdPersona`
	JOIN empresa e ON e.`nId`=r.`nIdEmpresa` 
	WHERE e.nId = 0
	/*WHERE e.`nTipo`=1*/
[Wed, 17 Nov 2021 04:50:45 +0000] succes 0: SELECT EC.`nId`, E.`cNombre`,EC.`cCargo` FROM `empresa` E 
		INNER JOIN `empresa_cargo` EC ON E.`nId`=EC.`nIdEmpresa` 
		WHERE E.`nId` = 0 
[Wed, 17 Nov 2021 04:55:04 +0000] succes 0: select * from programa  where nFlag=0 and nId=1
[Wed, 17 Nov 2021 04:55:20 +0000] succes 0: SELECT r.`nId`,p.`cNombres`,p.`cApellidos` FROM responsable r
	JOIN persona p ON p.`nId` = r.`nIdPersona`
	JOIN empresa e ON e.`nId`=r.`nIdEmpresa` 
	WHERE e.nId = 8
	/*WHERE e.`nTipo`=1*/
[Wed, 17 Nov 2021 04:55:20 +0000] succes 0: SELECT EC.`nId`, E.`cNombre`,EC.`cCargo` FROM `empresa` E 
		INNER JOIN `empresa_cargo` EC ON E.`nId`=EC.`nIdEmpresa` 
		WHERE E.`nId` = 8 
[Wed, 17 Nov 2021 04:56:10 +0000] succes 0: select * from persona  where cDoi="12345678"
[Wed, 17 Nov 2021 04:56:10 +0000] succes 0: call stp_ins_responsable(
		"12345678",
		"VICTOR",
		"GARCIA TAVARA",
		"8");
[Wed, 17 Nov 2021 04:56:11 +0000] succes 0: SELECT r.`nId`,p.`cNombres`,p.`cApellidos` FROM responsable r
	JOIN persona p ON p.`nId` = r.`nIdPersona`
	JOIN empresa e ON e.`nId`=r.`nIdEmpresa` 
	WHERE e.nId = 8
	/*WHERE e.`nTipo`=1*/
[Wed, 17 Nov 2021 04:56:22 +0000] succes 66: insert into empresa_cargo (nIdEmpresa,cCargo) values (8,'OPERADOR');
[Wed, 17 Nov 2021 04:56:22 +0000] succes 0: SELECT EC.`nId`, E.`cNombre`,EC.`cCargo` FROM `empresa` E 
		INNER JOIN `empresa_cargo` EC ON E.`nId`=EC.`nIdEmpresa` 
		WHERE E.`nId` = 8 
[Wed, 17 Nov 2021 04:56:45 +0000] succes 0: call spt_ins_documento(
		"19",
		"1",
		"1",
		"1",
		"8",
		"4",
		"66",
		"66",
		"4",
		"INSPECCIÓN DE EPP, HERRAMIENTAS, EQUIPOS DE TRABAJO Y DOCUMENTACIÓN DE SEGURIDAD DEL OPERADOR DE LA S.E. MOTUPE",
		"MANTENIMIENTO Y OPERACIÓN DE S.E.P - ELECTRONORTE S.A.",
		"CARRETERA ANTIGUA PANAMERICANA NORTE MOTUPE",
		"TRANSMISIÓN",
		"2021-11-11",
		"2101",
		"ENSA")
[Wed, 17 Nov 2021 04:56:48 +0000] succes 0: select * from informe  where nFlag=0 and nId=129
[Wed, 17 Nov 2021 04:56:48 +0000] succes 0: select * from tarea  where nFlag=0 and nId=1
[Wed, 17 Nov 2021 04:56:48 +0000] succes 0: select * from cumplimiento  where nFlag=0 and nidTarea=1
		ORDER BY norden ASC LIMIT 0,1
[Wed, 17 Nov 2021 04:56:48 +0000] succes 0: select * from codigos  where nFlag=0 and cCodigo =100  AND cvalor NOT IN (100)
[Wed, 17 Nov 2021 04:56:48 +0000] succes 0: select * from codigos  where nFlag=0 and cCodigo =500  AND cvalor NOT IN (500)
[Wed, 17 Nov 2021 04:56:48 +0000] succes 0: select * from cumplimiento  where nFlag=0 and nidTarea=1
		and nId NOT IN (1) and nOrden >0
		ORDER BY norden ASC LIMIT 0,1
[Wed, 17 Nov 2021 04:56:48 +0000] succes 0: 
		SELECT  i.`nId`, i.`nIdInforme`, i.`nIdCumplimiento`,cod.`cValor` nValorTipo, c.`cNombre` Cumpliento, cod.`cDescripcion` descripcionTipo,i.`cDescripcion` detalle,i.`dCreate` 
		FROM `inf_cumplimiento_des` i
		JOIN `cumplimiento` c ON c.`nId`= i.`nIdCumplimiento`
		JOIN `codigos` cod ON cod.`cCodigo`=c.`nTipo` AND cod.`cValor`=i.`nValor`
 		WHERE `nIdInforme`=129 AND i.`nIdCumplimiento`=1
		AND i.nFlag = 0
[Wed, 17 Nov 2021 04:56:48 +0000] succes 0: select * from cumplimiento  where nFlag=0 and nidTarea=1
		 and nOrden < 0 
		ORDER BY norden desc LIMIT 0,1
[Wed, 17 Nov 2021 04:57:29 +0000] succes 0: call spt_ins_documento_detalle(
		"129",
		"1",
		"1",
		"0",
		"OPERADOR DE S.E.P, CONTIENE DE IMPLEMENTOS DE PROTECCIÓN PERSONAL: CASCO DIELÉCTRICO, ROPA DE TRABAJO, LENTES, CALZADO DIELÉCTRICO,  PROTECTOR BUCONASAL, ADEMÁS DE FOTOCHECK DE IDENTIFICACIÓN.")
[Wed, 17 Nov 2021 04:57:29 +0000] succes 0: 
		SELECT  i.`nId`, i.`nIdInforme`, i.`nIdCumplimiento`,cod.`cValor` nValorTipo, c.`cNombre` Cumpliento, cod.`cDescripcion` descripcionTipo,i.`cDescripcion` detalle,i.`dCreate` 
		FROM `inf_cumplimiento_des` i
		JOIN `cumplimiento` c ON c.`nId`= i.`nIdCumplimiento`
		JOIN `codigos` cod ON cod.`cCodigo`=c.`nTipo` AND cod.`cValor`=i.`nValor`
 		WHERE `nIdInforme`=129 AND i.`nIdCumplimiento`=1
		AND i.nFlag = 0
[Wed, 17 Nov 2021 04:57:37 +0000] succes 0: call spt_ins_documento_detalle(
		"129",
		"1",
		"1",
		"0",
		"OPERADOR DE S.E.P., EVIDENCIA EQUIPOS DE MANIOBRA: GUANTES DIELÉCTRICOS M.T, REVELADOR DE TENSIÓN, PÉRTIGA.")
[Wed, 17 Nov 2021 04:57:37 +0000] succes 0: 
		SELECT  i.`nId`, i.`nIdInforme`, i.`nIdCumplimiento`,cod.`cValor` nValorTipo, c.`cNombre` Cumpliento, cod.`cDescripcion` descripcionTipo,i.`cDescripcion` detalle,i.`dCreate` 
		FROM `inf_cumplimiento_des` i
		JOIN `cumplimiento` c ON c.`nId`= i.`nIdCumplimiento`
		JOIN `codigos` cod ON cod.`cCodigo`=c.`nTipo` AND cod.`cValor`=i.`nValor`
 		WHERE `nIdInforme`=129 AND i.`nIdCumplimiento`=1
		AND i.nFlag = 0
[Wed, 17 Nov 2021 04:57:46 +0000] succes 0: call spt_ins_documento_detalle(
		"129",
		"1",
		"1",
		"0",
		"OPERADOR DE S.E.P, EVIDENCIA DE KIT DE HERRAMIENTAS Y MALETÍN EN BUEN ESTADO Y COMPLETO")
[Wed, 17 Nov 2021 04:57:46 +0000] succes 0: 
		SELECT  i.`nId`, i.`nIdInforme`, i.`nIdCumplimiento`,cod.`cValor` nValorTipo, c.`cNombre` Cumpliento, cod.`cDescripcion` descripcionTipo,i.`cDescripcion` detalle,i.`dCreate` 
		FROM `inf_cumplimiento_des` i
		JOIN `cumplimiento` c ON c.`nId`= i.`nIdCumplimiento`
		JOIN `codigos` cod ON cod.`cCodigo`=c.`nTipo` AND cod.`cValor`=i.`nValor`
 		WHERE `nIdInforme`=129 AND i.`nIdCumplimiento`=1
		AND i.nFlag = 0
[Wed, 17 Nov 2021 04:57:56 +0000] succes 0: call spt_ins_documento_detalle(
		"129",
		"1",
		"3",
		"0",
		"OPERADOR DE S.E.P, NO CUENTA CON ARNÉS DE CUERPO ENTERO.")
[Wed, 17 Nov 2021 04:57:56 +0000] succes 0: 
		SELECT  i.`nId`, i.`nIdInforme`, i.`nIdCumplimiento`,cod.`cValor` nValorTipo, c.`cNombre` Cumpliento, cod.`cDescripcion` descripcionTipo,i.`cDescripcion` detalle,i.`dCreate` 
		FROM `inf_cumplimiento_des` i
		JOIN `cumplimiento` c ON c.`nId`= i.`nIdCumplimiento`
		JOIN `codigos` cod ON cod.`cCodigo`=c.`nTipo` AND cod.`cValor`=i.`nValor`
 		WHERE `nIdInforme`=129 AND i.`nIdCumplimiento`=1
		AND i.nFlag = 0
