[***INICIO: 2 ***]
[22/11/21 16:51 pm] [1. FIC] :/home/gqouvkku/public_html/cNorte/app/core/Executor.php
[22/11/21 16:51 pm] [2. LIN] : 20
[22/11/21 16:51 pm] [3. DES] : A non-numeric value encountered
[22/11/21 16:51 pm] [4. CON] : {"sql":"select * from persona  where cDoi=\"44174808\"","con":{"affected_rows":null,"client_info":null,"client_version":null,"connect_errno":null,"connect_error":null,"errno":null,"error":null,"error_list":null,"field_count":null,"host_info":null,"info":null,"insert_id":null,"server_info":null,"server_version":null,"sqlstate":null,"protocol_version":null,"thread_id":null,"warning_count":null},"resultado":{"current_field":null,"field_count":null,"lengths":null,"num_rows":null,"type":null},"temp":{"current_field":null,"field_count":null,"lengths":null,"num_rows":null,"type":null},"id_gen":0}
[***FIN***]
[***INICIO: 2 ***]
[22/11/21 16:51 pm] [1. FIC] :/home/gqouvkku/public_html/cNorte/app/core/Executor.php
[22/11/21 16:51 pm] [2. LIN] : 20
[22/11/21 16:51 pm] [3. DES] : A non-numeric value encountered
[22/11/21 16:51 pm] [4. CON] : {"sql":"call spt_sel_all_User('18')","con":{"affected_rows":null,"client_info":null,"client_version":null,"connect_errno":null,"connect_error":null,"errno":null,"error":null,"error_list":null,"field_count":null,"host_info":null,"info":null,"insert_id":null,"server_info":null,"server_version":null,"sqlstate":null,"protocol_version":null,"thread_id":null,"warning_count":null},"resultado":{"current_field":null,"field_count":null,"lengths":null,"num_rows":null,"type":null},"temp":{"current_field":null,"field_count":null,"lengths":null,"num_rows":null,"type":null},"id_gen":0}
[***FIN***]
[***INICIO: 2 ***]
[22/11/21 16:52 pm] [1. FIC] :/home/gqouvkku/public_html/cNorte/app/core/Executor.php
[22/11/21 16:52 pm] [2. LIN] : 20
[22/11/21 16:52 pm] [3. DES] : A non-numeric value encountered
[22/11/21 16:52 pm] [4. CON] : {"sql":"select * from persona  where cDoi=\"16740328\"","con":{"affected_rows":null,"client_info":null,"client_version":null,"connect_errno":null,"connect_error":null,"errno":null,"error":null,"error_list":null,"field_count":null,"host_info":null,"info":null,"insert_id":null,"server_info":null,"server_version":null,"sqlstate":null,"protocol_version":null,"thread_id":null,"warning_count":null},"resultado":{"current_field":null,"field_count":null,"lengths":null,"num_rows":null,"type":null},"temp":{"current_field":null,"field_count":null,"lengths":null,"num_rows":null,"type":null},"id_gen":0}
[***FIN***]
[***INICIO: 2 ***]
[22/11/21 16:52 pm] [1. FIC] :/home/gqouvkku/public_html/cNorte/app/core/Executor.php
[22/11/21 16:52 pm] [2. LIN] : 20
[22/11/21 16:52 pm] [3. DES] : A non-numeric value encountered
[22/11/21 16:52 pm] [4. CON] : {"sql":"call spt_sel_all_User('19')","con":{"affected_rows":null,"client_info":null,"client_version":null,"connect_errno":null,"connect_error":null,"errno":null,"error":null,"error_list":null,"field_count":null,"host_info":null,"info":null,"insert_id":null,"server_info":null,"server_version":null,"sqlstate":null,"protocol_version":null,"thread_id":null,"warning_count":null},"resultado":{"current_field":null,"field_count":null,"lengths":null,"num_rows":null,"type":null},"temp":{"current_field":null,"field_count":null,"lengths":null,"num_rows":null,"type":null},"id_gen":0}
[***FIN***]
[***INICIO: 2 ***]
[22/11/21 16:52 pm] [1. FIC] :/home/gqouvkku/public_html/cNorte/app/core/Executor.php
[22/11/21 16:52 pm] [2. LIN] : 20
[22/11/21 16:52 pm] [3. DES] : A non-numeric value encountered
[22/11/21 16:52 pm] [4. CON] : {"sql":"select * from persona  where cDoi=\"44435153\"","con":{"affected_rows":null,"client_info":null,"client_version":null,"connect_errno":null,"connect_error":null,"errno":null,"error":null,"error_list":null,"field_count":null,"host_info":null,"info":null,"insert_id":null,"server_info":null,"server_version":null,"sqlstate":null,"protocol_version":null,"thread_id":null,"warning_count":null},"resultado":{"current_field":null,"field_count":null,"lengths":null,"num_rows":null,"type":null},"temp":{"current_field":null,"field_count":null,"lengths":null,"num_rows":null,"type":null},"id_gen":0}
[***FIN***]
[***INICIO: 2 ***]
[22/11/21 16:52 pm] [1. FIC] :/home/gqouvkku/public_html/cNorte/app/core/Executor.php
[22/11/21 16:52 pm] [2. LIN] : 20
[22/11/21 16:52 pm] [3. DES] : A non-numeric value encountered
[22/11/21 16:52 pm] [4. CON] : {"sql":"select * from persona  where cDoi=\"44335153\"","con":{"affected_rows":null,"client_info":null,"client_version":null,"connect_errno":null,"connect_error":null,"errno":null,"error":null,"error_list":null,"field_count":null,"host_info":null,"info":null,"insert_id":null,"server_info":null,"server_version":null,"sqlstate":null,"protocol_version":null,"thread_id":null,"warning_count":null},"resultado":{"current_field":null,"field_count":null,"lengths":null,"num_rows":null,"type":null},"temp":{"current_field":null,"field_count":null,"lengths":null,"num_rows":null,"type":null},"id_gen":0}
[***FIN***]
[***INICIO: 2 ***]
[22/11/21 16:52 pm] [1. FIC] :/home/gqouvkku/public_html/cNorte/app/core/Executor.php
[22/11/21 16:52 pm] [2. LIN] : 20
[22/11/21 16:52 pm] [3. DES] : A non-numeric value encountered
[22/11/21 16:52 pm] [4. CON] : {"sql":"call spt_sel_all_User('20')","con":{"affected_rows":null,"client_info":null,"client_version":null,"connect_errno":null,"connect_error":null,"errno":null,"error":null,"error_list":null,"field_count":null,"host_info":null,"info":null,"insert_id":null,"server_info":null,"server_version":null,"sqlstate":null,"protocol_version":null,"thread_id":null,"warning_count":null},"resultado":{"current_field":null,"field_count":null,"lengths":null,"num_rows":null,"type":null},"temp":{"current_field":null,"field_count":null,"lengths":null,"num_rows":null,"type":null},"id_gen":0}
[***FIN***]
[***INICIO: 2 ***]
[22/11/21 16:54 pm] [1. FIC] :/home/gqouvkku/public_html/cNorte/app/core/Executor.php
[22/11/21 16:54 pm] [2. LIN] : 20
[22/11/21 16:54 pm] [3. DES] : A non-numeric value encountered
[22/11/21 16:54 pm] [4. CON] : {"sql":"SELECT nId,cDoi,cNombres,cApellidos,cUsuario FROM persona WHERE nId = '20'","con":{"affected_rows":null,"client_info":null,"client_version":null,"connect_errno":null,"connect_error":null,"errno":null,"error":null,"error_list":null,"field_count":null,"host_info":null,"info":null,"insert_id":null,"server_info":null,"server_version":null,"sqlstate":null,"protocol_version":null,"thread_id":null,"warning_count":null},"resultado":{"current_field":null,"field_count":null,"lengths":null,"num_rows":null,"type":null},"temp":{"current_field":null,"field_count":null,"lengths":null,"num_rows":null,"type":null},"id_gen":0}
[***FIN***]
