[Sat, 11 Dec 2021 12:34:33 +0100] succes 0: select * from informe  where nFlag=0 and nId=176
[Sat, 11 Dec 2021 12:34:33 +0100] succes 0: select * from tarea  where nFlag=0 and nId=3
[Sat, 11 Dec 2021 12:34:33 +0100] succes 0: select * from cumplimiento  where nFlag=0 and nidTarea=3
		and nOrden in (4)
		ORDER BY norden ASC LIMIT 0,1
[Sat, 11 Dec 2021 12:34:33 +0100] succes 0: select * from codigos  where nFlag=0 and cCodigo =0  AND cvalor NOT IN (0)
[Sat, 11 Dec 2021 12:34:33 +0100] succes 0: select * from codigos  where nFlag=0 and cCodigo =500  AND cvalor NOT IN (500)
[Sat, 11 Dec 2021 12:34:33 +0100] succes 0: select * from cumplimiento  where nFlag=0 and nidTarea=3
		and nId NOT IN (25) and nOrden >4
		ORDER BY norden ASC LIMIT 0,1
[Sat, 11 Dec 2021 12:34:33 +0100] succes 0: 
		SELECT  i.`nId`, i.`nIdInforme`, i.`nIdCumplimiento`,cod.`cValor` nValorTipo, c.`cNombre` Cumpliento, cod.`cDescripcion` descripcionTipo,i.`cDescripcion` detalle,i.`dCreate` 
		FROM `inf_cumplimiento_des` i
		JOIN `cumplimiento` c ON c.`nId`= i.`nIdCumplimiento`
		JOIN `codigos` cod ON cod.`cCodigo`=c.`nTipo` AND cod.`cValor`=i.`nValor`
 		WHERE `nIdInforme`=176 AND i.`nIdCumplimiento`=25
		AND i.nFlag = 0
[Sat, 11 Dec 2021 12:34:33 +0100] succes 0: select * from cumplimiento  where nFlag=0 and nidTarea=3
		 and nOrden < 4 
		ORDER BY norden desc LIMIT 0,1
[Sat, 11 Dec 2021 12:34:33 +0100] succes 0: select * from informe  where nFlag=0 and nId=176
[Sat, 11 Dec 2021 12:34:33 +0100] succes 0: select * from tipo_vehiculo  where nFlag=0
[Sat, 11 Dec 2021 12:34:33 +0100] succes 0: select * from informe  where nFlag=0 and nId=176
[Sat, 11 Dec 2021 12:36:20 +0100] succes 0: select * from informe  where nFlag=0 and nId=176
[Sat, 11 Dec 2021 12:36:20 +0100] succes 0: select * from tarea  where nFlag=0 and nId=3
[Sat, 11 Dec 2021 12:36:20 +0100] succes 0: select * from cumplimiento  where nFlag=0 and nidTarea=3
		and nOrden in (4)
		ORDER BY norden ASC LIMIT 0,1
[Sat, 11 Dec 2021 12:36:20 +0100] succes 0: select * from codigos  where nFlag=0 and cCodigo =0  AND cvalor NOT IN (0)
[Sat, 11 Dec 2021 12:36:20 +0100] succes 0: select * from codigos  where nFlag=0 and cCodigo =500  AND cvalor NOT IN (500)
[Sat, 11 Dec 2021 12:36:20 +0100] succes 0: select * from cumplimiento  where nFlag=0 and nidTarea=3
		and nId NOT IN (25) and nOrden >4
		ORDER BY norden ASC LIMIT 0,1
[Sat, 11 Dec 2021 12:36:20 +0100] succes 0: 
		SELECT  i.`nId`, i.`nIdInforme`, i.`nIdCumplimiento`,cod.`cValor` nValorTipo, c.`cNombre` Cumpliento, cod.`cDescripcion` descripcionTipo,i.`cDescripcion` detalle,i.`dCreate` 
		FROM `inf_cumplimiento_des` i
		JOIN `cumplimiento` c ON c.`nId`= i.`nIdCumplimiento`
		JOIN `codigos` cod ON cod.`cCodigo`=c.`nTipo` AND cod.`cValor`=i.`nValor`
 		WHERE `nIdInforme`=176 AND i.`nIdCumplimiento`=25
		AND i.nFlag = 0
[Sat, 11 Dec 2021 12:36:20 +0100] succes 0: select * from cumplimiento  where nFlag=0 and nidTarea=3
		 and nOrden < 4 
		ORDER BY norden desc LIMIT 0,1
[Sat, 11 Dec 2021 12:36:20 +0100] succes 0: select * from informe  where nFlag=0 and nId=176
[Sat, 11 Dec 2021 12:36:20 +0100] succes 0: select * from tipo_vehiculo  where nFlag=0
[Sat, 11 Dec 2021 12:36:20 +0100] succes 0: select * from informe  where nFlag=0 and nId=176
[Sat, 11 Dec 2021 12:37:56 +0100] succes 0: select * from informe  where nFlag=0 and nId=176
[Sat, 11 Dec 2021 12:37:56 +0100] succes 0: select * from tarea  where nFlag=0 and nId=3
[Sat, 11 Dec 2021 12:37:56 +0100] succes 0: select * from cumplimiento  where nFlag=0 and nidTarea=3
		and nOrden in (4)
		ORDER BY norden ASC LIMIT 0,1
[Sat, 11 Dec 2021 12:37:56 +0100] succes 0: select * from codigos  where nFlag=0 and cCodigo =0  AND cvalor NOT IN (0)
[Sat, 11 Dec 2021 12:37:56 +0100] succes 0: select * from codigos  where nFlag=0 and cCodigo =500  AND cvalor NOT IN (500)
[Sat, 11 Dec 2021 12:37:56 +0100] succes 0: select * from cumplimiento  where nFlag=0 and nidTarea=3
		and nId NOT IN (25) and nOrden >4
		ORDER BY norden ASC LIMIT 0,1
[Sat, 11 Dec 2021 12:37:56 +0100] succes 0: 
		SELECT  i.`nId`, i.`nIdInforme`, i.`nIdCumplimiento`,cod.`cValor` nValorTipo, c.`cNombre` Cumpliento, cod.`cDescripcion` descripcionTipo,i.`cDescripcion` detalle,i.`dCreate` 
		FROM `inf_cumplimiento_des` i
		JOIN `cumplimiento` c ON c.`nId`= i.`nIdCumplimiento`
		JOIN `codigos` cod ON cod.`cCodigo`=c.`nTipo` AND cod.`cValor`=i.`nValor`
 		WHERE `nIdInforme`=176 AND i.`nIdCumplimiento`=25
		AND i.nFlag = 0
[Sat, 11 Dec 2021 12:37:56 +0100] succes 0: select * from cumplimiento  where nFlag=0 and nidTarea=3
		 and nOrden < 4 
		ORDER BY norden desc LIMIT 0,1
[Sat, 11 Dec 2021 12:37:56 +0100] succes 0: select * from informe  where nFlag=0 and nId=176
[Sat, 11 Dec 2021 12:37:56 +0100] succes 0: select * from tipo_vehiculo  where nFlag=0
[Sat, 11 Dec 2021 12:37:56 +0100] succes 0: select * from informe  where nFlag=0 and nId=176
[Sat, 11 Dec 2021 12:37:56 +0100] succes 0: SELECT CONCAT(p.`cApellidos`, ' ',p.`cNombres`)'Descripcion',ec.`nIdEmpresa`,ect.`nId`, ec.`nId` nIdCargo, ec.`cCargo` FROM  
		`empresa_cargo_trabajador` ect
		JOIN `empresa_cargo` ec ON ec.`nId`=ect.`nIdEmpresa_Cargo`
		JOIN `persona` p ON p.`nId`=ect.`nIdPersona`
		WHERE ec.nIdEmpresa = 8
		
[Sat, 11 Dec 2021 12:37:56 +0100] succes 0: SELECT eno.`nId`, CONCAT("(",eno.`cValor`,")",en.`cDescripcion`," / ", eno.`cObservacion`) cDescripcion,en.nTipo FROM `empresa_normas` en
			JOIN `empresa_normas_observacion` eno ON eno.`nId_empresa_norma`=en.nid
		
[Sat, 11 Dec 2021 12:37:56 +0100] succes 0: SELECT e.`nId`, CONCAT(cPlaca,' / ',cNombre) cDescripcion FROM `empresa_vehiculo` e
		JOIN `tipo_vehiculo` t ON e.`nTipoVehiculo`=t.`nId`
		WHERE e.nIdEmpresa = 8 AND IFNULL(e.nFlag, 0) = 0
[Sat, 11 Dec 2021 12:39:05 +0100] succes 0: select * from informe  where nFlag=0 and nId=176
[Sat, 11 Dec 2021 12:39:05 +0100] succes 0: select * from tarea  where nFlag=0 and nId=3
[Sat, 11 Dec 2021 12:39:05 +0100] succes 0: select * from cumplimiento  where nFlag=0 and nidTarea=3
		and nOrden in (4)
		ORDER BY norden ASC LIMIT 0,1
[Sat, 11 Dec 2021 12:39:05 +0100] succes 0: select * from codigos  where nFlag=0 and cCodigo =0  AND cvalor NOT IN (0)
[Sat, 11 Dec 2021 12:39:05 +0100] succes 0: select * from codigos  where nFlag=0 and cCodigo =500  AND cvalor NOT IN (500)
[Sat, 11 Dec 2021 12:39:05 +0100] succes 0: select * from cumplimiento  where nFlag=0 and nidTarea=3
		and nId NOT IN (25) and nOrden >4
		ORDER BY norden ASC LIMIT 0,1
[Sat, 11 Dec 2021 12:39:05 +0100] succes 0: 
		SELECT  i.`nId`, i.`nIdInforme`, i.`nIdCumplimiento`,cod.`cValor` nValorTipo, c.`cNombre` Cumpliento, cod.`cDescripcion` descripcionTipo,i.`cDescripcion` detalle,i.`dCreate` 
		FROM `inf_cumplimiento_des` i
		JOIN `cumplimiento` c ON c.`nId`= i.`nIdCumplimiento`
		JOIN `codigos` cod ON cod.`cCodigo`=c.`nTipo` AND cod.`cValor`=i.`nValor`
 		WHERE `nIdInforme`=176 AND i.`nIdCumplimiento`=25
		AND i.nFlag = 0
[Sat, 11 Dec 2021 12:39:05 +0100] succes 0: select * from cumplimiento  where nFlag=0 and nidTarea=3
		 and nOrden < 4 
		ORDER BY norden desc LIMIT 0,1
[Sat, 11 Dec 2021 12:39:05 +0100] succes 0: select * from informe  where nFlag=0 and nId=176
[Sat, 11 Dec 2021 12:39:05 +0100] succes 0: select * from tipo_vehiculo  where nFlag=0
[Sat, 11 Dec 2021 12:39:05 +0100] succes 0: select * from informe  where nFlag=0 and nId=176
[Sat, 11 Dec 2021 12:39:05 +0100] succes 0: SELECT CONCAT(p.`cApellidos`, ' ',p.`cNombres`)'Descripcion',ec.`nIdEmpresa`,ect.`nId`, ec.`nId` nIdCargo, ec.`cCargo` FROM  
		`empresa_cargo_trabajador` ect
		JOIN `empresa_cargo` ec ON ec.`nId`=ect.`nIdEmpresa_Cargo`
		JOIN `persona` p ON p.`nId`=ect.`nIdPersona`
		WHERE ec.nIdEmpresa = 8
		
[Sat, 11 Dec 2021 12:39:05 +0100] succes 0: SELECT eno.`nId`, CONCAT("(",eno.`cValor`,")",en.`cDescripcion`," / ", eno.`cObservacion`) cDescripcion,en.nTipo FROM `empresa_normas` en
			JOIN `empresa_normas_observacion` eno ON eno.`nId_empresa_norma`=en.nid
		
[Sat, 11 Dec 2021 12:39:05 +0100] succes 0: SELECT e.`nId`, CONCAT(cPlaca,' / ',cNombre) cDescripcion FROM `empresa_vehiculo` e
		JOIN `tipo_vehiculo` t ON e.`nTipoVehiculo`=t.`nId`
		WHERE e.nIdEmpresa = 8 AND IFNULL(e.nFlag, 0) = 0
[Sat, 11 Dec 2021 12:39:58 +0100] succes 0: select * from informe  where nFlag=0 and nId=176
[Sat, 11 Dec 2021 12:39:58 +0100] succes 0: select * from tarea  where nFlag=0 and nId=3
[Sat, 11 Dec 2021 12:39:58 +0100] succes 0: select * from cumplimiento  where nFlag=0 and nidTarea=3
		and nOrden in (4)
		ORDER BY norden ASC LIMIT 0,1
[Sat, 11 Dec 2021 12:39:58 +0100] succes 0: select * from codigos  where nFlag=0 and cCodigo =0  AND cvalor NOT IN (0)
[Sat, 11 Dec 2021 12:39:58 +0100] succes 0: select * from codigos  where nFlag=0 and cCodigo =500  AND cvalor NOT IN (500)
[Sat, 11 Dec 2021 12:39:58 +0100] succes 0: select * from cumplimiento  where nFlag=0 and nidTarea=3
		and nId NOT IN (25) and nOrden >4
		ORDER BY norden ASC LIMIT 0,1
[Sat, 11 Dec 2021 12:39:58 +0100] succes 0: 
		SELECT  i.`nId`, i.`nIdInforme`, i.`nIdCumplimiento`,cod.`cValor` nValorTipo, c.`cNombre` Cumpliento, cod.`cDescripcion` descripcionTipo,i.`cDescripcion` detalle,i.`dCreate` 
		FROM `inf_cumplimiento_des` i
		JOIN `cumplimiento` c ON c.`nId`= i.`nIdCumplimiento`
		JOIN `codigos` cod ON cod.`cCodigo`=c.`nTipo` AND cod.`cValor`=i.`nValor`
 		WHERE `nIdInforme`=176 AND i.`nIdCumplimiento`=25
		AND i.nFlag = 0
[Sat, 11 Dec 2021 12:39:58 +0100] succes 0: select * from cumplimiento  where nFlag=0 and nidTarea=3
		 and nOrden < 4 
		ORDER BY norden desc LIMIT 0,1
[Sat, 11 Dec 2021 12:39:58 +0100] succes 0: select * from informe  where nFlag=0 and nId=176
[Sat, 11 Dec 2021 12:39:58 +0100] succes 0: select * from tipo_vehiculo  where nFlag=0
[Sat, 11 Dec 2021 12:39:58 +0100] succes 0: select * from informe  where nFlag=0 and nId=176
[Sat, 11 Dec 2021 12:39:58 +0100] succes 0: SELECT CONCAT(p.`cApellidos`, ' ',p.`cNombres`)'Descripcion',ec.`nIdEmpresa`,ect.`nId`, ec.`nId` nIdCargo, ec.`cCargo` FROM  
		`empresa_cargo_trabajador` ect
		JOIN `empresa_cargo` ec ON ec.`nId`=ect.`nIdEmpresa_Cargo`
		JOIN `persona` p ON p.`nId`=ect.`nIdPersona`
		WHERE ec.nIdEmpresa = 8
		
[Sat, 11 Dec 2021 12:39:58 +0100] succes 0: SELECT eno.`nId`, CONCAT("(",eno.`cValor`,")",en.`cDescripcion`," / ", eno.`cObservacion`) cDescripcion,en.nTipo FROM `empresa_normas` en
			JOIN `empresa_normas_observacion` eno ON eno.`nId_empresa_norma`=en.nid
		
[Sat, 11 Dec 2021 12:39:58 +0100] succes 0: SELECT e.`nId`, CONCAT(cPlaca,' / ',cNombre) cDescripcion FROM `empresa_vehiculo` e
		JOIN `tipo_vehiculo` t ON e.`nTipoVehiculo`=t.`nId`
		WHERE e.nIdEmpresa = 8 AND IFNULL(e.nFlag, 0) = 0
[Sat, 11 Dec 2021 12:40:19 +0100] succes 0: call spt_sel_obtienedocumento (3)
[Sat, 11 Dec 2021 12:40:23 +0100] succes 0: select * from empresa  where nTipo=1
[Sat, 11 Dec 2021 12:40:23 +0100] succes 0: select * from empresa  where nTipo=0
[Sat, 11 Dec 2021 12:40:23 +0100] succes 0: select * from tipo_documento  where nFlag=0
[Sat, 11 Dec 2021 12:40:23 +0100] succes 0: select * from tarea  where nFlag=0
[Sat, 11 Dec 2021 12:40:23 +0100] succes 0: select * from uunn  where nFlag=0
[Sat, 11 Dec 2021 12:40:23 +0100] succes 0: select * from programa  where nFlag=0
[Sat, 11 Dec 2021 12:40:23 +0100] succes 0: select * from supervision  where nFlag=0
[Sat, 11 Dec 2021 12:40:23 +0100] succes 0: SELECT r.`nId`,p.`cNombres`,p.`cApellidos` FROM responsable r
	JOIN persona p ON p.`nId` = r.`nIdPersona`
	JOIN empresa e ON e.`nId`=r.`nIdEmpresa` 
	WHERE e.nId = 0
	/*WHERE e.`nTipo`=1*/
[Sat, 11 Dec 2021 12:40:23 +0100] succes 0: SELECT EC.`nId`, E.`cNombre`,EC.`cCargo` FROM `empresa` E 
		INNER JOIN `empresa_cargo` EC ON E.`nId`=EC.`nIdEmpresa` 
		WHERE E.`nId` = 0 
[Sat, 11 Dec 2021 12:40:26 +0100] succes 0: select * from programa  where nFlag=0 and nId=1
[Sat, 11 Dec 2021 12:40:30 +0100] succes 0: SELECT r.`nId`,p.`cNombres`,p.`cApellidos` FROM responsable r
	JOIN persona p ON p.`nId` = r.`nIdPersona`
	JOIN empresa e ON e.`nId`=r.`nIdEmpresa` 
	WHERE e.nId = 2
	/*WHERE e.`nTipo`=1*/
[Sat, 11 Dec 2021 12:40:30 +0100] succes 0: SELECT EC.`nId`, E.`cNombre`,EC.`cCargo` FROM `empresa` E 
		INNER JOIN `empresa_cargo` EC ON E.`nId`=EC.`nIdEmpresa` 
		WHERE E.`nId` = 2 
[Sat, 11 Dec 2021 12:40:56 +0100] succes 0: call spt_ins_documento(
		"3",
		"1",
		"3",
		"1",
		"2",
		"4",
		"3",
		"25",
		"0",
		"PRUEBA1 ",
		"OBRA 1",
		"PRUEBA",
		"AREA",
		"2021-12-11",
		"",
		"ENSA")
[Sat, 11 Dec 2021 12:40:57 +0100] succes 0: select * from informe  where nFlag=0 and nId=177
[Sat, 11 Dec 2021 12:40:57 +0100] succes 0: select * from tarea  where nFlag=0 and nId=3
[Sat, 11 Dec 2021 12:40:57 +0100] succes 0: select * from cumplimiento  where nFlag=0 and nidTarea=3
		and nOrden in (1)
		ORDER BY norden ASC LIMIT 0,1
[Sat, 11 Dec 2021 12:40:57 +0100] succes 0: select * from codigos  where nFlag=0 and cCodigo =300  AND cvalor NOT IN (300)
[Sat, 11 Dec 2021 12:40:57 +0100] succes 0: select * from codigos  where nFlag=0 and cCodigo =500  AND cvalor NOT IN (500)
[Sat, 11 Dec 2021 12:40:57 +0100] succes 0: select * from cumplimiento  where nFlag=0 and nidTarea=3
		and nId NOT IN (22) and nOrden >1
		ORDER BY norden ASC LIMIT 0,1
[Sat, 11 Dec 2021 12:40:57 +0100] succes 0: 
		SELECT  i.`nId`, i.`nIdInforme`, i.`nIdCumplimiento`,cod.`cValor` nValorTipo, c.`cNombre` Cumpliento, cod.`cDescripcion` descripcionTipo,i.`cDescripcion` detalle,i.`dCreate` 
		FROM `inf_cumplimiento_des` i
		JOIN `cumplimiento` c ON c.`nId`= i.`nIdCumplimiento`
		JOIN `codigos` cod ON cod.`cCodigo`=c.`nTipo` AND cod.`cValor`=i.`nValor`
 		WHERE `nIdInforme`=177 AND i.`nIdCumplimiento`=22
		AND i.nFlag = 0
[Sat, 11 Dec 2021 12:40:57 +0100] succes 0: select * from cumplimiento  where nFlag=0 and nidTarea=3
		 and nOrden < 1 
		ORDER BY norden desc LIMIT 0,1
[Sat, 11 Dec 2021 12:41:02 +0100] succes 0: call spt_ins_documento_detalle(
		"177",
		"22",
		"1",
		"0",
		"DETA")
[Sat, 11 Dec 2021 12:41:02 +0100] succes 0: 
		SELECT  i.`nId`, i.`nIdInforme`, i.`nIdCumplimiento`,cod.`cValor` nValorTipo, c.`cNombre` Cumpliento, cod.`cDescripcion` descripcionTipo,i.`cDescripcion` detalle,i.`dCreate` 
		FROM `inf_cumplimiento_des` i
		JOIN `cumplimiento` c ON c.`nId`= i.`nIdCumplimiento`
		JOIN `codigos` cod ON cod.`cCodigo`=c.`nTipo` AND cod.`cValor`=i.`nValor`
 		WHERE `nIdInforme`=177 AND i.`nIdCumplimiento`=22
		AND i.nFlag = 0
[Sat, 11 Dec 2021 12:41:05 +0100] succes 0: select * from informe  where nFlag=0 and nId=177
[Sat, 11 Dec 2021 12:41:05 +0100] succes 0: select * from tarea  where nFlag=0 and nId=3
[Sat, 11 Dec 2021 12:41:05 +0100] succes 0: select * from cumplimiento  where nFlag=0 and nidTarea=3
		and nOrden in (2)
		ORDER BY norden ASC LIMIT 0,1
[Sat, 11 Dec 2021 12:41:05 +0100] succes 0: select * from codigos  where nFlag=0 and cCodigo =300  AND cvalor NOT IN (300)
[Sat, 11 Dec 2021 12:41:05 +0100] succes 0: select * from codigos  where nFlag=0 and cCodigo =500  AND cvalor NOT IN (500)
[Sat, 11 Dec 2021 12:41:05 +0100] succes 0: select * from cumplimiento  where nFlag=0 and nidTarea=3
		and nId NOT IN (23) and nOrden >2
		ORDER BY norden ASC LIMIT 0,1
[Sat, 11 Dec 2021 12:41:05 +0100] succes 0: 
		SELECT  i.`nId`, i.`nIdInforme`, i.`nIdCumplimiento`,cod.`cValor` nValorTipo, c.`cNombre` Cumpliento, cod.`cDescripcion` descripcionTipo,i.`cDescripcion` detalle,i.`dCreate` 
		FROM `inf_cumplimiento_des` i
		JOIN `cumplimiento` c ON c.`nId`= i.`nIdCumplimiento`
		JOIN `codigos` cod ON cod.`cCodigo`=c.`nTipo` AND cod.`cValor`=i.`nValor`
 		WHERE `nIdInforme`=177 AND i.`nIdCumplimiento`=23
		AND i.nFlag = 0
[Sat, 11 Dec 2021 12:41:05 +0100] succes 0: select * from cumplimiento  where nFlag=0 and nidTarea=3
		 and nOrden < 2 
		ORDER BY norden desc LIMIT 0,1
[Sat, 11 Dec 2021 12:41:10 +0100] succes 0: call spt_ins_documento_detalle(
		"177",
		"23",
		"1",
		"0",
		"OFRE")
[Sat, 11 Dec 2021 12:41:10 +0100] succes 0: 
		SELECT  i.`nId`, i.`nIdInforme`, i.`nIdCumplimiento`,cod.`cValor` nValorTipo, c.`cNombre` Cumpliento, cod.`cDescripcion` descripcionTipo,i.`cDescripcion` detalle,i.`dCreate` 
		FROM `inf_cumplimiento_des` i
		JOIN `cumplimiento` c ON c.`nId`= i.`nIdCumplimiento`
		JOIN `codigos` cod ON cod.`cCodigo`=c.`nTipo` AND cod.`cValor`=i.`nValor`
 		WHERE `nIdInforme`=177 AND i.`nIdCumplimiento`=23
		AND i.nFlag = 0
[Sat, 11 Dec 2021 12:41:21 +0100] succes 0: select * from informe  where nFlag=0 and nId=177
[Sat, 11 Dec 2021 12:41:21 +0100] succes 0: select * from tarea  where nFlag=0 and nId=3
[Sat, 11 Dec 2021 12:41:21 +0100] succes 0: select * from cumplimiento  where nFlag=0 and nidTarea=3
		and nOrden in (3)
		ORDER BY norden ASC LIMIT 0,1
[Sat, 11 Dec 2021 12:41:21 +0100] succes 0: select * from codigos  where nFlag=0 and cCodigo =300  AND cvalor NOT IN (300)
[Sat, 11 Dec 2021 12:41:21 +0100] succes 0: select * from codigos  where nFlag=0 and cCodigo =500  AND cvalor NOT IN (500)
[Sat, 11 Dec 2021 12:41:21 +0100] succes 0: select * from cumplimiento  where nFlag=0 and nidTarea=3
		and nId NOT IN (24) and nOrden >3
		ORDER BY norden ASC LIMIT 0,1
[Sat, 11 Dec 2021 12:41:21 +0100] succes 0: 
		SELECT  i.`nId`, i.`nIdInforme`, i.`nIdCumplimiento`,cod.`cValor` nValorTipo, c.`cNombre` Cumpliento, cod.`cDescripcion` descripcionTipo,i.`cDescripcion` detalle,i.`dCreate` 
		FROM `inf_cumplimiento_des` i
		JOIN `cumplimiento` c ON c.`nId`= i.`nIdCumplimiento`
		JOIN `codigos` cod ON cod.`cCodigo`=c.`nTipo` AND cod.`cValor`=i.`nValor`
 		WHERE `nIdInforme`=177 AND i.`nIdCumplimiento`=24
		AND i.nFlag = 0
[Sat, 11 Dec 2021 12:41:21 +0100] succes 0: select * from cumplimiento  where nFlag=0 and nidTarea=3
		 and nOrden < 3 
		ORDER BY norden desc LIMIT 0,1
[Sat, 11 Dec 2021 12:41:28 +0100] succes 701: INSERT INTO inf_cumplimiento_img(`nIdInforme`,`nIdCumplimiento`,cruta,cNombre)
		VALUES(177,24,'uploads/177/24/one-piece.jpg','one-piece.jpg')
[Sat, 11 Dec 2021 12:41:28 +0100] succes 0: select * from inf_cumplimiento_img
		where nIdInforme= 177 and nIdCumplimiento= 24
[Sat, 11 Dec 2021 12:41:28 +0100] succes 702: INSERT INTO inf_cumplimiento_img(`nIdInforme`,`nIdCumplimiento`,cruta,cNombre)
		VALUES(177,24,'uploads/177/24/t2.jpg','t2.jpg')
[Sat, 11 Dec 2021 12:41:28 +0100] succes 0: select * from inf_cumplimiento_img
		where nIdInforme= 177 and nIdCumplimiento= 24
[Sat, 11 Dec 2021 12:41:29 +0100] succes 703: INSERT INTO inf_cumplimiento_img(`nIdInforme`,`nIdCumplimiento`,cruta,cNombre)
		VALUES(177,24,'uploads/177/24/t2.png','t2.png')
[Sat, 11 Dec 2021 12:41:29 +0100] succes 0: select * from inf_cumplimiento_img
		where nIdInforme= 177 and nIdCumplimiento= 24
[Sat, 11 Dec 2021 12:41:29 +0100] succes 704: INSERT INTO inf_cumplimiento_img(`nIdInforme`,`nIdCumplimiento`,cruta,cNombre)
		VALUES(177,24,'uploads/177/24/thumb-1920-702742.jpg','thumb-1920-702742.jpg')
[Sat, 11 Dec 2021 12:41:29 +0100] succes 0: select * from inf_cumplimiento_img
		where nIdInforme= 177 and nIdCumplimiento= 24
[Sat, 11 Dec 2021 12:41:37 +0100] succes 0: select * from informe  where nFlag=0 and nId=177
[Sat, 11 Dec 2021 12:41:37 +0100] succes 0: select * from tarea  where nFlag=0 and nId=3
[Sat, 11 Dec 2021 12:41:37 +0100] succes 0: select * from cumplimiento  where nFlag=0 and nidTarea=3
		and nOrden in (4)
		ORDER BY norden ASC LIMIT 0,1
[Sat, 11 Dec 2021 12:41:37 +0100] succes 0: select * from codigos  where nFlag=0 and cCodigo =0  AND cvalor NOT IN (0)
[Sat, 11 Dec 2021 12:41:37 +0100] succes 0: select * from codigos  where nFlag=0 and cCodigo =500  AND cvalor NOT IN (500)
[Sat, 11 Dec 2021 12:41:37 +0100] succes 0: select * from cumplimiento  where nFlag=0 and nidTarea=3
		and nId NOT IN (25) and nOrden >4
		ORDER BY norden ASC LIMIT 0,1
[Sat, 11 Dec 2021 12:41:37 +0100] succes 0: 
		SELECT  i.`nId`, i.`nIdInforme`, i.`nIdCumplimiento`,cod.`cValor` nValorTipo, c.`cNombre` Cumpliento, cod.`cDescripcion` descripcionTipo,i.`cDescripcion` detalle,i.`dCreate` 
		FROM `inf_cumplimiento_des` i
		JOIN `cumplimiento` c ON c.`nId`= i.`nIdCumplimiento`
		JOIN `codigos` cod ON cod.`cCodigo`=c.`nTipo` AND cod.`cValor`=i.`nValor`
 		WHERE `nIdInforme`=177 AND i.`nIdCumplimiento`=25
		AND i.nFlag = 0
[Sat, 11 Dec 2021 12:41:37 +0100] succes 0: select * from cumplimiento  where nFlag=0 and nidTarea=3
		 and nOrden < 4 
		ORDER BY norden desc LIMIT 0,1
[Sat, 11 Dec 2021 12:41:37 +0100] succes 0: select * from informe  where nFlag=0 and nId=177
[Sat, 11 Dec 2021 12:41:37 +0100] succes 0: select * from tipo_vehiculo  where nFlag=0
[Sat, 11 Dec 2021 12:41:37 +0100] succes 0: select * from informe  where nFlag=0 and nId=177
[Sat, 11 Dec 2021 12:41:37 +0100] succes 0: SELECT CONCAT(p.`cApellidos`, ' ',p.`cNombres`)'Descripcion',ec.`nIdEmpresa`,ect.`nId`, ec.`nId` nIdCargo, ec.`cCargo` FROM  
		`empresa_cargo_trabajador` ect
		JOIN `empresa_cargo` ec ON ec.`nId`=ect.`nIdEmpresa_Cargo`
		JOIN `persona` p ON p.`nId`=ect.`nIdPersona`
		WHERE ec.nIdEmpresa = 2
		
[Sat, 11 Dec 2021 12:41:37 +0100] succes 0: SELECT eno.`nId`, CONCAT("(",eno.`cValor`,")",en.`cDescripcion`," / ", eno.`cObservacion`) cDescripcion,en.nTipo FROM `empresa_normas` en
			JOIN `empresa_normas_observacion` eno ON eno.`nId_empresa_norma`=en.nid
		
[Sat, 11 Dec 2021 12:41:37 +0100] succes 0: SELECT e.`nId`, CONCAT(cPlaca,' / ',cNombre) cDescripcion FROM `empresa_vehiculo` e
		JOIN `tipo_vehiculo` t ON e.`nTipoVehiculo`=t.`nId`
		WHERE e.nIdEmpresa = 2 AND IFNULL(e.nFlag, 0) = 0
[Sat, 11 Dec 2021 12:41:42 +0100] succes 0: select * from inf_cumplimiento_img
		where nIdInforme= 177 and nIdCumplimiento= 21
[Sat, 11 Dec 2021 12:41:49 +0100] succes 705: INSERT INTO inf_cumplimiento_img(`nIdInforme`,`nIdCumplimiento`,cruta,cNombre)
		VALUES(177,21,'uploads/177/21t2.jpg','t2.jpg')
[Sat, 11 Dec 2021 12:41:49 +0100] succes 0: select * from inf_cumplimiento_img
		where nIdInforme= 177 and nIdCumplimiento= 21
[Sat, 11 Dec 2021 12:41:57 +0100] succes 0: call spt_sel_obtienedocumento (3)
[Sat, 11 Dec 2021 12:45:54 +0100] succes 0: call spt_sel_obtienedocumento (3)
[Sat, 11 Dec 2021 12:46:02 +0100] succes 0: call spt_sel_obtienedocumento (3)
[Sat, 11 Dec 2021 12:46:16 +0100] succes 0: select * from informe  where nFlag=0 and nId=163
[Sat, 11 Dec 2021 12:46:16 +0100] succes 0: select * from tarea  where nFlag=0 and nId=1
[Sat, 11 Dec 2021 12:46:16 +0100] succes 0: select * from tipo_vehiculo  where nFlag=0
[Sat, 11 Dec 2021 12:46:16 +0100] succes 0: SELECT c.nIdTarea, c.`nId`,c.`cCodigo`,c.`cNombre`,c.`nModelo`  FROM `informe` i
		JOIN `cumplimiento` c ON c.`nIdTarea`= i.`nIdTarea`
		WHERE i.NID=163 AND c.nFlag = 0
[Sat, 11 Dec 2021 12:46:16 +0100] succes 0: SELECT CONCAT(p.`cApellidos`, ' ',p.`cNombres`)'Descripcion',ec.`nIdEmpresa`,ect.`nId`, ec.`nId` nIdCargo, ec.`cCargo` FROM  
		`empresa_cargo_trabajador` ect
		JOIN `empresa_cargo` ec ON ec.`nId`=ect.`nIdEmpresa_Cargo`
		JOIN `persona` p ON p.`nId`=ect.`nIdPersona`
		WHERE ec.nIdEmpresa = 2
		
[Sat, 11 Dec 2021 12:46:16 +0100] succes 0: SELECT eno.`nId`, CONCAT("(",eno.`cValor`,")",en.`cDescripcion`," / ", eno.`cObservacion`) cDescripcion,en.nTipo FROM `empresa_normas` en
			JOIN `empresa_normas_observacion` eno ON eno.`nId_empresa_norma`=en.nid
		
[Sat, 11 Dec 2021 12:46:16 +0100] succes 0: SELECT e.`nId`, CONCAT(cPlaca,' / ',cNombre) cDescripcion FROM `empresa_vehiculo` e
		JOIN `tipo_vehiculo` t ON e.`nTipoVehiculo`=t.`nId`
		WHERE e.nIdEmpresa = 2 AND IFNULL(e.nFlag, 0) = 0
[Sat, 11 Dec 2021 12:46:16 +0100] succes 0: select * from codigos  where nFlag=0 and cCodigo =500  AND cvalor NOT IN (500)
[Sat, 11 Dec 2021 12:46:24 +0100] succes 0: call spt_sel_obtienedocumento (3)
[Sat, 11 Dec 2021 12:46:37 +0100] succes 0: select * from informe  where nFlag=0 and nId=176
[Sat, 11 Dec 2021 12:46:37 +0100] succes 0: select * from tarea  where nFlag=0 and nId=3
[Sat, 11 Dec 2021 12:46:37 +0100] succes 0: select * from tipo_vehiculo  where nFlag=0
[Sat, 11 Dec 2021 12:46:37 +0100] succes 0: SELECT c.nIdTarea, c.`nId`,c.`cCodigo`,c.`cNombre`,c.`nModelo`  FROM `informe` i
		JOIN `cumplimiento` c ON c.`nIdTarea`= i.`nIdTarea`
		WHERE i.NID=176 AND c.nFlag = 0
[Sat, 11 Dec 2021 12:46:37 +0100] succes 0: SELECT CONCAT(p.`cApellidos`, ' ',p.`cNombres`)'Descripcion',ec.`nIdEmpresa`,ect.`nId`, ec.`nId` nIdCargo, ec.`cCargo` FROM  
		`empresa_cargo_trabajador` ect
		JOIN `empresa_cargo` ec ON ec.`nId`=ect.`nIdEmpresa_Cargo`
		JOIN `persona` p ON p.`nId`=ect.`nIdPersona`
		WHERE ec.nIdEmpresa = 8
		
[Sat, 11 Dec 2021 12:46:37 +0100] succes 0: SELECT eno.`nId`, CONCAT("(",eno.`cValor`,")",en.`cDescripcion`," / ", eno.`cObservacion`) cDescripcion,en.nTipo FROM `empresa_normas` en
			JOIN `empresa_normas_observacion` eno ON eno.`nId_empresa_norma`=en.nid
		
[Sat, 11 Dec 2021 12:46:37 +0100] succes 0: SELECT e.`nId`, CONCAT(cPlaca,' / ',cNombre) cDescripcion FROM `empresa_vehiculo` e
		JOIN `tipo_vehiculo` t ON e.`nTipoVehiculo`=t.`nId`
		WHERE e.nIdEmpresa = 8 AND IFNULL(e.nFlag, 0) = 0
[Sat, 11 Dec 2021 12:46:37 +0100] succes 0: select * from codigos  where nFlag=0 and cCodigo =500  AND cvalor NOT IN (500)
