[Mon, 22 Nov 2021 21:51:01 +0000] succes 0: call spt_ins_documento_detalle(
		"144",
		"6",
		"2",
		"1",
		"NO CUENTA CON EXTINTOR PQS Y BOTIQUÍN DE PRIMEROS AUXILIOS. INCUMPLIMIENTO ART. 54°, 44°")
[Mon, 22 Nov 2021 21:51:01 +0000] succes 0: 
		SELECT  i.`nId`, i.`nIdInforme`, i.`nIdCumplimiento`,cod.`cValor` nValorTipo, c.`cNombre` Cumpliento, cod.`cDescripcion` descripcionTipo,i.`cDescripcion` detalle,i.`dCreate` 
		FROM `inf_cumplimiento_des` i
		JOIN `cumplimiento` c ON c.`nId`= i.`nIdCumplimiento`
		JOIN `codigos` cod ON cod.`cCodigo`=c.`nTipo` AND cod.`cValor`=i.`nValor`
 		WHERE `nIdInforme`=144 AND i.`nIdCumplimiento`=6
		AND i.nFlag = 0
[Mon, 22 Nov 2021 21:51:09 +0000] succes 0: select * from informe  where nFlag=0 and nId=144
[Mon, 22 Nov 2021 21:51:09 +0000] succes 0: select * from tarea  where nFlag=0 and nId=1
[Mon, 22 Nov 2021 21:51:09 +0000] succes 0: select * from cumplimiento  where nFlag=0 and nidTarea=1
		and nOrden in (6)
		ORDER BY norden ASC LIMIT 0,1
[Mon, 22 Nov 2021 21:51:09 +0000] succes 0: select * from codigos  where nFlag=0 and cCodigo =100  AND cvalor NOT IN (100)
[Mon, 22 Nov 2021 21:51:09 +0000] succes 0: select * from codigos  where nFlag=0 and cCodigo =500  AND cvalor NOT IN (500)
[Mon, 22 Nov 2021 21:51:09 +0000] succes 0: select * from cumplimiento  where nFlag=0 and nidTarea=1
		and nId NOT IN (6) and nOrden >6
		ORDER BY norden ASC LIMIT 0,1
[Mon, 22 Nov 2021 21:51:09 +0000] succes 0: 
		SELECT  i.`nId`, i.`nIdInforme`, i.`nIdCumplimiento`,cod.`cValor` nValorTipo, c.`cNombre` Cumpliento, cod.`cDescripcion` descripcionTipo,i.`cDescripcion` detalle,i.`dCreate` 
		FROM `inf_cumplimiento_des` i
		JOIN `cumplimiento` c ON c.`nId`= i.`nIdCumplimiento`
		JOIN `codigos` cod ON cod.`cCodigo`=c.`nTipo` AND cod.`cValor`=i.`nValor`
 		WHERE `nIdInforme`=144 AND i.`nIdCumplimiento`=6
		AND i.nFlag = 0
[Mon, 22 Nov 2021 21:51:09 +0000] succes 0: select * from cumplimiento  where nFlag=0 and nidTarea=1
		 and nOrden < 6 
		ORDER BY norden desc LIMIT 0,1
[Mon, 22 Nov 2021 21:51:24 +0000] succes 0: select * from persona  where cDoi="44335153"
[Mon, 22 Nov 2021 21:51:28 +0000] succes 0: call spt_sel_all_User('20')
[Mon, 22 Nov 2021 21:51:31 +0000] succes 0: call spt_sel_obtienedocumento (20)
[Mon, 22 Nov 2021 21:51:51 +0000] succes 0: select * from informe  where nFlag=0 and nId=144
[Mon, 22 Nov 2021 21:51:51 +0000] succes 0: select * from tarea  where nFlag=0 and nId=1
[Mon, 22 Nov 2021 21:51:51 +0000] succes 0: select * from tipo_vehiculo  where nFlag=0
[Mon, 22 Nov 2021 21:51:51 +0000] succes 0: SELECT c.nIdTarea, c.`nId`,c.`cCodigo`,c.`cNombre`,c.`nModelo`  FROM `informe` i
		JOIN `cumplimiento` c ON c.`nIdTarea`= i.`nIdTarea`
		WHERE i.NID=144 AND c.nFlag = 0
[Mon, 22 Nov 2021 21:51:51 +0000] succes 0: SELECT CONCAT(p.`cApellidos`, ' ',p.`cNombres`)'Descripcion',ec.`nIdEmpresa`,ect.`nId`, ec.`nId` nIdCargo, ec.`cCargo` FROM  
		`empresa_cargo_trabajador` ect
		JOIN `empresa_cargo` ec ON ec.`nId`=ect.`nIdEmpresa_Cargo`
		JOIN `persona` p ON p.`nId`=ect.`nIdPersona`
		WHERE ec.nIdEmpresa = 15
		
[Mon, 22 Nov 2021 21:51:51 +0000] succes 0: SELECT eno.`nId`, CONCAT("(",eno.`cValor`,")",en.`cDescripcion`," / ", eno.`cObservacion`) cDescripcion,en.nTipo FROM `empresa_normas` en
			JOIN `empresa_normas_observacion` eno ON eno.`nId_empresa_norma`=en.nid
		
[Mon, 22 Nov 2021 21:51:51 +0000] succes 0: SELECT e.`nId`, CONCAT(cPlaca,' / ',cNombre) cDescripcion FROM `empresa_vehiculo` e
		JOIN `tipo_vehiculo` t ON e.`nTipoVehiculo`=t.`nId`
		WHERE e.nIdEmpresa = 15 AND IFNULL(e.nFlag, 0) = 0
[Mon, 22 Nov 2021 21:51:51 +0000] succes 0: select * from codigos  where nFlag=0 and cCodigo =500  AND cvalor NOT IN (500)
[Mon, 22 Nov 2021 21:51:55 +0000] succes 0: 
		SELECT  i.`nId`, i.`nIdInforme`, i.`nIdCumplimiento`,cod.`cValor` nValorTipo, c.`cNombre` Cumpliento, cod.`cDescripcion` descripcionTipo,i.`cDescripcion` detalle,i.`dCreate` 
		FROM `inf_cumplimiento_des` i
		JOIN `cumplimiento` c ON c.`nId`= i.`nIdCumplimiento`
		JOIN `codigos` cod ON cod.`cCodigo`=c.`nTipo` AND cod.`cValor`=i.`nValor`
 		WHERE `nIdInforme`=144 AND i.`nIdCumplimiento`=3
		AND i.nFlag = 0
[Mon, 22 Nov 2021 21:51:55 +0000] succes 0: select * from inf_cumplimiento_img
		where nIdInforme= 144 and nIdCumplimiento= 3
[Mon, 22 Nov 2021 21:51:59 +0000] succes 0: 
		SELECT  i.`nId`, i.`nIdInforme`, i.`nIdCumplimiento`,cod.`cValor` nValorTipo, c.`cNombre` Cumpliento, cod.`cDescripcion` descripcionTipo,i.`cDescripcion` detalle,i.`dCreate` 
		FROM `inf_cumplimiento_des` i
		JOIN `cumplimiento` c ON c.`nId`= i.`nIdCumplimiento`
		JOIN `codigos` cod ON cod.`cCodigo`=c.`nTipo` AND cod.`cValor`=i.`nValor`
 		WHERE `nIdInforme`=144 AND i.`nIdCumplimiento`=4
		AND i.nFlag = 0
[Mon, 22 Nov 2021 21:52:00 +0000] succes 0: select * from inf_cumplimiento_img
		where nIdInforme= 144 and nIdCumplimiento= 4
[Mon, 22 Nov 2021 21:52:07 +0000] succes 0: 
		SELECT  i.`nId`, i.`nIdInforme`, i.`nIdCumplimiento`,cod.`cValor` nValorTipo, c.`cNombre` Cumpliento, cod.`cDescripcion` descripcionTipo,i.`cDescripcion` detalle,i.`dCreate` 
		FROM `inf_cumplimiento_des` i
		JOIN `cumplimiento` c ON c.`nId`= i.`nIdCumplimiento`
		JOIN `codigos` cod ON cod.`cCodigo`=c.`nTipo` AND cod.`cValor`=i.`nValor`
 		WHERE `nIdInforme`=144 AND i.`nIdCumplimiento`=5
		AND i.nFlag = 0
[Mon, 22 Nov 2021 21:52:07 +0000] succes 0: select * from inf_cumplimiento_img
		where nIdInforme= 144 and nIdCumplimiento= 5
[Mon, 22 Nov 2021 21:52:15 +0000] succes 0: 
		SELECT  i.`nId`, i.`nIdInforme`, i.`nIdCumplimiento`,cod.`cValor` nValorTipo, c.`cNombre` Cumpliento, cod.`cDescripcion` descripcionTipo,i.`cDescripcion` detalle,i.`dCreate` 
		FROM `inf_cumplimiento_des` i
		JOIN `cumplimiento` c ON c.`nId`= i.`nIdCumplimiento`
		JOIN `codigos` cod ON cod.`cCodigo`=c.`nTipo` AND cod.`cValor`=i.`nValor`
 		WHERE `nIdInforme`=144 AND i.`nIdCumplimiento`=6
		AND i.nFlag = 0
[Mon, 22 Nov 2021 21:52:15 +0000] succes 0: select * from inf_cumplimiento_img
		where nIdInforme= 144 and nIdCumplimiento= 6
[Mon, 22 Nov 2021 21:52:21 +0000] succes 0: select * from informe  where nFlag=0 and nId=144
[Mon, 22 Nov 2021 21:52:21 +0000] succes 0: select * from inf_cumplimiento_des  where nFlag=0 and nId=705
[Mon, 22 Nov 2021 21:52:21 +0000] succes 0: select * from cumplimiento  where nFlag=0
		and nId in (6)
		ORDER BY norden ASC LIMIT 0,1
[Mon, 22 Nov 2021 21:52:21 +0000] succes 0: select * from codigos  
		where nFlag=0 and cCodigo =100  AND cvalor IN (2) 
		union all
		select * from codigos  
		where nFlag=0 and cCodigo =100  AND cvalor not IN (2,100)
		
[Mon, 22 Nov 2021 21:52:41 +0000] succes 0: UPDATE inf_cumplimiento_des SET 
		`nValor` = 2, 
		`nValorInc` = 55, 
		`cDescripcion` = 'NO CUENTA CON EXTINTOR PQS Y BOTIQUÍN DE PRIMEROS AUXILIOS. INCUMPLIMIENTO ART. 54°, 44°' WHERE `nId` = 705
[Mon, 22 Nov 2021 21:52:41 +0000] succes 0: 
		SELECT  i.`nId`, i.`nIdInforme`, i.`nIdCumplimiento`,cod.`cValor` nValorTipo, c.`cNombre` Cumpliento, cod.`cDescripcion` descripcionTipo,i.`cDescripcion` detalle,i.`dCreate` 
		FROM `inf_cumplimiento_des` i
		JOIN `cumplimiento` c ON c.`nId`= i.`nIdCumplimiento`
		JOIN `codigos` cod ON cod.`cCodigo`=c.`nTipo` AND cod.`cValor`=i.`nValor`
 		WHERE `nIdInforme`=144 AND i.`nIdCumplimiento`=705
		AND i.nFlag = 0
[Mon, 22 Nov 2021 21:52:42 +0000] succes 0: 
		SELECT  i.`nId`, i.`nIdInforme`, i.`nIdCumplimiento`,cod.`cValor` nValorTipo, c.`cNombre` Cumpliento, cod.`cDescripcion` descripcionTipo,i.`cDescripcion` detalle,i.`dCreate` 
		FROM `inf_cumplimiento_des` i
		JOIN `cumplimiento` c ON c.`nId`= i.`nIdCumplimiento`
		JOIN `codigos` cod ON cod.`cCodigo`=c.`nTipo` AND cod.`cValor`=i.`nValor`
 		WHERE `nIdInforme`=144 AND i.`nIdCumplimiento`=6
		AND i.nFlag = 0
[Mon, 22 Nov 2021 21:52:51 +0000] succes 0: select * from informe  where nFlag=0 and nId=144
[Mon, 22 Nov 2021 21:52:51 +0000] succes 0: select * from tarea  where nFlag=0 and nId=1
[Mon, 22 Nov 2021 21:52:51 +0000] succes 0: select * from cumplimiento  where nFlag=0 and nidTarea=1
		and nId in (6)
		ORDER BY norden ASC LIMIT 0,1
[Mon, 22 Nov 2021 21:52:51 +0000] succes 0: select * from codigos  where nFlag=0 and cCodigo =100  AND cvalor NOT IN (100)
[Mon, 22 Nov 2021 21:53:19 +0000] succes 0: call spt_ins_documento_detalle(
		"144",
		"6",
		"2",
		"51",
		"No cuenta con traje y careta anti arco. Incumplimiento ART. 35° y 36°.")
[Mon, 22 Nov 2021 21:53:19 +0000] succes 0: 
		SELECT  i.`nId`, i.`nIdInforme`, i.`nIdCumplimiento`,cod.`cValor` nValorTipo, c.`cNombre` Cumpliento, cod.`cDescripcion` descripcionTipo,i.`cDescripcion` detalle,i.`dCreate` 
		FROM `inf_cumplimiento_des` i
		JOIN `cumplimiento` c ON c.`nId`= i.`nIdCumplimiento`
		JOIN `codigos` cod ON cod.`cCodigo`=c.`nTipo` AND cod.`cValor`=i.`nValor`
 		WHERE `nIdInforme`=144 AND i.`nIdCumplimiento`=6
		AND i.nFlag = 0
[Mon, 22 Nov 2021 21:53:26 +0000] succes 0: 
		SELECT  i.`nId`, i.`nIdInforme`, i.`nIdCumplimiento`,cod.`cValor` nValorTipo, c.`cNombre` Cumpliento, cod.`cDescripcion` descripcionTipo,i.`cDescripcion` detalle,i.`dCreate` 
		FROM `inf_cumplimiento_des` i
		JOIN `cumplimiento` c ON c.`nId`= i.`nIdCumplimiento`
		JOIN `codigos` cod ON cod.`cCodigo`=c.`nTipo` AND cod.`cValor`=i.`nValor`
 		WHERE `nIdInforme`=144 AND i.`nIdCumplimiento`=7
		AND i.nFlag = 0
[Mon, 22 Nov 2021 21:53:30 +0000] succes 0: select * from informe  where nFlag=0 and nId=144
[Mon, 22 Nov 2021 21:53:30 +0000] succes 0: select * from tarea  where nFlag=0 and nId=1
[Mon, 22 Nov 2021 21:53:30 +0000] succes 0: select * from cumplimiento  where nFlag=0 and nidTarea=1
		and nId in (7)
		ORDER BY norden ASC LIMIT 0,1
[Mon, 22 Nov 2021 21:53:30 +0000] succes 0: select * from codigos  where nFlag=0 and cCodigo =200  AND cvalor NOT IN (200)
[Mon, 22 Nov 2021 21:54:15 +0000] succes 0: call spt_ins_documento_detalle(
		"144",
		"7",
		"1",
		"0",
		"1.	Personal cuenta en buen estado los EPPs y uniforme.
2.	Los guantes dieléctricos y sobre guantes en mal estado.
3.	Cuenta con elementos de señalización y delimitación.
4.	Personal evidencia copia de los documentos SSO solicitados por ENSA.
5.	El arnés de seguridad, línea de vida, en mal estado, no cuenta con traje y careta ante arco eléctrico.
6.	Cuenta con herramientas dieléctricas en buen estado.
7.	Hace uso de mascarilla y alcohol para la prevención de la COVID-19.")
[Mon, 22 Nov 2021 21:54:15 +0000] succes 0: 
		SELECT  i.`nId`, i.`nIdInforme`, i.`nIdCumplimiento`,cod.`cValor` nValorTipo, c.`cNombre` Cumpliento, cod.`cDescripcion` descripcionTipo,i.`cDescripcion` detalle,i.`dCreate` 
		FROM `inf_cumplimiento_des` i
		JOIN `cumplimiento` c ON c.`nId`= i.`nIdCumplimiento`
		JOIN `codigos` cod ON cod.`cCodigo`=c.`nTipo` AND cod.`cValor`=i.`nValor`
 		WHERE `nIdInforme`=144 AND i.`nIdCumplimiento`=7
		AND i.nFlag = 0
[Mon, 22 Nov 2021 21:54:33 +0000] succes 0: call spt_ins_documento_detalle(
		"144",
		"7",
		"2",
		"1",
		"1.	Se recomienda realizar el cambio de los guantes dieléctricos clase 4 y sobre guantes.
2.	Implementar con careta anti arco eléctrico al operador.
3.	Implementar extintor PQS, botiquín de primeros auxilios, recipiente para residuos.")
[Mon, 22 Nov 2021 21:54:33 +0000] succes 0: 
		SELECT  i.`nId`, i.`nIdInforme`, i.`nIdCumplimiento`,cod.`cValor` nValorTipo, c.`cNombre` Cumpliento, cod.`cDescripcion` descripcionTipo,i.`cDescripcion` detalle,i.`dCreate` 
		FROM `inf_cumplimiento_des` i
		JOIN `cumplimiento` c ON c.`nId`= i.`nIdCumplimiento`
		JOIN `codigos` cod ON cod.`cCodigo`=c.`nTipo` AND cod.`cValor`=i.`nValor`
 		WHERE `nIdInforme`=144 AND i.`nIdCumplimiento`=7
		AND i.nFlag = 0
[Mon, 22 Nov 2021 21:54:42 +0000] succes 0: 
		SELECT  i.`nId`, i.`nIdInforme`, i.`nIdCumplimiento`,cod.`cValor` nValorTipo, c.`cNombre` Cumpliento, cod.`cDescripcion` descripcionTipo,i.`cDescripcion` detalle,i.`dCreate` 
		FROM `inf_cumplimiento_des` i
		JOIN `cumplimiento` c ON c.`nId`= i.`nIdCumplimiento`
		JOIN `codigos` cod ON cod.`cCodigo`=c.`nTipo` AND cod.`cValor`=i.`nValor`
 		WHERE `nIdInforme`=144 AND i.`nIdCumplimiento`=8
		AND i.nFlag = 0
[Mon, 22 Nov 2021 21:54:53 +0000] succes 0: select * from informe  where nFlag=0 and nId=144
[Mon, 22 Nov 2021 21:54:53 +0000] succes 0: select * from tarea  where nFlag=0 and nId=1
[Mon, 22 Nov 2021 21:54:53 +0000] succes 0: select * from cumplimiento  where nFlag=0 and nidTarea=1
		and nId in (8)
		ORDER BY norden ASC LIMIT 0,1
[Mon, 22 Nov 2021 21:54:53 +0000] succes 0: select * from codigos  where nFlag=0 and cCodigo =300  AND cvalor NOT IN (300)
[Mon, 22 Nov 2021 21:54:57 +0000] succes 0: call spt_ins_documento_detalle(
		"144",
		"8",
		"1",
		"0",
		"1.	Derivar a quien corresponda y levantar observaciones e implementar las recomendaciones descritas en el presente informe, dando cumplimiento del RESESATE 2013 y Normas de seguridad.")
[Mon, 22 Nov 2021 21:54:57 +0000] succes 0: 
		SELECT  i.`nId`, i.`nIdInforme`, i.`nIdCumplimiento`,cod.`cValor` nValorTipo, c.`cNombre` Cumpliento, cod.`cDescripcion` descripcionTipo,i.`cDescripcion` detalle,i.`dCreate` 
		FROM `inf_cumplimiento_des` i
		JOIN `cumplimiento` c ON c.`nId`= i.`nIdCumplimiento`
		JOIN `codigos` cod ON cod.`cCodigo`=c.`nTipo` AND cod.`cValor`=i.`nValor`
 		WHERE `nIdInforme`=144 AND i.`nIdCumplimiento`=8
		AND i.nFlag = 0
[Mon, 22 Nov 2021 21:55:06 +0000] succes 0: 
		SELECT  i.`nId`, i.`nIdInforme`, i.`nIdCumplimiento`,cod.`cValor` nValorTipo, c.`cNombre` Cumpliento, cod.`cDescripcion` descripcionTipo,i.`cDescripcion` detalle,i.`dCreate` 
		FROM `inf_cumplimiento_des` i
		JOIN `cumplimiento` c ON c.`nId`= i.`nIdCumplimiento`
		JOIN `codigos` cod ON cod.`cCodigo`=c.`nTipo` AND cod.`cValor`=i.`nValor`
 		WHERE `nIdInforme`=144 AND i.`nIdCumplimiento`=6
		AND i.nFlag = 0
[Mon, 22 Nov 2021 21:55:06 +0000] succes 0: select * from inf_cumplimiento_img
		where nIdInforme= 144 and nIdCumplimiento= 6
[Mon, 22 Nov 2021 21:56:15 +0000] succes 591: INSERT INTO inf_cumplimiento_img(`nIdInforme`,`nIdCumplimiento`,cruta,cNombre)
		VALUES(144,6,'uploads/144/6/8.png','8.png')
[Mon, 22 Nov 2021 21:56:15 +0000] succes 0: select * from inf_cumplimiento_img
		where nIdInforme= 144 and nIdCumplimiento= 6
[Mon, 22 Nov 2021 21:56:46 +0000] succes 0: 
		SELECT  i.`nId`, i.`nIdInforme`, i.`nIdCumplimiento`,cod.`cValor` nValorTipo, c.`cNombre` Cumpliento, cod.`cDescripcion` descripcionTipo,i.`cDescripcion` detalle,i.`dCreate` 
		FROM `inf_cumplimiento_des` i
		JOIN `cumplimiento` c ON c.`nId`= i.`nIdCumplimiento`
		JOIN `codigos` cod ON cod.`cCodigo`=c.`nTipo` AND cod.`cValor`=i.`nValor`
 		WHERE `nIdInforme`=144 AND i.`nIdCumplimiento`=9
		AND i.nFlag = 0
[Mon, 22 Nov 2021 21:56:50 +0000] succes 0: select * from informe  where nFlag=0 and nId=144
[Mon, 22 Nov 2021 21:56:50 +0000] succes 0: select * from tarea  where nFlag=0 and nId=1
[Mon, 22 Nov 2021 21:56:50 +0000] succes 0: select * from cumplimiento  where nFlag=0 and nidTarea=1
		and nId in (9)
		ORDER BY norden ASC LIMIT 0,1
[Mon, 22 Nov 2021 21:56:50 +0000] succes 0: select * from codigos  where nFlag=0 and cCodigo =400  AND cvalor NOT IN (400)
[Mon, 22 Nov 2021 21:56:51 +0000] succes 592: INSERT INTO inf_cumplimiento_img(`nIdInforme`,`nIdCumplimiento`,cruta,cNombre)
		VALUES(144,6,'uploads/144/6/8.png','8.png')
[Mon, 22 Nov 2021 21:56:51 +0000] succes 0: select * from inf_cumplimiento_img
		where nIdInforme= 144 and nIdCumplimiento= 6
[Mon, 22 Nov 2021 21:56:57 +0000] succes 0: select * from informe  where nFlag=0 and nId=144
[Mon, 22 Nov 2021 21:56:57 +0000] succes 0: select * from tarea  where nFlag=0 and nId=1
[Mon, 22 Nov 2021 21:56:57 +0000] succes 0: select * from cumplimiento  where nFlag=0 and nidTarea=1
		and nId in (9)
		ORDER BY norden ASC LIMIT 0,1
[Mon, 22 Nov 2021 21:56:57 +0000] succes 0: select * from codigos  where nFlag=0 and cCodigo =400  AND cvalor NOT IN (400)
[Mon, 22 Nov 2021 21:56:59 +0000] succes 0: select * from informe  where nFlag=0 and nId=144
[Mon, 22 Nov 2021 21:56:59 +0000] succes 0: select * from tarea  where nFlag=0 and nId=1
[Mon, 22 Nov 2021 21:56:59 +0000] succes 0: select * from cumplimiento  where nFlag=0 and nidTarea=1
		and nId in (9)
		ORDER BY norden ASC LIMIT 0,1
[Mon, 22 Nov 2021 21:56:59 +0000] succes 0: select * from codigos  where nFlag=0 and cCodigo =400  AND cvalor NOT IN (400)
[Mon, 22 Nov 2021 21:57:14 +0000] succes 0: call spt_ins_documento_detalle(
		"144",
		"9",
		"1",
		"0",
		"SERVICIO DE MANTENIMIENTO DE DISTRIBUCIÓN DE MEDIA TENSIÓN, SUBESTACIONES, BAJA TENSIÓN, ALUMBRADO PÚBLICO Y ACTIVIDADES TÉCNICO-COMERCIALES, PARA LOS SISTEMAS ELÉCTRICOS CHOTA –BAMBAMARCA-SANTACRUZ- CUTERVO, JAEN SECTOR I, SECTOR II, SECTOR III, DE LA UNIDAD DE NEGOCIOS CAJAMARCA CENTRO PERIODO 2021-2022 DE ELECTRONORTE S.A.   REFERENCIA ITEM II")
[Mon, 22 Nov 2021 21:57:14 +0000] succes 0: 
		SELECT  i.`nId`, i.`nIdInforme`, i.`nIdCumplimiento`,cod.`cValor` nValorTipo, c.`cNombre` Cumpliento, cod.`cDescripcion` descripcionTipo,i.`cDescripcion` detalle,i.`dCreate` 
		FROM `inf_cumplimiento_des` i
		JOIN `cumplimiento` c ON c.`nId`= i.`nIdCumplimiento`
		JOIN `codigos` cod ON cod.`cCodigo`=c.`nTipo` AND cod.`cValor`=i.`nValor`
 		WHERE `nIdInforme`=144 AND i.`nIdCumplimiento`=9
		AND i.nFlag = 0
[Mon, 22 Nov 2021 21:57:17 +0000] succes 593: INSERT INTO inf_cumplimiento_img(`nIdInforme`,`nIdCumplimiento`,cruta,cNombre)
		VALUES(144,6,'uploads/144/6/8.png','8.png')
[Mon, 22 Nov 2021 21:57:17 +0000] succes 0: select * from inf_cumplimiento_img
		where nIdInforme= 144 and nIdCumplimiento= 6
[Mon, 22 Nov 2021 21:57:25 +0000] succes 594: INSERT INTO inf_cumplimiento_img(`nIdInforme`,`nIdCumplimiento`,cruta,cNombre)
		VALUES(144,6,'uploads/144/6/8.png','8.png')
[Mon, 22 Nov 2021 21:57:25 +0000] succes 0: select * from inf_cumplimiento_img
		where nIdInforme= 144 and nIdCumplimiento= 6
[Mon, 22 Nov 2021 21:57:32 +0000] succes 0: call spt_ins_documento_detalle(
		"144",
		"9",
		"2",
		"1",
		"JAIME MONDRAGON")
[Mon, 22 Nov 2021 21:57:32 +0000] succes 0: 
		SELECT  i.`nId`, i.`nIdInforme`, i.`nIdCumplimiento`,cod.`cValor` nValorTipo, c.`cNombre` Cumpliento, cod.`cDescripcion` descripcionTipo,i.`cDescripcion` detalle,i.`dCreate` 
		FROM `inf_cumplimiento_des` i
		JOIN `cumplimiento` c ON c.`nId`= i.`nIdCumplimiento`
		JOIN `codigos` cod ON cod.`cCodigo`=c.`nTipo` AND cod.`cValor`=i.`nValor`
 		WHERE `nIdInforme`=144 AND i.`nIdCumplimiento`=9
		AND i.nFlag = 0
[Mon, 22 Nov 2021 21:57:40 +0000] succes 0: DELETE FROM inf_cumplimiento_img
		where nIdInforme= 144 and nId= 592
[Mon, 22 Nov 2021 21:57:42 +0000] succes 0: select * from inf_cumplimiento_img
		where nIdInforme= 144 and nIdCumplimiento= 6
[Mon, 22 Nov 2021 21:57:44 +0000] succes 0: DELETE FROM inf_cumplimiento_img
		where nIdInforme= 144 and nId= 594
[Mon, 22 Nov 2021 21:57:44 +0000] succes 0: select * from inf_cumplimiento_img
		where nIdInforme= 144 and nIdCumplimiento= 6
[Mon, 22 Nov 2021 21:57:46 +0000] succes 0: DELETE FROM inf_cumplimiento_img
		where nIdInforme= 144 and nId= 593
[Mon, 22 Nov 2021 21:57:47 +0000] succes 0: select * from inf_cumplimiento_img
		where nIdInforme= 144 and nIdCumplimiento= 6
[Mon, 22 Nov 2021 21:57:52 +0000] succes 0: select * from informe  where nFlag=0 and nId=144
[Mon, 22 Nov 2021 21:57:52 +0000] succes 0: select * from tarea  where nFlag=0 and nId=1
[Mon, 22 Nov 2021 21:57:52 +0000] succes 0: select * from cumplimiento  where nFlag=0 and nidTarea=1
		and nId in (9)
		ORDER BY norden ASC LIMIT 0,1
[Mon, 22 Nov 2021 21:57:52 +0000] succes 0: select * from codigos  where nFlag=0 and cCodigo =400  AND cvalor NOT IN (400)
[Mon, 22 Nov 2021 21:58:01 +0000] succes 0: call spt_ins_documento_detalle(
		"144",
		"9",
		"3",
		"0",
		"CESAR GUEVARA SEMPERTEGUI")
[Mon, 22 Nov 2021 21:58:01 +0000] succes 0: 
		SELECT  i.`nId`, i.`nIdInforme`, i.`nIdCumplimiento`,cod.`cValor` nValorTipo, c.`cNombre` Cumpliento, cod.`cDescripcion` descripcionTipo,i.`cDescripcion` detalle,i.`dCreate` 
		FROM `inf_cumplimiento_des` i
		JOIN `cumplimiento` c ON c.`nId`= i.`nIdCumplimiento`
		JOIN `codigos` cod ON cod.`cCodigo`=c.`nTipo` AND cod.`cValor`=i.`nValor`
 		WHERE `nIdInforme`=144 AND i.`nIdCumplimiento`=9
		AND i.nFlag = 0
[Mon, 22 Nov 2021 21:58:09 +0000] succes 0: SELECT it.`nId`, p.`cNombres`,p.`cApellidos`,ec.`cCargo`, IF(eno.`nId` IS NULL, '', eno.`nId`) nCodigo, IF(eno.`cValor` IS NULL, '', eno.`cValor`) cCodigo FROM `informe` i
		JOIN `inf_trabajadoressupervisados_det` it ON it.`nIdInforme`=i.`nId`
		JOIN `empresa_cargo_trabajador` ect ON ect.`nId`=it.`nId_E_C_T`
		JOIN `empresa_cargo` ec ON ect.`nIdEmpresa_Cargo`=ec.`nId`
		JOIN persona p ON p.`nId`=ect.`nIdPersona`
		LEFT JOIN `empresa_normas` en ON en.`nIdEmpresa`= i.`nIdEmpresa`
		LEFT JOIN `empresa_normas_observacion` eno ON eno.`nId_empresa_norma`=en.`nId` AND eno.`nId`=it.`nId_emp_nor_obs`
		WHERE it.nIdInforme = 144 AND it.nFlag = 0 /*AND eno.nFlag = 0*/
[Mon, 22 Nov 2021 21:58:10 +0000] succes 0: SELECT CONCAT(p.`cApellidos`, ' ',p.`cNombres`)'Descripcion',ec.`nIdEmpresa`,ect.`nId`, ec.`nId` nIdCargo, ec.`cCargo` FROM  
		`empresa_cargo_trabajador` ect
		JOIN `empresa_cargo` ec ON ec.`nId`=ect.`nIdEmpresa_Cargo`
		JOIN `persona` p ON p.`nId`=ect.`nIdPersona`
		WHERE ec.nIdEmpresa = 15
		
[Mon, 22 Nov 2021 21:58:36 +0000] succes 0: SELECT EC.`nId`, E.`cNombre`,EC.`cCargo` FROM `empresa` E 
		INNER JOIN `empresa_cargo` EC ON E.`nId`=EC.`nIdEmpresa` 
		WHERE E.`nId` = 15 
[Mon, 22 Nov 2021 21:58:43 +0000] succes 0: SELECT EC.`nId`, E.`cNombre`,EC.`cCargo` FROM `empresa` E 
		INNER JOIN `empresa_cargo` EC ON E.`nId`=EC.`nIdEmpresa` 
		WHERE E.`nId` = 15 
[Mon, 22 Nov 2021 21:58:45 +0000] succes 0: SELECT EC.`nId`, E.`cNombre`,EC.`cCargo` FROM `empresa` E 
		INNER JOIN `empresa_cargo` EC ON E.`nId`=EC.`nIdEmpresa` 
		WHERE E.`nId` = 15 
[Mon, 22 Nov 2021 21:58:54 +0000] succes 0: select * from persona  where cDoi="12345678"
[Mon, 22 Nov 2021 21:58:54 +0000] succes 0: call stp_ins_responsable(
		"12345678",
		"JOSE ULISES ",
		"NUÑEZ BAUTISTA",
		"15");
[Mon, 22 Nov 2021 21:58:54 +0000] succes 82: insert into empresa_cargo (nIdEmpresa,cCargo) values (15,'OPERADOR PATIO DE LLAVES');
[Mon, 22 Nov 2021 21:58:54 +0000] succes 0: SELECT MAX(EC.`nId`) nId, E.`cNombre`,EC.`cCargo` FROM `empresa` E 
		INNER JOIN `empresa_cargo` EC ON E.`nId`=EC.`nIdEmpresa` 
		WHERE E.`nId` = 15 AND EC.nFlag = 0
[Mon, 22 Nov 2021 21:58:54 +0000] succes 84: INSERT INTO `empresa_cargo_trabajador`(`nIdEmpresa_Cargo`, `nIdPersona`, `nFlag`) VALUES(82, 144, 0)
[Mon, 22 Nov 2021 21:58:55 +0000] succes 0: SELECT CONCAT(p.`cApellidos`, ' ',p.`cNombres`)'Descripcion',ec.`nIdEmpresa`,ect.`nId`, ec.`nId` nIdCargo, ec.`cCargo` FROM  
		`empresa_cargo_trabajador` ect
		JOIN `empresa_cargo` ec ON ec.`nId`=ect.`nIdEmpresa_Cargo`
		JOIN `persona` p ON p.`nId`=ect.`nIdPersona`
		WHERE ec.nIdEmpresa = 15
		
[Mon, 22 Nov 2021 21:59:33 +0000] succes 86: INSERT INTO inf_trabajadoressupervisados_det (`nIdInforme`,`nId_E_C_T`,`nId_emp_nor_obs`)
			VALUES(144,84,37)
			
[Mon, 22 Nov 2021 21:59:34 +0000] succes 0: SELECT it.`nId`, p.`cNombres`,p.`cApellidos`,ec.`cCargo`, IF(eno.`nId` IS NULL, '', eno.`nId`) nCodigo, IF(eno.`cValor` IS NULL, '', eno.`cValor`) cCodigo FROM `informe` i
		JOIN `inf_trabajadoressupervisados_det` it ON it.`nIdInforme`=i.`nId`
		JOIN `empresa_cargo_trabajador` ect ON ect.`nId`=it.`nId_E_C_T`
		JOIN `empresa_cargo` ec ON ect.`nIdEmpresa_Cargo`=ec.`nId`
		JOIN persona p ON p.`nId`=ect.`nIdPersona`
		LEFT JOIN `empresa_normas` en ON en.`nIdEmpresa`= i.`nIdEmpresa`
		LEFT JOIN `empresa_normas_observacion` eno ON eno.`nId_empresa_norma`=en.`nId` AND eno.`nId`=it.`nId_emp_nor_obs`
		WHERE it.nIdInforme = 144 AND it.nFlag = 0 /*AND eno.nFlag = 0*/
[Mon, 22 Nov 2021 21:59:50 +0000] succes 87: INSERT INTO inf_trabajadoressupervisados_det (`nIdInforme`,`nId_E_C_T`,`nId_emp_nor_obs`)
			VALUES(144,84,40)
			
[Mon, 22 Nov 2021 21:59:51 +0000] succes 0: SELECT it.`nId`, p.`cNombres`,p.`cApellidos`,ec.`cCargo`, IF(eno.`nId` IS NULL, '', eno.`nId`) nCodigo, IF(eno.`cValor` IS NULL, '', eno.`cValor`) cCodigo FROM `informe` i
		JOIN `inf_trabajadoressupervisados_det` it ON it.`nIdInforme`=i.`nId`
		JOIN `empresa_cargo_trabajador` ect ON ect.`nId`=it.`nId_E_C_T`
		JOIN `empresa_cargo` ec ON ect.`nIdEmpresa_Cargo`=ec.`nId`
		JOIN persona p ON p.`nId`=ect.`nIdPersona`
		LEFT JOIN `empresa_normas` en ON en.`nIdEmpresa`= i.`nIdEmpresa`
		LEFT JOIN `empresa_normas_observacion` eno ON eno.`nId_empresa_norma`=en.`nId` AND eno.`nId`=it.`nId_emp_nor_obs`
		WHERE it.nIdInforme = 144 AND it.nFlag = 0 /*AND eno.nFlag = 0*/
